		Debug stop
		Timestamp: 562537008076
		Cycle Count: 0 (Timestamp Packet)
S:0xC0018D82		<Unknown>
S:0xC0018D82	EB020385	ADD      r3,r2,r5,LSL #2
S:0xC0018D86	68DB	LDR      r3,[r3,#0xc]
S:0xC0018D88	B1F3	CBZ      r3,{pc}+0x40 ; 0xc0018dc8
		Cycle Count: 522 (Atom Packet)
S:0xC0018DC8	EB020285	ADD      r2,r2,r5,LSL #2
S:0xC0018DCC	F8D28014	LDR      r8,[r2,#0x14]
S:0xC0018DD0	F1B80F00	CMP      r8,#0
S:0xC0018DD4	D1D9	BNE      {pc}-0x4a ; 0xc0018d8a
		Cycle Count: 23 (Atom Packet)
S:0xC0018DD6	4628	MOV      r0,r5
S:0xC0018DD8	4641	MOV      r1,r8
S:0xC0018DDA	F281F8B9	BL       {pc}+0x281176 ; 0xc0299f50
		Cycle Count: 15 (Atom Packet)
		Cycle Count: 51 (I-Sync Packet)
		Tracing enabled
S:0xC0018DDE	4640	MOV      r0,r8
S:0xC0018DE0	F281F87E	BL       {pc}+0x281100 ; 0xc0299ee0
		Cycle Count: 1 (Atom Packet)
		Cycle Count: 121 (I-Sync Packet)
		Tracing enabled
S:0xC0018DE4	E7D1	B        {pc}-0x5a ; 0xc0018d8a
		Cycle Count: 1 (Atom Packet)
S:0xC0018D8A	EB050346	ADD      r3,r5,r6,LSL #1
S:0xC0018D8E	EB040383	ADD      r3,r4,r3,LSL #2
S:0xC0018D92	685A	LDR      r2,[r3,#4]
S:0xC0018D94	B90A	CBNZ     r2,{pc}+6 ; 0xc0018d9a
		Cycle Count: 16 (Atom Packet)
S:0xC0018D96	2201	MOVS     r2,#1
S:0xC0018D98	605A	STR      r2,[r3,#4]
S:0xC0018D9A	4630	MOV      r0,r6
S:0xC0018D9C	4629	MOV      r1,r5
S:0xC0018D9E	2200	MOVS     r2,#0
S:0xC0018DA0	F281F8B6	BL       {pc}+0x281170 ; 0xc0299f10
		Cycle Count: 3 (Atom Packet)
		Cycle Count: 129 (I-Sync Packet)
		Tracing enabled
S:0xC0018DA4	4628	MOV      r0,r5
S:0xC0018DA6	4631	MOV      r1,r6
S:0xC0018DA8	2200	MOVS     r2,#0
S:0xC0018DAA	F281F86F	BL       {pc}+0x2810e2 ; 0xc0299e8c
		Cycle Count: 1 (Atom Packet)
		Cycle Count: 63 (I-Sync Packet)
		Tracing enabled
		Cycle Count: 378 (Branch Packet)
S:0xC0018DAE	F3BF8F5F	DMB      
S:0xC0018DB2	8823	LDRH     r3,[r4,#0]
S:0xC0018DB4	3301	ADDS     r3,#1
S:0xC0018DB6	8023	STRH     r3,[r4,#0]
S:0xC0018DB8	F3BF8F4F	DSB      
S:0xC0018DBC	F3AF8004	SEV.W    
S:0xC0018DC0	F3878100	MSR      CPSR_c,r7
S:0xC0018DC4	E8BD81F0	POP      {r4-r8,pc}
		Cycle Count: 1 (Branch Packet)
S:0xC00185A2	2000	MOVS     r0,#0
S:0xC00185A4	BD08	POP      {r3,pc}
S:0xC02F5B3A	?	Cannot access target memory
		Cycle Count: 2 (Atom Packet)
S:?	?	Unknown instruction address
		Cycle Count: 10 (Atom Packet)
		Cycle Count: 421 (I-Sync Packet)
		Tracing enabled
S:0xC0053F54	4621	MOV      r1,r4
S:0xC0053F56	463A	MOV      r2,r7
S:0xC0053F58	4683	MOV      r11,r0
S:0xC0053F5A	4838	LDR      r0,[pc,#224] ; [0xC005403C] = 0xC064D47C
S:0xC0053F5C	F7E2FD22	BL       {pc}-0x1d5b8 ; 0xc00369a4
		Cycle Count: 1 (Atom Packet)
S:0xC00369A4	B510	PUSH     {r4,lr}
S:0xC00369A6	B082	SUB      sp,sp,#8
S:0xC00369A8	B500	PUSH     {lr}
S:0xC00369AA	F85DEB04	POP      {lr}
S:0xC00369AE	2400	MOVS     r4,#0
S:0xC00369B0	F04F33FF	MOV      r3,#0xffffffff
S:0xC00369B4	9400	STR      r4,[sp,#0]
S:0xC00369B6	F7FFFFEF	BL       {pc}-0x1e ; 0xc0036998
		Cycle Count: 108 (Atom Packet)
S:0xC0036998	B500	PUSH     {lr}
S:0xC003699A	F85DEB04	POP      {lr}
S:0xC003699E	F7FFBF83	B.W      {pc}-0xf6 ; 0xc00368a8
		Cycle Count: 6 (Atom Packet)
S:0xC00368A8	E92D41F0	PUSH     {r4-r8,lr}
S:0xC00368AC	B500	PUSH     {lr}
S:0xC00368AE	F85DEB04	POP      {lr}
S:0xC00368B2	461D	MOV      r5,r3
S:0xC00368B4	6804	LDR      r4,[r0,#0]
S:0xC00368B6	460F	MOV      r7,r1
S:0xC00368B8	4690	MOV      r8,r2
S:0xC00368BA	9E06	LDR      r6,[sp,#0x18]
S:0xC00368BC	2B00	CMP      r3,#0
S:0xC00368BE	BF18	IT       NE
S:0xC00368C0	2C00	CMP      r4,#0
S:0xC00368C2	BF0C	ITE      EQ
S:0xC00368C4	2000	MOVS     r0,#0
S:0xC00368C6	2001	MOVS     r0,#1
S:0xC00368C8	D10A	BNE      {pc}+0x18 ; 0xc00368e0
		Cycle Count: 243 (Atom Packet)
		Cycle Count: 142 (Branch Packet)
S:0xC00368E0	6823	LDR      r3,[r4,#0]
S:0xC00368E2	4620	MOV      r0,r4
S:0xC00368E4	4639	MOV      r1,r7
S:0xC00368E6	4642	MOV      r2,r8
S:0xC00368E8	6864	LDR      r4,[r4,#4]
S:0xC00368EA	4798	BLX      r3
S:0xC00546A8	E92D4FF0	PUSH     {r4-r11,lr}
S:0xC00546AC	B085	SUB      sp,sp,#0x14
S:0xC00546AE	B500	PUSH     {lr}
S:0xC00546B0	F85DEB04	POP      {lr}
S:0xC00546B4	4614	MOV      r4,r2
S:0xC00546B6	2909	CMP      r1,#9
S:0xC00546B8	D811	BHI      {pc}+0x26 ; 0xc00546de
		Cycle Count: 146 (Atom Packet)
		Cycle Count: 57 (Branch Packet)
S:0xC00546BA	E8DFF011	TBH      [pc,r1,LSL #1]
S:0xC005482E	4608	MOV      r0,r1
S:0xC0054830	2401	MOVS     r4,#1
S:0xC0054832	F000FBA5	BL       {pc}+0x74e ; 0xc0054f80
		Cycle Count: 297 (Atom Packet)
S:0xC0054F80	E92D47F0	PUSH     {r4-r10,lr}
S:0xC0054F84	B084	SUB      sp,sp,#0x10
S:0xC0054F86	B500	PUSH     {lr}
S:0xC0054F88	F85DEB04	POP      {lr}
S:0xC0054F8C	4D49	LDR      r5,[pc,#292] ; [0xC00550B4] = 0xC064D498
S:0xC0054F8E	4604	MOV      r4,r0
S:0xC0054F90	6A2B	LDR      r3,[r5,#0x20]
S:0xC0054F92	B17B	CBZ      r3,{pc}+0x22 ; 0xc0054fb4
		Cycle Count: 428 (Atom Packet)
S:0xC0054F94	466B	MOV      r3,sp
S:0xC0054F96	4A48	LDR      r2,[pc,#288] ; [0xC00550B8] = 0xC05FD5C0
S:0xC0054F98	F42351FF	BIC      r1,r3,#0x1fe0
S:0xC0054F9C	4B47	LDR      r3,[pc,#284] ; [0xC00550BC] = 0xC05F0800
S:0xC0054F9E	F021011F	BIC      r1,r1,#0x1f
S:0xC0054FA2	694F	LDR      r7,[r1,#0x14]
S:0xC0054FA4	F8522027	LDR      r2,[r2,r7,LSL #2]
S:0xC0054FA8	F853A002	LDR      r10,[r3,r2]
S:0xC0054FAC	F8DA3034	LDR      r3,[r10,#0x34]
S:0xC0054FB0	071A	LSLS     r2,r3,#28
S:0xC0054FB2	D402	BMI      {pc}+8 ; 0xc0054fba
		Cycle Count: 662 (Atom Packet)
S:0xC0054FBA	F1050008	ADD      r0,r5,#8
S:0xC0054FBE	F8D5901C	LDR      r9,[r5,#0x1c]
S:0xC0054FC2	F38FFB11	BL       {pc}+0x38f626 ; 0xc03e45e8
		Cycle Count: 21 (Atom Packet)
		Cycle Count: 443 (I-Sync Packet)
		Tracing enabled
S:0xC0054FC6	2C04	CMP      r4,#4
S:0xC0054FC8	F1050110	ADD      r1,r5,#0x10
S:0xC0054FCC	4606	MOV      r6,r0
S:0xC0054FCE	4638	MOV      r0,r7
S:0xC0054FD0	D02F	BEQ      {pc}+0x62 ; 0xc0055032
		Cycle Count: 1 (Atom Packet)
S:0xC0054FD2	F1FDF837	BL       {pc}+0x1fd072 ; 0xc0252044
		Cycle Count: 2 (Atom Packet)
		Cycle Count: 112 (I-Sync Packet)
		Tracing enabled
S:0xC0054FD6	B930	CBNZ     r0,{pc}+0x10 ; 0xc0054fe6
		Cycle Count: 1 (Atom Packet)
S:0xC0054FE6	4650	MOV      r0,r10
S:0xC0054FE8	2103	MOVS     r1,#3
S:0xC0054FEA	F7FFF909	BL       {pc}-0xdea ; 0xc0054200
		Cycle Count: 17 (Atom Packet)
S:0xC0054200	B538	PUSH     {r3-r5,lr}
S:0xC0054202	B500	PUSH     {lr}
S:0xC0054204	F85DEB04	POP      {lr}
S:0xC0054208	4604	MOV      r4,r0
S:0xC005420A	6B03	LDR      r3,[r0,#0x30]
S:0xC005420C	460D	MOV      r5,r1
S:0xC005420E	428B	CMP      r3,r1
S:0xC0054210	D006	BEQ      {pc}+0x10 ; 0xc0054220
		Cycle Count: 450 (Atom Packet)
		Cycle Count: 481 (Branch Packet)
S:0xC0054212	6C03	LDR      r3,[r0,#0x40]
S:0xC0054214	4608	MOV      r0,r1
S:0xC0054216	4621	MOV      r1,r4
S:0xC0054218	4798	BLX      r3
		Cycle Count: 146 (I-Sync Packet)
		Tracing enabled
S:0xC005421A	2D03	CMP      r5,#3
S:0xC005421C	6325	STR      r5,[r4,#0x30]
S:0xC005421E	D000	BEQ      {pc}+4 ; 0xc0054222
		Cycle Count: 10 (Atom Packet)
S:0xC0054222	6AA3	LDR      r3,[r4,#0x28]
S:0xC0054224	2B00	CMP      r3,#0
S:0xC0054226	D1FB	BNE      {pc}-6 ; 0xc0054220
		Cycle Count: 20 (Atom Packet)
		Cycle Count: 6 (Branch Packet)
S:0xC0054220	BD38	POP      {r3-r5,pc}
S:0xC0054FEE	4638	MOV      r0,r7
S:0xC0054FF0	F105010C	ADD      r1,r5,#0xc
S:0xC0054FF4	F1FDF826	BL       {pc}+0x1fd050 ; 0xc0252044
		Cycle Count: 2 (Atom Packet)
		Cycle Count: 221 (I-Sync Packet)
		Tracing enabled
S:0xC0054FF8	2800	CMP      r0,#0
S:0xC0054FFA	D1ED	BNE      {pc}-0x22 ; 0xc0054fd8
		Cycle Count: 1 (Atom Packet)
S:0xC0054FFC	E9DA0104	LDRD     r0,r1,[r10,#0x10]
S:0xC0055000	F04F32FF	MOV      r2,#0xffffffff
S:0xC0055004	F06F4300	MVN      r3,#0x80000000
S:0xC0055008	4299	CMP      r1,r3
S:0xC005500A	BF08	IT       EQ
S:0xC005500C	4290	CMP      r0,r2
S:0xC005500E	D0E3	BEQ      {pc}-0x36 ; 0xc0054fd8
		Cycle Count: 77 (Atom Packet)
S:0xC0055010	A802	ADD      r0,sp,#8
S:0xC0055012	F7FAFA8B	BL       {pc}-0x5ae6 ; 0xc004f52c
		Cycle Count: 13 (Atom Packet)
S:0xC004F52C	E92D4FF0	PUSH     {r4-r11,lr}
S:0xC004F530	B08B	SUB      sp,sp,#0x2c
S:0xC004F532	B500	PUSH     {lr}
S:0xC004F534	F85DEB04	POP      {lr}
S:0xC004F538	4B3D	LDR      r3,[pc,#244] ; [0xC004F630] = 0xC05FC59C
S:0xC004F53A	4682	MOV      r10,r0
S:0xC004F53C	681B	LDR      r3,[r3,#0]
S:0xC004F53E	2B00	CMP      r3,#0
S:0xC004F540	D16F	BNE      {pc}+0xe2 ; 0xc004f622
		Cycle Count: 344 (Atom Packet)
S:0xC004F542	F8DF90F4	LDR      r9,[pc,#244] ; [0xC004F638] = 0xC064D1C0
S:0xC004F546	F8DFB0F0	LDR      r11,[pc,#240] ; [0xC004F638] = 0xC064D1C0
S:0xC004F54A	464F	MOV      r7,r9
S:0xC004F54C	F8D75090	LDR      r5,[r7,#0x90]
S:0xC004F550	07EA	LSLS     r2,r5,#31
S:0xC004F552	D46C	BMI      {pc}+0xdc ; 0xc004f62e
		Cycle Count: 89 (Atom Packet)
		Cycle Count: 398 (Branch Packet)
S:0xC004F554	F3BF8F5F	DMB      
S:0xC004F558	F8DB6000	LDR      r6,[r11,#0]
S:0xC004F55C	F8DB4054	LDR      r4,[r11,#0x54]
S:0xC004F560	E9DB230E	LDRD     r2,r3,[r11,#0x38]
S:0xC004F564	4630	MOV      r0,r6
S:0xC004F566	6831	LDR      r1,[r6,#0]
S:0xC004F568	1912	ADDS     r2,r2,r4
S:0xC004F56A	EB4373E4	ADC      r3,r3,r4,ASR #31
S:0xC004F56E	E9CD2306	STRD     r2,r3,[sp,#0x18]
S:0xC004F572	4788	BLX      r1
		Cycle Count: 511 (I-Sync Packet)
		Tracing enabled
S:0xC004F574	E9D62302	LDRD     r2,r3,[r6,#8]
S:0xC004F578	F8DBC004	LDR      r12,[r11,#4]
S:0xC004F57C	F8DB4008	LDR      r4,[r11,#8]
S:0xC004F580	E9CD2300	STRD     r2,r3,[sp,#0]
S:0xC004F584	E9D62304	LDRD     r2,r3,[r6,#0x10]
S:0xC004F588	F8DB6058	LDR      r6,[r11,#0x58]
S:0xC004F58C	E9CD2308	STRD     r2,r3,[sp,#0x20]
S:0xC004F590	E9DB2310	LDRD     r2,r3,[r11,#0x40]
S:0xC004F594	9604	STR      r6,[sp,#0x10]
S:0xC004F596	E9CD2302	STRD     r2,r3,[sp,#8]
S:0xC004F59A	17F3	ASRS     r3,r6,#31
S:0xC004F59C	9305	STR      r3,[sp,#0x14]
S:0xC004F59E	F1C40620	RSB      r6,r4,#0x20
S:0xC004F5A2	E9DD2300	LDRD     r2,r3,[sp,#0]
S:0xC004F5A6	1A80	SUBS     r0,r0,r2
S:0xC004F5A8	EB610103	SBC      r1,r1,r3
S:0xC004F5AC	E9DD2308	LDRD     r2,r3,[sp,#0x20]
S:0xC004F5B0	4010	ANDS     r0,r0,r2
S:0xC004F5B2	4019	ANDS     r1,r1,r3
S:0xC004F5B4	FBA0230C	UMULL    r2,r3,r0,r12
S:0xC004F5B8	FB0C3301	MLA      r3,r12,r1,r3
S:0xC004F5BC	E9DD0102	LDRD     r0,r1,[sp,#8]
S:0xC004F5C0	1880	ADDS     r0,r0,r2
S:0xC004F5C2	EB410103	ADC      r1,r1,r3
S:0xC004F5C6	F1B40320	SUBS     r3,r4,#0x20
S:0xC004F5CA	E9CD0102	STRD     r0,r1,[sp,#8]
S:0xC004F5CE	FA20F804	LSR      r8,r0,r4
S:0xC004F5D2	FA41F303	ASR      r3,r1,r3
S:0xC004F5D6	9903	LDR      r1,[sp,#0xc]
S:0xC004F5D8	9A03	LDR      r2,[sp,#0xc]
S:0xC004F5DA	FA01F606	LSL      r6,r1,r6
S:0xC004F5DE	EA480806	ORR      r8,r8,r6
S:0xC004F5E2	FA42F904	ASR      r9,r2,r4
S:0xC004F5E6	BF58	IT       PL
S:0xC004F5E8	EA480803	ORR      r8,r8,r3
S:0xC004F5EC	E9DD2304	LDRD     r2,r3,[sp,#0x10]
S:0xC004F5F0	EB120208	ADDS     r2,r2,r8
S:0xC004F5F4	EB430309	ADC      r3,r3,r9
S:0xC004F5F8	F3BF8F5F	DMB      
S:0xC004F5FC	F8D71090	LDR      r1,[r7,#0x90]
S:0xC004F600	428D	CMP      r5,r1
S:0xC004F602	D1A3	BNE      {pc}-0xb6 ; 0xc004f54c
		Cycle Count: 102 (Atom Packet)
		Cycle Count: 32 (Branch Packet)
S:0xC004F604	461D	MOV      r5,r3
S:0xC004F606	9906	LDR      r1,[sp,#0x18]
S:0xC004F608	F44F434A	MOV      r3,#0xca00
S:0xC004F60C	4614	MOV      r4,r2
S:0xC004F60E	F6C3339A	MOVT     r3,#0x3b9a
S:0xC004F612	4650	MOV      r0,r10
S:0xC004F614	FBC34501	SMLAL    r4,r5,r3,r1
S:0xC004F618	E9CA4500	STRD     r4,r5,[r10,#0]
S:0xC004F61C	B00B	ADD      sp,sp,#0x2c
S:0xC004F61E	E8BD8FF0	POP      {r4-r11,pc}
S:0xC0055016	E9DD2302	LDRD     r2,r3,[sp,#8]
S:0xC005501A	E9DA0104	LDRD     r0,r1,[r10,#0x10]
S:0xC005501E	4282	CMP      r2,r0
S:0xC0055020	EB730401	SBCS     r4,r3,r1
S:0xC0055024	DB33	BLT      {pc}+0x6a ; 0xc005508e
		Cycle Count: 4 (Atom Packet)
S:0xC005508E	2201	MOVS     r2,#1
S:0xC0055090	F000F96C	BL       {pc}+0x2dc ; 0xc005536c
		Cycle Count: 31 (Atom Packet)
S:0xC005536C	B530	PUSH     {r4,r5,lr}
S:0xC005536E	B083	SUB      sp,sp,#0xc
S:0xC0055370	B500	PUSH     {lr}
S:0xC0055372	F85DEB04	POP      {lr}
S:0xC0055376	F6400300	MOVW     r3,#0x800
S:0xC005537A	1C15	ADDS     r5,r2,#0
S:0xC005537C	F2CC035F	MOVT     r3,#0xc05f
S:0xC0055380	EE1D2F90	MRC      p15,#0x0,r2,c13,c0,#4
S:0xC0055384	58D4	LDR      r4,[r2,r3]
S:0xC0055386	BF18	IT       NE
S:0xC0055388	2501	MOVS     r5,#1
S:0xC005538A	4602	MOV      r2,r0
S:0xC005538C	460B	MOV      r3,r1
S:0xC005538E	9500	STR      r5,[sp,#0]
S:0xC0055390	4620	MOV      r0,r4
S:0xC0055392	F7FEFF63	BL       {pc}-0x1136 ; 0xc005425c
		Cycle Count: 153 (Atom Packet)
S:0xC005425C	E92D43F0	PUSH     {r4-r9,lr}
S:0xC0054260	B083	SUB      sp,sp,#0xc
S:0xC0054262	B500	PUSH     {lr}
S:0xC0054264	F85DEB04	POP      {lr}
S:0xC0054268	4614	MOV      r4,r2
S:0xC005426A	461D	MOV      r5,r3
S:0xC005426C	4680	MOV      r8,r0
S:0xC005426E	2C00	CMP      r4,#0
S:0xC0054270	F1750100	SBCS     r1,r5,#0
S:0xC0054274	F89D9028	LDRB     r9,[sp,#0x28]
S:0xC0054278	DB59	BLT      {pc}+0xb6 ; 0xc005432e
		Cycle Count: 7 (Atom Packet)
S:0xC005427A	6B01	LDR      r1,[r0,#0x30]
S:0xC005427C	6102	STR      r2,[r0,#0x10]
S:0xC005427E	2901	CMP      r1,#1
S:0xC0054280	6143	STR      r3,[r0,#0x14]
S:0xC0054282	D052	BEQ      {pc}+0xa8 ; 0xc005432a
		Cycle Count: 5 (Atom Packet)
S:0xC0054284	6B41	LDR      r1,[r0,#0x34]
S:0xC0054286	0749	LSLS     r1,r1,#29
S:0xC0054288	D440	BMI      {pc}+0x84 ; 0xc005430c
		Cycle Count: 5 (Atom Packet)
S:0xC005428A	4668	MOV      r0,sp
S:0xC005428C	F7FBF94E	BL       {pc}-0x4d60 ; 0xc004f52c
		Cycle Count: 3 (Atom Packet)
S:0xC004F52C	E92D4FF0	PUSH     {r4-r11,lr}
S:0xC004F530	B08B	SUB      sp,sp,#0x2c
S:0xC004F532	B500	PUSH     {lr}
S:0xC004F534	F85DEB04	POP      {lr}
S:0xC004F538	4B3D	LDR      r3,[pc,#244] ; [0xC004F630] = 0xC05FC59C
S:0xC004F53A	4682	MOV      r10,r0
S:0xC004F53C	681B	LDR      r3,[r3,#0]
S:0xC004F53E	2B00	CMP      r3,#0
S:0xC004F540	D16F	BNE      {pc}+0xe2 ; 0xc004f622
		Cycle Count: 18 (Atom Packet)
S:0xC004F542	F8DF90F4	LDR      r9,[pc,#244] ; [0xC004F638] = 0xC064D1C0
S:0xC004F546	F8DFB0F0	LDR      r11,[pc,#240] ; [0xC004F638] = 0xC064D1C0
S:0xC004F54A	464F	MOV      r7,r9
S:0xC004F54C	F8D75090	LDR      r5,[r7,#0x90]
S:0xC004F550	07EA	LSLS     r2,r5,#31
S:0xC004F552	D46C	BMI      {pc}+0xdc ; 0xc004f62e
		Cycle Count: 3 (Atom Packet)
		Cycle Count: 321 (Branch Packet)
S:0xC004F554	F3BF8F5F	DMB      
S:0xC004F558	F8DB6000	LDR      r6,[r11,#0]
S:0xC004F55C	F8DB4054	LDR      r4,[r11,#0x54]
S:0xC004F560	E9DB230E	LDRD     r2,r3,[r11,#0x38]
S:0xC004F564	4630	MOV      r0,r6
S:0xC004F566	6831	LDR      r1,[r6,#0]
S:0xC004F568	1912	ADDS     r2,r2,r4
S:0xC004F56A	EB4373E4	ADC      r3,r3,r4,ASR #31
S:0xC004F56E	E9CD2306	STRD     r2,r3,[sp,#0x18]
S:0xC004F572	4788	BLX      r1
		Cycle Count: 61 (I-Sync Packet)
		Tracing enabled
S:0xC004F574	E9D62302	LDRD     r2,r3,[r6,#8]
S:0xC004F578	F8DBC004	LDR      r12,[r11,#4]
S:0xC004F57C	F8DB4008	LDR      r4,[r11,#8]
S:0xC004F580	E9CD2300	STRD     r2,r3,[sp,#0]
S:0xC004F584	E9D62304	LDRD     r2,r3,[r6,#0x10]
S:0xC004F588	F8DB6058	LDR      r6,[r11,#0x58]
S:0xC004F58C	E9CD2308	STRD     r2,r3,[sp,#0x20]
S:0xC004F590	E9DB2310	LDRD     r2,r3,[r11,#0x40]
S:0xC004F594	9604	STR      r6,[sp,#0x10]
S:0xC004F596	E9CD2302	STRD     r2,r3,[sp,#8]
S:0xC004F59A	17F3	ASRS     r3,r6,#31
S:0xC004F59C	9305	STR      r3,[sp,#0x14]
S:0xC004F59E	F1C40620	RSB      r6,r4,#0x20
S:0xC004F5A2	E9DD2300	LDRD     r2,r3,[sp,#0]
S:0xC004F5A6	1A80	SUBS     r0,r0,r2
S:0xC004F5A8	EB610103	SBC      r1,r1,r3
S:0xC004F5AC	E9DD2308	LDRD     r2,r3,[sp,#0x20]
S:0xC004F5B0	4010	ANDS     r0,r0,r2
S:0xC004F5B2	4019	ANDS     r1,r1,r3
S:0xC004F5B4	FBA0230C	UMULL    r2,r3,r0,r12
S:0xC004F5B8	FB0C3301	MLA      r3,r12,r1,r3
S:0xC004F5BC	E9DD0102	LDRD     r0,r1,[sp,#8]
S:0xC004F5C0	1880	ADDS     r0,r0,r2
S:0xC004F5C2	EB410103	ADC      r1,r1,r3
S:0xC004F5C6	F1B40320	SUBS     r3,r4,#0x20
S:0xC004F5CA	E9CD0102	STRD     r0,r1,[sp,#8]
S:0xC004F5CE	FA20F804	LSR      r8,r0,r4
S:0xC004F5D2	FA41F303	ASR      r3,r1,r3
S:0xC004F5D6	9903	LDR      r1,[sp,#0xc]
S:0xC004F5D8	9A03	LDR      r2,[sp,#0xc]
S:0xC004F5DA	FA01F606	LSL      r6,r1,r6
S:0xC004F5DE	EA480806	ORR      r8,r8,r6
S:0xC004F5E2	FA42F904	ASR      r9,r2,r4
S:0xC004F5E6	BF58	IT       PL
S:0xC004F5E8	EA480803	ORR      r8,r8,r3
S:0xC004F5EC	E9DD2304	LDRD     r2,r3,[sp,#0x10]
S:0xC004F5F0	EB120208	ADDS     r2,r2,r8
S:0xC004F5F4	EB430309	ADC      r3,r3,r9
S:0xC004F5F8	F3BF8F5F	DMB      
S:0xC004F5FC	F8D71090	LDR      r1,[r7,#0x90]
S:0xC004F600	428D	CMP      r5,r1
S:0xC004F602	D1A3	BNE      {pc}-0xb6 ; 0xc004f54c
		Cycle Count: 91 (Atom Packet)
		Cycle Count: 6 (Branch Packet)
S:0xC004F604	461D	MOV      r5,r3
S:0xC004F606	9906	LDR      r1,[sp,#0x18]
S:0xC004F608	F44F434A	MOV      r3,#0xca00
S:0xC004F60C	4614	MOV      r4,r2
S:0xC004F60E	F6C3339A	MOVT     r3,#0x3b9a
S:0xC004F612	4650	MOV      r0,r10
S:0xC004F614	FBC34501	SMLAL    r4,r5,r3,r1
S:0xC004F618	E9CA4500	STRD     r4,r5,[r10,#0]
S:0xC004F61C	B00B	ADD      sp,sp,#0x2c
S:0xC004F61E	E8BD8FF0	POP      {r4-r11,pc}
S:0xC0054290	E9DD6700	LDRD     r6,r7,[sp,#0]
S:0xC0054294	1BA4	SUBS     r4,r4,r6
S:0xC0054296	EB650507	SBC      r5,r5,r7
S:0xC005429A	2C01	CMP      r4,#1
S:0xC005429C	F1750200	SBCS     r2,r5,#0
S:0xC00542A0	DB3D	BLT      {pc}+0x7e ; 0xc005431e
		Cycle Count: 6 (Atom Packet)
		Cycle Count: 19 (Branch Packet)
S:0xC00542A2	E9D86706	LDRD     r6,r7,[r8,#0x18]
S:0xC00542A6	F8D8002C	LDR      r0,[r8,#0x2c]
S:0xC00542AA	42B4	CMP      r4,r6
S:0xC00542AC	EB750307	SBCS     r3,r5,r7
S:0xC00542B0	E9D82308	LDRD     r2,r3,[r8,#0x20]
S:0xC00542B4	BFBC	ITT      LT
S:0xC00542B6	4626	MOV      r6,r4
S:0xC00542B8	462F	MOV      r7,r5
S:0xC00542BA	4296	CMP      r6,r2
S:0xC00542BC	EB770103	SBCS     r1,r7,r3
S:0xC00542C0	4641	MOV      r1,r8
S:0xC00542C2	BFB8	IT       LT
S:0xC00542C4	461F	MOV      r7,r3
S:0xC00542C6	F8D83028	LDR      r3,[r8,#0x28]
S:0xC00542CA	BFB8	IT       LT
S:0xC00542CC	4616	MOV      r6,r2
S:0xC00542CE	F1A00220	SUB      r2,r0,#0x20
S:0xC00542D2	FBA64503	UMULL    r4,r5,r6,r3
S:0xC00542D6	F1C00620	RSB      r6,r0,#0x20
S:0xC00542DA	FB035507	MLA      r5,r3,r7,r5
S:0xC00542DE	FA24F000	LSR      r0,r4,r0
S:0xC00542E2	FA05F606	LSL      r6,r5,r6
S:0xC00542E6	FA25F202	LSR      r2,r5,r2
S:0xC00542EA	4330	ORRS     r0,r0,r6
S:0xC00542EC	4310	ORRS     r0,r0,r2
S:0xC00542EE	F8D82004	LDR      r2,[r8,#4]
S:0xC00542F2	4790	BLX      r2
		Cycle Count: 118 (I-Sync Packet)
		Tracing enabled
S:0xC00542F4	2800	CMP      r0,#0
S:0xC00542F6	BF0C	ITE      EQ
S:0xC00542F8	2300	MOVS     r3,#0
S:0xC00542FA	F0090301	AND      r3,r9,#1
S:0xC00542FE	B15B	CBZ      r3,{pc}+0x1a ; 0xc0054318
		Cycle Count: 5 (Atom Packet)
		Cycle Count: 15 (Branch Packet)
S:0xC0054318	B003	ADD      sp,sp,#0xc
S:0xC005431A	E8BD83F0	POP      {r4-r9,pc}
		Cycle Count: 1 (Branch Packet)
S:0xC0055396	B003	ADD      sp,sp,#0xc
S:0xC0055398	BD30	POP      {r4,r5,pc}
S:0xC0055094	E7A0	B        {pc}-0xbc ; 0xc0054fd8
		Cycle Count: 1 (Atom Packet)
S:0xC0054FD8	4631	MOV      r1,r6
S:0xC0054FDA	4839	LDR      r0,[pc,#228] ; [0xC00550C0] = 0xC064D4A0
S:0xC0054FDC	B004	ADD      sp,sp,#0x10
S:0xC0054FDE	E8BD47F0	POP      {r4-r10,lr}
S:0xC0054FE2	F38FBB39	B.W      {pc}+0x38f676 ; 0xc03e4658
		Cycle Count: 14 (Atom Packet)
		Cycle Count: 376 (Branch Packet)
S:0xC03E4658	?	Cannot access target memory
S:0xC0054836	E753	B        {pc}-0x156 ; 0xc00546e0
		Cycle Count: 3 (Atom Packet)
		Cycle Count: 19 (Branch Packet)
S:0xC00546E0	4620	MOV      r0,r4
S:0xC00546E2	B005	ADD      sp,sp,#0x14
S:0xC00546E4	E8BD8FF0	POP      {r4-r11,pc}
S:0xC00368EC	B116	CBZ      r6,{pc}+8 ; 0xc00368f4
		Cycle Count: 1 (Atom Packet)
S:0xC00368F4	0403	LSLS     r3,r0,#16
S:0xC00368F6	D5E9	BPL      {pc}-0x2a ; 0xc00368cc
		Cycle Count: 1 (Atom Packet)
S:0xC00368CC	3D01	SUBS     r5,#1
S:0xC00368CE	BF0C	ITE      EQ
S:0xC00368D0	2300	MOVS     r3,#0
S:0xC00368D2	2301	MOVS     r3,#1
S:0xC00368D4	2C00	CMP      r4,#0
S:0xC00368D6	BF0C	ITE      EQ
S:0xC00368D8	2300	MOVS     r3,#0
S:0xC00368DA	F0030301	AND      r3,r3,#1
S:0xC00368DE	B15B	CBZ      r3,{pc}+0x1a ; 0xc00368f8
		Cycle Count: 2 (Atom Packet)
		Cycle Count: 6 (Branch Packet)
S:0xC00368F8	E8BD81F0	POP      {r4-r8,pc}
		Cycle Count: 1 (Branch Packet)
S:0xC00369BA	B002	ADD      sp,sp,#8
S:0xC00369BC	BD10	POP      {r4,pc}
S:0xC0053F60	2C09	CMP      r4,#9
S:0xC0053F62	D005	BEQ      {pc}+0xe ; 0xc0053f70
		Cycle Count: 1 (Atom Packet)
S:0xC0053F64	4659	MOV      r1,r11
S:0xC0053F66	4834	LDR      r0,[pc,#208] ; [0xC0054038] = 0xC064D478
S:0xC0053F68	E8BD4FF8	POP      {r3-r11,lr}
S:0xC0053F6C	F390BB74	B.W      {pc}+0x3906ec ; 0xc03e4658
		Cycle Count: 10 (Atom Packet)
		Cycle Count: 1,764 (I-Sync Packet)
		Tracing enabled
S:0xC0036998	B500	PUSH     {lr}
S:0xC003699A	F85DEB04	POP      {lr}
S:0xC003699E	F7FFBF83	B.W      {pc}-0xf6 ; 0xc00368a8
		Cycle Count: 1 (Atom Packet)
S:0xC00368A8	E92D41F0	PUSH     {r4-r8,lr}
S:0xC00368AC	B500	PUSH     {lr}
S:0xC00368AE	F85DEB04	POP      {lr}
S:0xC00368B2	461D	MOV      r5,r3
S:0xC00368B4	6804	LDR      r4,[r0,#0]
S:0xC00368B6	460F	MOV      r7,r1
S:0xC00368B8	4690	MOV      r8,r2
S:0xC00368BA	9E06	LDR      r6,[sp,#0x18]
S:0xC00368BC	2B00	CMP      r3,#0
S:0xC00368BE	BF18	IT       NE
S:0xC00368C0	2C00	CMP      r4,#0
S:0xC00368C2	BF0C	ITE      EQ
S:0xC00368C4	2000	MOVS     r0,#0
S:0xC00368C6	2001	MOVS     r0,#1
S:0xC00368C8	D10A	BNE      {pc}+0x18 ; 0xc00368e0
		Cycle Count: 7 (Atom Packet)
		Cycle Count: 253 (Branch Packet)
S:0xC00368E0	6823	LDR      r3,[r4,#0]
S:0xC00368E2	4620	MOV      r0,r4
S:0xC00368E4	4639	MOV      r1,r7
S:0xC00368E6	4642	MOV      r2,r8
S:0xC00368E8	6864	LDR      r4,[r4,#4]
S:0xC00368EA	4798	BLX      r3
		Cycle Count: 972 (I-Sync Packet)
		Tracing enabled
S:0xC00368EC	B116	CBZ      r6,{pc}+8 ; 0xc00368f4
		Cycle Count: 1 (Atom Packet)
S:0xC00368F4	0403	LSLS     r3,r0,#16
S:0xC00368F6	D5E9	BPL      {pc}-0x2a ; 0xc00368cc
		Cycle Count: 1 (Atom Packet)
S:0xC00368CC	3D01	SUBS     r5,#1
S:0xC00368CE	BF0C	ITE      EQ
S:0xC00368D0	2300	MOVS     r3,#0
S:0xC00368D2	2301	MOVS     r3,#1
S:0xC00368D4	2C00	CMP      r4,#0
S:0xC00368D6	BF0C	ITE      EQ
S:0xC00368D8	2300	MOVS     r3,#0
S:0xC00368DA	F0030301	AND      r3,r3,#1
S:0xC00368DE	B15B	CBZ      r3,{pc}+0x1a ; 0xc00368f8
		Cycle Count: 4 (Atom Packet)
		Cycle Count: 211 (Branch Packet)
S:0xC00368E0	6823	LDR      r3,[r4,#0]
S:0xC00368E2	4620	MOV      r0,r4
S:0xC00368E4	4639	MOV      r1,r7
S:0xC00368E6	4642	MOV      r2,r8
S:0xC00368E8	6864	LDR      r4,[r4,#4]
S:0xC00368EA	4798	BLX      r3
S:0xC0012388	B508	PUSH     {r3,lr}
S:0xC001238A	B500	PUSH     {lr}
S:0xC001238C	F85DEB04	POP      {lr}
S:0xC0012390	2902	CMP      r1,#2
S:0xC0012392	D001	BEQ      {pc}+6 ; 0xc0012398
		Cycle Count: 150 (Atom Packet)
S:0xC0012398	2000	MOVS     r0,#0
S:0xC001239A	F7FFFF13	BL       {pc}-0x1d6 ; 0xc00121c4
		Cycle Count: 11 (Atom Packet)
S:0xC00121C4	E92D43F8	PUSH     {r3-r9,lr}
S:0xC00121C8	B500	PUSH     {lr}
S:0xC00121CA	F85DEB04	POP      {lr}
S:0xC00121CE	466A	MOV      r2,sp
S:0xC00121D0	4D67	LDR      r5,[pc,#412] ; [0xC0012370]
S:0xC00121D2	F42258FF	BIC      r8,r2,#0x1fe0
S:0xC00121D6	F028081F	BIC      r8,r8,#0x1f
S:0xC00121DA	796B	LDRB     r3,[r5,#5]
S:0xC00121DC	F8D86014	LDR      r6,[r8,#0x14]
S:0xC00121E0	3B01	SUBS     r3,#1
S:0xC00121E2	2B04	CMP      r3,#4
S:0xC00121E4	D82B	BHI      {pc}+0x5a ; 0xc001223e
		Cycle Count: 488 (Atom Packet)
		Cycle Count: 20 (Branch Packet)
S:0xC00121E6	E8DFF003	TBB      [pc,r3]
S:0xC0012236	EE113E93	MRC      p14,#0x0,r3,c1,c3,#4
S:0xC001223A	07D9	LSLS     r1,r3,#31
S:0xC001223C	D434	BMI      {pc}+0x6c ; 0xc00122a8
		Cycle Count: 30 (Atom Packet)
S:0xC001223E	F24313AA	MOV      r3,#0x31aa
S:0xC0012242	F6C32353	MOVT     r3,#0x3a53
S:0xC0012246	EE013E90	MCR      p14,#0x0,r3,c1,c0,#4
S:0xC001224A	F3BF8F6F	ISB      
		Cycle Count: 28 (Atom Packet)
		Timestamp: 562537008328
		Cycle Count: 0 (Timestamp Packet)
S:0xC001224E	2300	MOVS     r3,#0
S:0xC0012250	EE003E17	MCR      p14,#0x0,r3,c0,c7,#0
S:0xC0012254	F3BF8F6F	ISB      
		Cycle Count: 41 (Atom Packet)
		Timestamp: 562537008329
		Cycle Count: 0 (Timestamp Packet)
S:0xC0012258	F006091F	AND      r9,r6,#0x1f
S:0xC001225C	4A45	LDR      r2,[pc,#276] ; [0xC0012374]
S:0xC001225E	F1090901	ADD      r9,r9,#1
S:0xC0012262	0973	LSRS     r3,r6,#5
S:0xC0012264	782C	LDRB     r4,[r5,#0]
S:0xC0012266	EB020989	ADD      r9,r2,r9,LSL #2
S:0xC001226A	4A41	LDR      r2,[pc,#260] ; [0xC0012370]
S:0xC001226C	EBA90983	SUB      r9,r9,r3,LSL #2
S:0xC0012270	F8D93000	LDR      r3,[r9,#0]
S:0xC0012274	401C	ANDS     r4,r4,r3
S:0xC0012276	D0BB	BEQ      {pc}-0x86 ; 0xc00121f0
		Cycle Count: 56 (Atom Packet)
S:0xC00121F0	EE107E10	MRC      p14,#0x0,r7,c0,c0,#0
S:0xC00121F4	F3C76703	UBFX     r7,r7,#24,#4
S:0xC00121F8	3701	ADDS     r7,#1
S:0xC00121FA	F1040050	ADD      r0,r4,#0x50
S:0xC00121FE	2100	MOVS     r1,#0
S:0xC0012200	F7FFFD78	BL       {pc}-0x50c ; 0xc0011cf4
		Cycle Count: 7 (Atom Packet)
S:0xC0011CF4	B508	PUSH     {r3,lr}
S:0xC0011CF6	B500	PUSH     {lr}
S:0xC0011CF8	F85DEB04	POP      {lr}
S:0xC0011CFC	F1A00340	SUB      r3,r0,#0x40
S:0xC0011D00	2B3F	CMP      r3,#0x3f
S:0xC0011D02	F2008104	BHI.W    {pc}+0x20c ; 0xc0011f0e
		Cycle Count: 1 (Atom Packet)
		Cycle Count: 37 (Branch Packet)
S:0xC0011D06	E8DFF013	TBH      [pc,r3,LSL #1]
S:0xC0011EA8	EE001EB0	MCR      p14,#0x0,r1,c0,c0,#5
S:0xC0011EAC	E76F	B        {pc}-0x11e ; 0xc0011d8e
		Cycle Count: 199 (Atom Packet)
S:0xC0011D8E	F3BF8F6F	ISB      
		Cycle Count: 18 (Atom Packet)
		Timestamp: 562537008335
		Cycle Count: 0 (Timestamp Packet)
		Cycle Count: 24 (Branch Packet)
S:0xC0011D92	BD08	POP      {r3,pc}
S:0xC0012204	F1040040	ADD      r0,r4,#0x40
S:0xC0012208	2100	MOVS     r1,#0
S:0xC001220A	3401	ADDS     r4,#1
S:0xC001220C	F7FFFD72	BL       {pc}-0x518 ; 0xc0011cf4
		Cycle Count: 2 (Atom Packet)
S:0xC0011CF4	B508	PUSH     {r3,lr}
S:0xC0011CF6	B500	PUSH     {lr}
S:0xC0011CF8	F85DEB04	POP      {lr}
S:0xC0011CFC	F1A00340	SUB      r3,r0,#0x40
S:0xC0011D00	2B3F	CMP      r3,#0x3f
S:0xC0011D02	F2008104	BHI.W    {pc}+0x20c ; 0xc0011f0e
		Cycle Count: 13 (Atom Packet)
		Cycle Count: 4 (Branch Packet)
S:0xC0011D06	E8DFF013	TBH      [pc,r3,LSL #1]
S:0xC0011F08	EE001E90	MCR      p14,#0x0,r1,c0,c0,#4
S:0xC0011F0C	E73F	B        {pc}-0x17e ; 0xc0011d8e
		Cycle Count: 17 (Atom Packet)
S:0xC0011D8E	F3BF8F6F	ISB      
		Cycle Count: 18 (Atom Packet)
		Timestamp: 562537008337
		Cycle Count: 0 (Timestamp Packet)
		Cycle Count: 24 (Branch Packet)
S:0xC0011D92	BD08	POP      {r3,pc}
S:0xC0012210	42BC	CMP      r4,r7
S:0xC0012212	DBF2	BLT      {pc}-0x18 ; 0xc00121fa
		Cycle Count: 2 (Atom Packet)
S:0xC00121FA	F1040050	ADD      r0,r4,#0x50
S:0xC00121FE	2100	MOVS     r1,#0
S:0xC0012200	F7FFFD78	BL       {pc}-0x50c ; 0xc0011cf4
		Cycle Count: 1 (Atom Packet)
S:0xC0011CF4	B508	PUSH     {r3,lr}
S:0xC0011CF6	B500	PUSH     {lr}
S:0xC0011CF8	F85DEB04	POP      {lr}
S:0xC0011CFC	F1A00340	SUB      r3,r0,#0x40
S:0xC0011D00	2B3F	CMP      r3,#0x3f
S:0xC0011D02	F2008104	BHI.W    {pc}+0x20c ; 0xc0011f0e
		Cycle Count: 7 (Atom Packet)
		Cycle Count: 3 (Branch Packet)
S:0xC0011D06	E8DFF013	TBH      [pc,r3,LSL #1]
S:0xC0011EA2	EE001EB1	MCR      p14,#0x0,r1,c0,c1,#5
S:0xC0011EA6	E772	B        {pc}-0x118 ; 0xc0011d8e
		Cycle Count: 17 (Atom Packet)
S:0xC0011D8E	F3BF8F6F	ISB      
		Cycle Count: 18 (Atom Packet)
		Timestamp: 562537008338
		Cycle Count: 0 (Timestamp Packet)
		Cycle Count: 24 (Branch Packet)
S:0xC0011D92	BD08	POP      {r3,pc}
S:0xC0012204	F1040040	ADD      r0,r4,#0x40
S:0xC0012208	2100	MOVS     r1,#0
S:0xC001220A	3401	ADDS     r4,#1
S:0xC001220C	F7FFFD72	BL       {pc}-0x518 ; 0xc0011cf4
		Cycle Count: 2 (Atom Packet)
S:0xC0011CF4	B508	PUSH     {r3,lr}
S:0xC0011CF6	B500	PUSH     {lr}
S:0xC0011CF8	F85DEB04	POP      {lr}
S:0xC0011CFC	F1A00340	SUB      r3,r0,#0x40
S:0xC0011D00	2B3F	CMP      r3,#0x3f
S:0xC0011D02	F2008104	BHI.W    {pc}+0x20c ; 0xc0011f0e
		Cycle Count: 5 (Atom Packet)
		Cycle Count: 4 (Branch Packet)
S:0xC0011D06	E8DFF013	TBH      [pc,r3,LSL #1]
S:0xC0011F02	EE001E91	MCR      p14,#0x0,r1,c0,c1,#4
S:0xC0011F06	E742	B        {pc}-0x178 ; 0xc0011d8e
		Cycle Count: 17 (Atom Packet)
S:0xC0011D8E	F3BF8F6F	ISB      
		Cycle Count: 18 (Atom Packet)
		Timestamp: 562537008340
		Cycle Count: 0 (Timestamp Packet)
		Cycle Count: 24 (Branch Packet)
S:0xC0011D92	BD08	POP      {r3,pc}
S:0xC0012210	42BC	CMP      r4,r7
S:0xC0012212	DBF2	BLT      {pc}-0x18 ; 0xc00121fa
		Cycle Count: 2 (Atom Packet)
S:0xC00121FA	F1040050	ADD      r0,r4,#0x50
S:0xC00121FE	2100	MOVS     r1,#0
S:0xC0012200	F7FFFD78	BL       {pc}-0x50c ; 0xc0011cf4
		Cycle Count: 1 (Atom Packet)
S:0xC0011CF4	B508	PUSH     {r3,lr}
S:0xC0011CF6	B500	PUSH     {lr}
S:0xC0011CF8	F85DEB04	POP      {lr}
S:0xC0011CFC	F1A00340	SUB      r3,r0,#0x40
S:0xC0011D00	2B3F	CMP      r3,#0x3f
S:0xC0011D02	F2008104	BHI.W    {pc}+0x20c ; 0xc0011f0e
		Cycle Count: 6 (Atom Packet)
		Cycle Count: 3 (Branch Packet)
S:0xC0011D06	E8DFF013	TBH      [pc,r3,LSL #1]
S:0xC0011E9C	EE001EB2	MCR      p14,#0x0,r1,c0,c2,#5
S:0xC0011EA0	E775	B        {pc}-0x112 ; 0xc0011d8e
		Cycle Count: 17 (Atom Packet)
S:0xC0011D8E	F3BF8F6F	ISB      
		Cycle Count: 18 (Atom Packet)
		Timestamp: 562537008341
		Cycle Count: 0 (Timestamp Packet)
		Cycle Count: 24 (Branch Packet)
S:0xC0011D92	BD08	POP      {r3,pc}
S:0xC0012204	F1040040	ADD      r0,r4,#0x40
S:0xC0012208	2100	MOVS     r1,#0
S:0xC001220A	3401	ADDS     r4,#1
S:0xC001220C	F7FFFD72	BL       {pc}-0x518 ; 0xc0011cf4
		Cycle Count: 2 (Atom Packet)
S:0xC0011CF4	B508	PUSH     {r3,lr}
S:0xC0011CF6	B500	PUSH     {lr}
S:0xC0011CF8	F85DEB04	POP      {lr}
S:0xC0011CFC	F1A00340	SUB      r3,r0,#0x40
S:0xC0011D00	2B3F	CMP      r3,#0x3f
S:0xC0011D02	F2008104	BHI.W    {pc}+0x20c ; 0xc0011f0e
		Cycle Count: 5 (Atom Packet)
		Cycle Count: 4 (Branch Packet)
S:0xC0011D06	E8DFF013	TBH      [pc,r3,LSL #1]
S:0xC0011EFC	EE001E92	MCR      p14,#0x0,r1,c0,c2,#4
S:0xC0011F00	E745	B        {pc}-0x172 ; 0xc0011d8e
		Cycle Count: 17 (Atom Packet)
S:0xC0011D8E	F3BF8F6F	ISB      
		Cycle Count: 18 (Atom Packet)
		Timestamp: 562537008342
		Cycle Count: 0 (Timestamp Packet)
		Cycle Count: 24 (Branch Packet)
S:0xC0011D92	BD08	POP      {r3,pc}
S:0xC0012210	42BC	CMP      r4,r7
S:0xC0012212	DBF2	BLT      {pc}-0x18 ; 0xc00121fa
		Cycle Count: 2 (Atom Packet)
S:0xC00121FA	F1040050	ADD      r0,r4,#0x50
S:0xC00121FE	2100	MOVS     r1,#0
S:0xC0012200	F7FFFD78	BL       {pc}-0x50c ; 0xc0011cf4
		Cycle Count: 1 (Atom Packet)
S:0xC0011CF4	B508	PUSH     {r3,lr}
S:0xC0011CF6	B500	PUSH     {lr}
S:0xC0011CF8	F85DEB04	POP      {lr}
S:0xC0011CFC	F1A00340	SUB      r3,r0,#0x40
S:0xC0011D00	2B3F	CMP      r3,#0x3f
S:0xC0011D02	F2008104	BHI.W    {pc}+0x20c ; 0xc0011f0e
		Cycle Count: 6 (Atom Packet)
		Cycle Count: 3 (Branch Packet)
S:0xC0011D06	E8DFF013	TBH      [pc,r3,LSL #1]
S:0xC0011E96	EE001EB3	MCR      p14,#0x0,r1,c0,c3,#5
S:0xC0011E9A	E778	B        {pc}-0x10c ; 0xc0011d8e
		Cycle Count: 17 (Atom Packet)
S:0xC0011D8E	F3BF8F6F	ISB      
		Cycle Count: 18 (Atom Packet)
		Timestamp: 562537008344
		Cycle Count: 0 (Timestamp Packet)
		Cycle Count: 24 (Branch Packet)
S:0xC0011D92	BD08	POP      {r3,pc}
S:0xC0012204	F1040040	ADD      r0,r4,#0x40
S:0xC0012208	2100	MOVS     r1,#0
S:0xC001220A	3401	ADDS     r4,#1
S:0xC001220C	F7FFFD72	BL       {pc}-0x518 ; 0xc0011cf4
		Cycle Count: 2 (Atom Packet)
S:0xC0011CF4	B508	PUSH     {r3,lr}
S:0xC0011CF6	B500	PUSH     {lr}
S:0xC0011CF8	F85DEB04	POP      {lr}
S:0xC0011CFC	F1A00340	SUB      r3,r0,#0x40
S:0xC0011D00	2B3F	CMP      r3,#0x3f
S:0xC0011D02	F2008104	BHI.W    {pc}+0x20c ; 0xc0011f0e
		Cycle Count: 5 (Atom Packet)
		Cycle Count: 4 (Branch Packet)
S:0xC0011D06	E8DFF013	TBH      [pc,r3,LSL #1]
S:0xC0011EF6	EE001E93	MCR      p14,#0x0,r1,c0,c3,#4
S:0xC0011EFA	E748	B        {pc}-0x16c ; 0xc0011d8e
		Cycle Count: 17 (Atom Packet)
S:0xC0011D8E	F3BF8F6F	ISB      
		Cycle Count: 18 (Atom Packet)
		Timestamp: 562537008345
		Cycle Count: 0 (Timestamp Packet)
		Cycle Count: 24 (Branch Packet)
S:0xC0011D92	BD08	POP      {r3,pc}
S:0xC0012210	42BC	CMP      r4,r7
S:0xC0012212	DBF2	BLT      {pc}-0x18 ; 0xc00121fa
		Cycle Count: 2 (Atom Packet)
S:0xC00121FA	F1040050	ADD      r0,r4,#0x50
S:0xC00121FE	2100	MOVS     r1,#0
S:0xC0012200	F7FFFD78	BL       {pc}-0x50c ; 0xc0011cf4
		Cycle Count: 1 (Atom Packet)
S:0xC0011CF4	B508	PUSH     {r3,lr}
S:0xC0011CF6	B500	PUSH     {lr}
S:0xC0011CF8	F85DEB04	POP      {lr}
S:0xC0011CFC	F1A00340	SUB      r3,r0,#0x40
S:0xC0011D00	2B3F	CMP      r3,#0x3f
S:0xC0011D02	F2008104	BHI.W    {pc}+0x20c ; 0xc0011f0e
		Cycle Count: 6 (Atom Packet)
		Cycle Count: 3 (Branch Packet)
S:0xC0011D06	E8DFF013	TBH      [pc,r3,LSL #1]
S:0xC0011E90	EE001EB4	MCR      p14,#0x0,r1,c0,c4,#5
S:0xC0011E94	E77B	B        {pc}-0x106 ; 0xc0011d8e
		Cycle Count: 17 (Atom Packet)
S:0xC0011D8E	F3BF8F6F	ISB      
		Cycle Count: 18 (Atom Packet)
		Timestamp: 562537008347
		Cycle Count: 0 (Timestamp Packet)
		Cycle Count: 24 (Branch Packet)
S:0xC0011D92	BD08	POP      {r3,pc}
S:0xC0012204	F1040040	ADD      r0,r4,#0x40
S:0xC0012208	2100	MOVS     r1,#0
S:0xC001220A	3401	ADDS     r4,#1
S:0xC001220C	F7FFFD72	BL       {pc}-0x518 ; 0xc0011cf4
		Cycle Count: 2 (Atom Packet)
S:0xC0011CF4	B508	PUSH     {r3,lr}
S:0xC0011CF6	B500	PUSH     {lr}
S:0xC0011CF8	F85DEB04	POP      {lr}
S:0xC0011CFC	F1A00340	SUB      r3,r0,#0x40
S:0xC0011D00	2B3F	CMP      r3,#0x3f
S:0xC0011D02	F2008104	BHI.W    {pc}+0x20c ; 0xc0011f0e
		Cycle Count: 5 (Atom Packet)
		Cycle Count: 4 (Branch Packet)
S:0xC0011D06	E8DFF013	TBH      [pc,r3,LSL #1]
S:0xC0011EF0	EE001E94	MCR      p14,#0x0,r1,c0,c4,#4
S:0xC0011EF4	E74B	B        {pc}-0x166 ; 0xc0011d8e
		Cycle Count: 17 (Atom Packet)
S:0xC0011D8E	F3BF8F6F	ISB      
		Cycle Count: 18 (Atom Packet)
		Timestamp: 562537008348
		Cycle Count: 0 (Timestamp Packet)
		Cycle Count: 24 (Branch Packet)
S:0xC0011D92	BD08	POP      {r3,pc}
S:0xC0012210	42BC	CMP      r4,r7
S:0xC0012212	DBF2	BLT      {pc}-0x18 ; 0xc00121fa
		Cycle Count: 2 (Atom Packet)
S:0xC00121FA	F1040050	ADD      r0,r4,#0x50
S:0xC00121FE	2100	MOVS     r1,#0
S:0xC0012200	F7FFFD78	BL       {pc}-0x50c ; 0xc0011cf4
		Cycle Count: 1 (Atom Packet)
S:0xC0011CF4	B508	PUSH     {r3,lr}
S:0xC0011CF6	B500	PUSH     {lr}
S:0xC0011CF8	F85DEB04	POP      {lr}
S:0xC0011CFC	F1A00340	SUB      r3,r0,#0x40
S:0xC0011D00	2B3F	CMP      r3,#0x3f
S:0xC0011D02	F2008104	BHI.W    {pc}+0x20c ; 0xc0011f0e
		Cycle Count: 6 (Atom Packet)
		Cycle Count: 3 (Branch Packet)
S:0xC0011D06	E8DFF013	TBH      [pc,r3,LSL #1]
S:0xC0011E8A	EE001EB5	MCR      p14,#0x0,r1,c0,c5,#5
S:0xC0011E8E	E77E	B        {pc}-0x100 ; 0xc0011d8e
		Cycle Count: 17 (Atom Packet)
S:0xC0011D8E	F3BF8F6F	ISB      
		Cycle Count: 18 (Atom Packet)
		Timestamp: 562537008349
		Cycle Count: 0 (Timestamp Packet)
		Cycle Count: 24 (Branch Packet)
S:0xC0011D92	BD08	POP      {r3,pc}
S:0xC0012204	F1040040	ADD      r0,r4,#0x40
S:0xC0012208	2100	MOVS     r1,#0
S:0xC001220A	3401	ADDS     r4,#1
S:0xC001220C	F7FFFD72	BL       {pc}-0x518 ; 0xc0011cf4
		Cycle Count: 2 (Atom Packet)
S:0xC0011CF4	B508	PUSH     {r3,lr}
S:0xC0011CF6	B500	PUSH     {lr}
S:0xC0011CF8	F85DEB04	POP      {lr}
S:0xC0011CFC	F1A00340	SUB      r3,r0,#0x40
S:0xC0011D00	2B3F	CMP      r3,#0x3f
S:0xC0011D02	F2008104	BHI.W    {pc}+0x20c ; 0xc0011f0e
		Cycle Count: 5 (Atom Packet)
		Cycle Count: 4 (Branch Packet)
S:0xC0011D06	E8DFF013	TBH      [pc,r3,LSL #1]
S:0xC0011EEA	EE001E95	MCR      p14,#0x0,r1,c0,c5,#4
S:0xC0011EEE	E74E	B        {pc}-0x160 ; 0xc0011d8e
		Cycle Count: 17 (Atom Packet)
S:0xC0011D8E	F3BF8F6F	ISB      
		Cycle Count: 18 (Atom Packet)
		Timestamp: 562537008351
		Cycle Count: 0 (Timestamp Packet)
		Cycle Count: 24 (Branch Packet)
S:0xC0011D92	BD08	POP      {r3,pc}
S:0xC0012210	42BC	CMP      r4,r7
S:0xC0012212	DBF2	BLT      {pc}-0x18 ; 0xc00121fa
		Cycle Count: 2 (Atom Packet)
S:0xC0012214	68EB	LDR      r3,[r5,#0xc]
S:0xC0012216	2B00	CMP      r3,#0
S:0xC0012218	BFC8	IT       GT
S:0xC001221A	2400	MOVS     r4,#0
S:0xC001221C	DC57	BGT      {pc}+0xb2 ; 0xc00122ce
		Cycle Count: 17 (Atom Packet)
S:0xC00122CE	F1040070	ADD      r0,r4,#0x70
S:0xC00122D2	2100	MOVS     r1,#0
S:0xC00122D4	F7FFFD0E	BL       {pc}-0x5e0 ; 0xc0011cf4
		Cycle Count: 31 (Atom Packet)
S:0xC0011CF4	B508	PUSH     {r3,lr}
S:0xC0011CF6	B500	PUSH     {lr}
S:0xC0011CF8	F85DEB04	POP      {lr}
S:0xC0011CFC	F1A00340	SUB      r3,r0,#0x40
S:0xC0011D00	2B3F	CMP      r3,#0x3f
S:0xC0011D02	F2008104	BHI.W    {pc}+0x20c ; 0xc0011f0e
		Cycle Count: 16 (Atom Packet)
		Cycle Count: 16 (Branch Packet)
S:0xC0011D06	E8DFF013	TBH      [pc,r3,LSL #1]
S:0xC0011DE8	EE001EF0	MCR      p14,#0x0,r1,c0,c0,#7
S:0xC0011DEC	E7CF	B        {pc}-0x5e ; 0xc0011d8e
		Cycle Count: 35 (Atom Packet)
S:0xC0011D8E	F3BF8F6F	ISB      
		Cycle Count: 18 (Atom Packet)
		Timestamp: 562537008354
		Cycle Count: 0 (Timestamp Packet)
		Cycle Count: 24 (Branch Packet)
S:0xC0011D92	BD08	POP      {r3,pc}
S:0xC00122D8	F1040060	ADD      r0,r4,#0x60
S:0xC00122DC	2100	MOVS     r1,#0
S:0xC00122DE	3401	ADDS     r4,#1
S:0xC00122E0	F7FFFD08	BL       {pc}-0x5ec ; 0xc0011cf4
		Cycle Count: 2 (Atom Packet)
S:0xC0011CF4	B508	PUSH     {r3,lr}
S:0xC0011CF6	B500	PUSH     {lr}
S:0xC0011CF8	F85DEB04	POP      {lr}
S:0xC0011CFC	F1A00340	SUB      r3,r0,#0x40
S:0xC0011D00	2B3F	CMP      r3,#0x3f
S:0xC0011D02	F2008104	BHI.W    {pc}+0x20c ; 0xc0011f0e
		Cycle Count: 6 (Atom Packet)
		Cycle Count: 3 (Branch Packet)
S:0xC0011D06	E8DFF013	TBH      [pc,r3,LSL #1]
S:0xC0011E48	EE001ED0	MCR      p14,#0x0,r1,c0,c0,#6
S:0xC0011E4C	E79F	B        {pc}-0xbe ; 0xc0011d8e
		Cycle Count: 35 (Atom Packet)
S:0xC0011D8E	F3BF8F6F	ISB      
		Cycle Count: 18 (Atom Packet)
		Timestamp: 562537008356
		Cycle Count: 0 (Timestamp Packet)
		Cycle Count: 24 (Branch Packet)
S:0xC0011D92	BD08	POP      {r3,pc}
S:0xC00122E4	68EB	LDR      r3,[r5,#0xc]
S:0xC00122E6	42A3	CMP      r3,r4
S:0xC00122E8	DCF1	BGT      {pc}-0x1a ; 0xc00122ce
		Cycle Count: 2 (Atom Packet)
S:0xC00122CE	F1040070	ADD      r0,r4,#0x70
S:0xC00122D2	2100	MOVS     r1,#0
S:0xC00122D4	F7FFFD0E	BL       {pc}-0x5e0 ; 0xc0011cf4
		Cycle Count: 1 (Atom Packet)
S:0xC0011CF4	B508	PUSH     {r3,lr}
S:0xC0011CF6	B500	PUSH     {lr}
S:0xC0011CF8	F85DEB04	POP      {lr}
S:0xC0011CFC	F1A00340	SUB      r3,r0,#0x40
S:0xC0011D00	2B3F	CMP      r3,#0x3f
S:0xC0011D02	F2008104	BHI.W    {pc}+0x20c ; 0xc0011f0e
		Cycle Count: 10 (Atom Packet)
		Cycle Count: 4 (Branch Packet)
S:0xC0011D06	E8DFF013	TBH      [pc,r3,LSL #1]
S:0xC0011DE2	EE001EF1	MCR      p14,#0x0,r1,c0,c1,#7
S:0xC0011DE6	E7D2	B        {pc}-0x58 ; 0xc0011d8e
		Cycle Count: 17 (Atom Packet)
S:0xC0011D8E	F3BF8F6F	ISB      
		Cycle Count: 18 (Atom Packet)
		Timestamp: 562537008357
		Cycle Count: 0 (Timestamp Packet)
		Cycle Count: 24 (Branch Packet)
S:0xC0011D92	BD08	POP      {r3,pc}
S:0xC00122D8	F1040060	ADD      r0,r4,#0x60
S:0xC00122DC	2100	MOVS     r1,#0
S:0xC00122DE	3401	ADDS     r4,#1
S:0xC00122E0	F7FFFD08	BL       {pc}-0x5ec ; 0xc0011cf4
		Cycle Count: 2 (Atom Packet)
S:0xC0011CF4	B508	PUSH     {r3,lr}
S:0xC0011CF6	B500	PUSH     {lr}
S:0xC0011CF8	F85DEB04	POP      {lr}
S:0xC0011CFC	F1A00340	SUB      r3,r0,#0x40
S:0xC0011D00	2B3F	CMP      r3,#0x3f
S:0xC0011D02	F2008104	BHI.W    {pc}+0x20c ; 0xc0011f0e
		Cycle Count: 5 (Atom Packet)
		Cycle Count: 4 (Branch Packet)
S:0xC0011D06	E8DFF013	TBH      [pc,r3,LSL #1]
S:0xC0011E42	EE001ED1	MCR      p14,#0x0,r1,c0,c1,#6
S:0xC0011E46	E7A2	B        {pc}-0xb8 ; 0xc0011d8e
		Cycle Count: 17 (Atom Packet)
S:0xC0011D8E	F3BF8F6F	ISB      
		Cycle Count: 18 (Atom Packet)
		Timestamp: 562537008359
		Cycle Count: 0 (Timestamp Packet)
		Cycle Count: 24 (Branch Packet)
S:0xC0011D92	BD08	POP      {r3,pc}
S:0xC00122E4	68EB	LDR      r3,[r5,#0xc]
S:0xC00122E6	42A3	CMP      r3,r4
S:0xC00122E8	DCF1	BGT      {pc}-0x1a ; 0xc00122ce
		Cycle Count: 2 (Atom Packet)
S:0xC00122CE	F1040070	ADD      r0,r4,#0x70
S:0xC00122D2	2100	MOVS     r1,#0
S:0xC00122D4	F7FFFD0E	BL       {pc}-0x5e0 ; 0xc0011cf4
		Cycle Count: 1 (Atom Packet)
S:0xC0011CF4	B508	PUSH     {r3,lr}
S:0xC0011CF6	B500	PUSH     {lr}
S:0xC0011CF8	F85DEB04	POP      {lr}
S:0xC0011CFC	F1A00340	SUB      r3,r0,#0x40
S:0xC0011D00	2B3F	CMP      r3,#0x3f
S:0xC0011D02	F2008104	BHI.W    {pc}+0x20c ; 0xc0011f0e
		Cycle Count: 6 (Atom Packet)
		Cycle Count: 4 (Branch Packet)
S:0xC0011D06	E8DFF013	TBH      [pc,r3,LSL #1]
S:0xC0011DDC	EE001EF2	MCR      p14,#0x0,r1,c0,c2,#7
S:0xC0011DE0	E7D5	B        {pc}-0x52 ; 0xc0011d8e
		Cycle Count: 17 (Atom Packet)
S:0xC0011D8E	F3BF8F6F	ISB      
		Cycle Count: 18 (Atom Packet)
		Timestamp: 562537008360
		Cycle Count: 0 (Timestamp Packet)
		Cycle Count: 24 (Branch Packet)
S:0xC0011D92	BD08	POP      {r3,pc}
S:0xC00122D8	F1040060	ADD      r0,r4,#0x60
S:0xC00122DC	2100	MOVS     r1,#0
S:0xC00122DE	3401	ADDS     r4,#1
S:0xC00122E0	F7FFFD08	BL       {pc}-0x5ec ; 0xc0011cf4
		Cycle Count: 2 (Atom Packet)
S:0xC0011CF4	B508	PUSH     {r3,lr}
S:0xC0011CF6	B500	PUSH     {lr}
S:0xC0011CF8	F85DEB04	POP      {lr}
S:0xC0011CFC	F1A00340	SUB      r3,r0,#0x40
S:0xC0011D00	2B3F	CMP      r3,#0x3f
S:0xC0011D02	F2008104	BHI.W    {pc}+0x20c ; 0xc0011f0e
		Cycle Count: 5 (Atom Packet)
		Cycle Count: 4 (Branch Packet)
S:0xC0011D06	E8DFF013	TBH      [pc,r3,LSL #1]
S:0xC0011E3C	EE001ED2	MCR      p14,#0x0,r1,c0,c2,#6
S:0xC0011E40	E7A5	B        {pc}-0xb2 ; 0xc0011d8e
		Cycle Count: 17 (Atom Packet)
S:0xC0011D8E	F3BF8F6F	ISB      
		Cycle Count: 18 (Atom Packet)
		Timestamp: 562537008362
		Cycle Count: 0 (Timestamp Packet)
		Cycle Count: 24 (Branch Packet)
S:0xC0011D92	BD08	POP      {r3,pc}
S:0xC00122E4	68EB	LDR      r3,[r5,#0xc]
S:0xC00122E6	42A3	CMP      r3,r4
S:0xC00122E8	DCF1	BGT      {pc}-0x1a ; 0xc00122ce
		Cycle Count: 2 (Atom Packet)
S:0xC00122CE	F1040070	ADD      r0,r4,#0x70
S:0xC00122D2	2100	MOVS     r1,#0
S:0xC00122D4	F7FFFD0E	BL       {pc}-0x5e0 ; 0xc0011cf4
		Cycle Count: 1 (Atom Packet)
S:0xC0011CF4	B508	PUSH     {r3,lr}
S:0xC0011CF6	B500	PUSH     {lr}
S:0xC0011CF8	F85DEB04	POP      {lr}
S:0xC0011CFC	F1A00340	SUB      r3,r0,#0x40
S:0xC0011D00	2B3F	CMP      r3,#0x3f
S:0xC0011D02	F2008104	BHI.W    {pc}+0x20c ; 0xc0011f0e
		Cycle Count: 6 (Atom Packet)
		Cycle Count: 4 (Branch Packet)
S:0xC0011D06	E8DFF013	TBH      [pc,r3,LSL #1]
S:0xC0011DD6	EE001EF3	MCR      p14,#0x0,r1,c0,c3,#7
S:0xC0011DDA	E7D8	B        {pc}-0x4c ; 0xc0011d8e
		Cycle Count: 17 (Atom Packet)
S:0xC0011D8E	F3BF8F6F	ISB      
		Cycle Count: 18 (Atom Packet)
		Timestamp: 562537008363
		Cycle Count: 0 (Timestamp Packet)
		Cycle Count: 24 (Branch Packet)
S:0xC0011D92	BD08	POP      {r3,pc}
S:0xC00122D8	F1040060	ADD      r0,r4,#0x60
S:0xC00122DC	2100	MOVS     r1,#0
S:0xC00122DE	3401	ADDS     r4,#1
S:0xC00122E0	F7FFFD08	BL       {pc}-0x5ec ; 0xc0011cf4
		Cycle Count: 2 (Atom Packet)
S:0xC0011CF4	B508	PUSH     {r3,lr}
S:0xC0011CF6	B500	PUSH     {lr}
S:0xC0011CF8	F85DEB04	POP      {lr}
S:0xC0011CFC	F1A00340	SUB      r3,r0,#0x40
S:0xC0011D00	2B3F	CMP      r3,#0x3f
S:0xC0011D02	F2008104	BHI.W    {pc}+0x20c ; 0xc0011f0e
		Cycle Count: 5 (Atom Packet)
		Cycle Count: 4 (Branch Packet)
S:0xC0011D06	E8DFF013	TBH      [pc,r3,LSL #1]
S:0xC0011E36	EE001ED3	MCR      p14,#0x0,r1,c0,c3,#6
S:0xC0011E3A	E7A8	B        {pc}-0xac ; 0xc0011d8e
		Cycle Count: 17 (Atom Packet)
S:0xC0011D8E	F3BF8F6F	ISB      
		Cycle Count: 18 (Atom Packet)
		Timestamp: 562537008364
		Cycle Count: 0 (Timestamp Packet)
		Cycle Count: 26 (Branch Packet)
S:0xC0011D92	BD08	POP      {r3,pc}
S:0xC00122E4	68EB	LDR      r3,[r5,#0xc]
S:0xC00122E6	42A3	CMP      r3,r4
S:0xC00122E8	DCF1	BGT      {pc}-0x1a ; 0xc00122ce
		Cycle Count: 1 (Atom Packet)
S:0xC00122EA	E798	B        {pc}-0xcc ; 0xc001221e
		Cycle Count: 11 (Atom Packet)
S:0xC001221E	F8D93000	LDR      r3,[r9,#0]
S:0xC0012222	782A	LDRB     r2,[r5,#0]
S:0xC0012224	4C52	LDR      r4,[pc,#328] ; [0xC0012370]
S:0xC0012226	421A	TST      r2,r3
S:0xC0012228	D160	BNE      {pc}+0xc4 ; 0xc00122ec
		Cycle Count: 16 (Atom Packet)
S:0xC001222A	EE104E11	MRC      p14,#0x0,r4,c0,c1,#0
S:0xC001222E	0422	LSLS     r2,r4,#16
S:0xC0012230	D567	BPL      {pc}+0xd2 ; 0xc0012302
		Cycle Count: 10 (Atom Packet)
		Cycle Count: 5 (Branch Packet)
S:0xC0012232	E8BD83F8	POP      {r3-r9,pc}
		Cycle Count: 1 (Branch Packet)
S:0xC001239E	2001	MOVS     r0,#1
S:0xC00123A0	BD08	POP      {r3,pc}
S:0xC00368EC	B116	CBZ      r6,{pc}+8 ; 0xc00368f4
		Cycle Count: 1 (Atom Packet)
S:0xC00368F4	0403	LSLS     r3,r0,#16
S:0xC00368F6	D5E9	BPL      {pc}-0x2a ; 0xc00368cc
		Cycle Count: 1 (Atom Packet)
S:0xC00368CC	3D01	SUBS     r5,#1
S:0xC00368CE	BF0C	ITE      EQ
S:0xC00368D0	2300	MOVS     r3,#0
S:0xC00368D2	2301	MOVS     r3,#1
S:0xC00368D4	2C00	CMP      r4,#0
S:0xC00368D6	BF0C	ITE      EQ
S:0xC00368D8	2300	MOVS     r3,#0
S:0xC00368DA	F0030301	AND      r3,r3,#1
S:0xC00368DE	B15B	CBZ      r3,{pc}+0x1a ; 0xc00368f8
		Cycle Count: 3 (Atom Packet)
		Cycle Count: 195 (Branch Packet)
S:0xC00368E0	6823	LDR      r3,[r4,#0]
S:0xC00368E2	4620	MOV      r0,r4
S:0xC00368E4	4639	MOV      r1,r7
S:0xC00368E6	4642	MOV      r2,r8
S:0xC00368E8	6864	LDR      r4,[r4,#4]
S:0xC00368EA	4798	BLX      r3
S:0xC00139B4	B510	PUSH     {r4,lr}
S:0xC00139B6	B500	PUSH     {lr}
S:0xC00139B8	F85DEB04	POP      {lr}
S:0xC00139BC	466A	MOV      r2,sp
S:0xC00139BE	F42253FF	BIC      r3,r2,#0x1fe0
S:0xC00139C2	480E	LDR      r0,[pc,#56] ; [0xC00139FC] = 0xC05FD5C0
S:0xC00139C4	F023031F	BIC      r3,r3,#0x1f
S:0xC00139C8	4A0D	LDR      r2,[pc,#52] ; [0xC0013A00] = 0xC05F02C4
S:0xC00139CA	695C	LDR      r4,[r3,#0x14]
S:0xC00139CC	4613	MOV      r3,r2
S:0xC00139CE	3210	ADDS     r2,r2,#0x10
S:0xC00139D0	F8500024	LDR      r0,[r0,r4,LSL #2]
S:0xC00139D4	1812	ADDS     r2,r2,r0
S:0xC00139D6	5818	LDR      r0,[r3,r0]
S:0xC00139D8	B170	CBZ      r0,{pc}+0x20 ; 0xc00139f8
		Cycle Count: 341 (Atom Packet)
S:0xC00139DA	B931	CBNZ     r1,{pc}+0x10 ; 0xc00139ea
		Cycle Count: 1 (Atom Packet)
S:0xC00139EA	2902	CMP      r1,#2
S:0xC00139EC	D103	BNE      {pc}+0xa ; 0xc00139f6
		Cycle Count: 1 (Atom Packet)
S:0xC00139EE	F8D0309C	LDR      r3,[r0,#0x9c]
S:0xC00139F2	2B00	CMP      r3,#0
S:0xC00139F4	D1F5	BNE      {pc}-0x12 ; 0xc00139e2
		Cycle Count: 233 (Atom Packet)
		Cycle Count: 1 (Branch Packet)
S:0xC00139E2	4611	MOV      r1,r2
S:0xC00139E4	4798	BLX      r3
S:0xC0014270	B418	PUSH     {r3,r4}
S:0xC0014272	B500	PUSH     {lr}
S:0xC0014274	F85DEB04	POP      {lr}
S:0xC0014278	680B	LDR      r3,[r1,#0]
S:0xC001427A	07DA	LSLS     r2,r3,#31
S:0xC001427C	D528	BPL      {pc}+0x54 ; 0xc00142d0
		Cycle Count: 152 (Atom Packet)
S:0xC001427E	684A	LDR      r2,[r1,#4]
S:0xC0014280	EE092F3C	MCR      p15,#0x0,r2,c9,c12,#1
S:0xC0014284	688A	LDR      r2,[r1,#8]
S:0xC0014286	EE092F1E	MCR      p15,#0x0,r2,c9,c14,#0
S:0xC001428A	68CA	LDR      r2,[r1,#0xc]
S:0xC001428C	EE092F3E	MCR      p15,#0x0,r2,c9,c14,#1
S:0xC0014290	6B0A	LDR      r2,[r1,#0x30]
S:0xC0014292	EE092F1D	MCR      p15,#0x0,r2,c9,c13,#0
S:0xC0014296	F8D020A0	LDR      r2,[r0,#0xa0]
S:0xC001429A	2A01	CMP      r2,#1
S:0xC001429C	D016	BEQ      {pc}+0x30 ; 0xc00142cc
		Cycle Count: 221 (Atom Packet)
S:0xC001429E	460A	MOV      r2,r1
S:0xC00142A0	2301	MOVS     r3,#1
S:0xC00142A2	1E5C	SUBS     r4,r3,#1
S:0xC00142A4	F004041F	AND      r4,r4,#0x1f
S:0xC00142A8	EE094FBC	MCR      p15,#0x0,r4,c9,c12,#5
S:0xC00142AC	F3BF8F6F	ISB      
		Cycle Count: 23 (Atom Packet)
		Timestamp: 562537008389
		Cycle Count: 0 (Timestamp Packet)
S:0xC00142B0	6954	LDR      r4,[r2,#0x14]
S:0xC00142B2	EE094F3D	MCR      p15,#0x0,r4,c9,c13,#1
S:0xC00142B6	6B54	LDR      r4,[r2,#0x34]
S:0xC00142B8	EE094F5D	MCR      p15,#0x0,r4,c9,c13,#2
S:0xC00142BC	F8D040A0	LDR      r4,[r0,#0xa0]
S:0xC00142C0	3301	ADDS     r3,#1
S:0xC00142C2	3204	ADDS     r2,#4
S:0xC00142C4	3C01	SUBS     r4,#1
S:0xC00142C6	42A3	CMP      r3,r4
S:0xC00142C8	D9EB	BLS      {pc}-0x26 ; 0xc00142a2
		Cycle Count: 30 (Atom Packet)
S:0xC00142A2	1E5C	SUBS     r4,r3,#1
S:0xC00142A4	F004041F	AND      r4,r4,#0x1f
S:0xC00142A8	EE094FBC	MCR      p15,#0x0,r4,c9,c12,#5
S:0xC00142AC	F3BF8F6F	ISB      
		Cycle Count: 22 (Atom Packet)
		Timestamp: 562537008390
		Cycle Count: 0 (Timestamp Packet)
S:0xC00142B0	6954	LDR      r4,[r2,#0x14]
S:0xC00142B2	EE094F3D	MCR      p15,#0x0,r4,c9,c13,#1
S:0xC00142B6	6B54	LDR      r4,[r2,#0x34]
S:0xC00142B8	EE094F5D	MCR      p15,#0x0,r4,c9,c13,#2
S:0xC00142BC	F8D040A0	LDR      r4,[r0,#0xa0]
S:0xC00142C0	3301	ADDS     r3,#1
S:0xC00142C2	3204	ADDS     r2,#4
S:0xC00142C4	3C01	SUBS     r4,#1
S:0xC00142C6	42A3	CMP      r3,r4
S:0xC00142C8	D9EB	BLS      {pc}-0x26 ; 0xc00142a2
		Cycle Count: 30 (Atom Packet)
S:0xC00142A2	1E5C	SUBS     r4,r3,#1
S:0xC00142A4	F004041F	AND      r4,r4,#0x1f
S:0xC00142A8	EE094FBC	MCR      p15,#0x0,r4,c9,c12,#5
S:0xC00142AC	F3BF8F6F	ISB      
		Cycle Count: 22 (Atom Packet)
		Timestamp: 562537008391
		Cycle Count: 0 (Timestamp Packet)
S:0xC00142B0	6954	LDR      r4,[r2,#0x14]
S:0xC00142B2	EE094F3D	MCR      p15,#0x0,r4,c9,c13,#1
S:0xC00142B6	6B54	LDR      r4,[r2,#0x34]
S:0xC00142B8	EE094F5D	MCR      p15,#0x0,r4,c9,c13,#2
S:0xC00142BC	F8D040A0	LDR      r4,[r0,#0xa0]
S:0xC00142C0	3301	ADDS     r3,#1
S:0xC00142C2	3204	ADDS     r2,#4
S:0xC00142C4	3C01	SUBS     r4,#1
S:0xC00142C6	42A3	CMP      r3,r4
S:0xC00142C8	D9EB	BLS      {pc}-0x26 ; 0xc00142a2
		Cycle Count: 30 (Atom Packet)
S:0xC00142A2	1E5C	SUBS     r4,r3,#1
S:0xC00142A4	F004041F	AND      r4,r4,#0x1f
S:0xC00142A8	EE094FBC	MCR      p15,#0x0,r4,c9,c12,#5
S:0xC00142AC	F3BF8F6F	ISB      
		Cycle Count: 22 (Atom Packet)
		Timestamp: 562537008392
		Cycle Count: 0 (Timestamp Packet)
S:0xC00142B0	6954	LDR      r4,[r2,#0x14]
S:0xC00142B2	EE094F3D	MCR      p15,#0x0,r4,c9,c13,#1
S:0xC00142B6	6B54	LDR      r4,[r2,#0x34]
S:0xC00142B8	EE094F5D	MCR      p15,#0x0,r4,c9,c13,#2
S:0xC00142BC	F8D040A0	LDR      r4,[r0,#0xa0]
S:0xC00142C0	3301	ADDS     r3,#1
S:0xC00142C2	3204	ADDS     r2,#4
S:0xC00142C4	3C01	SUBS     r4,#1
S:0xC00142C6	42A3	CMP      r3,r4
S:0xC00142C8	D9EB	BLS      {pc}-0x26 ; 0xc00142a2
		Cycle Count: 30 (Atom Packet)
S:0xC00142A2	1E5C	SUBS     r4,r3,#1
S:0xC00142A4	F004041F	AND      r4,r4,#0x1f
S:0xC00142A8	EE094FBC	MCR      p15,#0x0,r4,c9,c12,#5
S:0xC00142AC	F3BF8F6F	ISB      
		Cycle Count: 22 (Atom Packet)
		Timestamp: 562537008393
		Cycle Count: 0 (Timestamp Packet)
S:0xC00142B0	6954	LDR      r4,[r2,#0x14]
S:0xC00142B2	EE094F3D	MCR      p15,#0x0,r4,c9,c13,#1
S:0xC00142B6	6B54	LDR      r4,[r2,#0x34]
S:0xC00142B8	EE094F5D	MCR      p15,#0x0,r4,c9,c13,#2
S:0xC00142BC	F8D040A0	LDR      r4,[r0,#0xa0]
S:0xC00142C0	3301	ADDS     r3,#1
S:0xC00142C2	3204	ADDS     r2,#4
S:0xC00142C4	3C01	SUBS     r4,#1
S:0xC00142C6	42A3	CMP      r3,r4
S:0xC00142C8	D9EB	BLS      {pc}-0x26 ; 0xc00142a2
		Cycle Count: 34 (Atom Packet)
S:0xC00142A2	1E5C	SUBS     r4,r3,#1
S:0xC00142A4	F004041F	AND      r4,r4,#0x1f
S:0xC00142A8	EE094FBC	MCR      p15,#0x0,r4,c9,c12,#5
S:0xC00142AC	F3BF8F6F	ISB      
		Cycle Count: 18 (Atom Packet)
		Timestamp: 562537008394
		Cycle Count: 0 (Timestamp Packet)
S:0xC00142B0	6954	LDR      r4,[r2,#0x14]
S:0xC00142B2	EE094F3D	MCR      p15,#0x0,r4,c9,c13,#1
S:0xC00142B6	6B54	LDR      r4,[r2,#0x34]
S:0xC00142B8	EE094F5D	MCR      p15,#0x0,r4,c9,c13,#2
S:0xC00142BC	F8D040A0	LDR      r4,[r0,#0xa0]
S:0xC00142C0	3301	ADDS     r3,#1
S:0xC00142C2	3204	ADDS     r2,#4
S:0xC00142C4	3C01	SUBS     r4,#1
S:0xC00142C6	42A3	CMP      r3,r4
S:0xC00142C8	D9EB	BLS      {pc}-0x26 ; 0xc00142a2
		Cycle Count: 30 (Atom Packet)
		Cycle Count: 4 (Branch Packet)
S:0xC00142CA	680B	LDR      r3,[r1,#0]
S:0xC00142CC	EE093F1C	MCR      p15,#0x0,r3,c9,c12,#0
S:0xC00142D0	BC18	POP      {r3,r4}
S:0xC00142D2	4770	BX       lr
		Cycle Count: 1 (Branch Packet)
S:0xC00139E6	2001	MOVS     r0,#1
S:0xC00139E8	BD10	POP      {r4,pc}
S:0xC00368EC	B116	CBZ      r6,{pc}+8 ; 0xc00368f4
		Cycle Count: 1 (Atom Packet)
S:0xC00368F4	0403	LSLS     r3,r0,#16
S:0xC00368F6	D5E9	BPL      {pc}-0x2a ; 0xc00368cc
		Cycle Count: 1 (Atom Packet)
S:0xC00368CC	3D01	SUBS     r5,#1
S:0xC00368CE	BF0C	ITE      EQ
S:0xC00368D0	2300	MOVS     r3,#0
S:0xC00368D2	2301	MOVS     r3,#1
S:0xC00368D4	2C00	CMP      r4,#0
S:0xC00368D6	BF0C	ITE      EQ
S:0xC00368D8	2300	MOVS     r3,#0
S:0xC00368DA	F0030301	AND      r3,r3,#1
S:0xC00368DE	B15B	CBZ      r3,{pc}+0x1a ; 0xc00368f8
		Cycle Count: 5 (Atom Packet)
		Cycle Count: 28 (Branch Packet)
S:0xC00368E0	6823	LDR      r3,[r4,#0]
S:0xC00368E2	4620	MOV      r0,r4
S:0xC00368E4	4639	MOV      r1,r7
S:0xC00368E6	4642	MOV      r2,r8
S:0xC00368E8	6864	LDR      r4,[r4,#4]
S:0xC00368EA	4798	BLX      r3
S:0xC0008994	B538	PUSH     {r3-r5,lr}
S:0xC0008996	B500	PUSH     {lr}
S:0xC0008998	F85DEB04	POP      {lr}
S:0xC000899C	B981	CBNZ     r1,{pc}+0x24 ; 0xc00089c0
		Cycle Count: 23 (Atom Packet)
S:0xC00089C0	2902	CMP      r1,#2
S:0xC00089C2	D8FB	BHI      {pc}-6 ; 0xc00089bc
		Cycle Count: 1 (Atom Packet)
S:0xC00089C4	EE113F50	MRC      p15,#0x0,r3,c1,c0,#2
S:0xC00089C8	F4430370	ORR      r3,r3,#0xf00000
S:0xC00089CC	EE013F50	MCR      p15,#0x0,r3,c1,c0,#2
S:0xC00089D0	F3BF8F6F	ISB      
		Cycle Count: 24 (Atom Packet)
		Timestamp: 562537008397
		Cycle Count: 0 (Timestamp Packet)
		Cycle Count: 79 (Branch Packet)
S:0xC00089D4	EEF83A10	VMRS     r3,FPEXC
S:0xC00089D8	F0234380	BIC      r3,r3,#0x40000000
S:0xC00089DC	EEE83A10	VMSR     FPEXC,r3
S:0xC00089E0	2001	MOVS     r0,#1
S:0xC00089E2	BD38	POP      {r3-r5,pc}
S:0xC00368EC	B116	CBZ      r6,{pc}+8 ; 0xc00368f4
		Cycle Count: 1 (Atom Packet)
S:0xC00368F4	0403	LSLS     r3,r0,#16
S:0xC00368F6	D5E9	BPL      {pc}-0x2a ; 0xc00368cc
		Cycle Count: 1 (Atom Packet)
S:0xC00368CC	3D01	SUBS     r5,#1
S:0xC00368CE	BF0C	ITE      EQ
S:0xC00368D0	2300	MOVS     r3,#0
S:0xC00368D2	2301	MOVS     r3,#1
S:0xC00368D4	2C00	CMP      r4,#0
S:0xC00368D6	BF0C	ITE      EQ
S:0xC00368D8	2300	MOVS     r3,#0
S:0xC00368DA	F0030301	AND      r3,r3,#1
S:0xC00368DE	B15B	CBZ      r3,{pc}+0x1a ; 0xc00368f8
		Cycle Count: 3 (Atom Packet)
		Cycle Count: 8 (Branch Packet)
S:0xC00368F8	E8BD81F0	POP      {r4-r8,pc}
		Cycle Count: 473 (I-Sync Packet)
		Tracing enabled
S:0xC004F674	B508	PUSH     {r3,lr}
S:0xC004F676	B500	PUSH     {lr}
S:0xC004F678	F85DEB04	POP      {lr}
S:0xC004F67C	F7FFFC84	BL       {pc}-0x6f4 ; 0xc004ef88
		Cycle Count: 3 (Atom Packet)
S:0xC004EF88	E92D47F0	PUSH     {r4-r10,lr}
S:0xC004EF8C	B084	SUB      sp,sp,#0x10
S:0xC004EF8E	B500	PUSH     {lr}
S:0xC004EF90	F85DEB04	POP      {lr}
S:0xC004EF94	4D3E	LDR      r5,[pc,#248] ; [0xC004F090] = 0xC064D1C0
S:0xC004EF96	4682	MOV      r10,r0
S:0xC004EF98	462C	MOV      r4,r5
S:0xC004EF9A	F8D57090	LDR      r7,[r5,#0x90]
S:0xC004EF9E	07FE	LSLS     r6,r7,#31
S:0xC004EFA0	D46A	BMI      {pc}+0xd8 ; 0xc004f078
		Cycle Count: 115 (Atom Packet)
		Cycle Count: 106 (Branch Packet)
S:0xC004EFA2	F3BF8F5F	DMB      
S:0xC004EFA6	6BA3	LDR      r3,[r4,#0x38]
S:0xC004EFA8	F8CA3000	STR      r3,[r10,#0]
S:0xC004EFAC	6826	LDR      r6,[r4,#0]
S:0xC004EFAE	4630	MOV      r0,r6
S:0xC004EFB0	6833	LDR      r3,[r6,#0]
S:0xC004EFB2	4798	BLX      r3
		Cycle Count: 84 (I-Sync Packet)
		Tracing enabled
S:0xC004EFB4	E9D62302	LDRD     r2,r3,[r6,#8]
S:0xC004EFB8	E9CD2300	STRD     r2,r3,[sp,#0]
S:0xC004EFBC	E9D62304	LDRD     r2,r3,[r6,#0x10]
S:0xC004EFC0	E9CD2302	STRD     r2,r3,[sp,#8]
S:0xC004EFC4	6862	LDR      r2,[r4,#4]
S:0xC004EFC6	6C63	LDR      r3,[r4,#0x44]
S:0xC004EFC8	4680	MOV      r8,r0
S:0xC004EFCA	4689	MOV      r9,r1
S:0xC004EFCC	6C20	LDR      r0,[r4,#0x40]
S:0xC004EFCE	68A1	LDR      r1,[r4,#8]
S:0xC004EFD0	F3BF8F5F	DMB      
S:0xC004EFD4	F8D46090	LDR      r6,[r4,#0x90]
S:0xC004EFD8	42B7	CMP      r7,r6
S:0xC004EFDA	D1DE	BNE      {pc}-0x40 ; 0xc004ef9a
		Cycle Count: 67 (Atom Packet)
S:0xC004EFDC	E9DD4500	LDRD     r4,r5,[sp,#0]
S:0xC004EFE0	E9DD6702	LDRD     r6,r7,[sp,#8]
S:0xC004EFE4	EBB80804	SUBS     r8,r8,r4
S:0xC004EFE8	EB690905	SBC      r9,r9,r5
S:0xC004EFEC	4604	MOV      r4,r0
S:0xC004EFEE	EA080806	AND      r8,r8,r6
S:0xC004EFF2	EA090907	AND      r9,r9,r7
S:0xC004EFF6	F1C10020	RSB      r0,r1,#0x20
S:0xC004EFFA	F8DAC000	LDR      r12,[r10,#0]
S:0xC004EFFE	FBA86702	UMULL    r6,r7,r8,r2
S:0xC004F002	19A4	ADDS     r4,r4,r6
S:0xC004F004	FB027709	MLA      r7,r2,r9,r7
S:0xC004F008	FA24F201	LSR      r2,r4,r1
S:0xC004F00C	EB430507	ADC      r5,r3,r7
S:0xC004F010	F1B10620	SUBS     r6,r1,#0x20
S:0xC004F014	FA05F000	LSL      r0,r5,r0
S:0xC004F018	BF58	IT       PL
S:0xC004F01A	FA45F606	ASR      r6,r5,r6
S:0xC004F01E	EA420200	ORR      r2,r2,r0
S:0xC004F022	FA45F301	ASR      r3,r5,r1
S:0xC004F026	BF58	IT       PL
S:0xC004F028	4332	ORRS     r2,r2,r6
S:0xC004F02A	A715	ADR      r7,{pc}+0x56 ; 0xc004f080
S:0xC004F02C	E9D76700	LDRD     r6,r7,[r7,#0]
S:0xC004F030	429F	CMP      r7,r3
S:0xC004F032	BF08	IT       EQ
S:0xC004F034	4296	CMP      r6,r2
S:0xC004F036	D21D	BCS      {pc}+0x3e ; 0xc004f074
		Cycle Count: 146 (Atom Packet)
S:0xC004F074	2600	MOVS     r6,#0
S:0xC004F076	E7EE	B        {pc}-0x20 ; 0xc004f056
		Cycle Count: 37 (Atom Packet)
		Cycle Count: 23 (Branch Packet)
S:0xC004F056	4B0F	LDR      r3,[pc,#60] ; [0xC004F094] = 0xC05FC59C
S:0xC004F058	4466	ADD      r6,r6,r12
S:0xC004F05A	F8CA6000	STR      r6,[r10,#0]
S:0xC004F05E	F8CA2004	STR      r2,[r10,#4]
S:0xC004F062	681B	LDR      r3,[r3,#0]
S:0xC004F064	2B00	CMP      r3,#0
S:0xC004F066	BF14	ITE      NE
S:0xC004F068	F06F000A	MVN      r0,#0xa
S:0xC004F06C	2000	MOVS     r0,#0
S:0xC004F06E	B004	ADD      sp,sp,#0x10
S:0xC004F070	E8BD87F0	POP      {r4-r10,pc}
S:0xC004F680	B900	CBNZ     r0,{pc}+4 ; 0xc004f684
		Cycle Count: 1 (Atom Packet)
		Cycle Count: 1 (Branch Packet)
S:0xC004F682	BD08	POP      {r3,pc}
		Cycle Count: 740 (I-Sync Packet)
		Tracing enabled
		Cycle Count: 425 (Branch Packet)
S:0xC000C8A0	B091	SUB      sp,sp,#0x44
S:0xC000C8A2	9000	STR      r0,[sp,#0]
S:0xC000C8A4	4668	MOV      r0,sp
S:0xC000C8A6	F0100F04	TST      r0,#4
S:0xC000C8AA	9800	LDR      r0,[sp,#0]
S:0xC000C8AC	BF08	IT       EQ
S:0xC000C8AE	B081	SUB      sp,sp,#4
S:0xC000C8B0	E88D1FFE	STM      sp,{r1-r12}
S:0xC000C8B4	E8900038	LDM      r0,{r3-r5}
S:0xC000C8B8	AF0C	ADD      r7,sp,#0x30
S:0xC000C8BA	F04F36FF	MOV      r6,#0xffffffff
S:0xC000C8BE	AA11	ADD      r2,sp,#0x44
S:0xC000C8C0	BF08	IT       EQ
S:0xC000C8C2	3204	ADDS     r2,#4
S:0xC000C8C4	F84D3D04	PUSH.W   {r3}
S:0xC000C8C8	4673	MOV      r3,lr
S:0xC000C8CA	E887007C	STM      r7,{r2-r6}
S:0xC000C8CE	490A	LDR      r1,[pc,#40] ; [0xC000C8F8] = 0xC06013DC
S:0xC000C8D0	4668	MOV      r0,sp
S:0xC000C8D2	F20F0E07	ADR.W    lr,{pc}+9 ; 0xc000c8db
S:0xC000C8D6	F8D1F000	LDR      pc,[r1,#0]
S:0xC00083D0	E92D41F0	PUSH     {r4-r8,lr}
S:0xC00083D4	B500	PUSH     {lr}
S:0xC00083D6	F004FD19	BL       {pc}+0x4a36 ; 0xc000ce0c
		Cycle Count: 145 (Atom Packet)
		Cycle Count: 2 (Branch Packet)
S:0xC000CE0C	46F4	MOV      r12,lr
S:0xC000CE0E	F85DEB04	POP      {lr}
S:0xC000CE12	46E7	MOV      pc,r12
S:0xC00083DA	4607	MOV      r7,r0
S:0xC00083DC	4E0F	LDR      r6,[pc,#60] ; [0xC000841C] = 0xC05FD730
S:0xC00083DE	F8D6800C	LDR      r8,[r6,#0xc]
S:0xC00083E2	F108040C	ADD      r4,r8,#0xc
S:0xC00083E6	E006	B        {pc}+0x10 ; 0xc00083f6
		Cycle Count: 177 (Atom Packet)
S:0xC00083F6	6822	LDR      r2,[r4,#0]
S:0xC00083F8	F42250E0	BIC      r0,r2,#0x1c00
S:0xC00083FC	F1A00510	SUB      r5,r0,#0x10
S:0xC0008400	4601	MOV      r1,r0
S:0xC0008402	F5B57F7B	CMP      r5,#0x3ec
S:0xC0008406	D9EF	BLS      {pc}-0x1e ; 0xc00083e8
		Cycle Count: 114 (Atom Packet)
S:0xC0008408	280F	CMP      r0,#0xf
S:0xC000840A	D901	BLS      {pc}+6 ; 0xc0008410
		Cycle Count: 17 (Atom Packet)
S:0xC0008410	F8C82010	STR      r2,[r8,#0x10]
S:0xC0008414	4639	MOV      r1,r7
S:0xC0008416	F008FC25	BL       {pc}+0x884e ; 0xc0010c64
		Cycle Count: 18 (Atom Packet)
S:0xC0010C64	E92D43F8	PUSH     {r3-r9,lr}
S:0xC0010C68	B500	PUSH     {lr}
S:0xC0010C6A	F85DEB04	POP      {lr}
S:0xC0010C6E	466B	MOV      r3,sp
S:0xC0010C70	F42354FF	BIC      r4,r3,#0x1fe0
S:0xC0010C74	4E4A	LDR      r6,[pc,#296] ; [0xC0010DA0] = 0xC05F1F34
S:0xC0010C76	F024041F	BIC      r4,r4,#0x1f
S:0xC0010C7A	2807	CMP      r0,#7
S:0xC0010C7C	4689	MOV      r9,r1
S:0xC0010C7E	4633	MOV      r3,r6
S:0xC0010C80	EE1D1F90	MRC      p15,#0x0,r1,c13,c0,#4
S:0xC0010C84	6964	LDR      r4,[r4,#0x14]
S:0xC0010C86	4602	MOV      r2,r0
S:0xC0010C88	58CF	LDR      r7,[r1,r3]
S:0xC0010C8A	F8419003	STR      r9,[r1,r3]
S:0xC0010C8E	DC07	BGT      {pc}+0x12 ; 0xc0010ca0
		Cycle Count: 938 (Atom Packet)
S:0xC0010C90	EB001104	ADD      r1,r0,r4,LSL #4
S:0xC0010C94	4B43	LDR      r3,[pc,#268] ; [0xC0010DA4] = 0xC06498C0
S:0xC0010C96	EB030381	ADD      r3,r3,r1,LSL #2
S:0xC0010C9A	6859	LDR      r1,[r3,#4]
S:0xC0010C9C	3101	ADDS     r1,#1
S:0xC0010C9E	6059	STR      r1,[r3,#4]
S:0xC0010CA0	2A07	CMP      r2,#7
S:0xC0010CA2	D827	BHI      {pc}+0x52 ; 0xc0010cf4
		Cycle Count: 144 (Atom Packet)
		Cycle Count: 1 (Branch Packet)
S:0xC0010CA4	E8DFF002	TBB      [pc,r2]
S:0xC0010CEE	F02CF92F	BL       {pc}+0x2c262 ; 0xc003cf50
		Cycle Count: 1 (Atom Packet)
S:0xC003CF50	E92D43F8	PUSH     {r3-r9,lr}
S:0xC003CF54	AF00	ADD      r7,sp,#0
S:0xC003CF56	B500	PUSH     {lr}
S:0xC003CF58	F85DEB04	POP      {lr}
S:0xC003CF5C	4E2C	LDR      r6,[pc,#176] ; [0xC003D010] = 0xC05F3080
S:0xC003CF5E	EE1D2F90	MRC      p15,#0x0,r2,c13,c0,#4
S:0xC003CF62	4633	MOV      r3,r6
S:0xC003CF64	18D2	ADDS     r2,r2,r3
S:0xC003CF66	F8D22594	LDR      r2,[r2,#0x594]
S:0xC003CF6A	B1BA	CBZ      r2,{pc}+0x32 ; 0xc003cf9c
		Cycle Count: 171 (Atom Packet)
S:0xC003CF6C	466A	MOV      r2,sp
S:0xC003CF6E	F8DF80A4	LDR      r8,[pc,#164] ; [0xC003D014] = 0xC05FD5C0
S:0xC003CF72	F42254FF	BIC      r4,r2,#0x1fe0
S:0xC003CF76	F024041F	BIC      r4,r4,#0x1f
S:0xC003CF7A	F7E4F8FF	BL       {pc}-0x1bdfe ; 0xc002117c
		Cycle Count: 2 (Atom Packet)
S:0xC002117C	B538	PUSH     {r3-r5,lr}
S:0xC002117E	B500	PUSH     {lr}
S:0xC0021180	F85DEB04	POP      {lr}
S:0xC0021184	466B	MOV      r3,sp
S:0xC0021186	F42354FF	BIC      r4,r3,#0x1fe0
S:0xC002118A	F024041F	BIC      r4,r4,#0x1f
S:0xC002118E	6965	LDR      r5,[r4,#0x14]
S:0xC0021190	F04EFFCE	BL       {pc}+0x4efa0 ; 0xc0070130
		Cycle Count: 3 (Atom Packet)
		Cycle Count: 930 (I-Sync Packet)
		Tracing enabled
S:0xC0021194	68E3	LDR      r3,[r4,#0xc]
S:0xC0021196	F8D33240	LDR      r3,[r3,#0x240]
S:0xC002119A	B92B	CBNZ     r3,{pc}+0xe ; 0xc00211a8
		Cycle Count: 5 (Atom Packet)
S:0xC002119C	6863	LDR      r3,[r4,#4]
S:0xC002119E	F0234278	BIC      r2,r3,#0xf8000000
S:0xC00211A2	F02202FF	BIC      r2,r2,#0xff
S:0xC00211A6	B122	CBZ      r2,{pc}+0xc ; 0xc00211b2
		Cycle Count: 2 (Atom Packet)
S:0xC00211B2	F5037300	ADD      r3,r3,#0x200
S:0xC00211B6	6063	STR      r3,[r4,#4]
S:0xC00211B8	4628	MOV      r0,r5
S:0xC00211BA	F034FE99	BL       {pc}+0x34d36 ; 0xc0055ef0
		Cycle Count: 1 (Atom Packet)
S:0xC0055EF0	E92D47F0	PUSH     {r4-r10,lr}
S:0xC0055EF4	B084	SUB      sp,sp,#0x10
S:0xC0055EF6	B500	PUSH     {lr}
S:0xC0055EF8	F85DEB04	POP      {lr}
S:0xC0055EFC	4D22	LDR      r5,[pc,#136] ; [0xC0055F88]
S:0xC0055EFE	4607	MOV      r7,r0
S:0xC0055F00	4E22	LDR      r6,[pc,#136] ; [0xC0055F8C]
S:0xC0055F02	F7FFF81B	BL       {pc}-0xfc6 ; 0xc0054f3c
		Cycle Count: 7 (Atom Packet)
S:0xC0054F3C	B500	PUSH     {lr}
S:0xC0054F3E	F85DEB04	POP      {lr}
S:0xC0054F42	F100011F	ADD      r1,r0,#0x1f
S:0xC0054F46	4A0B	LDR      r2,[pc,#44] ; [0xC0054F74] = 0xC064D4A8
S:0xC0054F48	EA110120	ANDS     r1,r1,r0,ASR #32
S:0xC0054F4C	BF38	IT       CC
S:0xC0054F4E	4601	MOV      r1,r0
S:0xC0054F50	F000031F	AND      r3,r0,#0x1f
S:0xC0054F54	1149	ASRS     r1,r1,#5
S:0xC0054F56	F8522021	LDR      r2,[r2,r1,LSL #2]
S:0xC0054F5A	FA22F303	LSR      r3,r2,r3
S:0xC0054F5E	07D9	LSLS     r1,r3,#31
S:0xC0054F60	D400	BMI      {pc}+4 ; 0xc0054f64
		Cycle Count: 84 (Atom Packet)
		Cycle Count: 2 (Branch Packet)
S:0xC0054F62	4770	BX       lr
S:0xC0055F06	F8554027	LDR      r4,[r5,r7,LSL #2]
S:0xC0055F0A	4633	MOV      r3,r6
S:0xC0055F0C	191C	ADDS     r4,r3,r4
S:0xC0055F0E	6EE3	LDR      r3,[r4,#0x6c]
S:0xC0055F10	B923	CBNZ     r3,{pc}+0xc ; 0xc0055f1c
		Cycle Count: 159 (Atom Packet)
S:0xC0055F1C	A802	ADD      r0,sp,#8
S:0xC0055F1E	F7F9FB05	BL       {pc}-0x69f2 ; 0xc004f52c
		Cycle Count: 15 (Atom Packet)
S:0xC004F52C	E92D4FF0	PUSH     {r4-r11,lr}
S:0xC004F530	B08B	SUB      sp,sp,#0x2c
S:0xC004F532	B500	PUSH     {lr}
S:0xC004F534	F85DEB04	POP      {lr}
S:0xC004F538	4B3D	LDR      r3,[pc,#244] ; [0xC004F630] = 0xC05FC59C
S:0xC004F53A	4682	MOV      r10,r0
S:0xC004F53C	681B	LDR      r3,[r3,#0]
S:0xC004F53E	2B00	CMP      r3,#0
S:0xC004F540	D16F	BNE      {pc}+0xe2 ; 0xc004f622
		Cycle Count: 27 (Atom Packet)
S:0xC004F542	F8DF90F4	LDR      r9,[pc,#244] ; [0xC004F638] = 0xC064D1C0
S:0xC004F546	F8DFB0F0	LDR      r11,[pc,#240] ; [0xC004F638] = 0xC064D1C0
S:0xC004F54A	464F	MOV      r7,r9
S:0xC004F54C	F8D75090	LDR      r5,[r7,#0x90]
S:0xC004F550	07EA	LSLS     r2,r5,#31
S:0xC004F552	D46C	BMI      {pc}+0xdc ; 0xc004f62e
		Cycle Count: 3 (Atom Packet)
		Cycle Count: 141 (Branch Packet)
S:0xC004F554	F3BF8F5F	DMB      
S:0xC004F558	F8DB6000	LDR      r6,[r11,#0]
S:0xC004F55C	F8DB4054	LDR      r4,[r11,#0x54]
S:0xC004F560	E9DB230E	LDRD     r2,r3,[r11,#0x38]
S:0xC004F564	4630	MOV      r0,r6
S:0xC004F566	6831	LDR      r1,[r6,#0]
S:0xC004F568	1912	ADDS     r2,r2,r4
S:0xC004F56A	EB4373E4	ADC      r3,r3,r4,ASR #31
S:0xC004F56E	E9CD2306	STRD     r2,r3,[sp,#0x18]
S:0xC004F572	4788	BLX      r1
		Cycle Count: 61 (I-Sync Packet)
		Tracing enabled
S:0xC004F574	E9D62302	LDRD     r2,r3,[r6,#8]
S:0xC004F578	F8DBC004	LDR      r12,[r11,#4]
S:0xC004F57C	F8DB4008	LDR      r4,[r11,#8]
S:0xC004F580	E9CD2300	STRD     r2,r3,[sp,#0]
S:0xC004F584	E9D62304	LDRD     r2,r3,[r6,#0x10]
S:0xC004F588	F8DB6058	LDR      r6,[r11,#0x58]
S:0xC004F58C	E9CD2308	STRD     r2,r3,[sp,#0x20]
S:0xC004F590	E9DB2310	LDRD     r2,r3,[r11,#0x40]
S:0xC004F594	9604	STR      r6,[sp,#0x10]
S:0xC004F596	E9CD2302	STRD     r2,r3,[sp,#8]
S:0xC004F59A	17F3	ASRS     r3,r6,#31
S:0xC004F59C	9305	STR      r3,[sp,#0x14]
S:0xC004F59E	F1C40620	RSB      r6,r4,#0x20
S:0xC004F5A2	E9DD2300	LDRD     r2,r3,[sp,#0]
S:0xC004F5A6	1A80	SUBS     r0,r0,r2
S:0xC004F5A8	EB610103	SBC      r1,r1,r3
S:0xC004F5AC	E9DD2308	LDRD     r2,r3,[sp,#0x20]
S:0xC004F5B0	4010	ANDS     r0,r0,r2
S:0xC004F5B2	4019	ANDS     r1,r1,r3
S:0xC004F5B4	FBA0230C	UMULL    r2,r3,r0,r12
S:0xC004F5B8	FB0C3301	MLA      r3,r12,r1,r3
S:0xC004F5BC	E9DD0102	LDRD     r0,r1,[sp,#8]
S:0xC004F5C0	1880	ADDS     r0,r0,r2
S:0xC004F5C2	EB410103	ADC      r1,r1,r3
S:0xC004F5C6	F1B40320	SUBS     r3,r4,#0x20
S:0xC004F5CA	E9CD0102	STRD     r0,r1,[sp,#8]
S:0xC004F5CE	FA20F804	LSR      r8,r0,r4
S:0xC004F5D2	FA41F303	ASR      r3,r1,r3
S:0xC004F5D6	9903	LDR      r1,[sp,#0xc]
S:0xC004F5D8	9A03	LDR      r2,[sp,#0xc]
S:0xC004F5DA	FA01F606	LSL      r6,r1,r6
S:0xC004F5DE	EA480806	ORR      r8,r8,r6
S:0xC004F5E2	FA42F904	ASR      r9,r2,r4
S:0xC004F5E6	BF58	IT       PL
S:0xC004F5E8	EA480803	ORR      r8,r8,r3
S:0xC004F5EC	E9DD2304	LDRD     r2,r3,[sp,#0x10]
S:0xC004F5F0	EB120208	ADDS     r2,r2,r8
S:0xC004F5F4	EB430309	ADC      r3,r3,r9
S:0xC004F5F8	F3BF8F5F	DMB      
S:0xC004F5FC	F8D71090	LDR      r1,[r7,#0x90]
S:0xC004F600	428D	CMP      r5,r1
S:0xC004F602	D1A3	BNE      {pc}-0xb6 ; 0xc004f54c
		Cycle Count: 143 (Atom Packet)
		Cycle Count: 10 (Branch Packet)
S:0xC004F604	461D	MOV      r5,r3
S:0xC004F606	9906	LDR      r1,[sp,#0x18]
S:0xC004F608	F44F434A	MOV      r3,#0xca00
S:0xC004F60C	4614	MOV      r4,r2
S:0xC004F60E	F6C3339A	MOVT     r3,#0x3b9a
S:0xC004F612	4650	MOV      r0,r10
S:0xC004F614	FBC34501	SMLAL    r4,r5,r3,r1
S:0xC004F618	E9CA4500	STRD     r4,r5,[r10,#0]
S:0xC004F61C	B00B	ADD      sp,sp,#0x2c
S:0xC004F61E	E8BD8FF0	POP      {r4-r11,pc}
S:0xC0055F22	6EE3	LDR      r3,[r4,#0x6c]
S:0xC0055F24	F8DD9008	LDR      r9,[sp,#8]
S:0xC0055F28	F8DD800C	LDR      r8,[sp,#0xc]
S:0xC0055F2C	B9CB	CBNZ     r3,{pc}+0x36 ; 0xc0055f62
		Cycle Count: 1 (Atom Packet)
S:0xC0055F62	F8552027	LDR      r2,[r5,r7,LSL #2]
S:0xC0055F66	4633	MOV      r3,r6
S:0xC0055F68	EB030A02	ADD      r10,r3,r2
S:0xC0055F6C	4638	MOV      r0,r7
S:0xC0055F6E	4643	MOV      r3,r8
S:0xC0055F70	2700	MOVS     r7,#0
S:0xC0055F72	4651	MOV      r1,r10
S:0xC0055F74	464A	MOV      r2,r9
S:0xC0055F76	9700	STR      r7,[sp,#0]
S:0xC0055F78	F7FFFC00	BL       {pc}-0x7fc ; 0xc005577c
		Cycle Count: 13 (Atom Packet)
S:0xC005577C	B5F0	PUSH     {r4-r7,lr}
S:0xC005577E	B085	SUB      sp,sp,#0x14
S:0xC0055780	B500	PUSH     {lr}
S:0xC0055782	F85DEB04	POP      {lr}
S:0xC0055786	460F	MOV      r7,r1
S:0xC0055788	6EC9	LDR      r1,[r1,#0x6c]
S:0xC005578A	9E0A	LDR      r6,[sp,#0x28]
S:0xC005578C	B989	CBNZ     r1,{pc}+0x26 ; 0xc00557b2
		Cycle Count: 139 (Atom Packet)
S:0xC00557B2	E9D7451C	LDRD     r4,r5,[r7,#0x70]
S:0xC00557B6	9201	STR      r2,[sp,#4]
S:0xC00557B8	1B14	SUBS     r4,r2,r4
S:0xC00557BA	EB630505	SBC      r5,r3,r5
S:0xC00557BE	9300	STR      r3,[sp,#0]
S:0xC00557C0	F7E6FF9C	BL       {pc}-0x190c4 ; 0xc003c6fc
		Cycle Count: 31 (Atom Packet)
		Cycle Count: 388 (Branch Packet)
S:0xC003C6FC	B488	PUSH     {r3,r7}
S:0xC003C6FE	AF00	ADD      r7,sp,#0
S:0xC003C700	B500	PUSH     {lr}
S:0xC003C702	F85DEB04	POP      {lr}
S:0xC003C706	F24D52C0	MOV      r2,#0xd5c0
S:0xC003C70A	F2CC025F	MOVT     r2,#0xc05f
S:0xC003C70E	F2430380	MOVW     r3,#0x3080
S:0xC003C712	F2CC035F	MOVT     r3,#0xc05f
S:0xC003C716	F8522020	LDR      r2,[r2,r0,LSL #2]
S:0xC003C71A	189B	ADDS     r3,r3,r2
S:0xC003C71C	F8D30488	LDR      r0,[r3,#0x488]
S:0xC003C720	46BD	MOV      sp,r7
S:0xC003C722	BC88	POP      {r3,r7}
S:0xC003C724	4770	BX       lr
S:0xC00557C4	9A01	LDR      r2,[sp,#4]
S:0xC00557C6	9B00	LDR      r3,[sp,#0]
S:0xC00557C8	B948	CBNZ     r0,{pc}+0x16 ; 0xc00557de
		Cycle Count: 1 (Atom Packet)
S:0xC00557CA	E9D70122	LDRD     r0,r1,[r7,#0x88]
S:0xC00557CE	1900	ADDS     r0,r0,r4
S:0xC00557D0	EB410105	ADC      r1,r1,r5
S:0xC00557D4	E9C70122	STRD     r0,r1,[r7,#0x88]
S:0xC00557D8	E9C7231C	STRD     r2,r3,[r7,#0x70]
S:0xC00557DC	E7D7	B        {pc}-0x4e ; 0xc005578e
		Cycle Count: 113 (Atom Packet)
S:0xC005578E	B176	CBZ      r6,{pc}+0x20 ; 0xc00557ae
		Cycle Count: 1 (Atom Packet)
		Cycle Count: 1 (Branch Packet)
S:0xC00557AE	B005	ADD      sp,sp,#0x14
S:0xC00557B0	BDF0	POP      {r4-r7,pc}
S:0xC0055F7C	F8CA706C	STR      r7,[r10,#0x6c]
S:0xC0055F80	6DE3	LDR      r3,[r4,#0x5c]
S:0xC0055F82	2B00	CMP      r3,#0
S:0xC0055F84	D0C7	BEQ      {pc}-0x6e ; 0xc0055f16
		Cycle Count: 1 (Atom Packet)
S:0xC0055F86	E7D5	B        {pc}-0x52 ; 0xc0055f34
		Cycle Count: 1 (Atom Packet)
S:0xC0055F34	466A	MOV      r2,sp
S:0xC0055F36	F42253FF	BIC      r3,r2,#0x1fe0
S:0xC0055F3A	F023031F	BIC      r3,r3,#0x1f
S:0xC0055F3E	695B	LDR      r3,[r3,#0x14]
S:0xC0055F40	F8553023	LDR      r3,[r5,r3,LSL #2]
S:0xC0055F44	18F6	ADDS     r6,r6,r3
S:0xC0055F46	F8C69078	STR      r9,[r6,#0x78]
S:0xC0055F4A	F8C6807C	STR      r8,[r6,#0x7c]
S:0xC0055F4E	F3EF8400	MRS      r4,APSR ; formerly CPSR
S:0xC0055F52	B672	CPSID    i
S:0xC0055F54	4648	MOV      r0,r9
S:0xC0055F56	4641	MOV      r1,r8
S:0xC0055F58	F7FFFB0C	BL       {pc}-0x9e4 ; 0xc0055574
		Cycle Count: 63 (Atom Packet)
S:0xC0055574	E92D47F0	PUSH     {r4-r10,lr}
S:0xC0055578	B500	PUSH     {lr}
S:0xC005557A	F85DEB04	POP      {lr}
S:0xC005557E	4604	MOV      r4,r0
S:0xC0055580	F8DF80D8	LDR      r8,[pc,#216] ; [0xC005565C] = 0xC064D4C8
S:0xC0055584	460D	MOV      r5,r1
S:0xC0055586	F8DF90D8	LDR      r9,[pc,#216] ; [0xC0055660] = 0xC064D488
S:0xC005558A	E9D82302	LDRD     r2,r3,[r8,#8]
S:0xC005558E	E9D90100	LDRD     r0,r1,[r9,#0]
S:0xC0055592	1AA2	SUBS     r2,r4,r2
S:0xC0055594	EB650303	SBC      r3,r5,r3
S:0xC0055598	4282	CMP      r2,r0
S:0xC005559A	EB730601	SBCS     r6,r3,r1
S:0xC005559E	DA01	BGE      {pc}+6 ; 0xc00555a4
		Cycle Count: 326 (Atom Packet)
		Cycle Count: 4 (Branch Packet)
S:0xC00555A0	E8BD87F0	POP      {r4-r10,pc}
S:0xC0055F5C	F3848100	MSR      CPSR_c,r4
S:0xC0055F60	E7D9	B        {pc}-0x4a ; 0xc0055f16
		Cycle Count: 40 (Atom Packet)
		Cycle Count: 18 (Branch Packet)
S:0xC0055F16	B004	ADD      sp,sp,#0x10
S:0xC0055F18	E8BD87F0	POP      {r4-r10,pc}
S:0xC00211BE	F7FFFE35	BL       {pc}-0x392 ; 0xc0020e2c
		Cycle Count: 1 (Atom Packet)
S:0xC0020E2C	B500	PUSH     {lr}
S:0xC0020E2E	F85DEB04	POP      {lr}
S:0xC0020E32	F44F7000	MOV      r0,#0x200
S:0xC0020E36	F7FFBFC7	B.W      {pc}-0x6e ; 0xc0020dc8
		Cycle Count: 1 (Atom Packet)
S:0xC0020DC8	B570	PUSH     {r4-r6,lr}
S:0xC0020DCA	B500	PUSH     {lr}
S:0xC0020DCC	F85DEB04	POP      {lr}
S:0xC0020DD0	466B	MOV      r3,sp
S:0xC0020DD2	F42354FF	BIC      r4,r3,#0x1fe0
S:0xC0020DD6	2300	MOVS     r3,#0
S:0xC0020DD8	F024041F	BIC      r4,r4,#0x1f
S:0xC0020DDC	F2C033FF	MOVT     r3,#0x3ff
S:0xC0020DE0	4605	MOV      r5,r0
S:0xC0020DE2	6862	LDR      r2,[r4,#4]
S:0xC0020DE4	4013	ANDS     r3,r3,r2
S:0xC0020DE6	B93B	CBNZ     r3,{pc}+0x12 ; 0xc0020df8
		Cycle Count: 8 (Atom Packet)
S:0xC0020DE8	F3EF8300	MRS      r3,APSR ; formerly CPSR
S:0xC0020DEC	061A	LSLS     r2,r3,#24
S:0xC0020DEE	D50E	BPL      {pc}+0x20 ; 0xc0020e0e
		Cycle Count: 21 (Atom Packet)
		Cycle Count: 5 (Branch Packet)
S:0xC0020DF0	6863	LDR      r3,[r4,#4]
S:0xC0020DF2	1B5B	SUBS     r3,r3,r5
S:0xC0020DF4	6063	STR      r3,[r4,#4]
S:0xC0020DF6	BD70	POP      {r4-r6,pc}
S:0xC00211C2	E7F1	B        {pc}-0x1a ; 0xc00211a8
		Cycle Count: 1 (Atom Packet)
		Cycle Count: 1 (Branch Packet)
S:0xC00211A8	6863	LDR      r3,[r4,#4]
S:0xC00211AA	F5033380	ADD      r3,r3,#0x10000
S:0xC00211AE	6063	STR      r3,[r4,#4]
S:0xC00211B0	BD38	POP      {r3-r5,pc}
S:0xC003CF7E	4635	MOV      r5,r6
S:0xC003CF80	F7FFF870	BL       {pc}-0xf1c ; 0xc003c064
		Cycle Count: 1 (Atom Packet)
S:0xC003C064	E92D41F0	PUSH     {r4-r8,lr}
S:0xC003C068	AF00	ADD      r7,sp,#0
S:0xC003C06A	B500	PUSH     {lr}
S:0xC003C06C	F85DEB04	POP      {lr}
S:0xC003C070	4E15	LDR      r6,[pc,#84] ; [0xC003C0C8] = 0xC05F3080
S:0xC003C072	EE1D8F90	MRC      p15,#0x0,r8,c13,c0,#4
S:0xC003C076	EB080506	ADD      r5,r8,r6
S:0xC003C07A	F3BF8F5F	DMB      
S:0xC003C07E	2300	MOVS     r3,#0
S:0xC003C080	F2055294	ADD      r2,r5,#0x594
S:0xC003C084	E8524F00	LDREX    r4,[r2]
S:0xC003C088	E8423100	STREX    r1,r3,[r2]
S:0xC003C08C	F0910F00	TEQ      r1,#0
S:0xC003C090	D1F8	BNE      {pc}-0xc ; 0xc003c084
		Cycle Count: 236 (Atom Packet)
S:0xC003C092	F3BF8F5F	DMB      
S:0xC003C096	4628	MOV      r0,r5
S:0xC003C098	F3A8FA8E	BL       {pc}+0x3a8520 ; 0xc03e45b8
		Cycle Count: 20 (Atom Packet)
		Cycle Count: 562 (I-Sync Packet)
		Tracing enabled
S:0xC003C09C	B13C	CBZ      r4,{pc}+0x12 ; 0xc003c0ae
		Cycle Count: 2 (Atom Packet)
S:0xC003C09E	F1A40114	SUB      r1,r4,#0x14
S:0xC003C0A2	6824	LDR      r4,[r4,#0]
S:0xC003C0A4	4628	MOV      r0,r5
S:0xC003C0A6	F7FFFFB7	BL       {pc}-0x8e ; 0xc003c018
		Cycle Count: 795 (Atom Packet)
S:0xC003C018	B5B0	PUSH     {r4,r5,r7,lr}
S:0xC003C01A	AF00	ADD      r7,sp,#0
S:0xC003C01C	B500	PUSH     {lr}
S:0xC003C01E	F85DEB04	POP      {lr}
S:0xC003C022	F891323C	LDRB     r3,[r1,#0x23c]
S:0xC003C026	460C	MOV      r4,r1
S:0xC003C028	2205	MOVS     r2,#5
S:0xC003C02A	0699	LSLS     r1,r3,#26
S:0xC003C02C	4621	MOV      r1,r4
S:0xC003C02E	4605	MOV      r5,r0
S:0xC003C030	BF42	ITTT     MI
S:0xC003C032	F8D0345C	LDR      r3,[r0,#0x45c]
S:0xC003C036	F10333FF	ADD      r3,r3,#0xffffffff
S:0xC003C03A	F8C0345C	STR      r3,[r0,#0x45c]
S:0xC003C03E	F7FFFEE3	BL       {pc}-0x236 ; 0xc003be08
		Cycle Count: 19 (Atom Packet)
S:0xC003BE08	B488	PUSH     {r3,r7}
S:0xC003BE0A	AF00	ADD      r7,sp,#0
S:0xC003BE0C	B500	PUSH     {lr}
S:0xC003BE0E	F85DEB04	POP      {lr}
S:0xC003BE12	680B	LDR      r3,[r1,#0]
S:0xC003BE14	079B	LSLS     r3,r3,#30
S:0xC003BE16	D508	BPL      {pc}+0x14 ; 0xc003be2a
		Cycle Count: 13 (Atom Packet)
S:0xC003BE2A	46BD	MOV      sp,r7
S:0xC003BE2C	BC88	POP      {r3,r7}
S:0xC003BE2E	F7FFBD1B	B.W      {pc}-0x5c6 ; 0xc003b868
		Cycle Count: 22 (Atom Packet)
S:0xC003B868	E92D43F8	PUSH     {r3-r9,lr}
S:0xC003B86C	AF00	ADD      r7,sp,#0
S:0xC003B86E	B500	PUSH     {lr}
S:0xC003B870	F85DEB04	POP      {lr}
S:0xC003B874	460E	MOV      r6,r1
S:0xC003B876	4690	MOV      r8,r2
S:0xC003B878	4681	MOV      r9,r0
S:0xC003B87A	F7FFFF85	BL       {pc}-0xf2 ; 0xc003b788
		Cycle Count: 8 (Atom Packet)
S:0xC003B788	E92D43C8	PUSH     {r3,r6-r9,lr}
S:0xC003B78C	AF00	ADD      r7,sp,#0
S:0xC003B78E	B500	PUSH     {lr}
S:0xC003B790	F85DEB04	POP      {lr}
S:0xC003B794	6AC3	LDR      r3,[r0,#0x2c]
S:0xC003B796	4606	MOV      r6,r0
S:0xC003B798	2B00	CMP      r3,#0
S:0xC003B79A	DD01	BLE      {pc}+6 ; 0xc003b7a0
		Cycle Count: 9 (Atom Packet)
S:0xC003B7A0	F8D004C0	LDR      r0,[r0,#0x4c0]
S:0xC003B7A4	F003FD86	BL       {pc}+0x3b10 ; 0xc003f2b4
		Cycle Count: 231 (Atom Packet)
S:0xC003F2B4	4B03	LDR      r3,[pc,#12] ; [0xC003F2C4] = 0xC05FC57C
S:0xC003F2B6	6818	LDR      r0,[r3,#0]
S:0xC003F2B8	B108	CBZ      r0,{pc}+6 ; 0xc003f2be
		Cycle Count: 142 (Atom Packet)
S:0xC003F2BA	F7CFBD35	B        {pc}-0x30592 ; 0xc000ed28
		Cycle Count: 1 (Atom Packet)
		Cycle Count: 2 (Branch Packet)
S:0xC000ED28	B508	PUSH     {r3,lr}
S:0xC000ED2A	F24C43CC	MOV      r3,#0xc4cc
S:0xC000ED2E	F2CC035F	MOVT     r3,#0xc05f
S:0xC000ED32	689B	LDR      r3,[r3,#8]
S:0xC000ED34	4798	BLX      r3
		Cycle Count: 159 (Branch Packet)
S:0xC00113EC	F24A2340	MOV      r3,#0xa240
S:0xC00113F0	F2CC0362	MOVT     r3,#0xc062
S:0xC00113F4	B510	PUSH     {r4,lr}
S:0xC00113F6	681B	LDR      r3,[r3,#0]
S:0xC00113F8	4798	BLX      r3
		Cycle Count: 70 (I-Sync Packet)
		Tracing enabled
		Cycle Count: 99 (Branch Packet)
S:0xC00113FA	F24C5320	MOV      r3,#0xc520
S:0xC00113FE	F2CC035F	MOVT     r3,#0xc05f
S:0xC0011402	681C	LDR      r4,[r3,#0]
S:0xC0011404	FBA02304	UMULL    r2,r3,r0,r4
S:0xC0011408	4610	MOV      r0,r2
S:0xC001140A	FB043101	MLA      r1,r4,r1,r3
S:0xC001140E	BD10	POP      {r4,pc}
		Cycle Count: 1 (Branch Packet)
S:0xC000ED36	BD08	POP      {r3,pc}
		Cycle Count: 3 (Branch Packet)
S:0xC003B7A8	F506638F	ADD      r3,r6,#0x478
S:0xC003B7AC	F5066690	ADD      r6,r6,#0x480
S:0xC003B7B0	E9D38900	LDRD     r8,r9,[r3,#0]
S:0xC003B7B4	E9C30100	STRD     r0,r1,[r3,#0]
S:0xC003B7B8	E9D62300	LDRD     r2,r3,[r6,#0]
S:0xC003B7BC	EBB20208	SUBS     r2,r2,r8
S:0xC003B7C0	EB630309	SBC      r3,r3,r9
S:0xC003B7C4	1812	ADDS     r2,r2,r0
S:0xC003B7C6	EB430301	ADC      r3,r3,r1
S:0xC003B7CA	E9C62300	STRD     r2,r3,[r6,#0]
S:0xC003B7CE	E8BD83C8	POP      {r3,r6-r9,pc}
S:0xC003B87E	4633	MOV      r3,r6
S:0xC003B880	E9F3457A	LDRD     r4,r5,[r3,#0x1e8]!
S:0xC003B884	EA540205	ORRS     r2,r4,r5
S:0xC003B888	D10C	BNE      {pc}+0x1c ; 0xc003b8a4
		Cycle Count: 35 (Atom Packet)
		Cycle Count: 344 (Branch Packet)
S:0xC003B88A	6872	LDR      r2,[r6,#4]
S:0xC003B88C	4809	LDR      r0,[pc,#36] ; [0xC003B8B4] = 0xC05FD5C0
S:0xC003B88E	490A	LDR      r1,[pc,#40] ; [0xC003B8B8] = 0xC05F3080
S:0xC003B890	6952	LDR      r2,[r2,#0x14]
S:0xC003B892	F8502022	LDR      r2,[r0,r2,LSL #2]
S:0xC003B896	1889	ADDS     r1,r1,r2
S:0xC003B898	F501618F	ADD      r1,r1,#0x478
S:0xC003B89C	E9D14500	LDRD     r4,r5,[r1,#0]
S:0xC003B8A0	E9C34500	STRD     r4,r5,[r3,#0]
S:0xC003B8A4	6B33	LDR      r3,[r6,#0x30]
S:0xC003B8A6	4648	MOV      r0,r9
S:0xC003B8A8	4642	MOV      r2,r8
S:0xC003B8AA	4631	MOV      r1,r6
S:0xC003B8AC	685B	LDR      r3,[r3,#4]
S:0xC003B8AE	4798	BLX      r3
S:0xC0043DE4	E92D4FF0	PUSH     {r4-r11,lr}
S:0xC0043DE8	B0A5	SUB      sp,sp,#0x94
S:0xC0043DEA	B500	PUSH     {lr}
S:0xC0043DEC	F85DEB04	POP      {lr}
S:0xC0043DF0	F1110B38	ADDS     r11,r1,#0x38
S:0xC0043DF4	9013	STR      r0,[sp,#0x4c]
S:0xC0043DF6	F0008380	BEQ.W    {pc}+0x704 ; 0xc00444fa
		Cycle Count: 329 (Atom Packet)
S:0xC0043DFA	6D4B	LDR      r3,[r1,#0x54]
S:0xC0043DFC	2B00	CMP      r3,#0
S:0xC0043DFE	F0408273	BNE.W    {pc}+0x4ea ; 0xc00442e8
		Cycle Count: 182 (Atom Packet)
S:0xC0043E02	465F	MOV      r7,r11
S:0xC0043E04	4615	MOV      r5,r2
S:0xC0043E06	F0050305	AND      r3,r5,#5
S:0xC0043E0A	F8D76124	LDR      r6,[r7,#0x124]
S:0xC0043E0E	2B01	CMP      r3,#1
S:0xC0043E10	D008	BEQ      {pc}+0x14 ; 0xc0043e24
		Cycle Count: 29 (Atom Packet)
S:0xC0043E12	E9D7010C	LDRD     r0,r1,[r7,#0x30]
S:0xC0043E16	E9D62306	LDRD     r2,r3,[r6,#0x18]
S:0xC0043E1A	1880	ADDS     r0,r0,r2
S:0xC0043E1C	EB410103	ADC      r1,r1,r3
S:0xC0043E20	E9C7010C	STRD     r0,r1,[r7,#0x30]
S:0xC0043E24	46B8	MOV      r8,r7
S:0xC0043E26	4630	MOV      r0,r6
S:0xC0043E28	F7FCF96E	BL       {pc}-0x3d20 ; 0xc0040108
		Cycle Count: 115 (Atom Packet)
S:0xC0040108	E92D4FF0	PUSH     {r4-r11,lr}
S:0xC004010C	B085	SUB      sp,sp,#0x14
S:0xC004010E	B500	PUSH     {lr}
S:0xC0040110	F85DEB04	POP      {lr}
S:0xC0040114	F8D02084	LDR      r2,[r0,#0x84]
S:0xC0040118	F8D0A030	LDR      r10,[r0,#0x30]
S:0xC004011C	4683	MOV      r11,r0
S:0xC004011E	F8D23480	LDR      r3,[r2,#0x480]
S:0xC0040122	F8D2C484	LDR      r12,[r2,#0x484]
S:0xC0040126	F1BA0F00	CMP      r10,#0
S:0xC004012A	D041	BEQ      {pc}+0x86 ; 0xc00401b0
		Cycle Count: 94 (Atom Packet)
		Cycle Count: 2 (Branch Packet)
S:0xC00401B0	B005	ADD      sp,sp,#0x14
S:0xC00401B2	E8BD8FF0	POP      {r4-r11,pc}
S:0xC0043E2C	F0050501	AND      r5,r5,#1
S:0xC0043E30	E9F80150	LDRD     r0,r1,[r8,#0x140]!
S:0xC0043E34	E9CD010A	STRD     r0,r1,[sp,#0x28]
S:0xC0043E38	2801	CMP      r0,#1
S:0xC0043E3A	F1710100	SBCS     r1,r1,#0
S:0xC0043E3E	F2C0857A	BLT.W    {pc}+0xaf8 ; 0xc0044936
		Cycle Count: 1 (Atom Packet)
S:0xC0043E42	F8D73124	LDR      r3,[r7,#0x124]
S:0xC0043E46	F1030458	ADD      r4,r3,#0x58
S:0xC0043E4A	E8D4017F	LDREXD   r0,r1,[r4]
S:0xC0043E4E	4602	MOV      r2,r0
S:0xC0043E50	460B	MOV      r3,r1
S:0xC0043E52	E9DD010A	LDRD     r0,r1,[sp,#0x28]
S:0xC0043E56	1A12	SUBS     r2,r2,r0
S:0xC0043E58	EB630301	SBC      r3,r3,r1
S:0xC0043E5C	EA520103	ORRS     r1,r2,r3
S:0xC0043E60	F04083D8	BNE.W    {pc}+0x7b4 ; 0xc0044614
		Cycle Count: 404 (Atom Packet)
S:0xC0044614	F44F60FC	MOV      r0,#0x7e0
S:0xC0044618	2100	MOVS     r1,#0
S:0xC004461A	4299	CMP      r1,r3
S:0xC004461C	BF08	IT       EQ
S:0xC004461E	4290	CMP      r0,r2
S:0xC0044620	F8D74148	LDR      r4,[r7,#0x148]
S:0xC0044624	F0C0830A	BCC.W    {pc}+0x618 ; 0xc0044c3c
		Cycle Count: 272 (Atom Packet)
S:0xC0044628	2A1F	CMP      r2,#0x1f
S:0xC004462A	4611	MOV      r1,r2
S:0xC004462C	BF82	ITTT     HI
S:0xC004462E	0953	LSRS     r3,r2,#5
S:0xC0044630	F002011F	AND      r1,r2,#0x1f
S:0xC0044634	40DC	LSRS     r4,r4,r3
S:0xC0044636	4BA2	LDR      r3,[pc,#648] ; [0xC00448C0] = 0xC03E83C8
S:0xC0044638	F8532021	LDR      r2,[r3,r1,LSL #2]
S:0xC004463C	FBA22304	UMULL    r2,r3,r2,r4
S:0xC0044640	4619	MOV      r1,r3
S:0xC0044642	F8C71148	STR      r1,[r7,#0x148]
S:0xC0044646	2200	MOVS     r2,#0
S:0xC0044648	2300	MOVS     r3,#0
S:0xC004464A	E9C82300	STRD     r2,r3,[r8,#0]
S:0xC004464E	2D00	CMP      r5,#0
S:0xC0044650	F47FAC0D	BNE      {pc}-0x7e2 ; 0xc0043e6e
		Cycle Count: 259 (Atom Packet)
S:0xC0043E6E	460A	MOV      r2,r1
S:0xC0043E70	E9D60114	LDRD     r0,r1,[r6,#0x50]
S:0xC0043E74	17D3	ASRS     r3,r2,#31
S:0xC0043E76	428B	CMP      r3,r1
S:0xC0043E78	BF08	IT       EQ
S:0xC0043E7A	4282	CMP      r2,r0
S:0xC0043E7C	F08086D8	BCS.W    {pc}+0xdb4 ; 0xc0044c30
		Cycle Count: 4 (Atom Packet)
S:0xC0044C30	2200	MOVS     r2,#0
S:0xC0044C32	2300	MOVS     r3,#0
S:0xC0044C34	E9C62314	STRD     r2,r3,[r6,#0x50]
S:0xC0044C38	F7FFB927	B        {pc}-0xdae ; 0xc0043e8a
		Cycle Count: 4 (Atom Packet)
S:0xC0043E8A	F8D73124	LDR      r3,[r7,#0x124]
S:0xC0043E8E	F8D72128	LDR      r2,[r7,#0x128]
S:0xC0043E92	F8D31084	LDR      r1,[r3,#0x84]
S:0xC0043E96	F8D144C0	LDR      r4,[r1,#0x4c0]
S:0xC0043E9A	940A	STR      r4,[sp,#0x28]
S:0xC0043E9C	2A00	CMP      r2,#0
S:0xC0043E9E	F0008452	BEQ.W    {pc}+0x8a8 ; 0xc0044746
		Cycle Count: 3 (Atom Packet)
S:0xC0044746	F5016190	ADD      r1,r1,#0x480
S:0xC004474A	E9D18900	LDRD     r8,r9,[r1,#0]
S:0xC004474E	F7FFBBAE	B        {pc}-0x8a0 ; 0xc0043eae
		Cycle Count: 1 (Atom Packet)
S:0xC0043EAE	F64B7540	MOV      r5,#0xbf40
S:0xC0043EB2	46BE	MOV      lr,r7
S:0xC0043EB4	F2CC0564	MOVT     r5,#0xc064
S:0xC0043EB8	69F8	LDR      r0,[r7,#0x1c]
S:0xC0043EBA	6B1B	LDR      r3,[r3,#0x30]
S:0xC0043EBC	686A	LDR      r2,[r5,#4]
S:0xC0043EBE	E9FE454E	LDRD     r4,r5,[lr,#0x138]!
S:0xC0043EC2	9010	STR      r0,[sp,#0x40]
S:0xC0043EC4	EBB80404	SUBS     r4,r8,r4
S:0xC0043EC8	EB690505	SBC      r5,r9,r5
S:0xC0043ECC	EA4F7CE2	ASR      r12,r2,#31
S:0xC0043ED0	930C	STR      r3,[sp,#0x30]
S:0xC0043ED2	FBA50102	UMULL    r0,r1,r5,r2
S:0xC0043ED6	FBA42302	UMULL    r2,r3,r4,r2
S:0xC0043EDA	FB05110C	MLA      r1,r5,r12,r1
S:0xC0043EDE	FB04330C	MLA      r3,r4,r12,r3
S:0xC0043EE2	EA4F4C00	LSL      r12,r0,#16
S:0xC0043EE6	F8CDC018	STR      r12,[sp,#0x18]
S:0xC0043EEA	040C	LSLS     r4,r1,#16
S:0xC0043EEC	EA444510	ORR      r5,r4,r0,LSR #16
S:0xC0043EF0	0C10	LSRS     r0,r2,#16
S:0xC0043EF2	9507	STR      r5,[sp,#0x1c]
S:0xC0043EF4	0C1C	LSRS     r4,r3,#16
S:0xC0043EF6	EA404103	ORR      r1,r0,r3,LSL #16
S:0xC0043EFA	9409	STR      r4,[sp,#0x24]
S:0xC0043EFC	9108	STR      r1,[sp,#0x20]
S:0xC0043EFE	E9DD4508	LDRD     r4,r5,[sp,#0x20]
S:0xC0043F02	E9DD2306	LDRD     r2,r3,[sp,#0x18]
S:0xC0043F06	1912	ADDS     r2,r2,r4
S:0xC0043F08	EB430305	ADC      r3,r3,r5
S:0xC0043F0C	2A00	CMP      r2,#0
S:0xC0043F0E	F1730500	SBCS     r5,r3,#0
S:0xC0043F12	F2C083DD	BLT.W    {pc}+0x7be ; 0xc00446d0
		Cycle Count: 8 (Atom Packet)
S:0xC0043F16	EA4F2C92	LSR      r12,r2,#10
S:0xC0043F1A	0A99	LSRS     r1,r3,#10
S:0xC0043F1C	EA4C5083	ORR      r0,r12,r3,LSL #22
S:0xC0043F20	9105	STR      r1,[sp,#0x14]
S:0xC0043F22	9004	STR      r0,[sp,#0x10]
S:0xC0043F24	E9DD4504	LDRD     r4,r5,[sp,#0x10]
S:0xC0043F28	4325	ORRS     r5,r5,r4
S:0xC0043F2A	F00080CE	BEQ.W    {pc}+0x1a0 ; 0xc00440ca
		Cycle Count: 2 (Atom Packet)
S:0xC0043F2E	F64B7C40	MOV      r12,#0xbf40
S:0xC0043F32	E9CE8900	STRD     r8,r9,[lr,#0]
S:0xC0043F36	F2CC0C64	MOVT     r12,#0xc064
S:0xC0043F3A	F8DC3000	LDR      r3,[r12,#0]
S:0xC0043F3E	2B00	CMP      r3,#0
S:0xC0043F40	F00083D9	BEQ.W    {pc}+0x7b6 ; 0xc00446f6
		Cycle Count: 1 (Atom Packet)
		Timestamp: 562537008623
		Cycle Count: 0 (Timestamp Packet)
S:0xC0043F44	980A	LDR      r0,[sp,#0x28]
S:0xC0043F46	4661	MOV      r1,r12
S:0xC0043F48	2300	MOVS     r3,#0
S:0xC0043F4A	930B	STR      r3,[sp,#0x2c]
S:0xC0043F4C	EB0C1C00	ADD      r12,r12,r0,LSL #4
S:0xC0043F50	F8DC5098	LDR      r5,[r12,#0x98]
S:0xC0043F54	950A	STR      r5,[sp,#0x28]
S:0xC0043F56	980C	LDR      r0,[sp,#0x30]
S:0xC0043F58	F8D74134	LDR      r4,[r7,#0x134]
S:0xC0043F5C	1A38	SUBS     r0,r7,r0
S:0xC0043F5E	E9DD2304	LDRD     r2,r3,[sp,#0x10]
S:0xC0043F62	F1D00900	RSBS     r9,r0,#0
S:0xC0043F66	EB590900	ADCS     r9,r9,r0
S:0xC0043F6A	05A0	LSLS     r0,r4,#22
S:0xC0043F6C	0D80	LSRS     r0,r0,#22
S:0xC0043F6E	1812	ADDS     r2,r2,r0
S:0xC0043F70	F1430300	ADC      r3,r3,#0
S:0xC0043F74	2B00	CMP      r3,#0
S:0xC0043F76	BF08	IT       EQ
S:0xC0043F78	F5B26F80	CMP      r2,#0x400
S:0xC0043F7C	BF38	IT       CC
S:0xC0043F7E	2100	MOVS     r1,#0
S:0xC0043F80	D37B	BCC      {pc}+0xfa ; 0xc004407a
		Cycle Count: 249 (Atom Packet)
S:0xC0043F82	F5C06080	RSB      r0,r0,#0x400
S:0xC0043F86	9B10	LDR      r3,[sp,#0x40]
S:0xC0043F88	F8D71130	LDR      r1,[r7,#0x130]
S:0xC0043F8C	FB00F205	MUL      r2,r0,r5
S:0xC0043F90	0A92	LSRS     r2,r2,#10
S:0xC0043F92	2B00	CMP      r3,#0
S:0xC0043F94	F00083DD	BEQ.W    {pc}+0x7be ; 0xc0044752
		Cycle Count: 2 (Atom Packet)
S:0xC0044752	9122	STR      r1,[sp,#0x88]
S:0xC0044754	E424	B        {pc}-0x7b4 ; 0xc0043fa0
		Cycle Count: 1 (Atom Packet)
S:0xC0043FA0	F1B90F00	CMP      r9,#0
S:0xC0043FA4	D004	BEQ      {pc}+0xc ; 0xc0043fb0
		Cycle Count: 1 (Atom Packet)
S:0xC0043FB0	E9DD2304	LDRD     r2,r3,[sp,#0x10]
S:0xC0043FB4	1904	ADDS     r4,r0,r4
S:0xC0043FB6	9423	STR      r4,[sp,#0x8c]
S:0xC0043FB8	1A12	SUBS     r2,r2,r0
S:0xC0043FBA	EB6373E0	SBC      r3,r3,r0,ASR #31
S:0xC0043FBE	E9CD2300	STRD     r2,r3,[sp,#0]
S:0xC0043FC2	9B00	LDR      r3,[sp,#0]
S:0xC0043FC4	F24032FF	MOV      r2,#0x3ff
S:0xC0043FC8	F8DDC004	LDR      r12,[sp,#4]
S:0xC0043FCC	E9DD0100	LDRD     r0,r1,[sp,#0]
S:0xC0043FD0	0A9B	LSRS     r3,r3,#10
S:0xC0043FD2	F8C74134	STR      r4,[r7,#0x134]
S:0xC0043FD6	EA43548C	ORR      r4,r3,r12,LSL #22
S:0xC0043FDA	2300	MOVS     r3,#0
S:0xC0043FDC	4019	ANDS     r1,r1,r3
S:0xC0043FDE	9414	STR      r4,[sp,#0x50]
S:0xC0043FE0	EA4F239C	LSR      r3,r12,#10
S:0xC0043FE4	9315	STR      r3,[sp,#0x54]
S:0xC0043FE6	4010	ANDS     r0,r0,r2
S:0xC0043FE8	E9CD0104	STRD     r0,r1,[sp,#0x10]
S:0xC0043FEC	E9DD0114	LDRD     r0,r1,[sp,#0x50]
S:0xC0043FF0	2201	MOVS     r2,#1
S:0xC0043FF2	2300	MOVS     r3,#0
S:0xC0043FF4	1880	ADDS     r0,r0,r2
S:0xC0043FF6	F44F62FC	MOV      r2,#0x7e0
S:0xC0043FFA	EB410103	ADC      r1,r1,r3
S:0xC0043FFE	2300	MOVS     r3,#0
S:0xC0044000	428B	CMP      r3,r1
S:0xC0044002	BF08	IT       EQ
S:0xC0044004	4282	CMP      r2,r0
S:0xC0044006	E9CD010C	STRD     r0,r1,[sp,#0x30]
S:0xC004400A	F0C086BF	BCC.W    {pc}+0xd82 ; 0xc0044d8c
		Cycle Count: 10 (Atom Packet)
S:0xC004400E	9B0C	LDR      r3,[sp,#0x30]
S:0xC0044010	4680	MOV      r8,r0
S:0xC0044012	F8DFC8AC	LDR      r12,[pc,#2220] ; [0xC00448C0]
S:0xC0044016	2B1F	CMP      r3,#0x1f
S:0xC0044018	F20086C1	BHI.W    {pc}+0xd86 ; 0xc0044d9e
		Cycle Count: 1 (Atom Packet)
S:0xC0044D9E	9922	LDR      r1,[sp,#0x88]
S:0xC0044DA0	F003081F	AND      r8,r3,#0x1f
S:0xC0044DA4	9C23	LDR      r4,[sp,#0x8c]
S:0xC0044DA6	EA4F1E53	LSR      lr,r3,#5
S:0xC0044DAA	F8D73160	LDR      r3,[r7,#0x160]
S:0xC0044DAE	FA21F20E	LSR      r2,r1,lr
S:0xC0044DB2	F85C1028	LDR      r1,[r12,r8,LSL #2]
S:0xC0044DB6	FA24F00E	LSR      r0,r4,lr
S:0xC0044DBA	FA23FE0E	LSR      lr,r3,lr
S:0xC0044DBE	FBA22301	UMULL    r2,r3,r2,r1
S:0xC0044DC2	FBA10100	UMULL    r0,r1,r1,r0
S:0xC0044DC6	461C	MOV      r4,r3
S:0xC0044DC8	F8C73130	STR      r3,[r7,#0x130]
S:0xC0044DCC	F8C71134	STR      r1,[r7,#0x134]
S:0xC0044DD0	F7FFB933	B        {pc}-0xd96 ; 0xc004403a
		Cycle Count: 239 (Atom Packet)
S:0xC004403A	F85C2028	LDR      r2,[r12,r8,LSL #2]
S:0xC004403E	FBA2230E	UMULL    r2,r3,r2,lr
S:0xC0044042	F8C73160	STR      r3,[r7,#0x160]
S:0xC0044046	E9DD0114	LDRD     r0,r1,[sp,#0x50]
S:0xC004404A	F7FDFB41	BL       {pc}-0x297a ; 0xc00416d0
		Cycle Count: 2 (Atom Packet)
S:0xC00416D0	E92D03F0	PUSH     {r4-r9}
S:0xC00416D4	B500	PUSH     {lr}
S:0xC00416D6	F85DEB04	POP      {lr}
S:0xC00416DA	2620	MOVS     r6,#0x20
S:0xC00416DC	2700	MOVS     r7,#0
S:0xC00416DE	428F	CMP      r7,r1
S:0xC00416E0	BF08	IT       EQ
S:0xC00416E2	4286	CMP      r6,r0
S:0xC00416E4	D307	BCC      {pc}+0x12 ; 0xc00416f6
		Cycle Count: 2 (Atom Packet)
S:0xC00416F6	F44F72AC	MOV      r2,#0x158
S:0xC00416FA	2300	MOVS     r3,#0
S:0xC00416FC	428B	CMP      r3,r1
S:0xC00416FE	BF08	IT       EQ
S:0xC0041700	4282	CMP      r2,r0
S:0xC0041702	D34A	BCC      {pc}+0x98 ; 0xc004179a
		Cycle Count: 2 (Atom Packet)
S:0xC004179A	F64B207E	MOV      r0,#0xba7e
S:0xC004179E	E7A7	B        {pc}-0xae ; 0xc00416f0
		Cycle Count: 1 (Atom Packet)
		Cycle Count: 8 (Branch Packet)
S:0xC00416F0	E8BD03F0	POP      {r4-r9}
S:0xC00416F4	4770	BX       lr
S:0xC004404E	FB05F300	MUL      r3,r5,r0
S:0xC0044052	9D10	LDR      r5,[sp,#0x40]
S:0xC0044054	0A9B	LSRS     r3,r3,#10
S:0xC0044056	B115	CBZ      r5,{pc}+8 ; 0xc004405e
		Cycle Count: 1 (Atom Packet)
S:0xC004405E	F1B90F00	CMP      r9,#0
S:0xC0044062	D004	BEQ      {pc}+0xc ; 0xc004406e
		Cycle Count: 14 (Atom Packet)
S:0xC004406E	F8D74134	LDR      r4,[r7,#0x134]
S:0xC0044072	2101	MOVS     r1,#1
S:0xC0044074	1824	ADDS     r4,r4,r0
S:0xC0044076	F8C74134	STR      r4,[r7,#0x134]
S:0xC004407A	F8DDC010	LDR      r12,[sp,#0x10]
S:0xC004407E	F8DDE02C	LDR      lr,[sp,#0x2c]
S:0xC0044082	9A05	LDR      r2,[sp,#0x14]
S:0xC0044084	4665	MOV      r5,r12
S:0xC0044086	9B0A	LDR      r3,[sp,#0x28]
S:0xC0044088	FB0CF00E	MUL      r0,r12,lr
S:0xC004408C	FB030002	MLA      r0,r3,r2,r0
S:0xC0044090	FBA52303	UMULL    r2,r3,r5,r3
S:0xC0044094	18C3	ADDS     r3,r0,r3
S:0xC0044096	0A92	LSRS     r2,r2,#10
S:0xC0044098	EA425283	ORR      r2,r2,r3,LSL #22
S:0xC004409C	9B10	LDR      r3,[sp,#0x40]
S:0xC004409E	B123	CBZ      r3,{pc}+0xc ; 0xc00440aa
		Cycle Count: 35 (Atom Packet)
S:0xC00440AA	F1B90F00	CMP      r9,#0
S:0xC00440AE	D004	BEQ      {pc}+0xc ; 0xc00440ba
		Cycle Count: 7 (Atom Packet)
S:0xC00440BA	9D04	LDR      r5,[sp,#0x10]
S:0xC00440BC	1964	ADDS     r4,r4,r5
S:0xC00440BE	F8C74134	STR      r4,[r7,#0x134]
S:0xC00440C2	B111	CBZ      r1,{pc}+8 ; 0xc00440ca
		Cycle Count: 9 (Atom Packet)
S:0xC00440C4	4638	MOV      r0,r7
S:0xC00440C6	F7FCF901	BL       {pc}-0x3dfa ; 0xc00402cc
		Cycle Count: 1 (Atom Packet)
S:0xC00402CC	E92D4FF8	PUSH     {r3-r11,lr}
S:0xC00402D0	B500	PUSH     {lr}
S:0xC00402D2	F85DEB04	POP      {lr}
S:0xC00402D6	4606	MOV      r6,r0
S:0xC00402D8	F8D05128	LDR      r5,[r0,#0x128]
S:0xC00402DC	F8D0A148	LDR      r10,[r0,#0x148]
S:0xC00402E0	2D00	CMP      r5,#0
S:0xC00402E2	D067	BEQ      {pc}+0xd2 ; 0xc00403b4
		Cycle Count: 115 (Atom Packet)
S:0xC00403B4	F8D04134	LDR      r4,[r0,#0x134]
S:0xC00403B8	F1A00538	SUB      r5,r0,#0x38
S:0xC00403BC	F8D08130	LDR      r8,[r0,#0x130]
S:0xC00403C0	6800	LDR      r0,[r0,#0]
S:0xC00403C2	3401	ADDS     r4,#1
S:0xC00403C4	4621	MOV      r1,r4
S:0xC00403C6	FB00F008	MUL      r0,r0,r8
S:0xC00403CA	F211F883	BL       {pc}+0x21110a ; 0xc02514d4
		Cycle Count: 170 (Atom Packet)
		Cycle Count: 189 (I-Sync Packet)
		Tracing enabled
S:0xC00403CE	4B27	LDR      r3,[pc,#156] ; [0xC004046C] = 0xC0635FF4
S:0xC00403D0	685A	LDR      r2,[r3,#4]
S:0xC00403D2	4607	MOV      r7,r0
S:0xC00403D4	F8C60148	STR      r0,[r6,#0x148]
S:0xC00403D8	B98A	CBNZ     r2,{pc}+0x26 ; 0xc00403fe
		Cycle Count: 480 (Atom Packet)
S:0xC00403DA	EA4F2088	LSL      r0,r8,#10
S:0xC00403DE	4621	MOV      r1,r4
S:0xC00403E0	F211F878	BL       {pc}+0x2110f4 ; 0xc02514d4
		Cycle Count: 2 (Atom Packet)
		Cycle Count: 4 (I-Sync Packet)
		Tracing enabled
S:0xC00403E4	4607	MOV      r7,r0
S:0xC00403E6	F8C6014C	STR      r0,[r6,#0x14c]
S:0xC00403EA	4B21	LDR      r3,[pc,#132] ; [0xC0040470] = 0xC0635FE0
S:0xC00403EC	685A	LDR      r2,[r3,#4]
S:0xC00403EE	2A00	CMP      r2,#0
S:0xC00403F0	D12E	BNE      {pc}+0x60 ; 0xc0040450
		Cycle Count: 3 (Atom Packet)
		Cycle Count: 4 (Branch Packet)
S:0xC00403F2	F8D60148	LDR      r0,[r6,#0x148]
S:0xC00403F6	EBCA0000	RSB      r0,r10,r0
S:0xC00403FA	E8BD8FF8	POP      {r3-r11,pc}
S:0xC00440CA	E9D62312	LDRD     r2,r3,[r6,#0x48]
S:0xC00440CE	4630	MOV      r0,r6
S:0xC00440D0	F8D74148	LDR      r4,[r7,#0x148]
S:0xC00440D4	2100	MOVS     r1,#0
S:0xC00440D6	1912	ADDS     r2,r2,r4
S:0xC00440D8	F1430300	ADC      r3,r3,#0
S:0xC00440DC	E9C62312	STRD     r2,r3,[r6,#0x48]
S:0xC00440E0	F7FBFD5C	BL       {pc}-0x4544 ; 0xc003fb9c
		Cycle Count: 1 (Atom Packet)
S:0xC003FB9C	E92D0FF0	PUSH     {r4-r11}
S:0xC003FBA0	B500	PUSH     {lr}
S:0xC003FBA2	F85DEB04	POP      {lr}
S:0xC003FBA6	F8D06084	LDR      r6,[r0,#0x84]
S:0xC003FBAA	E9D0451A	LDRD     r4,r5,[r0,#0x68]
S:0xC003FBAE	F8D67480	LDR      r7,[r6,#0x480]
S:0xC003FBB2	F8D66484	LDR      r6,[r6,#0x484]
S:0xC003FBB6	0D3A	LSRS     r2,r7,#20
S:0xC003FBB8	EA423206	ORR      r2,r2,r6,LSL #12
S:0xC003FBBC	0D33	LSRS     r3,r6,#20
S:0xC003FBBE	1B14	SUBS     r4,r2,r4
S:0xC003FBC0	EB630505	SBC      r5,r3,r5
S:0xC003FBC4	EA540605	ORRS     r6,r4,r5
S:0xC003FBC8	BF14	ITE      NE
S:0xC003FBCA	2600	MOVS     r6,#0
S:0xC003FBCC	2601	MOVS     r6,#1
S:0xC003FBCE	2900	CMP      r1,#0
S:0xC003FBD0	BF14	ITE      NE
S:0xC003FBD2	2600	MOVS     r6,#0
S:0xC003FBD4	F0060601	AND      r6,r6,#1
S:0xC003FBD8	2E00	CMP      r6,#0
S:0xC003FBDA	D167	BNE      {pc}+0xd2 ; 0xc003fcac
		Cycle Count: 51 (Atom Packet)
S:0xC003FBDC	F1000C60	ADD      r12,r0,#0x60
S:0xC003FBE0	E8DC677F	LDREXD   r6,r7,[r12]
S:0xC003FBE4	EA560807	ORRS     r8,r6,r7
S:0xC003FBE8	D163	BNE      {pc}+0xca ; 0xc003fcb2
		Cycle Count: 8 (Atom Packet)
S:0xC003FBEA	E9D06714	LDRD     r6,r7,[r0,#0x50]
S:0xC003FBEE	EA540C05	ORRS     r12,r4,r5
S:0xC003FBF2	D027	BEQ      {pc}+0x52 ; 0xc003fc44
		Cycle Count: 3 (Atom Packet)
S:0xC003FBF4	F44F68FC	MOV      r8,#0x7e0
S:0xC003FBF8	F04F0900	MOV      r9,#0
S:0xC003FBFC	45A9	CMP      r9,r5
S:0xC003FBFE	BF08	IT       EQ
S:0xC003FC00	45A0	CMP      r8,r4
S:0xC003FC02	F0C0808F	BCC.W    {pc}+0x122 ; 0xc003fd24
		Cycle Count: 21 (Atom Packet)
S:0xC003FC06	2C1F	CMP      r4,#0x1f
S:0xC003FC08	46A4	MOV      r12,r4
S:0xC003FC0A	D871	BHI      {pc}+0xe6 ; 0xc003fcf0
		Cycle Count: 4 (Atom Packet)
S:0xC003FCF0	EA4F1854	LSR      r8,r4,#5
S:0xC003FCF4	F0040C1F	AND      r12,r4,#0x1f
S:0xC003FCF8	F1C80A20	RSB      r10,r8,#0x20
S:0xC003FCFC	FA26F608	LSR      r6,r6,r8
S:0xC003FD00	FA07FA0A	LSL      r10,r7,r10
S:0xC003FD04	F1A80920	SUB      r9,r8,#0x20
S:0xC003FD08	FA27F909	LSR      r9,r7,r9
S:0xC003FD0C	EA46060A	ORR      r6,r6,r10
S:0xC003FD10	EA460609	ORR      r6,r6,r9
S:0xC003FD14	FA27F708	LSR      r7,r7,r8
S:0xC003FD18	E778	B        {pc}-0x10c ; 0xc003fc0c
		Cycle Count: 265 (Atom Packet)
S:0xC003FC0C	F8DF8120	LDR      r8,[pc,#288] ; [0xC003FD30] = 0xC03E83C8
S:0xC003FC10	F04F0B00	MOV      r11,#0
S:0xC003FC14	F858C02C	LDR      r12,[r8,r12,LSL #2]
S:0xC003FC18	FBAC8906	UMULL    r8,r9,r12,r6
S:0xC003FC1C	FB0C9A07	MLA      r10,r12,r7,r9
S:0xC003FC20	E9C0AB14	STRD     r10,r11,[r0,#0x50]
S:0xC003FC24	F1000C58	ADD      r12,r0,#0x58
S:0xC003FC28	E8DC677F	LDREXD   r6,r7,[r12]
S:0xC003FC2C	1936	ADDS     r6,r6,r4
S:0xC003FC2E	EB470705	ADC      r7,r7,r5
S:0xC003FC32	E8CC6778	STREXD   r8,r6,r7,[r12]
S:0xC003FC36	F0980F00	TEQ      r8,#0
S:0xC003FC3A	D1F5	BNE      {pc}-0x12 ; 0xc003fc28
		Cycle Count: 66 (Atom Packet)
S:0xC003FC3C	4656	MOV      r6,r10
S:0xC003FC3E	465F	MOV      r7,r11
S:0xC003FC40	E9C0231A	STRD     r2,r3,[r0,#0x68]
S:0xC003FC44	E9D0451E	LDRD     r4,r5,[r0,#0x78]
S:0xC003FC48	E9D02312	LDRD     r2,r3,[r0,#0x48]
S:0xC003FC4C	F8D0C094	LDR      r12,[r0,#0x94]
S:0xC003FC50	1B12	SUBS     r2,r2,r4
S:0xC003FC52	EB630305	SBC      r3,r3,r5
S:0xC003FC56	1992	ADDS     r2,r2,r6
S:0xC003FC58	EB430307	ADC      r3,r3,r7
S:0xC003FC5C	B999	CBNZ     r1,{pc}+0x2a ; 0xc003fc86
		Cycle Count: 24 (Atom Packet)
S:0xC003FC5E	17DE	ASRS     r6,r3,#31
S:0xC003FC60	EA4F0AD4	LSR      r10,r4,#3
S:0xC003FC64	4637	MOV      r7,r6
S:0xC003FC66	EA860802	EOR      r8,r6,r2
S:0xC003FC6A	EA860903	EOR      r9,r6,r3
S:0xC003FC6E	EA4A7A45	ORR      r10,r10,r5,LSL #29
S:0xC003FC72	EA4F0BD5	LSR      r11,r5,#3
S:0xC003FC76	EBB80806	SUBS     r8,r8,r6
S:0xC003FC7A	EB690907	SBC      r9,r9,r7
S:0xC003FC7E	45CB	CMP      r11,r9
S:0xC003FC80	BF08	IT       EQ
S:0xC003FC82	45C2	CMP      r10,r8
S:0xC003FC84	D212	BCS      {pc}+0x28 ; 0xc003fcac
		Cycle Count: 15 (Atom Packet)
		Cycle Count: 26 (Branch Packet)
S:0xC003FCAC	E8BD0FF0	POP      {r4-r11}
S:0xC003FCB0	4770	BX       lr
S:0xC00440E4	4630	MOV      r0,r6
S:0xC00440E6	4639	MOV      r1,r7
S:0xC00440E8	F7FBFB98	BL       {pc}-0x48cc ; 0xc003f81c
		Cycle Count: 1 (Atom Packet)
S:0xC003F81C	B430	PUSH     {r4,r5}
S:0xC003F81E	B500	PUSH     {lr}
S:0xC003F820	F85DEB04	POP      {lr}
S:0xC003F824	2400	MOVS     r4,#0
S:0xC003F826	680A	LDR      r2,[r1,#0]
S:0xC003F828	6803	LDR      r3,[r0,#0]
S:0xC003F82A	6044	STR      r4,[r0,#4]
S:0xC003F82C	189B	ADDS     r3,r3,r2
S:0xC003F82E	6003	STR      r3,[r0,#0]
S:0xC003F830	F8D13120	LDR      r3,[r1,#0x120]
S:0xC003F834	B1AB	CBZ      r3,{pc}+0x2e ; 0xc003f862
		Cycle Count: 125 (Atom Packet)
S:0xC003F862	F8D02084	LDR      r2,[r0,#0x84]
S:0xC003F866	680D	LDR      r5,[r1,#0]
S:0xC003F868	6B14	LDR      r4,[r2,#0x30]
S:0xC003F86A	6353	STR      r3,[r2,#0x34]
S:0xC003F86C	1964	ADDS     r4,r4,r5
S:0xC003F86E	6314	STR      r4,[r2,#0x30]
S:0xC003F870	E7E1	B        {pc}-0x3a ; 0xc003f836
		Cycle Count: 23 (Atom Packet)
S:0xC003F836	F8D13128	LDR      r3,[r1,#0x128]
S:0xC003F83A	B123	CBZ      r3,{pc}+0xc ; 0xc003f846
		Cycle Count: 3 (Atom Packet)
S:0xC003F846	F8D03084	LDR      r3,[r0,#0x84]
S:0xC003F84A	F1010214	ADD      r2,r1,#0x14
S:0xC003F84E	F5036599	ADD      r5,r3,#0x4c8
S:0xC003F852	F8D344C8	LDR      r4,[r3,#0x4c8]
S:0xC003F856	6062	STR      r2,[r4,#4]
S:0xC003F858	614C	STR      r4,[r1,#0x14]
S:0xC003F85A	618D	STR      r5,[r1,#0x18]
S:0xC003F85C	F8C324C8	STR      r2,[r3,#0x4c8]
S:0xC003F860	E7EC	B        {pc}-0x24 ; 0xc003f83c
		Cycle Count: 26 (Atom Packet)
		Cycle Count: 6 (Branch Packet)
S:0xC003F83C	6883	LDR      r3,[r0,#8]
S:0xC003F83E	3301	ADDS     r3,#1
S:0xC003F840	6083	STR      r3,[r0,#8]
S:0xC003F842	BC30	POP      {r4,r5}
S:0xC003F844	4770	BX       lr
S:0xC00440EC	4630	MOV      r0,r6
S:0xC00440EE	F7FCF8AD	BL       {pc}-0x3ea2 ; 0xc004024c
		Cycle Count: 1 (Atom Packet)
S:0xC004024C	B570	PUSH     {r4-r6,lr}
S:0xC004024E	B500	PUSH     {lr}
S:0xC0040250	F85DEB04	POP      {lr}
S:0xC0040254	F8D01094	LDR      r1,[r0,#0x94]
S:0xC0040258	F8D02084	LDR      r2,[r0,#0x84]
S:0xC004025C	6A0B	LDR      r3,[r1,#0x20]
S:0xC004025E	F8D224C0	LDR      r2,[r2,#0x4c0]
S:0xC0040262	F8534022	LDR      r4,[r3,r2,LSL #2]
S:0xC0040266	2C00	CMP      r4,#0
S:0xC0040268	D02B	BEQ      {pc}+0x5a ; 0xc00402c2
		Cycle Count: 236 (Atom Packet)
		Cycle Count: 22 (Branch Packet)
S:0xC00402C2	BD70	POP      {r4-r6,pc}
S:0xC00440F2	F24C5968	MOV      r9,#0xc568
S:0xC00440F6	F6470C34	MOV      r12,#0x7834
S:0xC00440FA	F2CC095F	MOVT     r9,#0xc05f
S:0xC00440FE	F2CC0C60	MOVT     r12,#0xc060
S:0xC0044102	E9D62306	LDRD     r2,r3,[r6,#0x18]
S:0xC0044106	F1A70838	SUB      r8,r7,#0x38
S:0xC004410A	F8DC4000	LDR      r4,[r12,#0]
S:0xC004410E	F8D91000	LDR      r1,[r9,#0]
S:0xC0044112	07C9	LSLS     r1,r1,#31
S:0xC0044114	E9D7010C	LDRD     r0,r1,[r7,#0x30]
S:0xC0044118	BF48	IT       MI
S:0xC004411A	0864	LSRS     r4,r4,#1
S:0xC004411C	1B12	SUBS     r2,r2,r4
S:0xC004411E	F1630300	SBC      r3,r3,#0
S:0xC0044122	4614	MOV      r4,r2
S:0xC0044124	461D	MOV      r5,r3
S:0xC0044126	1A24	SUBS     r4,r4,r0
S:0xC0044128	EB650501	SBC      r5,r5,r1
S:0xC004412C	2C01	CMP      r4,#1
S:0xC004412E	F1750E00	SBCS     lr,r5,#0
S:0xC0044132	BFB8	IT       LT
S:0xC0044134	460B	MOV      r3,r1
S:0xC0044136	F8D71128	LDR      r1,[r7,#0x128]
S:0xC004413A	BFB8	IT       LT
S:0xC004413C	4602	MOV      r2,r0
S:0xC004413E	E9C7230C	STRD     r2,r3,[r7,#0x30]
S:0xC0044142	B109	CBZ      r1,{pc}+6 ; 0xc0044148
		Cycle Count: 179 (Atom Packet)
S:0xC0044148	E9D7231E	LDRD     r2,r3,[r7,#0x78]
S:0xC004414C	EA520003	ORRS     r0,r2,r3
S:0xC0044150	D02A	BEQ      {pc}+0x58 ; 0xc00441a8
		Cycle Count: 101 (Atom Packet)
S:0xC0044152	F8D61084	LDR      r1,[r6,#0x84]
S:0xC0044156	F501618F	ADD      r1,r1,#0x478
S:0xC004415A	E9D14500	LDRD     r4,r5,[r1,#0]
S:0xC004415E	1AA4	SUBS     r4,r4,r2
S:0xC0044160	EB650503	SBC      r5,r5,r3
S:0xC0044164	2C00	CMP      r4,#0
S:0xC0044166	F1750100	SBCS     r1,r5,#0
S:0xC004416A	F2C082F7	BLT.W    {pc}+0x5f2 ; 0xc004475c
		Cycle Count: 7 (Atom Packet)
S:0xC004416E	E9D72320	LDRD     r2,r3,[r7,#0x80]
S:0xC0044172	42AB	CMP      r3,r5
S:0xC0044174	BF08	IT       EQ
S:0xC0044176	42A2	CMP      r2,r4
S:0xC0044178	F0C08562	BCC.W    {pc}+0xac8 ; 0xc0044c40
		Cycle Count: 1 (Atom Packet)
S:0xC0044C40	E9C74520	STRD     r4,r5,[r7,#0x80]
S:0xC0044C44	F7FFBA9A	B        {pc}-0xac8 ; 0xc004417c
		Cycle Count: 12 (Atom Packet)
S:0xC004417C	E9D72322	LDRD     r2,r3,[r7,#0x88]
S:0xC0044180	2000	MOVS     r0,#0
S:0xC0044182	2100	MOVS     r1,#0
S:0xC0044184	E9C7011E	STRD     r0,r1,[r7,#0x78]
S:0xC0044188	1912	ADDS     r2,r2,r4
S:0xC004418A	EB430305	ADC      r3,r3,r5
S:0xC004418E	E9C72322	STRD     r2,r3,[r7,#0x88]
S:0xC0044192	F1B80F00	CMP      r8,#0
S:0xC0044196	D007	BEQ      {pc}+0x12 ; 0xc00441a8
		Cycle Count: 77 (Atom Packet)
S:0xC0044198	F2460244	MOV      r2,#0x6044
S:0xC004419C	F2CC0263	MOVT     r2,#0xc063
S:0xC00441A0	6853	LDR      r3,[r2,#4]
S:0xC00441A2	2B00	CMP      r3,#0
S:0xC00441A4	F04085D6	BNE.W    {pc}+0xbb0 ; 0xc0044d54
		Cycle Count: 34 (Atom Packet)
S:0xC00441A8	E9D72324	LDRD     r2,r3,[r7,#0x90]
S:0xC00441AC	EA520403	ORRS     r4,r2,r3
S:0xC00441B0	D051	BEQ      {pc}+0xa6 ; 0xc0044256
		Cycle Count: 1 (Atom Packet)
S:0xC0044256	6B34	LDR      r4,[r6,#0x30]
S:0xC0044258	42A7	CMP      r7,r4
S:0xC004425A	D008	BEQ      {pc}+0x14 ; 0xc004426e
		Cycle Count: 18 (Atom Packet)
S:0xC004425C	F8D63084	LDR      r3,[r6,#0x84]
S:0xC0044260	F503638F	ADD      r3,r3,#0x478
S:0xC0044264	E9D32300	LDRD     r2,r3,[r3,#0]
S:0xC0044268	E9C72312	STRD     r2,r3,[r7,#0x48]
S:0xC004426C	6B34	LDR      r4,[r6,#0x30]
S:0xC004426E	F6470934	MOV      r9,#0x7834
S:0xC0044272	E9D62306	LDRD     r2,r3,[r6,#0x18]
S:0xC0044276	E9D7010C	LDRD     r0,r1,[r7,#0x30]
S:0xC004427A	F2CC0960	MOVT     r9,#0xc060
S:0xC004427E	1A80	SUBS     r0,r0,r2
S:0xC0044280	EB610103	SBC      r1,r1,r3
S:0xC0044284	F8D95000	LDR      r5,[r9,#0]
S:0xC0044288	2300	MOVS     r3,#0
S:0xC004428A	EA4F7AE1	ASR      r10,r1,#31
S:0xC004428E	EB050545	ADD      r5,r5,r5,LSL #1
S:0xC0044292	46D3	MOV      r11,r10
S:0xC0044294	EA80000A	EOR      r0,r0,r10
S:0xC0044298	EA81010A	EOR      r1,r1,r10
S:0xC004429C	462A	MOV      r2,r5
S:0xC004429E	EBB0000A	SUBS     r0,r0,r10
S:0xC00442A2	EB61010B	SBC      r1,r1,r11
S:0xC00442A6	4282	CMP      r2,r0
S:0xC00442A8	EB730C01	SBCS     r12,r3,r1
S:0xC00442AC	BFBE	ITTT     LT
S:0xC00442AE	6C33	LDR      r3,[r6,#0x40]
S:0xC00442B0	3301	ADDS     r3,#1
S:0xC00442B2	6433	STR      r3,[r6,#0x40]
S:0xC00442B4	42BC	CMP      r4,r7
S:0xC00442B6	D003	BEQ      {pc}+0xa ; 0xc00442c0
		Cycle Count: 19 (Atom Packet)
S:0xC00442B8	4630	MOV      r0,r6
S:0xC00442BA	4639	MOV      r1,r7
S:0xC00442BC	F7FCFEC4	BL       {pc}-0x3274 ; 0xc0041048
		Cycle Count: 1 (Atom Packet)
S:0xC0041048	E92D03F0	PUSH     {r4-r9}
S:0xC004104C	B500	PUSH     {lr}
S:0xC004104E	F85DEB04	POP      {lr}
S:0xC0041052	468C	MOV      r12,r1
S:0xC0041054	F1000128	ADD      r1,r0,#0x28
S:0xC0041058	2401	MOVS     r4,#1
S:0xC004105A	460F	MOV      r7,r1
S:0xC004105C	2300	MOVS     r3,#0
S:0xC004105E	E010	B        {pc}+0x24 ; 0xc0041082
		Cycle Count: 39 (Atom Packet)
S:0xC0041082	683E	LDR      r6,[r7,#0]
S:0xC0041084	2E00	CMP      r6,#0
S:0xC0041086	D1EB	BNE      {pc}-0x26 ; 0xc0041060
		Cycle Count: 39 (Atom Packet)
S:0xC0041088	F10C0208	ADD      r2,r12,#8
S:0xC004108C	B104	CBZ      r4,{pc}+4 ; 0xc0041090
		Cycle Count: 14 (Atom Packet)
S:0xC004108E	62C2	STR      r2,[r0,#0x2c]
S:0xC0041090	F8CC3008	STR      r3,[r12,#8]
S:0xC0041094	4610	MOV      r0,r2
S:0xC0041096	2300	MOVS     r3,#0
S:0xC0041098	F8CC300C	STR      r3,[r12,#0xc]
S:0xC004109C	F8CC3010	STR      r3,[r12,#0x10]
S:0xC00410A0	603A	STR      r2,[r7,#0]
S:0xC00410A2	E8BD03F0	POP      {r4-r9}
S:0xC00410A6	F215B865	B.W      {pc}+0x2150ce ; 0xc0256174
		Cycle Count: 14 (Atom Packet)
		Cycle Count: 311 (I-Sync Packet)
		Tracing enabled
S:0xC00442C0	2301	MOVS     r3,#1
S:0xC00442C2	61FB	STR      r3,[r7,#0x1c]
S:0xC00442C4	68B3	LDR      r3,[r6,#8]
S:0xC00442C6	2B01	CMP      r3,#1
S:0xC00442C8	F00081D8	BEQ.W    {pc}+0x3b4 ; 0xc004467c
		Cycle Count: 7 (Atom Packet)
S:0xC004467C	F8D63088	LDR      r3,[r6,#0x88]
S:0xC0044680	2B00	CMP      r3,#0
S:0xC0044682	F47FAE23	BNE      {pc}-0x3b6 ; 0xc00442cc
		Cycle Count: 30 (Atom Packet)
S:0xC00442CC	68F3	LDR      r3,[r6,#0xc]
S:0xC00442CE	3301	ADDS     r3,#1
S:0xC00442D0	60F3	STR      r3,[r6,#0xc]
S:0xC00442D2	F8D77120	LDR      r7,[r7,#0x120]
S:0xC00442D6	2F00	CMP      r7,#0
S:0xC00442D8	F000810F	BEQ.W    {pc}+0x222 ; 0xc00444fa
		Cycle Count: 15 (Atom Packet)
S:0xC00444FA	9D13	LDR      r5,[sp,#0x4c]
S:0xC00444FC	9E13	LDR      r6,[sp,#0x4c]
S:0xC00444FE	F5056390	ADD      r3,r5,#0x480
S:0xC0044502	F5056AB4	ADD      r10,r5,#0x5a0
S:0xC0044506	686D	LDR      r5,[r5,#4]
S:0xC0044508	E9D38900	LDRD     r8,r9,[r3,#0]
S:0xC004450C	E9DA0100	LDRD     r0,r1,[r10,#0]
S:0xC0044510	F8D644C0	LDR      r4,[r6,#0x4c0]
S:0xC0044514	EBB80000	SUBS     r0,r8,r0
S:0xC0044518	EB690101	SBC      r1,r9,r1
S:0xC004451C	F7FBFA1E	BL       {pc}-0x4bc0 ; 0xc003f95c
		Cycle Count: 150 (Atom Packet)
		Cycle Count: 271 (Branch Packet)
S:0xC003F95C	E92D03F0	PUSH     {r4-r9}
S:0xC003F960	B500	PUSH     {lr}
S:0xC003F962	F85DEB04	POP      {lr}
S:0xC003F966	F64B7640	MOV      r6,#0xbf40
S:0xC003F96A	F2CC0664	MOVT     r6,#0xc064
S:0xC003F96E	6876	LDR      r6,[r6,#4]
S:0xC003F970	FBA18906	UMULL    r8,r9,r1,r6
S:0xC003F974	EA4F7CE6	ASR      r12,r6,#31
S:0xC003F978	FBA06706	UMULL    r6,r7,r0,r6
S:0xC003F97C	FB01990C	MLA      r9,r1,r12,r9
S:0xC003F980	EA4F4408	LSL      r4,r8,#16
S:0xC003F984	FB00770C	MLA      r7,r0,r12,r7
S:0xC003F988	0C32	LSRS     r2,r6,#16
S:0xC003F98A	EA4F4509	LSL      r5,r9,#16
S:0xC003F98E	EA454518	ORR      r5,r5,r8,LSR #16
S:0xC003F992	EA424207	ORR      r2,r2,r7,LSL #16
S:0xC003F996	0C3B	LSRS     r3,r7,#16
S:0xC003F998	1912	ADDS     r2,r2,r4
S:0xC003F99A	EB430305	ADC      r3,r3,r5
S:0xC003F99E	4610	MOV      r0,r2
S:0xC003F9A0	4619	MOV      r1,r3
S:0xC003F9A2	E8BD03F0	POP      {r4-r9}
S:0xC003F9A6	4770	BX       lr
S:0xC0044520	2800	CMP      r0,#0
S:0xC0044522	F1710700	SBCS     r7,r1,#0
S:0xC0044526	F2C08147	BLT.W    {pc}+0x292 ; 0xc00447b8
		Cycle Count: 1 (Atom Packet)
S:0xC004452A	0A86	LSRS     r6,r0,#10
S:0xC004452C	0A8F	LSRS     r7,r1,#10
S:0xC004452E	EA465681	ORR      r6,r6,r1,LSL #22
S:0xC0044532	EA560B07	ORRS     r11,r6,r7
S:0xC0044536	F0408114	BNE.W    {pc}+0x22c ; 0xc0044762
		Cycle Count: 1 (Atom Packet)
S:0xC0044762	4B58	LDR      r3,[pc,#352] ; [0xC00448C4] = 0xC064BF40
S:0xC0044764	E9CA8900	STRD     r8,r9,[r10,#0]
S:0xC0044768	681A	LDR      r2,[r3,#0]
S:0xC004476A	B372	CBZ      r2,{pc}+0x60 ; 0xc00447ca
		Cycle Count: 20 (Atom Packet)
S:0xC004476C	EB031304	ADD      r3,r3,r4,LSL #4
S:0xC0044770	F04F0A00	MOV      r10,#0
S:0xC0044774	F8CDA01C	STR      r10,[sp,#0x1c]
S:0xC0044778	F8D3C098	LDR      r12,[r3,#0x98]
S:0xC004477C	F8CDC018	STR      r12,[sp,#0x18]
S:0xC0044780	F8DD904C	LDR      r9,[sp,#0x4c]
S:0xC0044784	F8D9459C	LDR      r4,[r9,#0x59c]
S:0xC0044788	05A1	LSLS     r1,r4,#22
S:0xC004478A	0D89	LSRS     r1,r1,#22
S:0xC004478C	1872	ADDS     r2,r6,r1
S:0xC004478E	F1470300	ADC      r3,r7,#0
S:0xC0044792	2B00	CMP      r3,#0
S:0xC0044794	BF08	IT       EQ
S:0xC0044796	F5B26F80	CMP      r2,#0x400
S:0xC004479A	D21E	BCS      {pc}+0x40 ; 0xc00447da
		Cycle Count: 115 (Atom Packet)
S:0xC00447DA	F5C16380	RSB      r3,r1,#0x400
S:0xC00447DE	2D00	CMP      r5,#0
S:0xC00447E0	F0408099	BNE.W    {pc}+0x136 ; 0xc0044916
		Cycle Count: 20 (Atom Packet)
S:0xC00447E4	F8DDA04C	LDR      r10,[sp,#0x4c]
S:0xC00447E8	F8DA0598	LDR      r0,[r10,#0x598]
S:0xC00447EC	EBB60A03	SUBS     r10,r6,r3
S:0xC00447F0	EB677BE3	SBC      r11,r7,r3,ASR #31
S:0xC00447F4	2600	MOVS     r6,#0
S:0xC00447F6	2700	MOVS     r7,#0
S:0xC00447F8	E9CD6704	STRD     r6,r7,[sp,#0x10]
S:0xC00447FC	EA4F279A	LSR      r7,r10,#10
S:0xC0044800	9704	STR      r7,[sp,#0x10]
S:0xC0044802	F8DDE010	LDR      lr,[sp,#0x10]
S:0xC0044806	EA4F229B	LSR      r2,r11,#10
S:0xC004480A	F24036FF	MOV      r6,#0x3ff
S:0xC004480E	2700	MOVS     r7,#0
S:0xC0044810	EA4E5E8B	ORR      lr,lr,r11,LSL #22
S:0xC0044814	9205	STR      r2,[sp,#0x14]
S:0xC0044816	F8CDE010	STR      lr,[sp,#0x10]
S:0xC004481A	EA06060A	AND      r6,r6,r10
S:0xC004481E	EA07070B	AND      r7,r7,r11
S:0xC0044822	E9DDAB04	LDRD     r10,r11,[sp,#0x10]
S:0xC0044826	F04F0801	MOV      r8,#1
S:0xC004482A	F04F0900	MOV      r9,#0
S:0xC004482E	EB18080A	ADDS     r8,r8,r10
S:0xC0044832	9913	LDR      r1,[sp,#0x4c]
S:0xC0044834	EB49090B	ADC      r9,r9,r11
S:0xC0044838	F44F6AFC	MOV      r10,#0x7e0
S:0xC004483C	F04F0B00	MOV      r11,#0
S:0xC0044840	191B	ADDS     r3,r3,r4
S:0xC0044842	45CB	CMP      r11,r9
S:0xC0044844	BF08	IT       EQ
S:0xC0044846	45C2	CMP      r10,r8
S:0xC0044848	F8C1359C	STR      r3,[r1,#0x59c]
S:0xC004484C	F0C08307	BCC.W    {pc}+0x612 ; 0xc0044e5e
		Cycle Count: 46 (Atom Packet)
S:0xC0044850	F1B80F1F	CMP      r8,#0x1f
S:0xC0044854	46C6	MOV      lr,r8
S:0xC0044856	4C1A	LDR      r4,[pc,#104] ; [0xC00448C0] = 0xC03E83C8
S:0xC0044858	F20082E7	BHI.W    {pc}+0x5d2 ; 0xc0044e2a
		Cycle Count: 5 (Atom Packet)
S:0xC0044E2A	F0080E1F	AND      lr,r8,#0x1f
S:0xC0044E2E	468B	MOV      r11,r1
S:0xC0044E30	EA4F1858	LSR      r8,r8,#5
S:0xC0044E34	F8D115C8	LDR      r1,[r1,#0x5c8]
S:0xC0044E38	F854202E	LDR      r2,[r4,lr,LSL #2]
S:0xC0044E3C	FA20F008	LSR      r0,r0,r8
S:0xC0044E40	FA23F308	LSR      r3,r3,r8
S:0xC0044E44	FA21FA08	LSR      r10,r1,r8
S:0xC0044E48	FBA00102	UMULL    r0,r1,r0,r2
S:0xC0044E4C	FBA32302	UMULL    r2,r3,r3,r2
S:0xC0044E50	4688	MOV      r8,r1
S:0xC0044E52	F8CB1598	STR      r1,[r11,#0x598]
S:0xC0044E56	4699	MOV      r9,r3
S:0xC0044E58	F8CB359C	STR      r3,[r11,#0x59c]
S:0xC0044E5C	E510	B        {pc}-0x5dc ; 0xc0044880
		Cycle Count: 140 (Atom Packet)
S:0xC0044880	F854302E	LDR      r3,[r4,lr,LSL #2]
S:0xC0044884	FBA3AB0A	UMULL    r10,r11,r3,r10
S:0xC0044888	465C	MOV      r4,r11
S:0xC004488A	F8DDA04C	LDR      r10,[sp,#0x4c]
S:0xC004488E	E9DD0104	LDRD     r0,r1,[sp,#0x10]
S:0xC0044892	F8CA45C8	STR      r4,[r10,#0x5c8]
S:0xC0044896	F8CDC00C	STR      r12,[sp,#0xc]
S:0xC004489A	F7FCFF19	BL       {pc}-0x31ca ; 0xc00416d0
		Cycle Count: 4 (Atom Packet)
S:0xC00416D0	E92D03F0	PUSH     {r4-r9}
S:0xC00416D4	B500	PUSH     {lr}
S:0xC00416D6	F85DEB04	POP      {lr}
S:0xC00416DA	2620	MOVS     r6,#0x20
S:0xC00416DC	2700	MOVS     r7,#0
S:0xC00416DE	428F	CMP      r7,r1
S:0xC00416E0	BF08	IT       EQ
S:0xC00416E2	4286	CMP      r6,r0
S:0xC00416E4	D307	BCC      {pc}+0x12 ; 0xc00416f6
		Cycle Count: 2 (Atom Packet)
S:0xC00416F6	F44F72AC	MOV      r2,#0x158
S:0xC00416FA	2300	MOVS     r3,#0
S:0xC00416FC	428B	CMP      r3,r1
S:0xC00416FE	BF08	IT       EQ
S:0xC0041700	4282	CMP      r2,r0
S:0xC0041702	D34A	BCC      {pc}+0x98 ; 0xc004179a
		Cycle Count: 2 (Atom Packet)
S:0xC0041704	4602	MOV      r2,r0
S:0xC0041706	460B	MOV      r3,r1
S:0xC0041708	F04F0C00	MOV      r12,#0
S:0xC004170C	F06F041F	MVN      r4,#0x1f
S:0xC0041710	F04F35FF	MOV      r5,#0xffffffff
S:0xC0041714	1912	ADDS     r2,r2,r4
S:0xC0041716	EA4F0C5C	LSR      r12,r12,#1
S:0xC004171A	EB430305	ADC      r3,r3,r5
S:0xC004171E	F50C4CB6	ADD      r12,r12,#0x5b00
S:0xC0041722	429F	CMP      r7,r3
S:0xC0041724	BF08	IT       EQ
S:0xC0041726	4296	CMP      r6,r2
S:0xC0041728	F04F0820	MOV      r8,#0x20
S:0xC004172C	F04F0900	MOV      r9,#0
S:0xC0041730	F10C0C4B	ADD      r12,r12,#0x4b
S:0xC0041734	D3EE	BCC      {pc}-0x20 ; 0xc0041714
		Cycle Count: 3 (Atom Packet)
S:0xC0041714	1912	ADDS     r2,r2,r4
S:0xC0041716	EA4F0C5C	LSR      r12,r12,#1
S:0xC004171A	EB430305	ADC      r3,r3,r5
S:0xC004171E	F50C4CB6	ADD      r12,r12,#0x5b00
S:0xC0041722	429F	CMP      r7,r3
S:0xC0041724	BF08	IT       EQ
S:0xC0041726	4296	CMP      r6,r2
S:0xC0041728	F04F0820	MOV      r8,#0x20
S:0xC004172C	F04F0900	MOV      r9,#0
S:0xC0041730	F10C0C4B	ADD      r12,r12,#0x4b
S:0xC0041734	D3EE	BCC      {pc}-0x20 ; 0xc0041714
		Cycle Count: 2 (Atom Packet)
S:0xC0041714	1912	ADDS     r2,r2,r4
S:0xC0041716	EA4F0C5C	LSR      r12,r12,#1
S:0xC004171A	EB430305	ADC      r3,r3,r5
S:0xC004171E	F50C4CB6	ADD      r12,r12,#0x5b00
S:0xC0041722	429F	CMP      r7,r3
S:0xC0041724	BF08	IT       EQ
S:0xC0041726	4296	CMP      r6,r2
S:0xC0041728	F04F0820	MOV      r8,#0x20
S:0xC004172C	F04F0900	MOV      r9,#0
S:0xC0041730	F10C0C4B	ADD      r12,r12,#0x4b
S:0xC0041734	D3EE	BCC      {pc}-0x20 ; 0xc0041714
		Cycle Count: 3 (Atom Packet)
S:0xC0041714	1912	ADDS     r2,r2,r4
S:0xC0041716	EA4F0C5C	LSR      r12,r12,#1
S:0xC004171A	EB430305	ADC      r3,r3,r5
S:0xC004171E	F50C4CB6	ADD      r12,r12,#0x5b00
S:0xC0041722	429F	CMP      r7,r3
S:0xC0041724	BF08	IT       EQ
S:0xC0041726	4296	CMP      r6,r2
S:0xC0041728	F04F0820	MOV      r8,#0x20
S:0xC004172C	F04F0900	MOV      r9,#0
S:0xC0041730	F10C0C4B	ADD      r12,r12,#0x4b
S:0xC0041734	D3EE	BCC      {pc}-0x20 ; 0xc0041714
		Cycle Count: 2 (Atom Packet)
S:0xC0041714	1912	ADDS     r2,r2,r4
S:0xC0041716	EA4F0C5C	LSR      r12,r12,#1
S:0xC004171A	EB430305	ADC      r3,r3,r5
S:0xC004171E	F50C4CB6	ADD      r12,r12,#0x5b00
S:0xC0041722	429F	CMP      r7,r3
S:0xC0041724	BF08	IT       EQ
S:0xC0041726	4296	CMP      r6,r2
S:0xC0041728	F04F0820	MOV      r8,#0x20
S:0xC004172C	F04F0900	MOV      r9,#0
S:0xC0041730	F10C0C4B	ADD      r12,r12,#0x4b
S:0xC0041734	D3EE	BCC      {pc}-0x20 ; 0xc0041714
		Cycle Count: 3 (Atom Packet)
S:0xC0041714	1912	ADDS     r2,r2,r4
S:0xC0041716	EA4F0C5C	LSR      r12,r12,#1
S:0xC004171A	EB430305	ADC      r3,r3,r5
S:0xC004171E	F50C4CB6	ADD      r12,r12,#0x5b00
S:0xC0041722	429F	CMP      r7,r3
S:0xC0041724	BF08	IT       EQ
S:0xC0041726	4296	CMP      r6,r2
S:0xC0041728	F04F0820	MOV      r8,#0x20
S:0xC004172C	F04F0900	MOV      r9,#0
S:0xC0041730	F10C0C4B	ADD      r12,r12,#0x4b
S:0xC0041734	D3EE	BCC      {pc}-0x20 ; 0xc0041714
		Cycle Count: 3 (Atom Packet)
S:0xC0041714	1912	ADDS     r2,r2,r4
S:0xC0041716	EA4F0C5C	LSR      r12,r12,#1
S:0xC004171A	EB430305	ADC      r3,r3,r5
S:0xC004171E	F50C4CB6	ADD      r12,r12,#0x5b00
S:0xC0041722	429F	CMP      r7,r3
S:0xC0041724	BF08	IT       EQ
S:0xC0041726	4296	CMP      r6,r2
S:0xC0041728	F04F0820	MOV      r8,#0x20
S:0xC004172C	F04F0900	MOV      r9,#0
S:0xC0041730	F10C0C4B	ADD      r12,r12,#0x4b
S:0xC0041734	D3EE	BCC      {pc}-0x20 ; 0xc0041714
		Cycle Count: 5 (Atom Packet)
S:0xC0041714	1912	ADDS     r2,r2,r4
S:0xC0041716	EA4F0C5C	LSR      r12,r12,#1
S:0xC004171A	EB430305	ADC      r3,r3,r5
S:0xC004171E	F50C4CB6	ADD      r12,r12,#0x5b00
S:0xC0041722	429F	CMP      r7,r3
S:0xC0041724	BF08	IT       EQ
S:0xC0041726	4296	CMP      r6,r2
S:0xC0041728	F04F0820	MOV      r8,#0x20
S:0xC004172C	F04F0900	MOV      r9,#0
S:0xC0041730	F10C0C4B	ADD      r12,r12,#0x4b
S:0xC0041734	D3EE	BCC      {pc}-0x20 ; 0xc0041714
		Cycle Count: 5 (Atom Packet)
S:0xC0041714	1912	ADDS     r2,r2,r4
S:0xC0041716	EA4F0C5C	LSR      r12,r12,#1
S:0xC004171A	EB430305	ADC      r3,r3,r5
S:0xC004171E	F50C4CB6	ADD      r12,r12,#0x5b00
S:0xC0041722	429F	CMP      r7,r3
S:0xC0041724	BF08	IT       EQ
S:0xC0041726	4296	CMP      r6,r2
S:0xC0041728	F04F0820	MOV      r8,#0x20
S:0xC004172C	F04F0900	MOV      r9,#0
S:0xC0041730	F10C0C4B	ADD      r12,r12,#0x4b
S:0xC0041734	D3EE	BCC      {pc}-0x20 ; 0xc0041714
		Cycle Count: 5 (Atom Packet)
S:0xC0041714	1912	ADDS     r2,r2,r4
S:0xC0041716	EA4F0C5C	LSR      r12,r12,#1
S:0xC004171A	EB430305	ADC      r3,r3,r5
S:0xC004171E	F50C4CB6	ADD      r12,r12,#0x5b00
S:0xC0041722	429F	CMP      r7,r3
S:0xC0041724	BF08	IT       EQ
S:0xC0041726	4296	CMP      r6,r2
S:0xC0041728	F04F0820	MOV      r8,#0x20
S:0xC004172C	F04F0900	MOV      r9,#0
S:0xC0041730	F10C0C4B	ADD      r12,r12,#0x4b
S:0xC0041734	D3EE	BCC      {pc}-0x20 ; 0xc0041714
		Cycle Count: 7 (Atom Packet)
S:0xC0041736	F06F0420	MVN      r4,#0x20
S:0xC004173A	F04F35FF	MOV      r5,#0xffffffff
S:0xC004173E	1824	ADDS     r4,r4,r0
S:0xC0041740	F06F061F	MVN      r6,#0x1f
S:0xC0041744	EB450501	ADC      r5,r5,r1
S:0xC0041748	0964	LSRS     r4,r4,#5
S:0xC004174A	4662	MOV      r2,r12
S:0xC004174C	EBB00008	SUBS     r0,r0,r8
S:0xC0041750	EB610109	SBC      r1,r1,r9
S:0xC0041754	EA4464C5	ORR      r4,r4,r5,LSL #27
S:0xC0041758	EA4F1C55	LSR      r12,r5,#5
S:0xC004175C	4267	RSBS     r7,r4,#0
S:0xC004175E	2300	MOVS     r3,#0
S:0xC0041760	FBA44506	UMULL    r4,r5,r4,r6
S:0xC0041764	FB06760C	MLA      r6,r6,r12,r7
S:0xC0041768	1900	ADDS     r0,r0,r4
S:0xC004176A	4435	ADD      r5,r5,r6
S:0xC004176C	EB410105	ADC      r1,r1,r5
S:0xC0041770	EA500401	ORRS     r4,r0,r1
S:0xC0041774	D106	BNE      {pc}+0x10 ; 0xc0041784
		Cycle Count: 31 (Atom Packet)
S:0xC0041784	2820	CMP      r0,#0x20
S:0xC0041786	4604	MOV      r4,r0
S:0xC0041788	D00A	BEQ      {pc}+0x18 ; 0xc00417a0
		Cycle Count: 14 (Atom Packet)
S:0xC004178A	4E08	LDR      r6,[pc,#32] ; [0xC00417AC] = 0xC03E83C8
S:0xC004178C	F8567024	LDR      r7,[r6,r4,LSL #2]
S:0xC0041790	FBA74502	UMULL    r4,r5,r7,r2
S:0xC0041794	FB075203	MLA      r2,r7,r3,r5
S:0xC0041798	E7EE	B        {pc}-0x20 ; 0xc0041778
		Cycle Count: 16 (Atom Packet)
S:0xC0041778	EB060080	ADD      r0,r6,r0,LSL #2
S:0xC004177C	F8D000FC	LDR      r0,[r0,#0xfc]
S:0xC0041780	1880	ADDS     r0,r0,r2
S:0xC0041782	E7B5	B        {pc}-0x92 ; 0xc00416f0
		Cycle Count: 121 (Atom Packet)
		Cycle Count: 1 (Branch Packet)
S:0xC00416F0	E8BD03F0	POP      {r4-r9}
S:0xC00416F4	4770	BX       lr
S:0xC004489E	F8DDC00C	LDR      r12,[sp,#0xc]
S:0xC00448A2	BB5D	CBNZ     r5,{pc}+0x5a ; 0xc00448fc
		Cycle Count: 1 (Atom Packet)
S:0xC00448A4	F8DA1598	LDR      r1,[r10,#0x598]
S:0xC00448A8	EB090400	ADD      r4,r9,r0
S:0xC00448AC	F8DD904C	LDR      r9,[sp,#0x4c]
S:0xC00448B0	F8C9459C	STR      r4,[r9,#0x59c]
S:0xC00448B4	E774	B        {pc}-0x114 ; 0xc00447a0
		Cycle Count: 1 (Atom Packet)
S:0xC00447A0	2D00	CMP      r5,#0
S:0xC00447A2	F0408091	BNE.W    {pc}+0x126 ; 0xc00448c8
		Cycle Count: 4 (Atom Packet)
S:0xC00447A6	F8DDA04C	LDR      r10,[sp,#0x4c]
S:0xC00447AA	F8DA55C8	LDR      r5,[r10,#0x5c8]
S:0xC00447AE	19A4	ADDS     r4,r4,r6
S:0xC00447B0	9E13	LDR      r6,[sp,#0x4c]
S:0xC00447B2	F8C6459C	STR      r4,[r6,#0x59c]
S:0xC00447B6	E6C7	B        {pc}-0x26e ; 0xc0044548
		Cycle Count: 2 (Atom Packet)
S:0xC0044548	F8DD904C	LDR      r9,[sp,#0x4c]
S:0xC004454C	028B	LSLS     r3,r1,#10
S:0xC004454E	3401	ADDS     r4,#1
S:0xC0044550	4618	MOV      r0,r3
S:0xC0044552	2100	MOVS     r1,#0
S:0xC0044554	F8DDA04C	LDR      r10,[sp,#0x4c]
S:0xC0044558	F8D970B8	LDR      r7,[r9,#0xb8]
S:0xC004455C	F20CFC18	BL       {pc}+0x20c834 ; 0xc0250d90
		Cycle Count: 2 (Atom Packet)
		Cycle Count: 10 (I-Sync Packet)
		Tracing enabled
S:0xC0044560	1BD6	SUBS     r6,r2,r7
S:0xC0044562	F8D980BC	LDR      r8,[r9,#0xbc]
S:0xC0044566	EA8679E6	EOR      r9,r6,r6,ASR #31
S:0xC004456A	EBA979E6	SUB      r9,r9,r6,ASR #31
S:0xC004456E	02A8	LSLS     r0,r5,#10
S:0xC0044570	2100	MOVS     r1,#0
S:0xC0044572	F8DA50DC	LDR      r5,[r10,#0xdc]
S:0xC0044576	F20CFC0B	BL       {pc}+0x20c81a ; 0xc0250d90
		Cycle Count: 13 (Atom Packet)
		Cycle Count: 7 (I-Sync Packet)
		Tracing enabled
S:0xC004457A	EBB91F97	CMP      r9,r7,LSR #6
S:0xC004457E	EBC80202	RSB      r2,r8,r2
S:0xC0044582	D806	BHI      {pc}+0x10 ; 0xc0044592
		Cycle Count: 1 (Atom Packet)
S:0xC0044584	EA8273E2	EOR      r3,r2,r2,ASR #31
S:0xC0044588	EBA373E2	SUB      r3,r3,r2,ASR #31
S:0xC004458C	EBB31F98	CMP      r3,r8,LSR #6
S:0xC0044590	D91F	BLS      {pc}+0x42 ; 0xc00445d2
		Cycle Count: 8 (Atom Packet)
S:0xC00445D2	4BB9	LDR      r3,[pc,#740] ; [0xC00448B8] = 0xC0635FCC
S:0xC00445D4	9D13	LDR      r5,[sp,#0x4c]
S:0xC00445D6	685A	LDR      r2,[r3,#4]
S:0xC00445D8	F8D50598	LDR      r0,[r5,#0x598]
S:0xC00445DC	F8D5159C	LDR      r1,[r5,#0x59c]
S:0xC00445E0	F8D584C0	LDR      r8,[r5,#0x4c0]
S:0xC00445E4	2A00	CMP      r2,#0
S:0xC00445E6	F0408455	BNE.W    {pc}+0x8ae ; 0xc0044e94
		Cycle Count: 40 (Atom Packet)
S:0xC00445EA	4BB4	LDR      r3,[pc,#720] ; [0xC00448BC] = 0xC0635FB8
S:0xC00445EC	9F13	LDR      r7,[sp,#0x4c]
S:0xC00445EE	685A	LDR      r2,[r3,#4]
S:0xC00445F0	E9D74524	LDRD     r4,r5,[r7,#0x90]
S:0xC00445F4	2A00	CMP      r2,#0
S:0xC00445F6	F040843D	BNE.W    {pc}+0x87e ; 0xc0044e74
		Cycle Count: 109 (Atom Packet)
S:0xC00445FA	F8DD904C	LDR      r9,[sp,#0x4c]
S:0xC00445FE	4648	MOV      r0,r9
S:0xC0044600	F8D93004	LDR      r3,[r9,#4]
S:0xC0044604	3301	ADDS     r3,#1
S:0xC0044606	F8C93004	STR      r3,[r9,#4]
S:0xC004460A	B025	ADD      sp,sp,#0x94
S:0xC004460C	E8BD4FF0	POP      {r4-r11,lr}
S:0xC0044610	F7FCBD9E	B        {pc}-0x34c0 ; 0xc0041150
		Cycle Count: 4 (Atom Packet)
S:0xC0041150	B478	PUSH     {r3-r6}
S:0xC0041152	B500	PUSH     {lr}
S:0xC0041154	F85DEB04	POP      {lr}
S:0xC0041158	4A16	LDR      r2,[pc,#88] ; [0xC00411B4] = 0xC05FC568
S:0xC004115A	F8D01460	LDR      r1,[r0,#0x460]
S:0xC004115E	6812	LDR      r2,[r2,#0]
S:0xC0041160	0612	LSLS     r2,r2,#24
S:0xC0041162	D51A	BPL      {pc}+0x38 ; 0xc004119a
		Cycle Count: 3 (Atom Packet)
		Cycle Count: 1 (Branch Packet)
S:0xC004119A	BC78	POP      {r3-r6}
S:0xC004119C	4770	BX       lr
		Cycle Count: 1 (Branch Packet)
S:0xC003B8B0	E8BD83F8	POP      {r3-r9,pc}
S:0xC003C042	68E3	LDR      r3,[r4,#0xc]
S:0xC003C044	2201	MOVS     r2,#1
S:0xC003C046	61E2	STR      r2,[r4,#0x1c]
S:0xC003C048	069A	LSLS     r2,r3,#26
S:0xC003C04A	D504	BPL      {pc}+0xc ; 0xc003c056
		Cycle Count: 1 (Atom Packet)
S:0xC003C056	4628	MOV      r0,r5
S:0xC003C058	4621	MOV      r1,r4
S:0xC003C05A	2200	MOVS     r2,#0
S:0xC003C05C	E8BD40B0	POP      {r4,r5,r7,lr}
S:0xC003C060	F7FFBF42	B.W      {pc}-0x178 ; 0xc003bee8
		Cycle Count: 5 (Atom Packet)
S:0xC003BEE8	E92D43F8	PUSH     {r3-r9,lr}
S:0xC003BEEC	AF00	ADD      r7,sp,#0
S:0xC003BEEE	B500	PUSH     {lr}
S:0xC003BEF0	F85DEB04	POP      {lr}
S:0xC003BEF4	4606	MOV      r6,r0
S:0xC003BEF6	460D	MOV      r5,r1
S:0xC003BEF8	F7FFFFC8	BL       {pc}-0x6c ; 0xc003be8c
		Cycle Count: 10 (Atom Packet)
S:0xC003BE8C	E92D41F0	PUSH     {r4-r8,lr}
S:0xC003BE90	AF00	ADD      r7,sp,#0
S:0xC003BE92	B500	PUSH     {lr}
S:0xC003BE94	F85DEB04	POP      {lr}
S:0xC003BE98	F8D06460	LDR      r6,[r0,#0x460]
S:0xC003BE9C	6B0D	LDR      r5,[r1,#0x30]
S:0xC003BE9E	4680	MOV      r8,r0
S:0xC003BEA0	6B34	LDR      r4,[r6,#0x30]
S:0xC003BEA2	42A5	CMP      r5,r4
S:0xC003BEA4	D019	BEQ      {pc}+0x36 ; 0xc003beda
		Cycle Count: 3 (Atom Packet)
S:0xC003BEA6	4B0F	LDR      r3,[pc,#60] ; [0xC003BEE4] = 0xC03E85AC
S:0xC003BEA8	429C	CMP      r4,r3
S:0xC003BEAA	D104	BNE      {pc}+0xc ; 0xc003beb6
		Cycle Count: 1 (Atom Packet)
S:0xC003BEB6	429D	CMP      r5,r3
S:0xC003BEB8	D1F9	BNE      {pc}-0xa ; 0xc003beae
		Cycle Count: 9 (Atom Packet)
S:0xC003BEAE	681B	LDR      r3,[r3,#0]
S:0xC003BEB0	B143	CBZ      r3,{pc}+0x14 ; 0xc003bec4
		Cycle Count: 219 (Atom Packet)
S:0xC003BEB2	429C	CMP      r4,r3
S:0xC003BEB4	D006	BEQ      {pc}+0x10 ; 0xc003bec4
		Cycle Count: 2 (Atom Packet)
S:0xC003BEB6	429D	CMP      r5,r3
S:0xC003BEB8	D1F9	BNE      {pc}-0xa ; 0xc003beae
		Cycle Count: 1 (Atom Packet)
S:0xC003BEAE	681B	LDR      r3,[r3,#0]
S:0xC003BEB0	B143	CBZ      r3,{pc}+0x14 ; 0xc003bec4
		Cycle Count: 110 (Atom Packet)
S:0xC003BEB2	429C	CMP      r4,r3
S:0xC003BEB4	D006	BEQ      {pc}+0x10 ; 0xc003bec4
		Cycle Count: 1 (Atom Packet)
S:0xC003BEB6	429D	CMP      r5,r3
S:0xC003BEB8	D1F9	BNE      {pc}-0xa ; 0xc003beae
		Cycle Count: 1 (Atom Packet)
S:0xC003BEBA	4630	MOV      r0,r6
S:0xC003BEBC	F7FFFD84	BL       {pc}-0x4f4 ; 0xc003b9c8
		Cycle Count: 13 (Atom Packet)
S:0xC003B9C8	B590	PUSH     {r4,r7,lr}
S:0xC003B9CA	B083	SUB      sp,sp,#0xc
S:0xC003B9CC	AF00	ADD      r7,sp,#0
S:0xC003B9CE	B500	PUSH     {lr}
S:0xC003B9D0	F85DEB04	POP      {lr}
S:0xC003B9D4	4604	MOV      r4,r0
S:0xC003B9D6	4815	LDR      r0,[pc,#84] ; [0xC003BA2C] = 0xC05FD5C0
S:0xC003B9D8	4B15	LDR      r3,[pc,#84] ; [0xC003BA30] = 0xC05F3080
S:0xC003B9DA	6861	LDR      r1,[r4,#4]
S:0xC003B9DC	694A	LDR      r2,[r1,#0x14]
S:0xC003B9DE	F8502022	LDR      r2,[r0,r2,LSL #2]
S:0xC003B9E2	589B	LDR      r3,[r3,r2]
S:0xC003B9E4	B29A	UXTH     r2,r3
S:0xC003B9E6	607B	STR      r3,[r7,#4]
S:0xC003B9E8	EBB24F13	CMP      r2,r3,LSR #16
S:0xC003B9EC	D01C	BEQ      {pc}+0x3c ; 0xc003ba28
		Cycle Count: 172 (Atom Packet)
S:0xC003B9EE	680B	LDR      r3,[r1,#0]
S:0xC003B9F0	0798	LSLS     r0,r3,#30
S:0xC003B9F2	D415	BMI      {pc}+0x2e ; 0xc003ba20
		Cycle Count: 4 (Atom Packet)
S:0xC003B9F4	2001	MOVS     r0,#1
S:0xC003B9F6	F216FAC9	BL       {pc}+0x216596 ; 0xc0251f8c
		Cycle Count: 2 (Atom Packet)
		Cycle Count: 66 (I-Sync Packet)
		Tracing enabled
S:0xC003B9FA	4669	MOV      r1,sp
S:0xC003B9FC	6862	LDR      r2,[r4,#4]
S:0xC003B9FE	F42153FF	BIC      r3,r1,#0x1fe0
S:0xC003BA02	F023031F	BIC      r3,r3,#0x1f
S:0xC003BA06	6950	LDR      r0,[r2,#0x14]
S:0xC003BA08	695B	LDR      r3,[r3,#0x14]
S:0xC003BA0A	4283	CMP      r3,r0
S:0xC003BA0C	D008	BEQ      {pc}+0x14 ; 0xc003ba20
		Cycle Count: 20 (Atom Packet)
		Cycle Count: 24 (Branch Packet)
S:0xC003BA20	F107070C	ADD      r7,r7,#0xc
S:0xC003BA24	46BD	MOV      sp,r7
S:0xC003BA26	BD90	POP      {r4,r7,pc}
S:0xC003BEC0	F8D86460	LDR      r6,[r8,#0x460]
S:0xC003BEC4	69F3	LDR      r3,[r6,#0x1c]
S:0xC003BEC6	B133	CBZ      r3,{pc}+0x10 ; 0xc003bed6
		Cycle Count: 6 (Atom Packet)
		Cycle Count: 24 (Branch Packet)
S:0xC003BED6	E8BD81F0	POP      {r4-r8,pc}
S:0xC003BEFC	4B25	LDR      r3,[pc,#148] ; [0xC003BF94]
S:0xC003BEFE	685A	LDR      r2,[r3,#4]
S:0xC003BF00	2A00	CMP      r2,#0
S:0xC003BF02	D139	BNE      {pc}+0x76 ; 0xc003bf78
		Cycle Count: 123 (Atom Packet)
S:0xC003BF04	6B2B	LDR      r3,[r5,#0x30]
S:0xC003BF06	2200	MOVS     r2,#0
S:0xC003BF08	602A	STR      r2,[r5,#0]
S:0xC003BF0A	6B5B	LDR      r3,[r3,#0x34]
S:0xC003BF0C	B113	CBZ      r3,{pc}+8 ; 0xc003bf14
		Cycle Count: 3 (Atom Packet)
S:0xC003BF14	F506619C	ADD      r1,r6,#0x4e0
S:0xC003BF18	E9D14500	LDRD     r4,r5,[r1,#0]
S:0xC003BF1C	EA540305	ORRS     r3,r4,r5
S:0xC003BF20	D019	BEQ      {pc}+0x36 ; 0xc003bf56
		Cycle Count: 1 (Atom Packet)
S:0xC003BF22	481D	LDR      r0,[pc,#116] ; [0xC003BF98]
S:0xC003BF24	F506638F	ADD      r3,r6,#0x478
S:0xC003BF28	F506669D	ADD      r6,r6,#0x4e8
S:0xC003BF2C	E9D32300	LDRD     r2,r3,[r3,#0]
S:0xC003BF30	6800	LDR      r0,[r0,#0]
S:0xC003BF32	1B12	SUBS     r2,r2,r4
S:0xC003BF34	EB630305	SBC      r3,r3,r5
S:0xC003BF38	2500	MOVS     r5,#0
S:0xC003BF3A	0040	LSLS     r0,r0,#1
S:0xC003BF3C	4604	MOV      r4,r0
S:0xC003BF3E	429D	CMP      r5,r3
S:0xC003BF40	BF08	IT       EQ
S:0xC003BF42	4294	CMP      r4,r2
S:0xC003BF44	D209	BCS      {pc}+0x16 ; 0xc003bf5a
		Cycle Count: 3 (Atom Packet)
		Cycle Count: 2 (Branch Packet)
S:0xC003BF46	E9C64500	STRD     r4,r5,[r6,#0]
S:0xC003BF4A	2200	MOVS     r2,#0
S:0xC003BF4C	2300	MOVS     r3,#0
S:0xC003BF4E	E9C12300	STRD     r2,r3,[r1,#0]
S:0xC003BF52	E8BD83F8	POP      {r3-r9,pc}
S:0xC003C0AA	2C00	CMP      r4,#0
S:0xC003C0AC	D1F7	BNE      {pc}-0xe ; 0xc003c09e
		Cycle Count: 1 (Atom Packet)
		Cycle Count: 1,025 (Branch Packet)
S:0xC003C0AE	F3BF8F5F	DMB      
S:0xC003C0B2	F8383006	LDRH     r3,[r8,r6]
S:0xC003C0B6	3301	ADDS     r3,#1
S:0xC003C0B8	F8283006	STRH     r3,[r8,r6]
S:0xC003C0BC	F3BF8F4F	DSB      
S:0xC003C0C0	F3AF8004	SEV.W    
S:0xC003C0C4	E8BD81F0	POP      {r4-r8,pc}
S:0xC003CF84	F8D49014	LDR      r9,[r4,#0x14]
S:0xC003CF88	F8583029	LDR      r3,[r8,r9,LSL #2]
S:0xC003CF8C	18EB	ADDS     r3,r5,r3
S:0xC003CF8E	6A9B	LDR      r3,[r3,#0x28]
S:0xC003CF90	079B	LSLS     r3,r3,#30
S:0xC003CF92	D413	BMI      {pc}+0x2a ; 0xc003cfbc
		Cycle Count: 12 (Atom Packet)
S:0xC003CF94	E8BD43F8	POP      {r3-r9,lr}
S:0xC003CF98	F7E4B914	B        {pc}-0x1bdd4 ; 0xc00211c4
		Cycle Count: 6 (Atom Packet)
S:0xC00211C4	B510	PUSH     {r4,lr}
S:0xC00211C6	B500	PUSH     {lr}
S:0xC00211C8	F85DEB04	POP      {lr}
S:0xC00211CC	F3EF8300	MRS      r3,APSR ; formerly CPSR
S:0xC00211D0	0619	LSLS     r1,r3,#24
S:0xC00211D2	D529	BPL      {pc}+0x56 ; 0xc0021228
		Cycle Count: 31 (Atom Packet)
S:0xC00211D4	466B	MOV      r3,sp
S:0xC00211D6	F42354FF	BIC      r4,r3,#0x1fe0
S:0xC00211DA	F024041F	BIC      r4,r4,#0x1f
S:0xC00211DE	6863	LDR      r3,[r4,#4]
S:0xC00211E0	F5A33380	SUB      r3,r3,#0x10000
S:0xC00211E4	6063	STR      r3,[r4,#4]
S:0xC00211E6	F0234378	BIC      r3,r3,#0xf8000000
S:0xC00211EA	F02303FF	BIC      r3,r3,#0xff
S:0xC00211EE	B923	CBNZ     r3,{pc}+0xc ; 0xc00211fa
		Cycle Count: 2 (Atom Packet)
S:0xC00211F0	6963	LDR      r3,[r4,#0x14]
S:0xC00211F2	4A13	LDR      r2,[pc,#76] ; [0xC0021240] = 0xC06498C0
S:0xC00211F4	019B	LSLS     r3,r3,#6
S:0xC00211F6	58D3	LDR      r3,[r2,r3]
S:0xC00211F8	B99B	CBNZ     r3,{pc}+0x2a ; 0xc0021222
		Cycle Count: 11 (Atom Packet)
S:0xC00211FA	6960	LDR      r0,[r4,#0x14]
S:0xC00211FC	F01BFE86	BL       {pc}+0x1bd10 ; 0xc003cf0c
		Cycle Count: 2 (Atom Packet)
S:0xC003CF0C	B488	PUSH     {r3,r7}
S:0xC003CF0E	AF00	ADD      r7,sp,#0
S:0xC003CF10	B500	PUSH     {lr}
S:0xC003CF12	F85DEB04	POP      {lr}
S:0xC003CF16	4A0C	LDR      r2,[pc,#48] ; [0xC003CF48] = 0xC05FD5C0
S:0xC003CF18	4B0C	LDR      r3,[pc,#48] ; [0xC003CF4C] = 0xC05F3080
S:0xC003CF1A	F8522020	LDR      r2,[r2,r0,LSL #2]
S:0xC003CF1E	189B	ADDS     r3,r3,r2
S:0xC003CF20	F8D31460	LDR      r1,[r3,#0x460]
S:0xC003CF24	F8D32464	LDR      r2,[r3,#0x464]
S:0xC003CF28	4291	CMP      r1,r2
S:0xC003CF2A	D003	BEQ      {pc}+0xa ; 0xc003cf34
		Cycle Count: 7 (Atom Packet)
S:0xC003CF34	685A	LDR      r2,[r3,#4]
S:0xC003CF36	2A00	CMP      r2,#0
S:0xC003CF38	D1F8	BNE      {pc}-0xc ; 0xc003cf2c
		Cycle Count: 1 (Atom Packet)
		Cycle Count: 1 (Branch Packet)
S:0xC003CF2C	2000	MOVS     r0,#0
S:0xC003CF2E	46BD	MOV      sp,r7
S:0xC003CF30	BC88	POP      {r3,r7}
S:0xC003CF32	4770	BX       lr
S:0xC0021200	B140	CBZ      r0,{pc}+0x14 ; 0xc0021214
		Cycle Count: 1 (Atom Packet)
S:0xC0021214	E8BD4010	POP      {r4,lr}
S:0xC0021218	F04EBF4E	B.W      {pc}+0x4eea0 ; 0xc00700b8
		Cycle Count: 16 (Atom Packet)
		Cycle Count: 514 (I-Sync Packet)
		Tracing enabled
S:0xC0010CF2	E7E3	B        {pc}-0x36 ; 0xc0010cbc
		Cycle Count: 1 (Atom Packet)
		Cycle Count: 13 (Branch Packet)
S:0xC0010CBC	4633	MOV      r3,r6
S:0xC0010CBE	EE1D2F90	MRC      p15,#0x0,r2,c13,c0,#4
S:0xC0010CC2	50D7	STR      r7,[r2,r3]
S:0xC0010CC4	E8BD83F8	POP      {r3-r9,pc}
S:0xC000841A	E7EC	B        {pc}-0x24 ; 0xc00083f6
		Cycle Count: 1 (Atom Packet)
S:0xC00083F6	6822	LDR      r2,[r4,#0]
S:0xC00083F8	F42250E0	BIC      r0,r2,#0x1c00
S:0xC00083FC	F1A00510	SUB      r5,r0,#0x10
S:0xC0008400	4601	MOV      r1,r0
S:0xC0008402	F5B57F7B	CMP      r5,#0x3ec
S:0xC0008406	D9EF	BLS      {pc}-0x1e ; 0xc00083e8
		Cycle Count: 87 (Atom Packet)
S:0xC0008408	280F	CMP      r0,#0xf
S:0xC000840A	D901	BLS      {pc}+6 ; 0xc0008410
		Cycle Count: 4 (Atom Packet)
		Cycle Count: 27 (Branch Packet)
S:0xC000840C	E8BD81F0	POP      {r4-r8,pc}
		Cycle Count: 68 (Branch Packet)
S:0xC000C8DA	F8DDE034	LDR      lr,[sp,#0x34]
S:0xC000C8DE	E9DD010E	LDRD     r0,r1,[sp,#0x38]
S:0xC000C8E2	F3BF8F2F	CLREX    
S:0xC000C8E6	E92E0023	STMDB    lr!,{r0,r1,r5}
S:0xC000C8EA	E89D1FFF	LDM      sp,{r0-r12}
S:0xC000C8EE	46F5	MOV      sp,lr
S:0xC000C8F0	F85DEB04	POP      {lr}
S:0xC000C8F4	E9BDC000	RFEIA    sp!
		Return from exception
		Timestamp: 562537008768
		Cycle Count: 0 (Timestamp Packet)
S:0xC02F5B4E	?	Cannot access target memory
		Cycle Count: 35 (Atom Packet)
S:?	?	Unknown instruction address
		Cycle Count: 49 (Atom Packet)
S:?	?	Unknown instruction address
		Cycle Count: 16 (Atom Packet)
		Cycle Count: 24 (Branch Packet)
S:?	?	Unknown instruction address
		Cycle Count: 409 (I-Sync Packet)
		Tracing enabled
S:0xC004F52C	E92D4FF0	PUSH     {r4-r11,lr}
S:0xC004F530	B08B	SUB      sp,sp,#0x2c
S:0xC004F532	B500	PUSH     {lr}
S:0xC004F534	F85DEB04	POP      {lr}
S:0xC004F538	4B3D	LDR      r3,[pc,#244] ; [0xC004F630] = 0xC05FC59C
S:0xC004F53A	4682	MOV      r10,r0
S:0xC004F53C	681B	LDR      r3,[r3,#0]
S:0xC004F53E	2B00	CMP      r3,#0
S:0xC004F540	D16F	BNE      {pc}+0xe2 ; 0xc004f622
		Cycle Count: 57 (Atom Packet)
S:0xC004F542	F8DF90F4	LDR      r9,[pc,#244] ; [0xC004F638] = 0xC064D1C0
S:0xC004F546	F8DFB0F0	LDR      r11,[pc,#240] ; [0xC004F638] = 0xC064D1C0
S:0xC004F54A	464F	MOV      r7,r9
S:0xC004F54C	F8D75090	LDR      r5,[r7,#0x90]
S:0xC004F550	07EA	LSLS     r2,r5,#31
S:0xC004F552	D46C	BMI      {pc}+0xdc ; 0xc004f62e
		Cycle Count: 3 (Atom Packet)
		Cycle Count: 77 (Branch Packet)
S:0xC004F554	F3BF8F5F	DMB      
S:0xC004F558	F8DB6000	LDR      r6,[r11,#0]
S:0xC004F55C	F8DB4054	LDR      r4,[r11,#0x54]
S:0xC004F560	E9DB230E	LDRD     r2,r3,[r11,#0x38]
S:0xC004F564	4630	MOV      r0,r6
S:0xC004F566	6831	LDR      r1,[r6,#0]
S:0xC004F568	1912	ADDS     r2,r2,r4
S:0xC004F56A	EB4373E4	ADC      r3,r3,r4,ASR #31
S:0xC004F56E	E9CD2306	STRD     r2,r3,[sp,#0x18]
S:0xC004F572	4788	BLX      r1
		Cycle Count: 61 (I-Sync Packet)
		Tracing enabled
S:0xC004F574	E9D62302	LDRD     r2,r3,[r6,#8]
S:0xC004F578	F8DBC004	LDR      r12,[r11,#4]
S:0xC004F57C	F8DB4008	LDR      r4,[r11,#8]
S:0xC004F580	E9CD2300	STRD     r2,r3,[sp,#0]
S:0xC004F584	E9D62304	LDRD     r2,r3,[r6,#0x10]
S:0xC004F588	F8DB6058	LDR      r6,[r11,#0x58]
S:0xC004F58C	E9CD2308	STRD     r2,r3,[sp,#0x20]
S:0xC004F590	E9DB2310	LDRD     r2,r3,[r11,#0x40]
S:0xC004F594	9604	STR      r6,[sp,#0x10]
S:0xC004F596	E9CD2302	STRD     r2,r3,[sp,#8]
S:0xC004F59A	17F3	ASRS     r3,r6,#31
S:0xC004F59C	9305	STR      r3,[sp,#0x14]
S:0xC004F59E	F1C40620	RSB      r6,r4,#0x20
S:0xC004F5A2	E9DD2300	LDRD     r2,r3,[sp,#0]
S:0xC004F5A6	1A80	SUBS     r0,r0,r2
S:0xC004F5A8	EB610103	SBC      r1,r1,r3
S:0xC004F5AC	E9DD2308	LDRD     r2,r3,[sp,#0x20]
S:0xC004F5B0	4010	ANDS     r0,r0,r2
S:0xC004F5B2	4019	ANDS     r1,r1,r3
S:0xC004F5B4	FBA0230C	UMULL    r2,r3,r0,r12
S:0xC004F5B8	FB0C3301	MLA      r3,r12,r1,r3
S:0xC004F5BC	E9DD0102	LDRD     r0,r1,[sp,#8]
S:0xC004F5C0	1880	ADDS     r0,r0,r2
S:0xC004F5C2	EB410103	ADC      r1,r1,r3
S:0xC004F5C6	F1B40320	SUBS     r3,r4,#0x20
S:0xC004F5CA	E9CD0102	STRD     r0,r1,[sp,#8]
S:0xC004F5CE	FA20F804	LSR      r8,r0,r4
S:0xC004F5D2	FA41F303	ASR      r3,r1,r3
S:0xC004F5D6	9903	LDR      r1,[sp,#0xc]
S:0xC004F5D8	9A03	LDR      r2,[sp,#0xc]
S:0xC004F5DA	FA01F606	LSL      r6,r1,r6
S:0xC004F5DE	EA480806	ORR      r8,r8,r6
S:0xC004F5E2	FA42F904	ASR      r9,r2,r4
S:0xC004F5E6	BF58	IT       PL
S:0xC004F5E8	EA480803	ORR      r8,r8,r3
S:0xC004F5EC	E9DD2304	LDRD     r2,r3,[sp,#0x10]
S:0xC004F5F0	EB120208	ADDS     r2,r2,r8
S:0xC004F5F4	EB430309	ADC      r3,r3,r9
S:0xC004F5F8	F3BF8F5F	DMB      
S:0xC004F5FC	F8D71090	LDR      r1,[r7,#0x90]
S:0xC004F600	428D	CMP      r5,r1
S:0xC004F602	D1A3	BNE      {pc}-0xb6 ; 0xc004f54c
		Cycle Count: 94 (Atom Packet)
		Cycle Count: 14 (Branch Packet)
S:0xC004F604	461D	MOV      r5,r3
S:0xC004F606	9906	LDR      r1,[sp,#0x18]
S:0xC004F608	F44F434A	MOV      r3,#0xca00
S:0xC004F60C	4614	MOV      r4,r2
S:0xC004F60E	F6C3339A	MOVT     r3,#0x3b9a
S:0xC004F612	4650	MOV      r0,r10
S:0xC004F614	FBC34501	SMLAL    r4,r5,r3,r1
S:0xC004F618	E9CA4500	STRD     r4,r5,[r10,#0]
S:0xC004F61C	B00B	ADD      sp,sp,#0x2c
S:0xC004F61E	E8BD8FF0	POP      {r4-r11,pc}
S:0xC02F4642	?	Cannot access target memory
		Cycle Count: 44 (Atom Packet)
S:?	?	Unknown instruction address
		Cycle Count: 14 (Atom Packet)
S:?	?	Unknown instruction address
		Cycle Count: 6 (Atom Packet)
S:?	?	Unknown instruction address
		Cycle Count: 1 (Atom Packet)
		Cycle Count: 539 (I-Sync Packet)
		Tracing enabled
S:0xC0020548	9B01	LDR      r3,[sp,#4]
S:0xC002054A	2B00	CMP      r3,#0
S:0xC002054C	BFBF	ITTTT    LT
S:0xC002054E	F103536E	ADD      r3,r3,#0x3b800000
S:0xC0020552	F50313D6	ADD      r3,r3,#0x1ac000
S:0xC0020556	F5036320	ADD      r3,r3,#0xa00
S:0xC002055A	F10030FF	ADD      r0,r0,#0xffffffff
S:0xC002055E	E8860009	STM      r6,{r0,r3}
S:0xC0020562	E7E5	B        {pc}-0x32 ; 0xc0020530
		Cycle Count: 2 (Atom Packet)
		Cycle Count: 9 (Branch Packet)
S:0xC0020530	4630	MOV      r0,r6
S:0xC0020532	B002	ADD      sp,sp,#8
S:0xC0020534	BD70	POP      {r4-r6,pc}
		Cycle Count: 7 (Branch Packet)
S:0xC0020576	9B01	LDR      r3,[sp,#4]
S:0xC0020578	F64452D3	MOV      r2,#0x4dd3
S:0xC002057C	9900	LDR      r1,[sp,#0]
S:0xC002057E	F2C10262	MOVT     r2,#0x1062
S:0xC0020582	4620	MOV      r0,r4
S:0xC0020584	FB825203	SMULL    r5,r2,r2,r3
S:0xC0020588	17DB	ASRS     r3,r3,#31
S:0xC002058A	6021	STR      r1,[r4,#0]
S:0xC002058C	EBC313A2	RSB      r3,r3,r2,ASR #6
S:0xC0020590	6063	STR      r3,[r4,#4]
S:0xC0020592	B003	ADD      sp,sp,#0xc
S:0xC0020594	BD30	POP      {r4,r5,pc}
		Cycle Count: 620 (I-Sync Packet)
		Tracing enabled
S:0xC000D94C	B900	CBNZ     r0,{pc}+4 ; 0xc000d950
		Cycle Count: 1 (Atom Packet)
		Cycle Count: 1 (Branch Packet)
S:0xC000D94E	BD08	POP      {r3,pc}
S:0xC004E2F4	F3EF8300	MRS      r3,APSR ; formerly CPSR
S:0xC004E2F8	061A	LSLS     r2,r3,#24
S:0xC004E2FA	D465	BMI      {pc}+0xce ; 0xc004e3c8
		Cycle Count: 21 (Atom Packet)
S:0xC004E2FC	F021FD9A	BL       {pc}+0x21b38 ; 0xc006fe34
		Cycle Count: 4 (Atom Packet)
		Cycle Count: 860 (I-Sync Packet)
		Tracing enabled
S:0xC004E300	F7BFFB0C	BL       {pc}-0x409e4 ; 0xc000d91c
		Cycle Count: 1 (Atom Packet)
S:0xC000D91C	B508	PUSH     {r3,lr}
S:0xC000D91E	B500	PUSH     {lr}
S:0xC000D920	F85DEB04	POP      {lr}
S:0xC000D924	2001	MOVS     r0,#1
S:0xC000D926	F2F6FCD3	BL       {pc}+0x2f69aa ; 0xc03042d0
		Cycle Count: 8 (Atom Packet)
		Cycle Count: 4,437 (I-Sync Packet)
		Tracing enabled
S:0xC000D92A	2002	MOVS     r0,#2
S:0xC000D92C	E8BD4008	POP      {r3,lr}
S:0xC000D930	F010BABA	B.W      {pc}+0x10578 ; 0xc001dea8
		Cycle Count: 1 (Atom Packet)
S:0xC001DEA8	B500	PUSH     {lr}
S:0xC001DEAA	F85DEB04	POP      {lr}
S:0xC001DEAE	4601	MOV      r1,r0
S:0xC001DEB0	F6490090	MOV      r0,#0x9890
S:0xC001DEB4	F2CC0064	MOVT     r0,#0xc064
S:0xC001DEB8	2200	MOVS     r2,#0
S:0xC001DEBA	F018BD2B	B.W      {pc}+0x18a5a ; 0xc0036914
		Cycle Count: 1 (Atom Packet)
S:0xC0036914	B510	PUSH     {r4,lr}
S:0xC0036916	B082	SUB      sp,sp,#8
S:0xC0036918	B500	PUSH     {lr}
S:0xC003691A	F85DEB04	POP      {lr}
S:0xC003691E	2400	MOVS     r4,#0
S:0xC0036920	F04F33FF	MOV      r3,#0xffffffff
S:0xC0036924	9400	STR      r4,[sp,#0]
S:0xC0036926	F7FFFFE9	BL       {pc}-0x2a ; 0xc00368fc
		Cycle Count: 7 (Atom Packet)
S:0xC00368FC	B510	PUSH     {r4,lr}
S:0xC00368FE	B082	SUB      sp,sp,#8
S:0xC0036900	B500	PUSH     {lr}
S:0xC0036902	F85DEB04	POP      {lr}
S:0xC0036906	9C04	LDR      r4,[sp,#0x10]
S:0xC0036908	9400	STR      r4,[sp,#0]
S:0xC003690A	3004	ADDS     r0,#4
S:0xC003690C	F7FFFFCC	BL       {pc}-0x64 ; 0xc00368a8
		Cycle Count: 3 (Atom Packet)
S:0xC00368A8	E92D41F0	PUSH     {r4-r8,lr}
S:0xC00368AC	B500	PUSH     {lr}
S:0xC00368AE	F85DEB04	POP      {lr}
S:0xC00368B2	461D	MOV      r5,r3
S:0xC00368B4	6804	LDR      r4,[r0,#0]
S:0xC00368B6	460F	MOV      r7,r1
S:0xC00368B8	4690	MOV      r8,r2
S:0xC00368BA	9E06	LDR      r6,[sp,#0x18]
S:0xC00368BC	2B00	CMP      r3,#0
S:0xC00368BE	BF18	IT       NE
S:0xC00368C0	2C00	CMP      r4,#0
S:0xC00368C2	BF0C	ITE      EQ
S:0xC00368C4	2000	MOVS     r0,#0
S:0xC00368C6	2001	MOVS     r0,#1
S:0xC00368C8	D10A	BNE      {pc}+0x18 ; 0xc00368e0
		Cycle Count: 118 (Atom Packet)
S:0xC00368CA	E015	B        {pc}+0x2e ; 0xc00368f8
		Cycle Count: 9 (Atom Packet)
		Cycle Count: 19 (Branch Packet)
S:0xC00368F8	E8BD81F0	POP      {r4-r8,pc}
		Cycle Count: 2 (Branch Packet)
S:0xC0036910	B002	ADD      sp,sp,#8
S:0xC0036912	BD10	POP      {r4,pc}
		Cycle Count: 5 (Branch Packet)
S:0xC003692A	B002	ADD      sp,sp,#8
S:0xC003692C	BD10	POP      {r4,pc}
S:0xC004E304	6833	LDR      r3,[r6,#0]
S:0xC004E306	46B3	MOV      r11,r6
S:0xC004E308	079B	LSLS     r3,r3,#30
S:0xC004E30A	D458	BMI      {pc}+0xb4 ; 0xc004e3be
		Cycle Count: 5 (Atom Packet)
S:0xC004E3BE	F007FCA9	BL       {pc}+0x7956 ; 0xc0055d14
		Cycle Count: 47 (Atom Packet)
S:0xC0055D14	E92D47F0	PUSH     {r4-r10,lr}
S:0xC0055D18	B084	SUB      sp,sp,#0x10
S:0xC0055D1A	B500	PUSH     {lr}
S:0xC0055D1C	F85DEB04	POP      {lr}
S:0xC0055D20	466A	MOV      r2,sp
S:0xC0055D22	F42253FF	BIC      r3,r2,#0x1fe0
S:0xC0055D26	4F52	LDR      r7,[pc,#328] ; [0xC0055E70] = 0xC05FD5C0
S:0xC0055D28	F023031F	BIC      r3,r3,#0x1f
S:0xC0055D2C	4D51	LDR      r5,[pc,#324] ; [0xC0055E74] = 0xC05F0808
S:0xC0055D2E	695C	LDR      r4,[r3,#0x14]
S:0xC0055D30	46A8	MOV      r8,r5
S:0xC0055D32	F8573024	LDR      r3,[r7,r4,LSL #2]
S:0xC0055D36	4498	ADD      r8,r8,r3
S:0xC0055D38	B672	CPSID    i
S:0xC0055D3A	F8D83058	LDR      r3,[r8,#0x58]
S:0xC0055D3E	2B00	CMP      r3,#0
S:0xC0055D40	F0008089	BEQ.W    {pc}+0x116 ; 0xc0055e56
		Cycle Count: 390 (Atom Packet)
S:0xC0055D44	2300	MOVS     r3,#0
S:0xC0055D46	F8C83058	STR      r3,[r8,#0x58]
S:0xC0055D4A	F29FFC6F	BL       {pc}+0x29f8e2 ; 0xc02f562c
		Cycle Count: 2 (Atom Packet)
		Cycle Count: 472 (I-Sync Packet)
		Tracing enabled
S:0xC0055D4E	F8D8306C	LDR      r3,[r8,#0x6c]
S:0xC0055D52	B91B	CBNZ     r3,{pc}+0xa ; 0xc0055d5c
		Cycle Count: 3 (Atom Packet)
S:0xC0055D54	F8D8305C	LDR      r3,[r8,#0x5c]
S:0xC0055D58	2B00	CMP      r3,#0
S:0xC0055D5A	D064	BEQ      {pc}+0xcc ; 0xc0055e26
		Cycle Count: 2 (Atom Packet)
S:0xC0055D5C	A802	ADD      r0,sp,#8
S:0xC0055D5E	F7F9FBE5	BL       {pc}-0x6832 ; 0xc004f52c
		Cycle Count: 1 (Atom Packet)
S:0xC004F52C	E92D4FF0	PUSH     {r4-r11,lr}
S:0xC004F530	B08B	SUB      sp,sp,#0x2c
S:0xC004F532	B500	PUSH     {lr}
S:0xC004F534	F85DEB04	POP      {lr}
S:0xC004F538	4B3D	LDR      r3,[pc,#244] ; [0xC004F630] = 0xC05FC59C
S:0xC004F53A	4682	MOV      r10,r0
S:0xC004F53C	681B	LDR      r3,[r3,#0]
S:0xC004F53E	2B00	CMP      r3,#0
S:0xC004F540	D16F	BNE      {pc}+0xe2 ; 0xc004f622
		Cycle Count: 19 (Atom Packet)
S:0xC004F542	F8DF90F4	LDR      r9,[pc,#244] ; [0xC004F638] = 0xC064D1C0
S:0xC004F546	F8DFB0F0	LDR      r11,[pc,#240] ; [0xC004F638] = 0xC064D1C0
S:0xC004F54A	464F	MOV      r7,r9
S:0xC004F54C	F8D75090	LDR      r5,[r7,#0x90]
S:0xC004F550	07EA	LSLS     r2,r5,#31
S:0xC004F552	D46C	BMI      {pc}+0xdc ; 0xc004f62e
		Cycle Count: 3 (Atom Packet)
		Cycle Count: 309 (Branch Packet)
S:0xC004F554	F3BF8F5F	DMB      
S:0xC004F558	F8DB6000	LDR      r6,[r11,#0]
S:0xC004F55C	F8DB4054	LDR      r4,[r11,#0x54]
S:0xC004F560	E9DB230E	LDRD     r2,r3,[r11,#0x38]
S:0xC004F564	4630	MOV      r0,r6
S:0xC004F566	6831	LDR      r1,[r6,#0]
S:0xC004F568	1912	ADDS     r2,r2,r4
S:0xC004F56A	EB4373E4	ADC      r3,r3,r4,ASR #31
S:0xC004F56E	E9CD2306	STRD     r2,r3,[sp,#0x18]
S:0xC004F572	4788	BLX      r1
		Cycle Count: 61 (I-Sync Packet)
		Tracing enabled
S:0xC004F574	E9D62302	LDRD     r2,r3,[r6,#8]
S:0xC004F578	F8DBC004	LDR      r12,[r11,#4]
S:0xC004F57C	F8DB4008	LDR      r4,[r11,#8]
S:0xC004F580	E9CD2300	STRD     r2,r3,[sp,#0]
S:0xC004F584	E9D62304	LDRD     r2,r3,[r6,#0x10]
S:0xC004F588	F8DB6058	LDR      r6,[r11,#0x58]
S:0xC004F58C	E9CD2308	STRD     r2,r3,[sp,#0x20]
S:0xC004F590	E9DB2310	LDRD     r2,r3,[r11,#0x40]
S:0xC004F594	9604	STR      r6,[sp,#0x10]
S:0xC004F596	E9CD2302	STRD     r2,r3,[sp,#8]
S:0xC004F59A	17F3	ASRS     r3,r6,#31
S:0xC004F59C	9305	STR      r3,[sp,#0x14]
S:0xC004F59E	F1C40620	RSB      r6,r4,#0x20
S:0xC004F5A2	E9DD2300	LDRD     r2,r3,[sp,#0]
S:0xC004F5A6	1A80	SUBS     r0,r0,r2
S:0xC004F5A8	EB610103	SBC      r1,r1,r3
S:0xC004F5AC	E9DD2308	LDRD     r2,r3,[sp,#0x20]
S:0xC004F5B0	4010	ANDS     r0,r0,r2
S:0xC004F5B2	4019	ANDS     r1,r1,r3
S:0xC004F5B4	FBA0230C	UMULL    r2,r3,r0,r12
S:0xC004F5B8	FB0C3301	MLA      r3,r12,r1,r3
S:0xC004F5BC	E9DD0102	LDRD     r0,r1,[sp,#8]
S:0xC004F5C0	1880	ADDS     r0,r0,r2
S:0xC004F5C2	EB410103	ADC      r1,r1,r3
S:0xC004F5C6	F1B40320	SUBS     r3,r4,#0x20
S:0xC004F5CA	E9CD0102	STRD     r0,r1,[sp,#8]
S:0xC004F5CE	FA20F804	LSR      r8,r0,r4
S:0xC004F5D2	FA41F303	ASR      r3,r1,r3
S:0xC004F5D6	9903	LDR      r1,[sp,#0xc]
S:0xC004F5D8	9A03	LDR      r2,[sp,#0xc]
S:0xC004F5DA	FA01F606	LSL      r6,r1,r6
S:0xC004F5DE	EA480806	ORR      r8,r8,r6
S:0xC004F5E2	FA42F904	ASR      r9,r2,r4
S:0xC004F5E6	BF58	IT       PL
S:0xC004F5E8	EA480803	ORR      r8,r8,r3
S:0xC004F5EC	E9DD2304	LDRD     r2,r3,[sp,#0x10]
S:0xC004F5F0	EB120208	ADDS     r2,r2,r8
S:0xC004F5F4	EB430309	ADC      r3,r3,r9
S:0xC004F5F8	F3BF8F5F	DMB      
S:0xC004F5FC	F8D71090	LDR      r1,[r7,#0x90]
S:0xC004F600	428D	CMP      r5,r1
S:0xC004F602	D1A3	BNE      {pc}-0xb6 ; 0xc004f54c
		Cycle Count: 89 (Atom Packet)
		Cycle Count: 6 (Branch Packet)
S:0xC004F604	461D	MOV      r5,r3
S:0xC004F606	9906	LDR      r1,[sp,#0x18]
S:0xC004F608	F44F434A	MOV      r3,#0xca00
S:0xC004F60C	4614	MOV      r4,r2
S:0xC004F60E	F6C3339A	MOVT     r3,#0x3b9a
S:0xC004F612	4650	MOV      r0,r10
S:0xC004F614	FBC34501	SMLAL    r4,r5,r3,r1
S:0xC004F618	E9CA4500	STRD     r4,r5,[r10,#0]
S:0xC004F61C	B00B	ADD      sp,sp,#0x2c
S:0xC004F61E	E8BD8FF0	POP      {r4-r11,pc}
S:0xC0055D62	F8D8306C	LDR      r3,[r8,#0x6c]
S:0xC0055D66	F8DDA008	LDR      r10,[sp,#8]
S:0xC0055D6A	9E03	LDR      r6,[sp,#0xc]
S:0xC0055D6C	2B00	CMP      r3,#0
S:0xC0055D6E	D15E	BNE      {pc}+0xc0 ; 0xc0055e2e
		Cycle Count: 7 (Atom Packet)
S:0xC0055D70	F8D8305C	LDR      r3,[r8,#0x5c]
S:0xC0055D74	2B00	CMP      r3,#0
S:0xC0055D76	D056	BEQ      {pc}+0xb0 ; 0xc0055e26
		Cycle Count: 1 (Atom Packet)
S:0xC0055D78	4650	MOV      r0,r10
S:0xC0055D7A	4631	MOV      r1,r6
S:0xC0055D7C	F7FFFBFA	BL       {pc}-0x808 ; 0xc0055574
		Cycle Count: 1 (Atom Packet)
S:0xC0055574	E92D47F0	PUSH     {r4-r10,lr}
S:0xC0055578	B500	PUSH     {lr}
S:0xC005557A	F85DEB04	POP      {lr}
S:0xC005557E	4604	MOV      r4,r0
S:0xC0055580	F8DF80D8	LDR      r8,[pc,#216] ; [0xC005565C] = 0xC064D4C8
S:0xC0055584	460D	MOV      r5,r1
S:0xC0055586	F8DF90D8	LDR      r9,[pc,#216] ; [0xC0055660] = 0xC064D488
S:0xC005558A	E9D82302	LDRD     r2,r3,[r8,#8]
S:0xC005558E	E9D90100	LDRD     r0,r1,[r9,#0]
S:0xC0055592	1AA2	SUBS     r2,r4,r2
S:0xC0055594	EB650303	SBC      r3,r5,r3
S:0xC0055598	4282	CMP      r2,r0
S:0xC005559A	EB730601	SBCS     r6,r3,r1
S:0xC005559E	DA01	BGE      {pc}+6 ; 0xc00555a4
		Cycle Count: 20 (Atom Packet)
		Cycle Count: 5 (Branch Packet)
S:0xC00555A0	E8BD87F0	POP      {r4-r10,pc}
S:0xC0055D80	F8DF9100	LDR      r9,[pc,#256] ; [0xC0055E84] = 0xC064D488
S:0xC0055D84	F7E6FE24	BL       {pc}-0x193b4 ; 0xc003c9d0
		Cycle Count: 1 (Atom Packet)
S:0xC003C9D0	E92D41F0	PUSH     {r4-r8,lr}
S:0xC003C9D4	AF00	ADD      r7,sp,#0
S:0xC003C9D6	B500	PUSH     {lr}
S:0xC003C9D8	F85DEB04	POP      {lr}
S:0xC003C9DC	4B11	LDR      r3,[pc,#68] ; [0xC003CA24] = 0xC05F60C0
S:0xC003C9DE	4C12	LDR      r4,[pc,#72] ; [0xC003CA28] = 0xC05F3080
S:0xC003C9E0	EE1D8F90	MRC      p15,#0x0,r8,c13,c0,#4
S:0xC003C9E4	EB080504	ADD      r5,r8,r4
S:0xC003C9E8	681E	LDR      r6,[r3,#0]
S:0xC003C9EA	69EB	LDR      r3,[r5,#0x1c]
S:0xC003C9EC	42B3	CMP      r3,r6
S:0xC003C9EE	D010	BEQ      {pc}+0x24 ; 0xc003ca12
		Cycle Count: 119 (Atom Packet)
S:0xC003C9F0	4628	MOV      r0,r5
S:0xC003C9F2	F3A7FDE1	BL       {pc}+0x3a7bc6 ; 0xc03e45b8
		Cycle Count: 2 (Atom Packet)
		Cycle Count: 36 (I-Sync Packet)
		Tracing enabled
S:0xC003C9F6	69EA	LDR      r2,[r5,#0x1c]
S:0xC003C9F8	1AB2	SUBS     r2,r6,r2
S:0xC003C9FA	D10C	BNE      {pc}+0x1c ; 0xc003ca16
		Cycle Count: 156 (Atom Packet)
S:0xC003CA16	61EE	STR      r6,[r5,#0x1c]
S:0xC003CA18	4628	MOV      r0,r5
S:0xC003CA1A	2100	MOVS     r1,#0
S:0xC003CA1C	F7FFF958	BL       {pc}-0xd4c ; 0xc003bcd0
		Cycle Count: 17 (Atom Packet)
S:0xC003BCD0	E92D0FF0	PUSH     {r4-r11}
S:0xC003BCD4	B082	SUB      sp,sp,#8
S:0xC003BCD6	AF00	ADD      r7,sp,#0
S:0xC003BCD8	B500	PUSH     {lr}
S:0xC003BCDA	F85DEB04	POP      {lr}
S:0xC003BCDE	F8DF8094	LDR      r8,[pc,#148] ; [0xC003BD74] = 0xC03E7C64
S:0xC003BCE2	3A01	SUBS     r2,#1
S:0xC003BCE4	6B83	LDR      r3,[r0,#0x38]
S:0xC003BCE6	4684	MOV      r12,r0
S:0xC003BCE8	F1080A20	ADD      r10,r8,#0x20
S:0xC003BCEC	F04F0902	MOV      r9,#2
S:0xC003BCF0	2601	MOVS     r6,#1
S:0xC003BCF2	1E4C	SUBS     r4,r1,#1
S:0xC003BCF4	199B	ADDS     r3,r3,r6
S:0xC003BCF6	607C	STR      r4,[r7,#4]
S:0xC003BCF8	6081	STR      r1,[r0,#8]
S:0xC003BCFA	6383	STR      r3,[r0,#0x38]
S:0xC003BCFC	F8DC500C	LDR      r5,[r12,#0xc]
S:0xC003BD00	B1C2	CBZ      r2,{pc}+0x34 ; 0xc003bd34
		Cycle Count: 152 (Atom Packet)
S:0xC003BD02	F816300A	LDRB     r3,[r6,r10]
S:0xC003BD06	429A	CMP      r2,r3
S:0xC003BD08	BF24	ITT      CS
S:0xC003BD0A	2300	MOVS     r3,#0
S:0xC003BD0C	461D	MOV      r5,r3
S:0xC003BD0E	D215	BCS      {pc}+0x2e ; 0xc003bd3c
		Cycle Count: 266 (Atom Packet)
S:0xC003BD3C	42A9	CMP      r1,r5
S:0xC003BD3E	F1080808	ADD      r8,r8,#8
S:0xC003BD42	BF92	ITEE     LS
S:0xC003BD44	460C	MOV      r4,r1
S:0xC003BD46	687D	LDR      r5,[r7,#4]
S:0xC003BD48	EB050409	ADD      r4,r5,r9
S:0xC003BD4C	EA4F0949	LSL      r9,r9,#1
S:0xC003BD50	18E3	ADDS     r3,r4,r3
S:0xC003BD52	40F3	LSRS     r3,r3,r6
S:0xC003BD54	3601	ADDS     r6,#1
S:0xC003BD56	2E05	CMP      r6,#5
S:0xC003BD58	F8CC300C	STR      r3,[r12,#0xc]
S:0xC003BD5C	F10C0C04	ADD      r12,r12,#4
S:0xC003BD60	D1CC	BNE      {pc}-0x64 ; 0xc003bcfc
		Cycle Count: 21 (Atom Packet)
S:0xC003BCFC	F8DC500C	LDR      r5,[r12,#0xc]
S:0xC003BD00	B1C2	CBZ      r2,{pc}+0x34 ; 0xc003bd34
		Cycle Count: 4 (Atom Packet)
S:0xC003BD02	F816300A	LDRB     r3,[r6,r10]
S:0xC003BD06	429A	CMP      r2,r3
S:0xC003BD08	BF24	ITT      CS
S:0xC003BD0A	2300	MOVS     r3,#0
S:0xC003BD0C	461D	MOV      r5,r3
S:0xC003BD0E	D215	BCS      {pc}+0x2e ; 0xc003bd3c
		Cycle Count: 1 (Atom Packet)
S:0xC003BD3C	42A9	CMP      r1,r5
S:0xC003BD3E	F1080808	ADD      r8,r8,#8
S:0xC003BD42	BF92	ITEE     LS
S:0xC003BD44	460C	MOV      r4,r1
S:0xC003BD46	687D	LDR      r5,[r7,#4]
S:0xC003BD48	EB050409	ADD      r4,r5,r9
S:0xC003BD4C	EA4F0949	LSL      r9,r9,#1
S:0xC003BD50	18E3	ADDS     r3,r4,r3
S:0xC003BD52	40F3	LSRS     r3,r3,r6
S:0xC003BD54	3601	ADDS     r6,#1
S:0xC003BD56	2E05	CMP      r6,#5
S:0xC003BD58	F8CC300C	STR      r3,[r12,#0xc]
S:0xC003BD5C	F10C0C04	ADD      r12,r12,#4
S:0xC003BD60	D1CC	BNE      {pc}-0x64 ; 0xc003bcfc
		Cycle Count: 11 (Atom Packet)
S:0xC003BCFC	F8DC500C	LDR      r5,[r12,#0xc]
S:0xC003BD00	B1C2	CBZ      r2,{pc}+0x34 ; 0xc003bd34
		Cycle Count: 1 (Atom Packet)
S:0xC003BD02	F816300A	LDRB     r3,[r6,r10]
S:0xC003BD06	429A	CMP      r2,r3
S:0xC003BD08	BF24	ITT      CS
S:0xC003BD0A	2300	MOVS     r3,#0
S:0xC003BD0C	461D	MOV      r5,r3
S:0xC003BD0E	D215	BCS      {pc}+0x2e ; 0xc003bd3c
		Cycle Count: 1 (Atom Packet)
S:0xC003BD10	2E01	CMP      r6,#1
S:0xC003BD12	BF1C	ITT      NE
S:0xC003BD14	4613	MOV      r3,r2
S:0xC003BD16	2400	MOVS     r4,#0
S:0xC003BD18	D02A	BEQ      {pc}+0x58 ; 0xc003bd70
		Cycle Count: 11 (Atom Packet)
S:0xC003BD1A	F0130F01	TST      r3,#1
S:0xC003BD1E	BF18	IT       NE
S:0xC003BD20	F818B004	LDRB     r11,[r8,r4]
S:0xC003BD24	F1040401	ADD      r4,r4,#1
S:0xC003BD28	BF1C	ITT      NE
S:0xC003BD2A	FB05F50B	MUL      r5,r5,r11
S:0xC003BD2E	09ED	LSRS     r5,r5,#7
S:0xC003BD30	085B	LSRS     r3,r3,#1
S:0xC003BD32	D1F2	BNE      {pc}-0x18 ; 0xc003bd1a
		Cycle Count: 156 (Atom Packet)
S:0xC003BD1A	F0130F01	TST      r3,#1
S:0xC003BD1E	BF18	IT       NE
S:0xC003BD20	F818B004	LDRB     r11,[r8,r4]
S:0xC003BD24	F1040401	ADD      r4,r4,#1
S:0xC003BD28	BF1C	ITT      NE
S:0xC003BD2A	FB05F50B	MUL      r5,r5,r11
S:0xC003BD2E	09ED	LSRS     r5,r5,#7
S:0xC003BD30	085B	LSRS     r3,r3,#1
S:0xC003BD32	D1F2	BNE      {pc}-0x18 ; 0xc003bd1a
		Cycle Count: 6 (Atom Packet)
S:0xC003BD1A	F0130F01	TST      r3,#1
S:0xC003BD1E	BF18	IT       NE
S:0xC003BD20	F818B004	LDRB     r11,[r8,r4]
S:0xC003BD24	F1040401	ADD      r4,r4,#1
S:0xC003BD28	BF1C	ITT      NE
S:0xC003BD2A	FB05F50B	MUL      r5,r5,r11
S:0xC003BD2E	09ED	LSRS     r5,r5,#7
S:0xC003BD30	085B	LSRS     r3,r3,#1
S:0xC003BD32	D1F2	BNE      {pc}-0x18 ; 0xc003bd1a
		Cycle Count: 6 (Atom Packet)
S:0xC003BD1A	F0130F01	TST      r3,#1
S:0xC003BD1E	BF18	IT       NE
S:0xC003BD20	F818B004	LDRB     r11,[r8,r4]
S:0xC003BD24	F1040401	ADD      r4,r4,#1
S:0xC003BD28	BF1C	ITT      NE
S:0xC003BD2A	FB05F50B	MUL      r5,r5,r11
S:0xC003BD2E	09ED	LSRS     r5,r5,#7
S:0xC003BD30	085B	LSRS     r3,r3,#1
S:0xC003BD32	D1F2	BNE      {pc}-0x18 ; 0xc003bd1a
		Cycle Count: 13 (Atom Packet)
S:0xC003BD1A	F0130F01	TST      r3,#1
S:0xC003BD1E	BF18	IT       NE
S:0xC003BD20	F818B004	LDRB     r11,[r8,r4]
S:0xC003BD24	F1040401	ADD      r4,r4,#1
S:0xC003BD28	BF1C	ITT      NE
S:0xC003BD2A	FB05F50B	MUL      r5,r5,r11
S:0xC003BD2E	09ED	LSRS     r5,r5,#7
S:0xC003BD30	085B	LSRS     r3,r3,#1
S:0xC003BD32	D1F2	BNE      {pc}-0x18 ; 0xc003bd1a
		Cycle Count: 2 (Atom Packet)
S:0xC003BD1A	F0130F01	TST      r3,#1
S:0xC003BD1E	BF18	IT       NE
S:0xC003BD20	F818B004	LDRB     r11,[r8,r4]
S:0xC003BD24	F1040401	ADD      r4,r4,#1
S:0xC003BD28	BF1C	ITT      NE
S:0xC003BD2A	FB05F50B	MUL      r5,r5,r11
S:0xC003BD2E	09ED	LSRS     r5,r5,#7
S:0xC003BD30	085B	LSRS     r3,r3,#1
S:0xC003BD32	D1F2	BNE      {pc}-0x18 ; 0xc003bd1a
		Cycle Count: 3 (Atom Packet)
S:0xC003BD34	F10933FF	ADD      r3,r9,#0xffffffff
S:0xC003BD38	FB03F305	MUL      r3,r3,r5
S:0xC003BD3C	42A9	CMP      r1,r5
S:0xC003BD3E	F1080808	ADD      r8,r8,#8
S:0xC003BD42	BF92	ITEE     LS
S:0xC003BD44	460C	MOV      r4,r1
S:0xC003BD46	687D	LDR      r5,[r7,#4]
S:0xC003BD48	EB050409	ADD      r4,r5,r9
S:0xC003BD4C	EA4F0949	LSL      r9,r9,#1
S:0xC003BD50	18E3	ADDS     r3,r4,r3
S:0xC003BD52	40F3	LSRS     r3,r3,r6
S:0xC003BD54	3601	ADDS     r6,#1
S:0xC003BD56	2E05	CMP      r6,#5
S:0xC003BD58	F8CC300C	STR      r3,[r12,#0xc]
S:0xC003BD5C	F10C0C04	ADD      r12,r12,#4
S:0xC003BD60	D1CC	BNE      {pc}-0x64 ; 0xc003bcfc
		Cycle Count: 10 (Atom Packet)
S:0xC003BCFC	F8DC500C	LDR      r5,[r12,#0xc]
S:0xC003BD00	B1C2	CBZ      r2,{pc}+0x34 ; 0xc003bd34
		Cycle Count: 1 (Atom Packet)
S:0xC003BD02	F816300A	LDRB     r3,[r6,r10]
S:0xC003BD06	429A	CMP      r2,r3
S:0xC003BD08	BF24	ITT      CS
S:0xC003BD0A	2300	MOVS     r3,#0
S:0xC003BD0C	461D	MOV      r5,r3
S:0xC003BD0E	D215	BCS      {pc}+0x2e ; 0xc003bd3c
		Cycle Count: 1 (Atom Packet)
S:0xC003BD10	2E01	CMP      r6,#1
S:0xC003BD12	BF1C	ITT      NE
S:0xC003BD14	4613	MOV      r3,r2
S:0xC003BD16	2400	MOVS     r4,#0
S:0xC003BD18	D02A	BEQ      {pc}+0x58 ; 0xc003bd70
		Cycle Count: 2 (Atom Packet)
S:0xC003BD1A	F0130F01	TST      r3,#1
S:0xC003BD1E	BF18	IT       NE
S:0xC003BD20	F818B004	LDRB     r11,[r8,r4]
S:0xC003BD24	F1040401	ADD      r4,r4,#1
S:0xC003BD28	BF1C	ITT      NE
S:0xC003BD2A	FB05F50B	MUL      r5,r5,r11
S:0xC003BD2E	09ED	LSRS     r5,r5,#7
S:0xC003BD30	085B	LSRS     r3,r3,#1
S:0xC003BD32	D1F2	BNE      {pc}-0x18 ; 0xc003bd1a
		Cycle Count: 6 (Atom Packet)
S:0xC003BD1A	F0130F01	TST      r3,#1
S:0xC003BD1E	BF18	IT       NE
S:0xC003BD20	F818B004	LDRB     r11,[r8,r4]
S:0xC003BD24	F1040401	ADD      r4,r4,#1
S:0xC003BD28	BF1C	ITT      NE
S:0xC003BD2A	FB05F50B	MUL      r5,r5,r11
S:0xC003BD2E	09ED	LSRS     r5,r5,#7
S:0xC003BD30	085B	LSRS     r3,r3,#1
S:0xC003BD32	D1F2	BNE      {pc}-0x18 ; 0xc003bd1a
		Cycle Count: 11 (Atom Packet)
S:0xC003BD1A	F0130F01	TST      r3,#1
S:0xC003BD1E	BF18	IT       NE
S:0xC003BD20	F818B004	LDRB     r11,[r8,r4]
S:0xC003BD24	F1040401	ADD      r4,r4,#1
S:0xC003BD28	BF1C	ITT      NE
S:0xC003BD2A	FB05F50B	MUL      r5,r5,r11
S:0xC003BD2E	09ED	LSRS     r5,r5,#7
S:0xC003BD30	085B	LSRS     r3,r3,#1
S:0xC003BD32	D1F2	BNE      {pc}-0x18 ; 0xc003bd1a
		Cycle Count: 2 (Atom Packet)
S:0xC003BD1A	F0130F01	TST      r3,#1
S:0xC003BD1E	BF18	IT       NE
S:0xC003BD20	F818B004	LDRB     r11,[r8,r4]
S:0xC003BD24	F1040401	ADD      r4,r4,#1
S:0xC003BD28	BF1C	ITT      NE
S:0xC003BD2A	FB05F50B	MUL      r5,r5,r11
S:0xC003BD2E	09ED	LSRS     r5,r5,#7
S:0xC003BD30	085B	LSRS     r3,r3,#1
S:0xC003BD32	D1F2	BNE      {pc}-0x18 ; 0xc003bd1a
		Cycle Count: 6 (Atom Packet)
S:0xC003BD1A	F0130F01	TST      r3,#1
S:0xC003BD1E	BF18	IT       NE
S:0xC003BD20	F818B004	LDRB     r11,[r8,r4]
S:0xC003BD24	F1040401	ADD      r4,r4,#1
S:0xC003BD28	BF1C	ITT      NE
S:0xC003BD2A	FB05F50B	MUL      r5,r5,r11
S:0xC003BD2E	09ED	LSRS     r5,r5,#7
S:0xC003BD30	085B	LSRS     r3,r3,#1
S:0xC003BD32	D1F2	BNE      {pc}-0x18 ; 0xc003bd1a
		Cycle Count: 6 (Atom Packet)
S:0xC003BD1A	F0130F01	TST      r3,#1
S:0xC003BD1E	BF18	IT       NE
S:0xC003BD20	F818B004	LDRB     r11,[r8,r4]
S:0xC003BD24	F1040401	ADD      r4,r4,#1
S:0xC003BD28	BF1C	ITT      NE
S:0xC003BD2A	FB05F50B	MUL      r5,r5,r11
S:0xC003BD2E	09ED	LSRS     r5,r5,#7
S:0xC003BD30	085B	LSRS     r3,r3,#1
S:0xC003BD32	D1F2	BNE      {pc}-0x18 ; 0xc003bd1a
		Cycle Count: 8 (Atom Packet)
S:0xC003BD34	F10933FF	ADD      r3,r9,#0xffffffff
S:0xC003BD38	FB03F305	MUL      r3,r3,r5
S:0xC003BD3C	42A9	CMP      r1,r5
S:0xC003BD3E	F1080808	ADD      r8,r8,#8
S:0xC003BD42	BF92	ITEE     LS
S:0xC003BD44	460C	MOV      r4,r1
S:0xC003BD46	687D	LDR      r5,[r7,#4]
S:0xC003BD48	EB050409	ADD      r4,r5,r9
S:0xC003BD4C	EA4F0949	LSL      r9,r9,#1
S:0xC003BD50	18E3	ADDS     r3,r4,r3
S:0xC003BD52	40F3	LSRS     r3,r3,r6
S:0xC003BD54	3601	ADDS     r6,#1
S:0xC003BD56	2E05	CMP      r6,#5
S:0xC003BD58	F8CC300C	STR      r3,[r12,#0xc]
S:0xC003BD5C	F10C0C04	ADD      r12,r12,#4
S:0xC003BD60	D1CC	BNE      {pc}-0x64 ; 0xc003bcfc
		Cycle Count: 8 (Atom Packet)
S:0xC003BD62	F1070708	ADD      r7,r7,#8
S:0xC003BD66	46BD	MOV      sp,r7
S:0xC003BD68	E8BD0FF0	POP      {r4-r11}
S:0xC003BD6C	F7FFBF70	B.W      {pc}-0x11c ; 0xc003bc50
		Cycle Count: 18 (Atom Packet)
S:0xC003BC50	E92D03F0	PUSH     {r4-r9}
S:0xC003BC54	AF00	ADD      r7,sp,#0
S:0xC003BC56	B500	PUSH     {lr}
S:0xC003BC58	F85DEB04	POP      {lr}
S:0xC003BC5C	4B1B	LDR      r3,[pc,#108] ; [0xC003BCCC] = 0xC05FC564
S:0xC003BC5E	F2442C40	MOV      r12,#0x4240
S:0xC003BC62	F500619B	ADD      r1,r0,#0x4d8
S:0xC003BC66	F2C00C0F	MOVT     r12,#0xf
S:0xC003BC6A	F500668F	ADD      r6,r0,#0x478
S:0xC003BC6E	F8D38008	LDR      r8,[r3,#8]
S:0xC003BC72	E9D64500	LDRD     r4,r5,[r6,#0]
S:0xC003BC76	E9D12300	LDRD     r2,r3,[r1,#0]
S:0xC003BC7A	FBA8890C	UMULL    r8,r9,r8,r12
S:0xC003BC7E	1AA4	SUBS     r4,r4,r2
S:0xC003BC80	EB650503	SBC      r5,r5,r3
S:0xC003BC84	EA5F0959	LSRS     r9,r9,#1
S:0xC003BC88	EA4F0838	RRX      r8,r8
S:0xC003BC8C	45A0	CMP      r8,r4
S:0xC003BC8E	EB790C05	SBCS     r12,r9,r5
S:0xC003BC92	DA17	BGE      {pc}+0x32 ; 0xc003bcc4
		Cycle Count: 150 (Atom Packet)
S:0xC003BC94	F500609A	ADD      r0,r0,#0x4d0
S:0xC003BC98	EB120208	ADDS     r2,r2,r8
S:0xC003BC9C	EB430309	ADC      r3,r3,r9
S:0xC003BCA0	E9C12300	STRD     r2,r3,[r1,#0]
S:0xC003BCA4	E9D04500	LDRD     r4,r5,[r0,#0]
S:0xC003BCA8	086D	LSRS     r5,r5,#1
S:0xC003BCAA	EA4F0434	RRX      r4,r4
S:0xC003BCAE	E9C04500	STRD     r4,r5,[r0,#0]
S:0xC003BCB2	E9D64500	LDRD     r4,r5,[r6,#0]
S:0xC003BCB6	1AA4	SUBS     r4,r4,r2
S:0xC003BCB8	EB650503	SBC      r5,r5,r3
S:0xC003BCBC	45A0	CMP      r8,r4
S:0xC003BCBE	EB790C05	SBCS     r12,r9,r5
S:0xC003BCC2	DBE9	BLT      {pc}-0x2a ; 0xc003bc98
		Cycle Count: 11 (Atom Packet)
		Cycle Count: 27 (Branch Packet)
S:0xC003BCC4	46BD	MOV      sp,r7
S:0xC003BCC6	E8BD03F0	POP      {r4-r9}
S:0xC003BCCA	4770	BX       lr
S:0xC003CA20	E7EC	B        {pc}-0x24 ; 0xc003c9fc
		Cycle Count: 1 (Atom Packet)
		Cycle Count: 708 (Branch Packet)
S:0xC003C9FC	F3BF8F5F	DMB      
S:0xC003CA00	F8383004	LDRH     r3,[r8,r4]
S:0xC003CA04	3301	ADDS     r3,#1
S:0xC003CA06	F8283004	STRH     r3,[r8,r4]
S:0xC003CA0A	F3BF8F4F	DSB      
S:0xC003CA0E	F3AF8004	SEV.W    
S:0xC003CA12	E8BD81F0	POP      {r4-r8,pc}
S:0xC0055D88	4657	MOV      r7,r10
S:0xC0055D8A	F7E6FD2F	BL       {pc}-0x1959e ; 0xc003c7ec
		Cycle Count: 1 (Atom Packet)
S:0xC003C7EC	B490	PUSH     {r4,r7}
S:0xC003C7EE	AF00	ADD      r7,sp,#0
S:0xC003C7F0	B500	PUSH     {lr}
S:0xC003C7F2	F85DEB04	POP      {lr}
S:0xC003C7F6	490F	LDR      r1,[pc,#60] ; [0xC003C834] = 0xC05F60C0
S:0xC003C7F8	4B0F	LDR      r3,[pc,#60] ; [0xC003C838] = 0xC05F3080
S:0xC003C7FA	EE1D2F90	MRC      p15,#0x0,r2,c13,c0,#4
S:0xC003C7FE	18D2	ADDS     r2,r2,r3
S:0xC003C800	6808	LDR      r0,[r1,#0]
S:0xC003C802	F8D234F0	LDR      r3,[r2,#0x4f0]
S:0xC003C806	1AC3	SUBS     r3,r0,r3
S:0xC003C808	2B00	CMP      r3,#0
S:0xC003C80A	DB0F	BLT      {pc}+0x22 ; 0xc003c82c
		Cycle Count: 26 (Atom Packet)
		Cycle Count: 22 (Branch Packet)
S:0xC003C82C	46BD	MOV      sp,r7
S:0xC003C82E	BC90	POP      {r4,r7}
S:0xC003C830	4770	BX       lr
S:0xC0055D8E	2300	MOVS     r3,#0
S:0xC0055D90	F8C8A080	STR      r10,[r8,#0x80]
S:0xC0055D94	4640	MOV      r0,r8
S:0xC0055D96	F8C86084	STR      r6,[r8,#0x84]
S:0xC0055D9A	F8C8305C	STR      r3,[r8,#0x5c]
S:0xC0055D9E	F7DFFA65	BL       {pc}-0x20b32 ; 0xc003526c
		Cycle Count: 2 (Atom Packet)
S:0xC003526C	B510	PUSH     {r4,lr}
S:0xC003526E	B500	PUSH     {lr}
S:0xC0035270	F85DEB04	POP      {lr}
S:0xC0035274	4604	MOV      r4,r0
S:0xC0035276	E7FF	B        {pc}+2 ; 0xc0035278
		Cycle Count: 7 (Atom Packet)
S:0xC0035278	4620	MOV      r0,r4
S:0xC003527A	F7FFFFB5	BL       {pc}-0x92 ; 0xc00351e8
		Cycle Count: 1 (Atom Packet)
S:0xC00351E8	B570	PUSH     {r4-r6,lr}
S:0xC00351EA	B082	SUB      sp,sp,#8
S:0xC00351EC	B500	PUSH     {lr}
S:0xC00351EE	F85DEB04	POP      {lr}
S:0xC00351F2	A901	ADD      r1,sp,#4
S:0xC00351F4	4604	MOV      r4,r0
S:0xC00351F6	F7FFFE93	BL       {pc}-0x2d6 ; 0xc0034f20
		Cycle Count: 7 (Atom Packet)
S:0xC0034F20	B570	PUSH     {r4-r6,lr}
S:0xC0034F22	B500	PUSH     {lr}
S:0xC0034F24	F85DEB04	POP      {lr}
S:0xC0034F28	4605	MOV      r5,r0
S:0xC0034F2A	460E	MOV      r6,r1
S:0xC0034F2C	6A6C	LDR      r4,[r5,#0x24]
S:0xC0034F2E	B164	CBZ      r4,{pc}+0x1c ; 0xc0034f4a
		Cycle Count: 20 (Atom Packet)
S:0xC0034F30	6820	LDR      r0,[r4,#0]
S:0xC0034F32	F3AFFB59	BL       {pc}+0x3af6b6 ; 0xc03e45e8
		Cycle Count: 202 (Atom Packet)
		Cycle Count: 175 (I-Sync Packet)
		Tracing enabled
S:0xC0034F36	6030	STR      r0,[r6,#0]
S:0xC0034F38	4601	MOV      r1,r0
S:0xC0034F3A	6A6A	LDR      r2,[r5,#0x24]
S:0xC0034F3C	4294	CMP      r4,r2
S:0xC0034F3E	D101	BNE      {pc}+6 ; 0xc0034f44
		Cycle Count: 2 (Atom Packet)
		Cycle Count: 3 (Branch Packet)
S:0xC0034F40	4620	MOV      r0,r4
S:0xC0034F42	BD70	POP      {r4-r6,pc}
S:0xC00351FA	6AA2	LDR      r2,[r4,#0x28]
S:0xC00351FC	0793	LSLS     r3,r2,#30
S:0xC00351FE	4606	MOV      r6,r0
S:0xC0035200	D41E	BMI      {pc}+0x40 ; 0xc0035240
		Cycle Count: 1 (Atom Packet)
S:0xC0035202	F0120501	ANDS     r5,r2,#1
S:0xC0035206	D013	BEQ      {pc}+0x2a ; 0xc0035230
		Cycle Count: 1 (Atom Packet)
S:0xC0035208	4B16	LDR      r3,[pc,#88] ; [0xC0035264] = 0xC0635E28
S:0xC003520A	6859	LDR      r1,[r3,#4]
S:0xC003520C	B9D9	CBNZ     r1,{pc}+0x3a ; 0xc0035246
		Cycle Count: 123 (Atom Packet)
S:0xC003520E	2300	MOVS     r3,#0
S:0xC0035210	6323	STR      r3,[r4,#0x30]
S:0xC0035212	6835	LDR      r5,[r6,#0]
S:0xC0035214	F0020202	AND      r2,r2,#2
S:0xC0035218	4813	LDR      r0,[pc,#76] ; [0xC0035268] = 0xC05F0640
S:0xC003521A	4631	MOV      r1,r6
S:0xC003521C	EE1D3F90	MRC      p15,#0x0,r3,c13,c0,#4
S:0xC0035220	181B	ADDS     r3,r3,r0
S:0xC0035222	4620	MOV      r0,r4
S:0xC0035224	1AED	SUBS     r5,r5,r3
S:0xC0035226	426B	RSBS     r3,r5,#0
S:0xC0035228	416B	ADCS     r3,r3,r5
S:0xC003522A	2501	MOVS     r5,#1
S:0xC003522C	F7FFFEF8	BL       {pc}-0x20c ; 0xc0035020
		Cycle Count: 5 (Atom Packet)
S:0xC0035020	E92D4F70	PUSH     {r4-r6,r8-r11,lr}
S:0xC0035024	B500	PUSH     {lr}
S:0xC0035026	F85DEB04	POP      {lr}
S:0xC003502A	468B	MOV      r11,r1
S:0xC003502C	6A81	LDR      r1,[r0,#0x28]
S:0xC003502E	4616	MOV      r6,r2
S:0xC0035030	4682	MOV      r10,r0
S:0xC0035032	461C	MOV      r4,r3
S:0xC0035034	07CA	LSLS     r2,r1,#31
S:0xC0035036	D403	BMI      {pc}+0xa ; 0xc0035040
		Cycle Count: 2 (Atom Packet)
S:0xC0035040	F8DB5010	LDR      r5,[r11,#0x10]
S:0xC0035044	F10B000C	ADD      r0,r11,#0xc
S:0xC0035048	4651	MOV      r1,r10
S:0xC003504A	F221FF6B	BL       {pc}+0x221eda ; 0xc0256f24
		Cycle Count: 169 (Atom Packet)
		Cycle Count: 190 (I-Sync Packet)
		Tracing enabled
S:0xC003504E	45AA	CMP      r10,r5
S:0xC0035050	D00F	BEQ      {pc}+0x22 ; 0xc0035072
		Cycle Count: 1 (Atom Packet)
S:0xC0035072	2C00	CMP      r4,#0
S:0xC0035074	D0ED	BEQ      {pc}-0x22 ; 0xc0035052
		Cycle Count: 13 (Atom Packet)
S:0xC0035076	4B0D	LDR      r3,[pc,#52] ; [0xC00350AC] = 0xC05F0658
S:0xC0035078	EE1D1F90	MRC      p15,#0x0,r1,c13,c0,#4
S:0xC003507C	58CB	LDR      r3,[r1,r3]
S:0xC003507E	2B00	CMP      r3,#0
S:0xC0035080	D0E7	BEQ      {pc}-0x2e ; 0xc0035052
		Cycle Count: 38 (Atom Packet)
S:0xC0035082	F8DB0000	LDR      r0,[r11,#0]
S:0xC0035086	E9DA8904	LDRD     r8,r9,[r10,#0x10]
S:0xC003508A	E9DB230C	LDRD     r2,r3,[r11,#0x30]
S:0xC003508E	E9D04504	LDRD     r4,r5,[r0,#0x10]
S:0xC0035092	EBB80802	SUBS     r8,r8,r2
S:0xC0035096	EB690903	SBC      r9,r9,r3
S:0xC003509A	45A9	CMP      r9,r5
S:0xC003509C	BF08	IT       EQ
S:0xC003509E	45A0	CMP      r8,r4
S:0xC00350A0	D1D7	BNE      {pc}-0x4e ; 0xc0035052
		Cycle Count: 27 (Atom Packet)
S:0xC00350A2	2101	MOVS     r1,#1
S:0xC00350A4	F7FFFF72	BL       {pc}-0x118 ; 0xc0034f8c
		Cycle Count: 14 (Atom Packet)
S:0xC0034F8C	E92D07F8	PUSH     {r3-r10}
S:0xC0034F90	B500	PUSH     {lr}
S:0xC0034F92	F85DEB04	POP      {lr}
S:0xC0034F96	F04F36FF	MOV      r6,#0xffffffff
S:0xC0034F9A	F1000A38	ADD      r10,r0,#0x38
S:0xC0034F9E	F1000C70	ADD      r12,r0,#0x70
S:0xC0034FA2	F50079A8	ADD      r9,r0,#0x150
S:0xC0034FA6	F1000844	ADD      r8,r0,#0x44
S:0xC0034FAA	F06F4700	MVN      r7,#0x80000000
S:0xC0034FAE	EBCA030C	RSB      r3,r10,r12
S:0xC0034FB2	4443	ADD      r3,r3,r8
S:0xC0034FB4	F8533C34	LDR      r3,[r3,#-0x34]
S:0xC0034FB8	B193	CBZ      r3,{pc}+0x28 ; 0xc0034fe0
		Cycle Count: 44 (Atom Packet)
S:0xC0034FE0	F10C0C38	ADD      r12,r12,#0x38
S:0xC0034FE4	45CC	CMP      r12,r9
S:0xC0034FE6	D1E2	BNE      {pc}-0x38 ; 0xc0034fae
		Cycle Count: 14 (Atom Packet)
S:0xC0034FAE	EBCA030C	RSB      r3,r10,r12
S:0xC0034FB2	4443	ADD      r3,r3,r8
S:0xC0034FB4	F8533C34	LDR      r3,[r3,#-0x34]
S:0xC0034FB8	B193	CBZ      r3,{pc}+0x28 ; 0xc0034fe0
		Cycle Count: 251 (Atom Packet)
S:0xC0034FE0	F10C0C38	ADD      r12,r12,#0x38
S:0xC0034FE4	45CC	CMP      r12,r9
S:0xC0034FE6	D1E2	BNE      {pc}-0x38 ; 0xc0034fae
		Cycle Count: 2 (Atom Packet)
S:0xC0034FAE	EBCA030C	RSB      r3,r10,r12
S:0xC0034FB2	4443	ADD      r3,r3,r8
S:0xC0034FB4	F8533C34	LDR      r3,[r3,#-0x34]
S:0xC0034FB8	B193	CBZ      r3,{pc}+0x28 ; 0xc0034fe0
		Cycle Count: 38 (Atom Packet)
S:0xC0034FE0	F10C0C38	ADD      r12,r12,#0x38
S:0xC0034FE4	45CC	CMP      r12,r9
S:0xC0034FE6	D1E2	BNE      {pc}-0x38 ; 0xc0034fae
		Cycle Count: 2 (Atom Packet)
S:0xC0034FAE	EBCA030C	RSB      r3,r10,r12
S:0xC0034FB2	4443	ADD      r3,r3,r8
S:0xC0034FB4	F8533C34	LDR      r3,[r3,#-0x34]
S:0xC0034FB8	B193	CBZ      r3,{pc}+0x28 ; 0xc0034fe0
		Cycle Count: 16 (Atom Packet)
S:0xC0034FE0	F10C0C38	ADD      r12,r12,#0x38
S:0xC0034FE4	45CC	CMP      r12,r9
S:0xC0034FE6	D1E2	BNE      {pc}-0x38 ; 0xc0034fae
		Cycle Count: 2 (Atom Packet)
S:0xC0034FE8	B129	CBZ      r1,{pc}+0xe ; 0xc0034ff6
		Cycle Count: 1 (Atom Packet)
S:0xC0034FEA	E9D02304	LDRD     r2,r3,[r0,#0x10]
S:0xC0034FEE	42BB	CMP      r3,r7
S:0xC0034FF0	BF08	IT       EQ
S:0xC0034FF2	42B2	CMP      r2,r6
S:0xC0034FF4	D010	BEQ      {pc}+0x24 ; 0xc0035018
		Cycle Count: 1 (Atom Packet)
S:0xC0034FF6	F04F32FF	MOV      r2,#0xffffffff
S:0xC0034FFA	F06F4300	MVN      r3,#0x80000000
S:0xC0034FFE	429F	CMP      r7,r3
S:0xC0035000	BF08	IT       EQ
S:0xC0035002	4296	CMP      r6,r2
S:0xC0035004	E9C06704	STRD     r6,r7,[r0,#0x10]
S:0xC0035008	D006	BEQ      {pc}+0x10 ; 0xc0035018
		Cycle Count: 2 (Atom Packet)
		Cycle Count: 1 (Branch Packet)
S:0xC0035018	E8BD07F8	POP      {r3-r10}
S:0xC003501C	4770	BX       lr
S:0xC00350A8	E7D3	B        {pc}-0x56 ; 0xc0035052
		Cycle Count: 1 (Atom Packet)
S:0xC0035052	F8DB3010	LDR      r3,[r11,#0x10]
S:0xC0035056	2B00	CMP      r3,#0
S:0xC0035058	D1EE	BNE      {pc}-0x20 ; 0xc0035038
		Cycle Count: 1 (Atom Packet)
S:0xC003505A	F8DB3000	LDR      r3,[r11,#0]
S:0xC003505E	2401	MOVS     r4,#1
S:0xC0035060	F8DB0004	LDR      r0,[r11,#4]
S:0xC0035064	6859	LDR      r1,[r3,#4]
S:0xC0035066	FA04F000	LSL      r0,r4,r0
S:0xC003506A	EA210100	BIC      r1,r1,r0
S:0xC003506E	6059	STR      r1,[r3,#4]
S:0xC0035070	E7E2	B        {pc}-0x38 ; 0xc0035038
		Cycle Count: 2 (Atom Packet)
		Cycle Count: 1 (Branch Packet)
S:0xC0035038	F8CA6028	STR      r6,[r10,#0x28]
S:0xC003503C	E8BD8F70	POP      {r4-r6,r8-r11,pc}
S:0xC0035230	6A63	LDR      r3,[r4,#0x24]
S:0xC0035232	9901	LDR      r1,[sp,#4]
S:0xC0035234	6818	LDR      r0,[r3,#0]
S:0xC0035236	F3AFFA0F	BL       {pc}+0x3af422 ; 0xc03e4658
		Cycle Count: 1 (Atom Packet)
		Cycle Count: 1,040 (Branch Packet)
S:0xC03E4658	?	Cannot access target memory
		Cycle Count: 15 (Branch Packet)
S:0xC003523A	4628	MOV      r0,r5
S:0xC003523C	B002	ADD      sp,sp,#8
S:0xC003523E	BD70	POP      {r4-r6,pc}
S:0xC003527E	2800	CMP      r0,#0
S:0xC0035280	DBFA	BLT      {pc}-8 ; 0xc0035278
		Cycle Count: 2 (Atom Packet)
		Cycle Count: 1 (Branch Packet)
S:0xC0035282	BD10	POP      {r4,pc}
S:0xC0055DA2	E9D84514	LDRD     r4,r5,[r8,#0x50]
S:0xC0055DA6	E9C84504	STRD     r4,r5,[r8,#0x10]
S:0xC0055DAA	E9C84506	STRD     r4,r5,[r8,#0x18]
S:0xC0055DAE	E00E	B        {pc}+0x20 ; 0xc0055dce
		Cycle Count: 3 (Atom Packet)
S:0xC0055DCE	E9D94500	LDRD     r4,r5,[r9,#0]
S:0xC0055DD2	463A	MOV      r2,r7
S:0xC0055DD4	4633	MOV      r3,r6
S:0xC0055DD6	4640	MOV      r0,r8
S:0xC0055DD8	E9CD4500	STRD     r4,r5,[sp,#0]
S:0xC0055DDC	F7DFFAAE	BL       {pc}-0x20aa0 ; 0xc003533c
		Cycle Count: 1 (Atom Packet)
S:0xC003533C	E92D47F0	PUSH     {r4-r10,lr}
S:0xC0035340	B08A	SUB      sp,sp,#0x28
S:0xC0035342	B500	PUSH     {lr}
S:0xC0035344	F85DEB04	POP      {lr}
S:0xC0035348	4682	MOV      r10,r0
S:0xC003534A	4616	MOV      r6,r2
S:0xC003534C	461F	MOV      r7,r3
S:0xC003534E	E9DA2304	LDRD     r2,r3,[r10,#0x10]
S:0xC0035352	9812	LDR      r0,[sp,#0x48]
S:0xC0035354	1AB2	SUBS     r2,r6,r2
S:0xC0035356	EB670303	SBC      r3,r7,r3
S:0xC003535A	9913	LDR      r1,[sp,#0x4c]
S:0xC003535C	2A00	CMP      r2,#0
S:0xC003535E	F1730400	SBCS     r4,r3,#0
S:0xC0035362	DB2F	BLT      {pc}+0x62 ; 0xc00353c4
		Cycle Count: 14 (Atom Packet)
S:0xC0035364	F8DAE024	LDR      lr,[r10,#0x24]
S:0xC0035368	4604	MOV      r4,r0
S:0xC003536A	460D	MOV      r5,r1
S:0xC003536C	E9DE0106	LDRD     r0,r1,[lr,#0x18]
S:0xC0035370	4284	CMP      r4,r0
S:0xC0035372	EB750E01	SBCS     lr,r5,r1
S:0xC0035376	BFBC	ITT      LT
S:0xC0035378	4604	MOV      r4,r0
S:0xC003537A	460D	MOV      r5,r1
S:0xC003537C	42A2	CMP      r2,r4
S:0xC003537E	EB730005	SBCS     r0,r3,r5
S:0xC0035382	BFBC	ITT      LT
S:0xC0035384	F04F0801	MOV      r8,#1
S:0xC0035388	F04F0900	MOV      r9,#0
S:0xC003538C	DA1F	BGE      {pc}+0x42 ; 0xc00353ce
		Cycle Count: 10 (Atom Packet)
S:0xC00353CE	4610	MOV      r0,r2
S:0xC00353D0	4619	MOV      r1,r3
S:0xC00353D2	4622	MOV      r2,r4
S:0xC00353D4	462B	MOV      r3,r5
S:0xC00353D6	F7FFFF7F	BL       {pc}-0xfe ; 0xc00352d8
		Cycle Count: 15 (Atom Packet)
S:0xC00352D8	E92D41F0	PUSH     {r4-r8,lr}
S:0xC00352DC	B500	PUSH     {lr}
S:0xC00352DE	F85DEB04	POP      {lr}
S:0xC00352E2	461E	MOV      r6,r3
S:0xC00352E4	17DF	ASRS     r7,r3,#31
S:0xC00352E6	4686	MOV      lr,r0
S:0xC00352E8	EA560807	ORRS     r8,r6,r7
S:0xC00352EC	468C	MOV      r12,r1
S:0xC00352EE	D022	BEQ      {pc}+0x48 ; 0xc0035336
		Cycle Count: 37 (Atom Packet)
S:0xC0035336	4614	MOV      r4,r2
S:0xC0035338	E7F5	B        {pc}-0x12 ; 0xc0035326
		Cycle Count: 9 (Atom Packet)
S:0xC0035326	4670	MOV      r0,lr
S:0xC0035328	4661	MOV      r1,r12
S:0xC003532A	F21BFD31	BL       {pc}+0x21ba66 ; 0xc0250d90
		Cycle Count: 7 (Atom Packet)
		Cycle Count: 282 (I-Sync Packet)
		Tracing enabled
		Cycle Count: 17 (Branch Packet)
S:0xC003532E	4610	MOV      r0,r2
S:0xC0035330	4619	MOV      r1,r3
S:0xC0035332	E8BD81F0	POP      {r4-r8,pc}
S:0xC00353DA	E9DA2304	LDRD     r2,r3,[r10,#0x10]
S:0xC00353DE	E9CD2302	STRD     r2,r3,[sp,#8]
S:0xC00353E2	4680	MOV      r8,r0
S:0xC00353E4	4689	MOV      r9,r1
S:0xC00353E6	FB00FC05	MUL      r12,r0,r5
S:0xC00353EA	E9DA0106	LDRD     r0,r1,[r10,#0x18]
S:0xC00353EE	FBA82304	UMULL    r2,r3,r8,r4
S:0xC00353F2	E9CD0106	STRD     r0,r1,[sp,#0x18]
S:0xC00353F6	FB04CC09	MLA      r12,r4,r9,r12
S:0xC00353FA	E9DD0102	LDRD     r0,r1,[sp,#8]
S:0xC00353FE	E9CD2304	STRD     r2,r3,[sp,#0x10]
S:0xC0035402	4463	ADD      r3,r3,r12
S:0xC0035404	9305	STR      r3,[sp,#0x14]
S:0xC0035406	E9DD2304	LDRD     r2,r3,[sp,#0x10]
S:0xC003540A	1880	ADDS     r0,r0,r2
S:0xC003540C	EB410103	ADC      r1,r1,r3
S:0xC0035410	E9CD0102	STRD     r0,r1,[sp,#8]
S:0xC0035414	E9DD0106	LDRD     r0,r1,[sp,#0x18]
S:0xC0035418	1880	ADDS     r0,r0,r2
S:0xC003541A	EB410103	ADC      r1,r1,r3
S:0xC003541E	E9DD2302	LDRD     r2,r3,[sp,#8]
S:0xC0035422	E9CA0106	STRD     r0,r1,[r10,#0x18]
S:0xC0035426	E9CA2304	STRD     r2,r3,[r10,#0x10]
S:0xC003542A	4296	CMP      r6,r2
S:0xC003542C	EB770303	SBCS     r3,r7,r3
S:0xC0035430	DBC3	BLT      {pc}-0x76 ; 0xc00353ba
		Cycle Count: 23 (Atom Packet)
S:0xC0035432	2201	MOVS     r2,#1
S:0xC0035434	2300	MOVS     r3,#0
S:0xC0035436	EB180802	ADDS     r8,r8,r2
S:0xC003543A	EB490903	ADC      r9,r9,r3
S:0xC003543E	E7A6	B        {pc}-0xb0 ; 0xc003538e
		Cycle Count: 15 (Atom Packet)
S:0xC003538E	E9DA2304	LDRD     r2,r3,[r10,#0x10]
S:0xC0035392	A808	ADD      r0,sp,#0x20
S:0xC0035394	9400	STR      r4,[sp,#0]
S:0xC0035396	9501	STR      r5,[sp,#4]
S:0xC0035398	F7FFFCAA	BL       {pc}-0x6a8 ; 0xc0034cf0
		Cycle Count: 12 (Atom Packet)
S:0xC0034CF0	E92D03F0	PUSH     {r4-r9}
S:0xC0034CF4	B500	PUSH     {lr}
S:0xC0034CF6	F85DEB04	POP      {lr}
S:0xC0034CFA	461F	MOV      r7,r3
S:0xC0034CFC	F8DD8018	LDR      r8,[sp,#0x18]
S:0xC0034D00	4616	MOV      r6,r2
S:0xC0034D02	F8DD901C	LDR      r9,[sp,#0x1c]
S:0xC0034D06	EB120408	ADDS     r4,r2,r8
S:0xC0034D0A	EB430509	ADC      r5,r3,r9
S:0xC0034D0E	2C00	CMP      r4,#0
S:0xC0034D10	F1750300	SBCS     r3,r5,#0
S:0xC0034D14	DB03	BLT      {pc}+0xa ; 0xc0034d1e
		Cycle Count: 13 (Atom Packet)
S:0xC0034D16	42B4	CMP      r4,r6
S:0xC0034D18	EB750307	SBCS     r3,r5,r7
S:0xC0034D1C	DA07	BGE      {pc}+0x12 ; 0xc0034d2e
		Cycle Count: 1 (Atom Packet)
S:0xC0034D2E	4544	CMP      r4,r8
S:0xC0034D30	EB750309	SBCS     r3,r5,r9
S:0xC0034D34	DBF3	BLT      {pc}-0x16 ; 0xc0034d1e
		Cycle Count: 16 (Atom Packet)
S:0xC0034D36	E7F5	B        {pc}-0x12 ; 0xc0034d24
		Cycle Count: 13 (Atom Packet)
		Cycle Count: 19 (Branch Packet)
S:0xC0034D24	E9C04500	STRD     r4,r5,[r0,#0]
S:0xC0034D28	E8BD03F0	POP      {r4-r9}
S:0xC0034D2C	4770	BX       lr
S:0xC003539C	E9DD6708	LDRD     r6,r7,[sp,#0x20]
S:0xC00353A0	E9DA2306	LDRD     r2,r3,[r10,#0x18]
S:0xC00353A4	A808	ADD      r0,sp,#0x20
S:0xC00353A6	E88D0030	STM      sp,{r4,r5}
S:0xC00353AA	E9CA6704	STRD     r6,r7,[r10,#0x10]
S:0xC00353AE	F7FFFC9F	BL       {pc}-0x6be ; 0xc0034cf0
		Cycle Count: 2 (Atom Packet)
S:0xC0034CF0	E92D03F0	PUSH     {r4-r9}
S:0xC0034CF4	B500	PUSH     {lr}
S:0xC0034CF6	F85DEB04	POP      {lr}
S:0xC0034CFA	461F	MOV      r7,r3
S:0xC0034CFC	F8DD8018	LDR      r8,[sp,#0x18]
S:0xC0034D00	4616	MOV      r6,r2
S:0xC0034D02	F8DD901C	LDR      r9,[sp,#0x1c]
S:0xC0034D06	EB120408	ADDS     r4,r2,r8
S:0xC0034D0A	EB430509	ADC      r5,r3,r9
S:0xC0034D0E	2C00	CMP      r4,#0
S:0xC0034D10	F1750300	SBCS     r3,r5,#0
S:0xC0034D14	DB03	BLT      {pc}+0xa ; 0xc0034d1e
		Cycle Count: 12 (Atom Packet)
S:0xC0034D16	42B4	CMP      r4,r6
S:0xC0034D18	EB750307	SBCS     r3,r5,r7
S:0xC0034D1C	DA07	BGE      {pc}+0x12 ; 0xc0034d2e
		Cycle Count: 3 (Atom Packet)
S:0xC0034D2E	4544	CMP      r4,r8
S:0xC0034D30	EB750309	SBCS     r3,r5,r9
S:0xC0034D34	DBF3	BLT      {pc}-0x16 ; 0xc0034d1e
		Cycle Count: 2 (Atom Packet)
S:0xC0034D36	E7F5	B        {pc}-0x12 ; 0xc0034d24
		Cycle Count: 1 (Atom Packet)
		Cycle Count: 2 (Branch Packet)
S:0xC0034D24	E9C04500	STRD     r4,r5,[r0,#0]
S:0xC0034D28	E8BD03F0	POP      {r4-r9}
S:0xC0034D2C	4770	BX       lr
		Cycle Count: 10 (Branch Packet)
S:0xC00353B2	E9DD2308	LDRD     r2,r3,[sp,#0x20]
S:0xC00353B6	E9CA2306	STRD     r2,r3,[r10,#0x18]
S:0xC00353BA	4640	MOV      r0,r8
S:0xC00353BC	4649	MOV      r1,r9
S:0xC00353BE	B00A	ADD      sp,sp,#0x28
S:0xC00353C0	E8BD87F0	POP      {r4-r10,pc}
S:0xC0055DE0	F8D8104C	LDR      r1,[r8,#0x4c]
S:0xC0055DE4	2200	MOVS     r2,#0
S:0xC0055DE6	2902	CMP      r1,#2
S:0xC0055DE8	D1E2	BNE      {pc}-0x38 ; 0xc0055db0
		Cycle Count: 1 (Atom Packet)
S:0xC0055DEA	E9D86706	LDRD     r6,r7,[r8,#0x18]
S:0xC0055DEE	4640	MOV      r0,r8
S:0xC0055DF0	E9D84504	LDRD     r4,r5,[r8,#0x10]
S:0xC0055DF4	463B	MOV      r3,r7
S:0xC0055DF6	4632	MOV      r2,r6
S:0xC0055DF8	9101	STR      r1,[sp,#4]
S:0xC0055DFA	1BA4	SUBS     r4,r4,r6
S:0xC0055DFC	EB650507	SBC      r5,r5,r7
S:0xC0055E00	9400	STR      r4,[sp,#0]
S:0xC0055E02	F7DFFD11	BL       {pc}-0x205da ; 0xc0035828
		Cycle Count: 22 (Atom Packet)
S:0xC0035828	B530	PUSH     {r4,r5,lr}
S:0xC003582A	B085	SUB      sp,sp,#0x14
S:0xC003582C	B500	PUSH     {lr}
S:0xC003582E	F85DEB04	POP      {lr}
S:0xC0035832	9C08	LDR      r4,[sp,#0x20]
S:0xC0035834	9909	LDR      r1,[sp,#0x24]
S:0xC0035836	2501	MOVS     r5,#1
S:0xC0035838	9502	STR      r5,[sp,#8]
S:0xC003583A	9400	STR      r4,[sp,#0]
S:0xC003583C	9101	STR      r1,[sp,#4]
S:0xC003583E	F7FFFE41	BL       {pc}-0x37a ; 0xc00354c4
		Cycle Count: 152 (Atom Packet)
S:0xC00354C4	E92D4FF0	PUSH     {r4-r11,lr}
S:0xC00354C8	B08D	SUB      sp,sp,#0x34
S:0xC00354CA	B500	PUSH     {lr}
S:0xC00354CC	F85DEB04	POP      {lr}
S:0xC00354D0	A90B	ADD      r1,sp,#0x2c
S:0xC00354D2	4682	MOV      r10,r0
S:0xC00354D4	9202	STR      r2,[sp,#8]
S:0xC00354D6	9303	STR      r3,[sp,#0xc]
S:0xC00354D8	F8CDE01C	STR      lr,[sp,#0x1c]
S:0xC00354DC	F7FFFD20	BL       {pc}-0x5bc ; 0xc0034f20
		Cycle Count: 40 (Atom Packet)
S:0xC0034F20	B570	PUSH     {r4-r6,lr}
S:0xC0034F22	B500	PUSH     {lr}
S:0xC0034F24	F85DEB04	POP      {lr}
S:0xC0034F28	4605	MOV      r5,r0
S:0xC0034F2A	460E	MOV      r6,r1
S:0xC0034F2C	6A6C	LDR      r4,[r5,#0x24]
S:0xC0034F2E	B164	CBZ      r4,{pc}+0x1c ; 0xc0034f4a
		Cycle Count: 11 (Atom Packet)
S:0xC0034F30	6820	LDR      r0,[r4,#0]
S:0xC0034F32	F3AFFB59	BL       {pc}+0x3af6b6 ; 0xc03e45e8
		Cycle Count: 4 (Atom Packet)
		Cycle Count: 271 (I-Sync Packet)
		Tracing enabled
S:0xC0034F36	6030	STR      r0,[r6,#0]
S:0xC0034F38	4601	MOV      r1,r0
S:0xC0034F3A	6A6A	LDR      r2,[r5,#0x24]
S:0xC0034F3C	4294	CMP      r4,r2
S:0xC0034F3E	D101	BNE      {pc}+6 ; 0xc0034f44
		Cycle Count: 5 (Atom Packet)
		Cycle Count: 1 (Branch Packet)
S:0xC0034F40	4620	MOV      r0,r4
S:0xC0034F42	BD70	POP      {r4-r6,pc}
S:0xC00354E0	F8DA2028	LDR      r2,[r10,#0x28]
S:0xC00354E4	F0120301	ANDS     r3,r2,#1
S:0xC00354E8	4606	MOV      r6,r0
S:0xC00354EA	F00080C2	BEQ.W    {pc}+0x188 ; 0xc0035672
		Cycle Count: 1 (Atom Packet)
S:0xC0035672	4F20	LDR      r7,[pc,#128] ; [0xC00356F4] = 0xC05F0640
S:0xC0035674	9305	STR      r3,[sp,#0x14]
S:0xC0035676	9704	STR      r7,[sp,#0x10]
S:0xC0035678	E756	B        {pc}-0x150 ; 0xc0035528
		Cycle Count: 183 (Atom Packet)
S:0xC0035528	4668	MOV      r0,sp
S:0xC003552A	9C17	LDR      r4,[sp,#0x5c]
S:0xC003552C	F42053FF	BIC      r3,r0,#0x1fe0
S:0xC0035530	F023031F	BIC      r3,r3,#0x1f
S:0xC0035534	07A7	LSLS     r7,r4,#30
S:0xC0035536	9306	STR      r3,[sp,#0x18]
S:0xC0035538	F8D38014	LDR      r8,[r3,#0x14]
S:0xC003553C	D404	BMI      {pc}+0xc ; 0xc0035548
		Cycle Count: 9 (Atom Packet)
S:0xC0035548	4644	MOV      r4,r8
S:0xC003554A	6872	LDR      r2,[r6,#4]
S:0xC003554C	F8DF91AC	LDR      r9,[pc,#428] ; [0xC00356FC]
S:0xC0035550	3201	ADDS     r2,#1
S:0xC0035552	9B04	LDR      r3,[sp,#0x10]
S:0xC0035554	EBC202C2	RSB      r2,r2,r2,LSL #3
S:0xC0035558	F8590024	LDR      r0,[r9,r4,LSL #2]
S:0xC003555C	00D2	LSLS     r2,r2,#3
S:0xC003555E	1818	ADDS     r0,r3,r0
S:0xC0035560	1885	ADDS     r5,r0,r2
S:0xC0035562	42AE	CMP      r6,r5
S:0xC0035564	D049	BEQ      {pc}+0x96 ; 0xc00355fa
		Cycle Count: 25 (Atom Packet)
S:0xC00355FA	9C17	LDR      r4,[sp,#0x5c]
S:0xC00355FC	07E0	LSLS     r0,r4,#31
S:0xC00355FE	D445	BMI      {pc}+0x8e ; 0xc003568c
		Cycle Count: 26 (Atom Packet)
S:0xC0035600	9A03	LDR      r2,[sp,#0xc]
S:0xC0035602	2100	MOVS     r1,#0
S:0xC0035604	9816	LDR      r0,[sp,#0x58]
S:0xC0035606	9F02	LDR      r7,[sp,#8]
S:0xC0035608	F8CA201C	STR      r2,[r10,#0x1c]
S:0xC003560C	E9DD2302	LDRD     r2,r3,[sp,#8]
S:0xC0035610	F8CA7018	STR      r7,[r10,#0x18]
S:0xC0035614	1812	ADDS     r2,r2,r0
S:0xC0035616	EB430301	ADC      r3,r3,r1
S:0xC003561A	2A00	CMP      r2,#0
S:0xC003561C	F1730400	SBCS     r4,r3,#0
S:0xC0035620	DB05	BLT      {pc}+0xe ; 0xc003562e
		Cycle Count: 16 (Atom Packet)
S:0xC0035622	E9DD6702	LDRD     r6,r7,[sp,#8]
S:0xC0035626	42B2	CMP      r2,r6
S:0xC0035628	EB730707	SBCS     r7,r3,r7
S:0xC003562C	DA25	BGE      {pc}+0x4e ; 0xc003567a
		Cycle Count: 4 (Atom Packet)
S:0xC003567A	4282	CMP      r2,r0
S:0xC003567C	EB730401	SBCS     r4,r3,r1
S:0xC0035680	DBD5	BLT      {pc}-0x52 ; 0xc003562e
		Cycle Count: 16 (Atom Packet)
S:0xC0035682	E7D7	B        {pc}-0x4e ; 0xc0035634
		Cycle Count: 13 (Atom Packet)
S:0xC0035634	F8DA1030	LDR      r1,[r10,#0x30]
S:0xC0035638	F8CA2010	STR      r2,[r10,#0x10]
S:0xC003563C	F8CA3014	STR      r3,[r10,#0x14]
S:0xC0035640	2900	CMP      r1,#0
S:0xC0035642	F00080A1	BEQ.W    {pc}+0x146 ; 0xc0035788
		Cycle Count: 16 (Atom Packet)
S:0xC0035788	9E06	LDR      r6,[sp,#0x18]
S:0xC003578A	9F07	LDR      r7,[sp,#0x1c]
S:0xC003578C	68F1	LDR      r1,[r6,#0xc]
S:0xC003578E	F8CA7030	STR      r7,[r10,#0x30]
S:0xC0035792	F8D1332C	LDR      r3,[r1,#0x32c]
S:0xC0035796	F8D16320	LDR      r6,[r1,#0x320]
S:0xC003579A	F8D14324	LDR      r4,[r1,#0x324]
S:0xC003579E	F8D10328	LDR      r0,[r1,#0x328]
S:0xC00357A2	F8CA6034	STR      r6,[r10,#0x34]
S:0xC00357A6	F8CA4038	STR      r4,[r10,#0x38]
S:0xC00357AA	F8CA003C	STR      r0,[r10,#0x3c]
S:0xC00357AE	F8CA3040	STR      r3,[r10,#0x40]
S:0xC00357B2	F8D13240	LDR      r3,[r1,#0x240]
S:0xC00357B6	F8CA302C	STR      r3,[r10,#0x2c]
S:0xC00357BA	E744	B        {pc}-0x174 ; 0xc0035646
		Cycle Count: 310 (Atom Packet)
S:0xC0035646	4650	MOV      r0,r10
S:0xC0035648	4629	MOV      r1,r5
S:0xC003564A	F7FFFB83	BL       {pc}-0x8f6 ; 0xc0034d54
		Cycle Count: 1 (Atom Packet)
S:0xC0034D54	B570	PUSH     {r4-r6,lr}
S:0xC0034D56	B500	PUSH     {lr}
S:0xC0034D58	F85DEB04	POP      {lr}
S:0xC0034D5C	4605	MOV      r5,r0
S:0xC0034D5E	4B13	LDR      r3,[pc,#76] ; [0xC0034DAC] = 0xC0635E64
S:0xC0034D60	460E	MOV      r6,r1
S:0xC0034D62	685A	LDR      r2,[r3,#4]
S:0xC0034D64	B9A2	CBNZ     r2,{pc}+0x2c ; 0xc0034d90
		Cycle Count: 2 (Atom Packet)
S:0xC0034D66	F106000C	ADD      r0,r6,#0xc
S:0xC0034D6A	4629	MOV      r1,r5
S:0xC0034D6C	F222F8FE	BL       {pc}+0x222200 ; 0xc0256f6c
		Cycle Count: 1 (Atom Packet)
		Cycle Count: 39 (I-Sync Packet)
		Tracing enabled
		Cycle Count: 10 (Branch Packet)
S:0xC0034D70	6833	LDR      r3,[r6,#0]
S:0xC0034D72	6871	LDR      r1,[r6,#4]
S:0xC0034D74	2001	MOVS     r0,#1
S:0xC0034D76	685A	LDR      r2,[r3,#4]
S:0xC0034D78	FA00F101	LSL      r1,r0,r1
S:0xC0034D7C	430A	ORRS     r2,r2,r1
S:0xC0034D7E	605A	STR      r2,[r3,#4]
S:0xC0034D80	6AAB	LDR      r3,[r5,#0x28]
S:0xC0034D82	4303	ORRS     r3,r3,r0
S:0xC0034D84	62AB	STR      r3,[r5,#0x28]
S:0xC0034D86	6930	LDR      r0,[r6,#0x10]
S:0xC0034D88	1A2B	SUBS     r3,r5,r0
S:0xC0034D8A	4258	RSBS     r0,r3,#0
S:0xC0034D8C	4158	ADCS     r0,r0,r3
S:0xC0034D8E	BD70	POP      {r4-r6,pc}
S:0xC003564E	B130	CBZ      r0,{pc}+0x10 ; 0xc003565e
		Cycle Count: 1 (Atom Packet)
S:0xC0035650	682A	LDR      r2,[r5,#0]
S:0xC0035652	9B04	LDR      r3,[sp,#0x10]
S:0xC0035654	EE1D6F90	MRC      p15,#0x0,r6,c13,c0,#4
S:0xC0035658	18F6	ADDS     r6,r6,r3
S:0xC003565A	42B2	CMP      r2,r6
S:0xC003565C	D050	BEQ      {pc}+0xa4 ; 0xc0035700
		Cycle Count: 6 (Atom Packet)
S:0xC0035700	69B3	LDR      r3,[r6,#0x18]
S:0xC0035702	2B00	CMP      r3,#0
S:0xC0035704	D0AB	BEQ      {pc}-0xa6 ; 0xc003565e
		Cycle Count: 36 (Atom Packet)
S:0xC0035706	E9DA2304	LDRD     r2,r3,[r10,#0x10]
S:0xC003570A	E9D5010C	LDRD     r0,r1,[r5,#0x30]
S:0xC003570E	4690	MOV      r8,r2
S:0xC0035710	4699	MOV      r9,r3
S:0xC0035712	EBB80800	SUBS     r8,r8,r0
S:0xC0035716	EB690901	SBC      r9,r9,r1
S:0xC003571A	2A00	CMP      r2,#0
S:0xC003571C	F1730000	SBCS     r0,r3,#0
S:0xC0035720	DB52	BLT      {pc}+0xa8 ; 0xc00357c8
		Cycle Count: 22 (Atom Packet)
S:0xC0035722	F8DA3028	LDR      r3,[r10,#0x28]
S:0xC0035726	0799	LSLS     r1,r3,#30
S:0xC0035728	D499	BMI      {pc}-0xca ; 0xc003565e
		Cycle Count: 4 (Atom Packet)
S:0xC003572A	F1B80F00	CMP      r8,#0
S:0xC003572E	F1790100	SBCS     r1,r9,#0
S:0xC0035732	DB16	BLT      {pc}+0x30 ; 0xc0035762
		Cycle Count: 15 (Atom Packet)
S:0xC0035734	E9D62304	LDRD     r2,r3,[r6,#0x10]
S:0xC0035738	4590	CMP      r8,r2
S:0xC003573A	EB790403	SBCS     r4,r9,r3
S:0xC003573E	DA8E	BGE      {pc}-0xe0 ; 0xc003565e
		Cycle Count: 8 (Atom Packet)
S:0xC0035740	69F2	LDR      r2,[r6,#0x1c]
S:0xC0035742	2A00	CMP      r2,#0
S:0xC0035744	D18B	BNE      {pc}-0xe6 ; 0xc003565e
		Cycle Count: 20 (Atom Packet)
S:0xC0035746	4640	MOV      r0,r8
S:0xC0035748	4649	MOV      r1,r9
S:0xC003574A	F01FFE0F	BL       {pc}+0x1fc22 ; 0xc005536c
		Cycle Count: 15 (Atom Packet)
S:0xC005536C	B530	PUSH     {r4,r5,lr}
S:0xC005536E	B083	SUB      sp,sp,#0xc
S:0xC0055370	B500	PUSH     {lr}
S:0xC0055372	F85DEB04	POP      {lr}
S:0xC0055376	F6400300	MOVW     r3,#0x800
S:0xC005537A	1C15	ADDS     r5,r2,#0
S:0xC005537C	F2CC035F	MOVT     r3,#0xc05f
S:0xC0055380	EE1D2F90	MRC      p15,#0x0,r2,c13,c0,#4
S:0xC0055384	58D4	LDR      r4,[r2,r3]
S:0xC0055386	BF18	IT       NE
S:0xC0055388	2501	MOVS     r5,#1
S:0xC005538A	4602	MOV      r2,r0
S:0xC005538C	460B	MOV      r3,r1
S:0xC005538E	9500	STR      r5,[sp,#0]
S:0xC0055390	4620	MOV      r0,r4
S:0xC0055392	F7FEFF63	BL       {pc}-0x1136 ; 0xc005425c
		Cycle Count: 27 (Atom Packet)
S:0xC005425C	E92D43F0	PUSH     {r4-r9,lr}
S:0xC0054260	B083	SUB      sp,sp,#0xc
S:0xC0054262	B500	PUSH     {lr}
S:0xC0054264	F85DEB04	POP      {lr}
S:0xC0054268	4614	MOV      r4,r2
S:0xC005426A	461D	MOV      r5,r3
S:0xC005426C	4680	MOV      r8,r0
S:0xC005426E	2C00	CMP      r4,#0
S:0xC0054270	F1750100	SBCS     r1,r5,#0
S:0xC0054274	F89D9028	LDRB     r9,[sp,#0x28]
S:0xC0054278	DB59	BLT      {pc}+0xb6 ; 0xc005432e
		Cycle Count: 3 (Atom Packet)
S:0xC005427A	6B01	LDR      r1,[r0,#0x30]
S:0xC005427C	6102	STR      r2,[r0,#0x10]
S:0xC005427E	2901	CMP      r1,#1
S:0xC0054280	6143	STR      r3,[r0,#0x14]
S:0xC0054282	D052	BEQ      {pc}+0xa8 ; 0xc005432a
		Cycle Count: 10 (Atom Packet)
S:0xC0054284	6B41	LDR      r1,[r0,#0x34]
S:0xC0054286	0749	LSLS     r1,r1,#29
S:0xC0054288	D440	BMI      {pc}+0x84 ; 0xc005430c
		Cycle Count: 1 (Atom Packet)
S:0xC005428A	4668	MOV      r0,sp
S:0xC005428C	F7FBF94E	BL       {pc}-0x4d60 ; 0xc004f52c
		Cycle Count: 3 (Atom Packet)
S:0xC004F52C	E92D4FF0	PUSH     {r4-r11,lr}
S:0xC004F530	B08B	SUB      sp,sp,#0x2c
S:0xC004F532	B500	PUSH     {lr}
S:0xC004F534	F85DEB04	POP      {lr}
S:0xC004F538	4B3D	LDR      r3,[pc,#244] ; [0xC004F630] = 0xC05FC59C
S:0xC004F53A	4682	MOV      r10,r0
S:0xC004F53C	681B	LDR      r3,[r3,#0]
S:0xC004F53E	2B00	CMP      r3,#0
S:0xC004F540	D16F	BNE      {pc}+0xe2 ; 0xc004f622
		Cycle Count: 8 (Atom Packet)
S:0xC004F542	F8DF90F4	LDR      r9,[pc,#244] ; [0xC004F638] = 0xC064D1C0
S:0xC004F546	F8DFB0F0	LDR      r11,[pc,#240] ; [0xC004F638] = 0xC064D1C0
S:0xC004F54A	464F	MOV      r7,r9
S:0xC004F54C	F8D75090	LDR      r5,[r7,#0x90]
S:0xC004F550	07EA	LSLS     r2,r5,#31
S:0xC004F552	D46C	BMI      {pc}+0xdc ; 0xc004f62e
		Cycle Count: 3 (Atom Packet)
		Cycle Count: 81 (Branch Packet)
S:0xC004F554	F3BF8F5F	DMB      
S:0xC004F558	F8DB6000	LDR      r6,[r11,#0]
S:0xC004F55C	F8DB4054	LDR      r4,[r11,#0x54]
S:0xC004F560	E9DB230E	LDRD     r2,r3,[r11,#0x38]
S:0xC004F564	4630	MOV      r0,r6
S:0xC004F566	6831	LDR      r1,[r6,#0]
S:0xC004F568	1912	ADDS     r2,r2,r4
S:0xC004F56A	EB4373E4	ADC      r3,r3,r4,ASR #31
S:0xC004F56E	E9CD2306	STRD     r2,r3,[sp,#0x18]
S:0xC004F572	4788	BLX      r1
		Cycle Count: 61 (I-Sync Packet)
		Tracing enabled
S:0xC004F574	E9D62302	LDRD     r2,r3,[r6,#8]
S:0xC004F578	F8DBC004	LDR      r12,[r11,#4]
S:0xC004F57C	F8DB4008	LDR      r4,[r11,#8]
S:0xC004F580	E9CD2300	STRD     r2,r3,[sp,#0]
S:0xC004F584	E9D62304	LDRD     r2,r3,[r6,#0x10]
S:0xC004F588	F8DB6058	LDR      r6,[r11,#0x58]
S:0xC004F58C	E9CD2308	STRD     r2,r3,[sp,#0x20]
S:0xC004F590	E9DB2310	LDRD     r2,r3,[r11,#0x40]
S:0xC004F594	9604	STR      r6,[sp,#0x10]
S:0xC004F596	E9CD2302	STRD     r2,r3,[sp,#8]
S:0xC004F59A	17F3	ASRS     r3,r6,#31
S:0xC004F59C	9305	STR      r3,[sp,#0x14]
S:0xC004F59E	F1C40620	RSB      r6,r4,#0x20
S:0xC004F5A2	E9DD2300	LDRD     r2,r3,[sp,#0]
S:0xC004F5A6	1A80	SUBS     r0,r0,r2
S:0xC004F5A8	EB610103	SBC      r1,r1,r3
S:0xC004F5AC	E9DD2308	LDRD     r2,r3,[sp,#0x20]
S:0xC004F5B0	4010	ANDS     r0,r0,r2
S:0xC004F5B2	4019	ANDS     r1,r1,r3
S:0xC004F5B4	FBA0230C	UMULL    r2,r3,r0,r12
S:0xC004F5B8	FB0C3301	MLA      r3,r12,r1,r3
S:0xC004F5BC	E9DD0102	LDRD     r0,r1,[sp,#8]
S:0xC004F5C0	1880	ADDS     r0,r0,r2
S:0xC004F5C2	EB410103	ADC      r1,r1,r3
S:0xC004F5C6	F1B40320	SUBS     r3,r4,#0x20
S:0xC004F5CA	E9CD0102	STRD     r0,r1,[sp,#8]
S:0xC004F5CE	FA20F804	LSR      r8,r0,r4
S:0xC004F5D2	FA41F303	ASR      r3,r1,r3
S:0xC004F5D6	9903	LDR      r1,[sp,#0xc]
S:0xC004F5D8	9A03	LDR      r2,[sp,#0xc]
S:0xC004F5DA	FA01F606	LSL      r6,r1,r6
S:0xC004F5DE	EA480806	ORR      r8,r8,r6
S:0xC004F5E2	FA42F904	ASR      r9,r2,r4
S:0xC004F5E6	BF58	IT       PL
S:0xC004F5E8	EA480803	ORR      r8,r8,r3
S:0xC004F5EC	E9DD2304	LDRD     r2,r3,[sp,#0x10]
S:0xC004F5F0	EB120208	ADDS     r2,r2,r8
S:0xC004F5F4	EB430309	ADC      r3,r3,r9
S:0xC004F5F8	F3BF8F5F	DMB      
S:0xC004F5FC	F8D71090	LDR      r1,[r7,#0x90]
S:0xC004F600	428D	CMP      r5,r1
S:0xC004F602	D1A3	BNE      {pc}-0xb6 ; 0xc004f54c
		Cycle Count: 89 (Atom Packet)
		Cycle Count: 5 (Branch Packet)
S:0xC004F604	461D	MOV      r5,r3
S:0xC004F606	9906	LDR      r1,[sp,#0x18]
S:0xC004F608	F44F434A	MOV      r3,#0xca00
S:0xC004F60C	4614	MOV      r4,r2
S:0xC004F60E	F6C3339A	MOVT     r3,#0x3b9a
S:0xC004F612	4650	MOV      r0,r10
S:0xC004F614	FBC34501	SMLAL    r4,r5,r3,r1
S:0xC004F618	E9CA4500	STRD     r4,r5,[r10,#0]
S:0xC004F61C	B00B	ADD      sp,sp,#0x2c
S:0xC004F61E	E8BD8FF0	POP      {r4-r11,pc}
S:0xC0054290	E9DD6700	LDRD     r6,r7,[sp,#0]
S:0xC0054294	1BA4	SUBS     r4,r4,r6
S:0xC0054296	EB650507	SBC      r5,r5,r7
S:0xC005429A	2C01	CMP      r4,#1
S:0xC005429C	F1750200	SBCS     r2,r5,#0
S:0xC00542A0	DB3D	BLT      {pc}+0x7e ; 0xc005431e
		Cycle Count: 6 (Atom Packet)
		Cycle Count: 18 (Branch Packet)
S:0xC00542A2	E9D86706	LDRD     r6,r7,[r8,#0x18]
S:0xC00542A6	F8D8002C	LDR      r0,[r8,#0x2c]
S:0xC00542AA	42B4	CMP      r4,r6
S:0xC00542AC	EB750307	SBCS     r3,r5,r7
S:0xC00542B0	E9D82308	LDRD     r2,r3,[r8,#0x20]
S:0xC00542B4	BFBC	ITT      LT
S:0xC00542B6	4626	MOV      r6,r4
S:0xC00542B8	462F	MOV      r7,r5
S:0xC00542BA	4296	CMP      r6,r2
S:0xC00542BC	EB770103	SBCS     r1,r7,r3
S:0xC00542C0	4641	MOV      r1,r8
S:0xC00542C2	BFB8	IT       LT
S:0xC00542C4	461F	MOV      r7,r3
S:0xC00542C6	F8D83028	LDR      r3,[r8,#0x28]
S:0xC00542CA	BFB8	IT       LT
S:0xC00542CC	4616	MOV      r6,r2
S:0xC00542CE	F1A00220	SUB      r2,r0,#0x20
S:0xC00542D2	FBA64503	UMULL    r4,r5,r6,r3
S:0xC00542D6	F1C00620	RSB      r6,r0,#0x20
S:0xC00542DA	FB035507	MLA      r5,r3,r7,r5
S:0xC00542DE	FA24F000	LSR      r0,r4,r0
S:0xC00542E2	FA05F606	LSL      r6,r5,r6
S:0xC00542E6	FA25F202	LSR      r2,r5,r2
S:0xC00542EA	4330	ORRS     r0,r0,r6
S:0xC00542EC	4310	ORRS     r0,r0,r2
S:0xC00542EE	F8D82004	LDR      r2,[r8,#4]
S:0xC00542F2	4790	BLX      r2
		Cycle Count: 119 (I-Sync Packet)
		Tracing enabled
S:0xC00542F4	2800	CMP      r0,#0
S:0xC00542F6	BF0C	ITE      EQ
S:0xC00542F8	2300	MOVS     r3,#0
S:0xC00542FA	F0090301	AND      r3,r9,#1
S:0xC00542FE	B15B	CBZ      r3,{pc}+0x1a ; 0xc0054318
		Cycle Count: 6 (Atom Packet)
		Cycle Count: 13 (Branch Packet)
S:0xC0054318	B003	ADD      sp,sp,#0xc
S:0xC005431A	E8BD83F0	POP      {r4-r9,pc}
		Cycle Count: 2 (Branch Packet)
S:0xC0055396	B003	ADD      sp,sp,#0xc
S:0xC0055398	BD30	POP      {r4,r5,pc}
S:0xC003574E	F5105F80	CMN      r0,#0x1000
S:0xC0035752	D806	BHI      {pc}+0x10 ; 0xc0035762
		Cycle Count: 2 (Atom Packet)
S:0xC0035754	F8C68010	STR      r8,[r6,#0x10]
S:0xC0035758	F8C69014	STR      r9,[r6,#0x14]
S:0xC003575C	2800	CMP      r0,#0
S:0xC003575E	F43FAF7E	BEQ      {pc}-0x100 ; 0xc003565e
		Cycle Count: 1 (Atom Packet)
S:0xC003565E	F8DA3024	LDR      r3,[r10,#0x24]
S:0xC0035662	990B	LDR      r1,[sp,#0x2c]
S:0xC0035664	6818	LDR      r0,[r3,#0]
S:0xC0035666	F3AEFFF7	BL       {pc}+0x3aeff2 ; 0xc03e4658
		Cycle Count: 7 (Atom Packet)
		Cycle Count: 378 (Branch Packet)
S:0xC03E4658	?	Cannot access target memory
		Cycle Count: 19 (Branch Packet)
S:0xC003566A	9805	LDR      r0,[sp,#0x14]
S:0xC003566C	B00D	ADD      sp,sp,#0x34
S:0xC003566E	E8BD8FF0	POP      {r4-r11,pc}
		Cycle Count: 2 (Branch Packet)
S:0xC0035842	B005	ADD      sp,sp,#0x14
S:0xC0035844	BD30	POP      {r4,r5,pc}
S:0xC0055E06	F8D83028	LDR      r3,[r8,#0x28]
S:0xC0055E0A	2B00	CMP      r3,#0
S:0xC0055E0C	D0D6	BEQ      {pc}-0x50 ; 0xc0055dbc
		Cycle Count: 2 (Atom Packet)
S:0xC0055E0E	491A	LDR      r1,[pc,#104] ; [0xC0055E78] = 0xC05F60C0
S:0xC0055E10	F64F73FD	MOV      r3,#0xfffd
S:0xC0055E14	F8D82060	LDR      r2,[r8,#0x60]
S:0xC0055E18	F6C773FF	MOVT     r3,#0x7fff
S:0xC0055E1C	6808	LDR      r0,[r1,#0]
S:0xC0055E1E	1A80	SUBS     r0,r0,r2
S:0xC0055E20	1E42	SUBS     r2,r0,#1
S:0xC0055E22	429A	CMP      r2,r3
S:0xC0055E24	D914	BLS      {pc}+0x2c ; 0xc0055e50
		Cycle Count: 6 (Atom Packet)
S:0xC0055E50	F7E9FC14	BL       {pc}-0x167d4 ; 0xc003f67c
		Cycle Count: 14 (Atom Packet)
S:0xC003F67C	B500	PUSH     {lr}
S:0xC003F67E	F85DEB04	POP      {lr}
S:0xC003F682	F7FFBF57	B.W      {pc}-0x14e ; 0xc003f534
		Cycle Count: 266 (Atom Packet)
S:0xC003F534	B500	PUSH     {lr}
S:0xC003F536	F85DEB04	POP      {lr}
S:0xC003F53A	4B0D	LDR      r3,[pc,#52] ; [0xC003F570] = 0xC05F3080
S:0xC003F53C	EE1D1F90	MRC      p15,#0x0,r1,c13,c0,#4
S:0xC003F540	18CB	ADDS     r3,r1,r3
S:0xC003F542	4A0C	LDR      r2,[pc,#48] ; [0xC003F574] = 0xC05F0768
S:0xC003F544	F8D33488	LDR      r3,[r3,#0x488]
S:0xC003F548	1889	ADDS     r1,r1,r2
S:0xC003F54A	2B00	CMP      r3,#0
S:0xC003F54C	DD07	BLE      {pc}+0x12 ; 0xc003f55e
		Cycle Count: 297 (Atom Packet)
		Cycle Count: 274 (Branch Packet)
S:0xC003F55E	E9D1230A	LDRD     r2,r3,[r1,#0x28]
S:0xC003F562	1812	ADDS     r2,r2,r0
S:0xC003F564	F1430300	ADC      r3,r3,#0
S:0xC003F568	E9C1230A	STRD     r2,r3,[r1,#0x28]
S:0xC003F56C	4770	BX       lr
S:0xC0055E54	E7E7	B        {pc}-0x2e ; 0xc0055e26
		Cycle Count: 1 (Atom Packet)
		Cycle Count: 54 (Branch Packet)
S:0xC0055E26	B662	CPSIE    i
S:0xC0055E28	B004	ADD      sp,sp,#0x10
S:0xC0055E2A	E8BD87F0	POP      {r4-r10,pc}
S:0xC004E3C2	F395FDD1	BL       {pc}+0x395ba6 ; 0xc03e3f68
		Cycle Count: 1 (Atom Packet)
		Cycle Count: 1,145 (I-Sync Packet)
		Tracing enabled
S:0xC003F754	B500	PUSH     {lr}
S:0xC003F756	F85DEB04	POP      {lr}
S:0xC003F75A	F005BD5B	B.W      {pc}+0x5aba ; 0xc0045214
		Cycle Count: 38 (Atom Packet)
S:0xC0045214	E92D4FF0	PUSH     {r4-r11,lr}
S:0xC0045218	B085	SUB      sp,sp,#0x14
S:0xC004521A	B500	PUSH     {lr}
S:0xC004521C	F85DEB04	POP      {lr}
S:0xC0045220	F5006390	ADD      r3,r0,#0x480
S:0xC0045224	F50069B4	ADD      r9,r0,#0x5a0
S:0xC0045228	4680	MOV      r8,r0
S:0xC004522A	E9D36700	LDRD     r6,r7,[r3,#0]
S:0xC004522E	E9D90100	LDRD     r0,r1,[r9,#0]
S:0xC0045232	1A30	SUBS     r0,r6,r0
S:0xC0045234	EB670101	SBC      r1,r7,r1
S:0xC0045238	F7FAFB90	BL       {pc}-0x58dc ; 0xc003f95c
		Cycle Count: 144 (Atom Packet)
		Cycle Count: 22 (Branch Packet)
S:0xC003F95C	E92D03F0	PUSH     {r4-r9}
S:0xC003F960	B500	PUSH     {lr}
S:0xC003F962	F85DEB04	POP      {lr}
S:0xC003F966	F64B7640	MOV      r6,#0xbf40
S:0xC003F96A	F2CC0664	MOVT     r6,#0xc064
S:0xC003F96E	6876	LDR      r6,[r6,#4]
S:0xC003F970	FBA18906	UMULL    r8,r9,r1,r6
S:0xC003F974	EA4F7CE6	ASR      r12,r6,#31
S:0xC003F978	FBA06706	UMULL    r6,r7,r0,r6
S:0xC003F97C	FB01990C	MLA      r9,r1,r12,r9
S:0xC003F980	EA4F4408	LSL      r4,r8,#16
S:0xC003F984	FB00770C	MLA      r7,r0,r12,r7
S:0xC003F988	0C32	LSRS     r2,r6,#16
S:0xC003F98A	EA4F4509	LSL      r5,r9,#16
S:0xC003F98E	EA454518	ORR      r5,r5,r8,LSR #16
S:0xC003F992	EA424207	ORR      r2,r2,r7,LSL #16
S:0xC003F996	0C3B	LSRS     r3,r7,#16
S:0xC003F998	1912	ADDS     r2,r2,r4
S:0xC003F99A	EB430305	ADC      r3,r3,r5
S:0xC003F99E	4610	MOV      r0,r2
S:0xC003F9A0	4619	MOV      r1,r3
S:0xC003F9A2	E8BD03F0	POP      {r4-r9}
S:0xC003F9A6	4770	BX       lr
S:0xC004523C	2800	CMP      r0,#0
S:0xC004523E	F1710300	SBCS     r3,r1,#0
S:0xC0045242	F2C080B5	BLT.W    {pc}+0x16e ; 0xc00453b0
		Cycle Count: 49 (Atom Packet)
S:0xC0045246	0A84	LSRS     r4,r0,#10
S:0xC0045248	0A8D	LSRS     r5,r1,#10
S:0xC004524A	EA445481	ORR      r4,r4,r1,LSL #22
S:0xC004524E	EA540A05	ORRS     r10,r4,r5
S:0xC0045252	D15A	BNE      {pc}+0xb8 ; 0xc004530a
		Cycle Count: 8 (Atom Packet)
S:0xC0045254	F8D8559C	LDR      r5,[r8,#0x59c]
S:0xC0045258	F8D89598	LDR      r9,[r8,#0x598]
S:0xC004525C	462C	MOV      r4,r5
S:0xC004525E	F8D870B8	LDR      r7,[r8,#0xb8]
S:0xC0045262	EA4F2989	LSL      r9,r9,#10
S:0xC0045266	4648	MOV      r0,r9
S:0xC0045268	3401	ADDS     r4,#1
S:0xC004526A	2100	MOVS     r1,#0
S:0xC004526C	F8D890BC	LDR      r9,[r8,#0xbc]
S:0xC0045270	F20BFD8E	BL       {pc}+0x20bb20 ; 0xc0250d90
		Cycle Count: 11 (Atom Packet)
		Cycle Count: 34 (I-Sync Packet)
		Tracing enabled
S:0xC0045274	F8D835C8	LDR      r3,[r8,#0x5c8]
S:0xC0045278	1BD6	SUBS     r6,r2,r7
S:0xC004527A	EA867AE6	EOR      r10,r6,r6,ASR #31
S:0xC004527E	EBAA7AE6	SUB      r10,r10,r6,ASR #31
S:0xC0045282	1C6C	ADDS     r4,r5,#1
S:0xC0045284	2100	MOVS     r1,#0
S:0xC0045286	F8D850DC	LDR      r5,[r8,#0xdc]
S:0xC004528A	0298	LSLS     r0,r3,#10
S:0xC004528C	F20BFD80	BL       {pc}+0x20bb04 ; 0xc0250d90
		Cycle Count: 18 (Atom Packet)
		Cycle Count: 9 (I-Sync Packet)
		Tracing enabled
S:0xC0045290	EBBA1F97	CMP      r10,r7,LSR #6
S:0xC0045294	EBC90202	RSB      r2,r9,r2
S:0xC0045298	D806	BHI      {pc}+0x10 ; 0xc00452a8
		Cycle Count: 11 (Atom Packet)
S:0xC004529A	EA8273E2	EOR      r3,r2,r2,ASR #31
S:0xC004529E	EBA373E2	SUB      r3,r3,r2,ASR #31
S:0xC00452A2	EBB31F99	CMP      r3,r9,LSR #6
S:0xC00452A6	D91D	BLS      {pc}+0x3e ; 0xc00452e4
		Cycle Count: 8 (Atom Packet)
S:0xC00452E4	4B59	LDR      r3,[pc,#356] ; [0xC004544C] = 0xC0635FCC
S:0xC00452E6	F8D80598	LDR      r0,[r8,#0x598]
S:0xC00452EA	F8D8159C	LDR      r1,[r8,#0x59c]
S:0xC00452EE	685A	LDR      r2,[r3,#4]
S:0xC00452F0	F8D894C0	LDR      r9,[r8,#0x4c0]
S:0xC00452F4	2A00	CMP      r2,#0
S:0xC00452F6	D179	BNE      {pc}+0xf6 ; 0xc00453ec
		Cycle Count: 158 (Atom Packet)
S:0xC00452F8	4B55	LDR      r3,[pc,#340] ; [0xC0045450] = 0xC0635FB8
S:0xC00452FA	E9D84524	LDRD     r4,r5,[r8,#0x90]
S:0xC00452FE	685A	LDR      r2,[r3,#4]
S:0xC0045300	2A00	CMP      r2,#0
S:0xC0045302	D164	BNE      {pc}+0xcc ; 0xc00453ce
		Cycle Count: 28 (Atom Packet)
		Cycle Count: 2 (Branch Packet)
S:0xC0045304	B005	ADD      sp,sp,#0x14
S:0xC0045306	E8BD8FF0	POP      {r4-r11,pc}
		Cycle Count: 4 (I-Sync Packet)
		Tracing enabled
		Cycle Count: 1 (Branch Packet)
S:0xC003F714	B500	PUSH     {lr}
S:0xC003F716	F85DEB04	POP      {lr}
S:0xC003F71A	4770	BX       lr
		Cycle Count: 2 (I-Sync Packet)
		Tracing enabled
S:0xC00421AC	B5F8	PUSH     {r3-r7,lr}
S:0xC00421AE	B500	PUSH     {lr}
S:0xC00421B0	F85DEB04	POP      {lr}
S:0xC00421B4	4607	MOV      r7,r0
S:0xC00421B6	6D05	LDR      r5,[r0,#0x50]
S:0xC00421B8	F1000448	ADD      r4,r0,#0x48
S:0xC00421BC	2D00	CMP      r5,#0
S:0xC00421BE	D043	BEQ      {pc}+0x8a ; 0xc0042248
		Cycle Count: 2 (Atom Packet)
S:0xC00421C0	6AE6	LDR      r6,[r4,#0x2c]
S:0xC00421C2	B106	CBZ      r6,{pc}+4 ; 0xc00421c6
		Cycle Count: 1 (Atom Packet)
S:0xC00421C4	3E08	SUBS     r6,r6,#8
S:0xC00421C6	6BE5	LDR      r5,[r4,#0x3c]
S:0xC00421C8	42B5	CMP      r5,r6
S:0xC00421CA	BF18	IT       NE
S:0xC00421CC	4635	MOV      r5,r6
S:0xC00421CE	D03D	BEQ      {pc}+0x7e ; 0xc004224c
		Cycle Count: 2 (Atom Packet)
S:0xC00421D0	6BA0	LDR      r0,[r4,#0x38]
S:0xC00421D2	B128	CBZ      r0,{pc}+0xe ; 0xc00421e0
		Cycle Count: 1 (Atom Packet)
S:0xC00421E0	6B60	LDR      r0,[r4,#0x34]
S:0xC00421E2	B128	CBZ      r0,{pc}+0xe ; 0xc00421f0
		Cycle Count: 2 (Atom Packet)
S:0xC00421F0	4620	MOV      r0,r4
S:0xC00421F2	4629	MOV      r1,r5
S:0xC00421F4	F7FFF89E	BL       {pc}-0xec0 ; 0xc0041334
		Cycle Count: 14 (Atom Packet)
S:0xC0041334	B430	PUSH     {r4,r5}
S:0xC0041336	B500	PUSH     {lr}
S:0xC0041338	F85DEB04	POP      {lr}
S:0xC004133C	6B83	LDR      r3,[r0,#0x38]
S:0xC004133E	428B	CMP      r3,r1
S:0xC0041340	D038	BEQ      {pc}+0x74 ; 0xc00413b4
		Cycle Count: 212 (Atom Packet)
S:0xC0041342	6B43	LDR      r3,[r0,#0x34]
S:0xC0041344	428B	CMP      r3,r1
S:0xC0041346	D01D	BEQ      {pc}+0x3e ; 0xc0041384
		Cycle Count: 7 (Atom Packet)
S:0xC0041348	6BC3	LDR      r3,[r0,#0x3c]
S:0xC004134A	428B	CMP      r3,r1
S:0xC004134C	D001	BEQ      {pc}+6 ; 0xc0041352
		Cycle Count: 2 (Atom Packet)
		Cycle Count: 2 (Branch Packet)
S:0xC004134E	BC30	POP      {r4,r5}
S:0xC0041350	4770	BX       lr
S:0xC00421F8	4620	MOV      r0,r4
S:0xC00421FA	4629	MOV      r1,r5
S:0xC00421FC	F7FFFE3E	BL       {pc}-0x380 ; 0xc0041e7c
		Cycle Count: 1 (Atom Packet)
S:0xC0041E7C	E92D4FF0	PUSH     {r4-r11,lr}
S:0xC0041E80	B091	SUB      sp,sp,#0x44
S:0xC0041E82	B500	PUSH     {lr}
S:0xC0041E84	F85DEB04	POP      {lr}
S:0xC0041E88	69CB	LDR      r3,[r1,#0x1c]
S:0xC0041E8A	4688	MOV      r8,r1
S:0xC0041E8C	4681	MOV      r9,r0
S:0xC0041E8E	2B00	CMP      r3,#0
S:0xC0041E90	D127	BNE      {pc}+0x52 ; 0xc0041ee2
		Cycle Count: 200 (Atom Packet)
S:0xC0041EE2	F7FEF89B	BL       {pc}-0x1ec6 ; 0xc004001c
		Cycle Count: 13 (Atom Packet)
S:0xC004001C	E92D4FF8	PUSH     {r3-r11,lr}
S:0xC0040020	B500	PUSH     {lr}
S:0xC0040022	F85DEB04	POP      {lr}
S:0xC0040026	F04F0A01	MOV      r10,#1
S:0xC004002A	F8D03084	LDR      r3,[r0,#0x84]
S:0xC004002E	F04F0B00	MOV      r11,#0
S:0xC0040032	E9D16712	LDRD     r6,r7,[r1,#0x48]
S:0xC0040036	4688	MOV      r8,r1
S:0xC0040038	F503638F	ADD      r3,r3,#0x478
S:0xC004003C	E9D14514	LDRD     r4,r5,[r1,#0x50]
S:0xC0040040	E9D32300	LDRD     r2,r3,[r3,#0]
S:0xC0040044	1B92	SUBS     r2,r2,r6
S:0xC0040046	EB630307	SBC      r3,r3,r7
S:0xC004004A	42AB	CMP      r3,r5
S:0xC004004C	BF08	IT       EQ
S:0xC004004E	42A2	CMP      r2,r4
S:0xC0040050	BF3C	ITT      CC
S:0xC0040052	4622	MOV      r2,r4
S:0xC0040054	462B	MOV      r3,r5
S:0xC0040056	E9D14516	LDRD     r4,r5,[r1,#0x58]
S:0xC004005A	E9C12314	STRD     r2,r3,[r1,#0x50]
S:0xC004005E	EB14040A	ADDS     r4,r4,r10
S:0xC0040062	EB45050B	ADC      r5,r5,r11
S:0xC0040066	E9C14516	STRD     r4,r5,[r1,#0x58]
S:0xC004006A	F8D03084	LDR      r3,[r0,#0x84]
S:0xC004006E	E9D14518	LDRD     r4,r5,[r1,#0x60]
S:0xC0040072	F503638F	ADD      r3,r3,#0x478
S:0xC0040076	F8D11128	LDR      r1,[r1,#0x128]
S:0xC004007A	E9D32300	LDRD     r2,r3,[r3,#0]
S:0xC004007E	1912	ADDS     r2,r2,r4
S:0xC0040080	EB430305	ADC      r3,r3,r5
S:0xC0040084	1B92	SUBS     r2,r2,r6
S:0xC0040086	EB630307	SBC      r3,r3,r7
S:0xC004008A	E9C82318	STRD     r2,r3,[r8,#0x60]
S:0xC004008E	B129	CBZ      r1,{pc}+0xe ; 0xc004009c
		Cycle Count: 203 (Atom Packet)
S:0xC004009C	490E	LDR      r1,[pc,#56] ; [0xC00400D8] = 0xC0636058
S:0xC004009E	F8D03084	LDR      r3,[r0,#0x84]
S:0xC00400A2	6848	LDR      r0,[r1,#4]
S:0xC00400A4	F503638F	ADD      r3,r3,#0x478
S:0xC00400A8	E9D32300	LDRD     r2,r3,[r3,#0]
S:0xC00400AC	2800	CMP      r0,#0
S:0xC00400AE	D0EF	BEQ      {pc}-0x1e ; 0xc0040090
		Cycle Count: 42 (Atom Packet)
		Cycle Count: 4 (Branch Packet)
S:0xC0040090	2200	MOVS     r2,#0
S:0xC0040092	2300	MOVS     r3,#0
S:0xC0040094	E9C82312	STRD     r2,r3,[r8,#0x48]
S:0xC0040098	E8BD8FF8	POP      {r3-r11,pc}
S:0xC0041EE6	4648	MOV      r0,r9
S:0xC0041EE8	4641	MOV      r1,r8
S:0xC0041EEA	F7FEFAC7	BL       {pc}-0x1a6e ; 0xc004047c
		Cycle Count: 1 (Atom Packet)
S:0xC004047C	B538	PUSH     {r3-r5,lr}
S:0xC004047E	B500	PUSH     {lr}
S:0xC0040480	F85DEB04	POP      {lr}
S:0xC0040484	F1010508	ADD      r5,r1,#8
S:0xC0040488	6AC3	LDR      r3,[r0,#0x2c]
S:0xC004048A	4604	MOV      r4,r0
S:0xC004048C	42AB	CMP      r3,r5
S:0xC004048E	D006	BEQ      {pc}+0x10 ; 0xc004049e
		Cycle Count: 28 (Atom Packet)
S:0xC004049E	4628	MOV      r0,r5
S:0xC00404A0	F216F87E	BL       {pc}+0x216100 ; 0xc02565a0
		Cycle Count: 13 (Atom Packet)
		Cycle Count: 17 (I-Sync Packet)
		Tracing enabled
S:0xC00404A4	62E0	STR      r0,[r4,#0x2c]
S:0xC00404A6	E7F3	B        {pc}-0x16 ; 0xc0040490
		Cycle Count: 3 (Atom Packet)
S:0xC0040490	4628	MOV      r0,r5
S:0xC0040492	F1040128	ADD      r1,r4,#0x28
S:0xC0040496	E8BD4038	POP      {r3-r5,lr}
S:0xC004049A	F215BECF	B.W      {pc}+0x215da2 ; 0xc025623c
		Cycle Count: 14 (Atom Packet)
		Cycle Count: 20 (I-Sync Packet)
		Tracing enabled
S:0xC0041EEE	F8D8A124	LDR      r10,[r8,#0x124]
S:0xC0041EF2	F8D83128	LDR      r3,[r8,#0x128]
S:0xC0041EF6	F8DA2084	LDR      r2,[r10,#0x84]
S:0xC0041EFA	F8D274C0	LDR      r7,[r2,#0x4c0]
S:0xC0041EFE	9704	STR      r7,[sp,#0x10]
S:0xC0041F00	2B00	CMP      r3,#0
S:0xC0041F02	F0008108	BEQ.W    {pc}+0x214 ; 0xc0042116
		Cycle Count: 3 (Atom Packet)
S:0xC0042116	F5026290	ADD      r2,r2,#0x480
S:0xC004211A	E9D26700	LDRD     r6,r7,[r2,#0]
S:0xC004211E	E6F8	B        {pc}-0x20c ; 0xc0041f12
		Cycle Count: 132 (Atom Packet)
S:0xC0041F12	46C3	MOV      r11,r8
S:0xC0041F14	F8D8201C	LDR      r2,[r8,#0x1c]
S:0xC0041F18	F8DA3030	LDR      r3,[r10,#0x30]
S:0xC0041F1C	E9FB014E	LDRD     r0,r1,[r11,#0x138]!
S:0xC0041F20	9209	STR      r2,[sp,#0x24]
S:0xC0041F22	1A30	SUBS     r0,r6,r0
S:0xC0041F24	EB670101	SBC      r1,r7,r1
S:0xC0041F28	9306	STR      r3,[sp,#0x18]
S:0xC0041F2A	F7FDFD17	BL       {pc}-0x25ce ; 0xc003f95c
		Cycle Count: 7 (Atom Packet)
		Cycle Count: 24 (Branch Packet)
S:0xC003F95C	E92D03F0	PUSH     {r4-r9}
S:0xC003F960	B500	PUSH     {lr}
S:0xC003F962	F85DEB04	POP      {lr}
S:0xC003F966	F64B7640	MOV      r6,#0xbf40
S:0xC003F96A	F2CC0664	MOVT     r6,#0xc064
S:0xC003F96E	6876	LDR      r6,[r6,#4]
S:0xC003F970	FBA18906	UMULL    r8,r9,r1,r6
S:0xC003F974	EA4F7CE6	ASR      r12,r6,#31
S:0xC003F978	FBA06706	UMULL    r6,r7,r0,r6
S:0xC003F97C	FB01990C	MLA      r9,r1,r12,r9
S:0xC003F980	EA4F4408	LSL      r4,r8,#16
S:0xC003F984	FB00770C	MLA      r7,r0,r12,r7
S:0xC003F988	0C32	LSRS     r2,r6,#16
S:0xC003F98A	EA4F4509	LSL      r5,r9,#16
S:0xC003F98E	EA454518	ORR      r5,r5,r8,LSR #16
S:0xC003F992	EA424207	ORR      r2,r2,r7,LSL #16
S:0xC003F996	0C3B	LSRS     r3,r7,#16
S:0xC003F998	1912	ADDS     r2,r2,r4
S:0xC003F99A	EB430305	ADC      r3,r3,r5
S:0xC003F99E	4610	MOV      r0,r2
S:0xC003F9A0	4619	MOV      r1,r3
S:0xC003F9A2	E8BD03F0	POP      {r4-r9}
S:0xC003F9A6	4770	BX       lr
S:0xC0041F2E	2800	CMP      r0,#0
S:0xC0041F30	F1710C00	SBCS     r12,r1,#0
S:0xC0041F34	F2C080D9	BLT.W    {pc}+0x1b6 ; 0xc00420ea
		Cycle Count: 1 (Atom Packet)
S:0xC0041F38	0A84	LSRS     r4,r0,#10
S:0xC0041F3A	0A8D	LSRS     r5,r1,#10
S:0xC0041F3C	EA445481	ORR      r4,r4,r1,LSL #22
S:0xC0041F40	EA540005	ORRS     r0,r4,r5
S:0xC0041F44	D0A5	BEQ      {pc}-0xb2 ; 0xc0041e92
		Cycle Count: 6 (Atom Packet)
S:0xC0041E92	F8D93084	LDR      r3,[r9,#0x84]
S:0xC0041E96	F5036390	ADD      r3,r3,#0x480
S:0xC0041E9A	E9D32300	LDRD     r2,r3,[r3,#0]
S:0xC0041E9E	E9C82308	STRD     r2,r3,[r8,#0x20]
S:0xC0041EA2	F8D92084	LDR      r2,[r9,#0x84]
S:0xC0041EA6	F8C98030	STR      r8,[r9,#0x30]
S:0xC0041EAA	F8D83000	LDR      r3,[r8,#0]
S:0xC0041EAE	6B12	LDR      r2,[r2,#0x30]
S:0xC0041EB0	EBB20F43	CMP      r2,r3,LSL #1
S:0xC0041EB4	E9D8230A	LDRD     r2,r3,[r8,#0x28]
S:0xC0041EB8	D30E	BCC      {pc}+0x20 ; 0xc0041ed8
		Cycle Count: 11 (Atom Packet)
		Cycle Count: 2 (Branch Packet)
S:0xC0041ED8	E9C8230E	STRD     r2,r3,[r8,#0x38]
S:0xC0041EDC	B011	ADD      sp,sp,#0x44
S:0xC0041EDE	E8BD8FF0	POP      {r4-r11,pc}
S:0xC0042200	F8D54128	LDR      r4,[r5,#0x128]
S:0xC0042204	2C00	CMP      r4,#0
S:0xC0042206	D1DB	BNE      {pc}-0x46 ; 0xc00421c0
		Cycle Count: 1 (Atom Packet)
S:0xC0042208	4B18	LDR      r3,[pc,#96] ; [0xC004226C] = 0xC05FC568
S:0xC004220A	3D38	SUBS     r5,r5,#0x38
S:0xC004220C	681B	LDR      r3,[r3,#0]
S:0xC004220E	061A	LSLS     r2,r3,#24
S:0xC0042210	D51A	BPL      {pc}+0x38 ; 0xc0042248
		Cycle Count: 58 (Atom Packet)
		Cycle Count: 24 (Branch Packet)
S:0xC0042248	4628	MOV      r0,r5
S:0xC004224A	BDF8	POP      {r3-r7,pc}
		Cycle Count: 1,071 (I-Sync Packet)
		Tracing enabled
S:0xC000CCF8	F1010C1C	ADD      r12,r1,#0x1c
S:0xC000CCFC	6E13	LDR      r3,[r2,#0x60]
S:0xC000CCFE	E8AC0FF0	STM      r12!,{r4-r11}
S:0xC000CD02	F84CDB04	STR      sp,[r12],#4
S:0xC000CD06	F84CEB04	STR      lr,[r12],#4
S:0xC000CD0A	EE0D3F70	MCR      p15,#0x0,r3,c13,c0,#3
S:0xC000CD0E	F04F0400	MOV      r4,#0
S:0xC000CD12	EE0D4F50	MCR      p15,#0x0,r4,c13,c0,#2
S:0xC000CD16	4605	MOV      r5,r0
S:0xC000CD18	F102041C	ADD      r4,r2,#0x1c
S:0xC000CD1C	4806	LDR      r0,[pc,#24] ; [0xC000CD38] = 0xC0637C50
S:0xC000CD1E	F04F0102	MOV      r1,#2
S:0xC000CD22	F029FDF7	BL       {pc}+0x29bf2 ; 0xc0036914
		Cycle Count: 272 (Atom Packet)
S:0xC0036914	B510	PUSH     {r4,lr}
S:0xC0036916	B082	SUB      sp,sp,#8
S:0xC0036918	B500	PUSH     {lr}
S:0xC003691A	F85DEB04	POP      {lr}
S:0xC003691E	2400	MOVS     r4,#0
S:0xC0036920	F04F33FF	MOV      r3,#0xffffffff
S:0xC0036924	9400	STR      r4,[sp,#0]
S:0xC0036926	F7FFFFE9	BL       {pc}-0x2a ; 0xc00368fc
		Cycle Count: 2 (Atom Packet)
S:0xC00368FC	B510	PUSH     {r4,lr}
S:0xC00368FE	B082	SUB      sp,sp,#8
S:0xC0036900	B500	PUSH     {lr}
S:0xC0036902	F85DEB04	POP      {lr}
S:0xC0036906	9C04	LDR      r4,[sp,#0x10]
S:0xC0036908	9400	STR      r4,[sp,#0]
S:0xC003690A	3004	ADDS     r0,#4
S:0xC003690C	F7FFFFCC	BL       {pc}-0x64 ; 0xc00368a8
		Cycle Count: 2 (Atom Packet)
S:0xC00368A8	E92D41F0	PUSH     {r4-r8,lr}
S:0xC00368AC	B500	PUSH     {lr}
S:0xC00368AE	F85DEB04	POP      {lr}
S:0xC00368B2	461D	MOV      r5,r3
S:0xC00368B4	6804	LDR      r4,[r0,#0]
S:0xC00368B6	460F	MOV      r7,r1
S:0xC00368B8	4690	MOV      r8,r2
S:0xC00368BA	9E06	LDR      r6,[sp,#0x18]
S:0xC00368BC	2B00	CMP      r3,#0
S:0xC00368BE	BF18	IT       NE
S:0xC00368C0	2C00	CMP      r4,#0
S:0xC00368C2	BF0C	ITE      EQ
S:0xC00368C4	2000	MOVS     r0,#0
S:0xC00368C6	2001	MOVS     r0,#1
S:0xC00368C8	D10A	BNE      {pc}+0x18 ; 0xc00368e0
		Cycle Count: 127 (Atom Packet)
		Cycle Count: 19 (Branch Packet)
S:0xC00368E0	6823	LDR      r3,[r4,#0]
S:0xC00368E2	4620	MOV      r0,r4
S:0xC00368E4	4639	MOV      r1,r7
S:0xC00368E6	4642	MOV      r2,r8
S:0xC00368E8	6864	LDR      r4,[r4,#4]
S:0xC00368EA	4798	BLX      r3
S:0xC0008C20	B538	PUSH     {r3-r5,lr}
S:0xC0008C22	B500	PUSH     {lr}
S:0xC0008C24	F85DEB04	POP      {lr}
S:0xC0008C28	4614	MOV      r4,r2
S:0xC0008C2A	2903	CMP      r1,#3
S:0xC0008C2C	D816	BHI      {pc}+0x30 ; 0xc0008c5c
		Cycle Count: 276 (Atom Packet)
		Cycle Count: 22 (Branch Packet)
S:0xC0008C2E	E8DFF001	TBB      [pc,r1]
S:0xC0008C60	EEF84A10	VMRS     r4,FPEXC
S:0xC0008C64	0060	LSLS     r0,r4,#1
S:0xC0008C66	6953	LDR      r3,[r2,#0x14]
S:0xC0008C68	D507	BPL      {pc}+0x12 ; 0xc0008c7a
		Cycle Count: 31 (Atom Packet)
		Cycle Count: 64 (Branch Packet)
S:0xC0008C7A	F0244480	BIC      r4,r4,#0x40000000
S:0xC0008C7E	EEE84A10	VMSR     FPEXC,r4
S:0xC0008C82	2000	MOVS     r0,#0
S:0xC0008C84	BD38	POP      {r3-r5,pc}
S:0xC00368EC	B116	CBZ      r6,{pc}+8 ; 0xc00368f4
		Cycle Count: 1 (Atom Packet)
S:0xC00368F4	0403	LSLS     r3,r0,#16
S:0xC00368F6	D5E9	BPL      {pc}-0x2a ; 0xc00368cc
		Cycle Count: 1 (Atom Packet)
S:0xC00368CC	3D01	SUBS     r5,#1
S:0xC00368CE	BF0C	ITE      EQ
S:0xC00368D0	2300	MOVS     r3,#0
S:0xC00368D2	2301	MOVS     r3,#1
S:0xC00368D4	2C00	CMP      r4,#0
S:0xC00368D6	BF0C	ITE      EQ
S:0xC00368D8	2300	MOVS     r3,#0
S:0xC00368DA	F0030301	AND      r3,r3,#1
S:0xC00368DE	B15B	CBZ      r3,{pc}+0x1a ; 0xc00368f8
		Cycle Count: 3 (Atom Packet)
		Cycle Count: 8 (Branch Packet)
S:0xC00368F8	E8BD81F0	POP      {r4-r8,pc}
		Cycle Count: 2 (Branch Packet)
S:0xC0036910	B002	ADD      sp,sp,#8
S:0xC0036912	BD10	POP      {r4,pc}
		Cycle Count: 3 (Branch Packet)
S:0xC003692A	B002	ADD      sp,sp,#8
S:0xC003692C	BD10	POP      {r4,pc}
		Cycle Count: 15 (Branch Packet)
S:0xC000CD26	46A4	MOV      r12,r4
S:0xC000CD28	4628	MOV      r0,r5
S:0xC000CD2A	E8BC0FF0	LDM      r12!,{r4-r11}
S:0xC000CD2E	F85CDB04	LDR      sp,[r12],#4
S:0xC000CD32	F8DCF000	LDR      pc,[r12,#0]
S:0xC03E398E	?	Cannot access target memory
		Cycle Count: 675 (Atom Packet)
S:?	?	Unknown instruction address
		Cycle Count: 291 (Atom Packet)
S:?	?	Unknown instruction address
		Cycle Count: 546 (Atom Packet)
S:?	?	Unknown instruction address
		Cycle Count: 100 (Atom Packet)
S:?	?	Unknown instruction address
		Cycle Count: 19 (Atom Packet)
S:?	?	Unknown instruction address
		Cycle Count: 1 (Atom Packet)
		Cycle Count: 76 (Branch Packet)
S:?	?	Unknown instruction address
		Cycle Count: 2,206 (I-Sync Packet)
		Tracing enabled
S:0xC002D904	B5F0	PUSH     {r4-r7,lr}
S:0xC002D906	B089	SUB      sp,sp,#0x24
S:0xC002D908	B500	PUSH     {lr}
S:0xC002D90A	F85DEB04	POP      {lr}
S:0xC002D90E	4604	MOV      r4,r0
S:0xC002D910	B672	CPSID    i
S:0xC002D912	F7FFFE59	BL       {pc}-0x34a ; 0xc002d5c8
		Cycle Count: 269 (Atom Packet)
S:0xC002D5C8	B500	PUSH     {lr}
S:0xC002D5CA	F85DEB04	POP      {lr}
S:0xC002D5CE	6801	LDR      r1,[r0,#0]
S:0xC002D5D0	F0110004	ANDS     r0,r1,#4
S:0xC002D5D4	D110	BNE      {pc}+0x24 ; 0xc002d5f8
		Cycle Count: 297 (Atom Packet)
S:0xC002D5D6	0949	LSRS     r1,r1,#5
S:0xC002D5D8	F06F4378	MVN      r3,#0xf8000000
S:0xC002D5DC	4299	CMP      r1,r3
S:0xC002D5DE	D00A	BEQ      {pc}+0x18 ; 0xc002d5f6
		Cycle Count: 2 (Atom Packet)
S:0xC002D5E0	4B0A	LDR      r3,[pc,#40] ; [0xC002D60C] = 0xC064AEB0
S:0xC002D5E2	689B	LDR      r3,[r3,#8]
S:0xC002D5E4	B123	CBZ      r3,{pc}+0xc ; 0xc002d5f0
		Cycle Count: 80 (Atom Packet)
S:0xC002D5E6	681A	LDR      r2,[r3,#0]
S:0xC002D5E8	F02100FF	BIC      r0,r1,#0xff
S:0xC002D5EC	4290	CMP      r0,r2
S:0xC002D5EE	D007	BEQ      {pc}+0x12 ; 0xc002d600
		Cycle Count: 263 (Atom Packet)
		Cycle Count: 131 (Branch Packet)
S:0xC002D600	B2C9	UXTB     r1,r1
S:0xC002D602	3108	ADDS     r1,r1,#8
S:0xC002D604	EB030381	ADD      r3,r3,r1,LSL #2
S:0xC002D608	6858	LDR      r0,[r3,#4]
S:0xC002D60A	4770	BX       lr
S:0xC002D916	4605	MOV      r5,r0
S:0xC002D918	2800	CMP      r0,#0
S:0xC002D91A	D037	BEQ      {pc}+0x72 ; 0xc002d98c
		Cycle Count: 1 (Atom Packet)
S:0xC002D91C	F3B6FE4C	BL       {pc}+0x3b6c9c ; 0xc03e45b8
		Cycle Count: 1 (Atom Packet)
		Cycle Count: 608 (I-Sync Packet)
		Tracing enabled
S:0xC002D920	6820	LDR      r0,[r4,#0]
S:0xC002D922	0742	LSLS     r2,r0,#29
S:0xC002D924	D535	BPL      {pc}+0x6e ; 0xc002d992
		Cycle Count: 253 (Atom Packet)
S:0xC002D992	4621	MOV      r1,r4
S:0xC002D994	4628	MOV      r0,r5
S:0xC002D996	F7FEFDA9	BL       {pc}-0x14aa ; 0xc002c4ec
		Cycle Count: 14 (Atom Packet)
S:0xC002C4EC	B500	PUSH     {lr}
S:0xC002C4EE	F85DEB04	POP      {lr}
S:0xC002C4F2	2301	MOVS     r3,#1
S:0xC002C4F4	F6C96337	MOVT     r3,#0x9e37
S:0xC002C4F8	FB03F301	MUL      r3,r3,r1
S:0xC002C4FC	0E9B	LSRS     r3,r3,#26
S:0xC002C4FE	EB000083	ADD      r0,r0,r3,LSL #2
S:0xC002C502	F8D00094	LDR      r0,[r0,#0x94]
S:0xC002C506	B938	CBNZ     r0,{pc}+0x12 ; 0xc002c518
		Cycle Count: 372 (Atom Packet)
		Cycle Count: 1 (Branch Packet)
S:0xC002C508	4770	BX       lr
S:0xC002D99A	4604	MOV      r4,r0
S:0xC002D99C	B198	CBZ      r0,{pc}+0x2a ; 0xc002d9c6
		Cycle Count: 1 (Atom Packet)
S:0xC002D9C6	F3BF8F5F	DMB      
S:0xC002D9CA	882B	LDRH     r3,[r5,#0]
S:0xC002D9CC	3301	ADDS     r3,#1
S:0xC002D9CE	802B	STRH     r3,[r5,#0]
S:0xC002D9D0	F3BF8F4F	DSB      
S:0xC002D9D4	F3AF8004	SEV.W    
S:0xC002D9D8	B662	CPSIE    i
S:0xC002D9DA	E7D8	B        {pc}-0x4c ; 0xc002d98e
		Cycle Count: 826 (Atom Packet)
S:0xC002D98E	2000	MOVS     r0,#0
S:0xC002D990	E7FA	B        {pc}-8 ; 0xc002d988
		Cycle Count: 5 (Atom Packet)
		Cycle Count: 15 (Branch Packet)
S:0xC002D988	B009	ADD      sp,sp,#0x24
S:0xC002D98A	BDF0	POP      {r4-r7,pc}
		Timestamp: 562537009345
		Cycle Count: 0 (Timestamp Packet)
		Cycle Count: 4,314 (I-Sync Packet)
		Tracing enabled
S:0xC000C840	B091	SUB      sp,sp,#0x44
S:0xC000C842	9000	STR      r0,[sp,#0]
S:0xC000C844	4668	MOV      r0,sp
S:0xC000C846	F0100F04	TST      r0,#4
S:0xC000C84A	9800	LDR      r0,[sp,#0]
S:0xC000C84C	BF08	IT       EQ
S:0xC000C84E	B081	SUB      sp,sp,#4
S:0xC000C850	E88D1FFE	STM      sp,{r1-r12}
S:0xC000C854	E8900038	LDM      r0,{r3-r5}
S:0xC000C858	AF0C	ADD      r7,sp,#0x30
S:0xC000C85A	F04F36FF	MOV      r6,#0xffffffff
S:0xC000C85E	AA11	ADD      r2,sp,#0x44
S:0xC000C860	BF08	IT       EQ
S:0xC000C862	3204	ADDS     r2,#4
S:0xC000C864	F84D3D04	PUSH.W   {r3}
S:0xC000C868	4673	MOV      r3,lr
S:0xC000C86A	E887007C	STM      r7,{r2-r6}
S:0xC000C86E	466A	MOV      r2,sp
S:0xC000C870	F00AFD76	BL       {pc}+0xaaf0 ; 0xc0017360
		Cycle Count: 348 (Atom Packet)
		Timestamp: 562537009438
		Cycle Count: 0 (Timestamp Packet)
S:0xC0017360	F3BF8F2F	CLREX    
S:0xC0017364	EE151F10	MRC      p15,#0x0,r1,c5,c0,#0
S:0xC0017368	EE160F10	MRC      p15,#0x0,r0,c6,c0,#0
S:0xC001736C	F7F0BFBC	B        {pc}-0xf084 ; 0xc00082e8
		Cycle Count: 198 (Atom Packet)
S:0xC00082E8	E92D43F0	PUSH     {r4-r9,lr}
S:0xC00082EC	B0A3	SUB      sp,sp,#0x8c
S:0xC00082EE	B500	PUSH     {lr}
S:0xC00082F0	F004FD8C	BL       {pc}+0x4b1c ; 0xc000ce0c
		Cycle Count: 242 (Atom Packet)
		Cycle Count: 29 (Branch Packet)
S:0xC000CE0C	46F4	MOV      r12,lr
S:0xC000CE0E	F85DEB04	POP      {lr}
S:0xC000CE12	46E7	MOV      pc,r12
		Cycle Count: 207 (Branch Packet)
S:0xC00082F4	F4016580	AND      r5,r1,#0x400
S:0xC00082F8	F001030F	AND      r3,r1,#0xf
S:0xC00082FC	4E14	LDR      r6,[pc,#80] ; [0xC0008350] = 0xC0601FE0
S:0xC00082FE	EA431595	ORR      r5,r3,r5,LSR #6
S:0xC0008302	460C	MOV      r4,r1
S:0xC0008304	F0214100	BIC      r1,r1,#0x80000000
S:0xC0008308	4607	MOV      r7,r0
S:0xC000830A	012D	LSLS     r5,r5,#4
S:0xC000830C	4690	MOV      r8,r2
S:0xC000830E	EB060905	ADD      r9,r6,r5
S:0xC0008312	5975	LDR      r5,[r6,r5]
S:0xC0008314	47A8	BLX      r5
S:0xC0015428	E92D4FF0	PUSH     {r4-r11,lr}
S:0xC001542C	B09B	SUB      sp,sp,#0x6c
S:0xC001542E	B500	PUSH     {lr}
S:0xC0015430	F85DEB04	POP      {lr}
S:0xC0015434	466B	MOV      r3,sp
S:0xC0015436	F42355FF	BIC      r5,r3,#0x1fe0
S:0xC001543A	6C13	LDR      r3,[r2,#0x40]
S:0xC001543C	F025051F	BIC      r5,r5,#0x1f
S:0xC0015440	F4116B00	ANDS     r11,r1,#0x800
S:0xC0015444	BF0C	ITE      EQ
S:0xC0015446	F04F0A28	MOV      r10,#0x28
S:0xC001544A	F04F0A29	MOV      r10,#0x29
S:0xC001544E	061B	LSLS     r3,r3,#24
S:0xC0015450	68EF	LDR      r7,[r5,#0xc]
S:0xC0015452	4616	MOV      r6,r2
S:0xC0015454	460C	MOV      r4,r1
S:0xC0015456	4681	MOV      r9,r0
S:0xC0015458	F8D7820C	LDR      r8,[r7,#0x20c]
S:0xC001545C	D400	BMI      {pc}+4 ; 0xc0015460
		Cycle Count: 208 (Atom Packet)
S:0xC001545E	B662	CPSIE    i
S:0xC0015460	686B	LDR      r3,[r5,#4]
S:0xC0015462	F0334180	BICS     r1,r3,#0x40000000
S:0xC0015466	D103	BNE      {pc}+0xa ; 0xc0015470
		Cycle Count: 48 (Atom Packet)
S:0xC0015468	F3EF8300	MRS      r3,APSR ; formerly CPSR
S:0xC001546C	0618	LSLS     r0,r3,#24
S:0xC001546E	D509	BPL      {pc}+0x16 ; 0xc0015484
		Cycle Count: 23 (Atom Packet)
S:0xC0015484	F1B80F00	CMP      r8,#0
S:0xC0015488	D0F2	BEQ      {pc}-0x18 ; 0xc0015470
		Cycle Count: 16 (Atom Packet)
S:0xC001548A	F108023C	ADD      r2,r8,#0x3c
S:0xC001548E	9205	STR      r2,[sp,#0x14]
S:0xC0015490	4610	MOV      r0,r2
S:0xC0015492	F020FD2D	BL       {pc}+0x20a5e ; 0xc0035ef0
		Cycle Count: 19 (Atom Packet)
S:0xC0035EF0	B500	PUSH     {lr}
S:0xC0035EF2	F85DEB04	POP      {lr}
S:0xC0035EF6	F220BBB5	B.W      {pc}+0x22076e ; 0xc0256664
		Cycle Count: 256 (Atom Packet)
		Cycle Count: 1,195 (I-Sync Packet)
		Tracing enabled
S:0xC0015496	B928	CBNZ     r0,{pc}+0xe ; 0xc00154a4
		Cycle Count: 1 (Atom Packet)
S:0xC00154A4	4640	MOV      r0,r8
S:0xC00154A6	4649	MOV      r1,r9
S:0xC00154A8	F08FF836	BL       {pc}+0x8f070 ; 0xc00a4518
		Cycle Count: 1 (Atom Packet)
		Cycle Count: 1,556 (I-Sync Packet)
		Tracing enabled
S:0xC00154AC	4603	MOV      r3,r0
S:0xC00154AE	2800	CMP      r0,#0
S:0xC00154B0	F00080AE	BEQ.W    {pc}+0x160 ; 0xc0015610
		Cycle Count: 1 (Atom Packet)
S:0xC00154B4	6802	LDR      r2,[r0,#0]
S:0xC00154B6	4591	CMP      r9,r2
S:0xC00154B8	F0C0809C	BCC.W    {pc}+0x13c ; 0xc00155f4
		Cycle Count: 4 (Atom Packet)
S:0xC00154BC	F1BB0F00	CMP      r11,#0
S:0xC00154C0	BF0C	ITE      EQ
S:0xC00154C2	2207	MOVS     r2,#7
S:0xC00154C4	2202	MOVS     r2,#2
S:0xC00154C6	6A99	LDR      r1,[r3,#0x28]
S:0xC00154C8	EA320224	BICS     r2,r2,r4,ASR #32
S:0xC00154CC	BF28	IT       CS
S:0xC00154CE	2204	MOVS     r2,#4
S:0xC00154D0	420A	TST      r2,r1
S:0xC00154D2	BF04	ITT      EQ
S:0xC00154D4	F44F3300	MOV      r3,#0x20000
S:0xC00154D8	9306	STR      r3,[sp,#0x18]
S:0xC00154DA	D155	BNE      {pc}+0xae ; 0xc0015588
		Cycle Count: 8 (Atom Packet)
S:0xC0015588	F429627F	BIC      r2,r9,#0xff0
S:0xC001558C	4619	MOV      r1,r3
S:0xC001558E	F022020F	BIC      r2,r2,#0xf
S:0xC0015592	4653	MOV      r3,r10
S:0xC0015594	4640	MOV      r0,r8
S:0xC0015596	F08DFDD3	BL       {pc}+0x8dbaa ; 0xc00a3140
		Cycle Count: 31 (Atom Packet)
		Cycle Count: 691 (I-Sync Packet)
		Tracing enabled
S:0xC00170F4	B5F8	PUSH     {r3-r7,lr}
S:0xC00170F6	B500	PUSH     {lr}
S:0xC00170F8	F85DEB04	POP      {lr}
S:0xC00170FC	466B	MOV      r3,sp
S:0xC00170FE	F42355FF	BIC      r5,r3,#0x1fe0
S:0xC0017102	4604	MOV      r4,r0
S:0xC0017104	F025051F	BIC      r5,r5,#0x1f
S:0xC0017108	686B	LDR      r3,[r5,#4]
S:0xC001710A	3301	ADDS     r3,#1
S:0xC001710C	606B	STR      r3,[r5,#4]
S:0xC001710E	6802	LDR      r2,[r0,#0]
S:0xC0017110	4E33	LDR      r6,[pc,#204] ; [0xC00171E0] = 0xC06381A8
S:0xC0017112	F3C27341	UBFX     r3,r2,#29,#2
S:0xC0017116	0FD2	LSRS     r2,r2,#31
S:0xC0017118	EB030343	ADD      r3,r3,r3,LSL #1
S:0xC001711C	F8562022	LDR      r2,[r6,r2,LSL #2]
S:0xC0017120	EB022303	ADD      r3,r2,r3,LSL #8
S:0xC0017124	F8D322CC	LDR      r2,[r3,#0x2cc]
S:0xC0017128	1A9B	SUBS     r3,r3,r2
S:0xC001712A	F5B37F40	CMP      r3,#0x300
S:0xC001712E	D00B	BEQ      {pc}+0x1a ; 0xc0017148
		Cycle Count: 580 (Atom Packet)
S:0xC0017148	4620	MOV      r0,r4
S:0xC001714A	F088FE05	BL       {pc}+0x88c0e ; 0xc009fd58
		Cycle Count: 13 (Atom Packet)
		Cycle Count: 2,629 (I-Sync Packet)
		Tracing enabled
S:0xC001714E	B100	CBZ      r0,{pc}+4 ; 0xc0017152
		Cycle Count: 1 (Atom Packet)
S:0xC0017152	EE1D1F90	MRC      p15,#0x0,r1,c13,c0,#4
S:0xC0017156	4602	MOV      r2,r0
S:0xC0017158	4B23	LDR      r3,[pc,#140] ; [0xC00171E8] = 0xC05F1E4C
S:0xC001715A	58C8	LDR      r0,[r1,r3]
S:0xC001715C	F8DFE094	LDR      lr,[pc,#148] ; [0xC00171F4] = 0xC063810C
S:0xC0017160	3001	ADDS     r0,#1
S:0xC0017162	50C8	STR      r0,[r1,r3]
S:0xC0017164	6821	LDR      r1,[r4,#0]
S:0xC0017166	EE1D0F90	MRC      p15,#0x0,r0,c13,c0,#4
S:0xC001716A	696D	LDR      r5,[r5,#0x14]
S:0xC001716C	0FCF	LSRS     r7,r1,#31
S:0xC001716E	58C1	LDR      r1,[r0,r3]
S:0xC0017170	F8DE0000	LDR      r0,[lr,#0]
S:0xC0017174	F8563027	LDR      r3,[r6,r7,LSL #2]
S:0xC0017178	3901	SUBS     r1,#1
S:0xC001717A	EB011505	ADD      r5,r1,r5,LSL #4
S:0xC001717E	491B	LDR      r1,[pc,#108] ; [0xC00171EC] = 0xC06380F4
S:0xC0017180	6807	LDR      r7,[r0,#0]
S:0xC0017182	F8D30940	LDR      r0,[r3,#0x940]
S:0xC0017186	032D	LSLS     r5,r5,#12
S:0xC0017188	F8D36948	LDR      r6,[r3,#0x948]
S:0xC001718C	F5A51580	SUB      r5,r5,#0x100000
S:0xC0017190	1A24	SUBS     r4,r4,r0
S:0xC0017192	6809	LDR      r1,[r1,#0]
S:0xC0017194	F3C53008	UBFX     r0,r5,#12,#9
S:0xC0017198	F427637F	BIC      r3,r7,#0xff0
S:0xC001719C	EB061464	ADD      r4,r6,r4,ASR #5
S:0xC00171A0	F4417100	ORR      r1,r1,#0x200
S:0xC00171A4	F023030F	BIC      r3,r3,#0xf
S:0xC00171A8	EA413104	ORR      r1,r1,r4,LSL #12
S:0xC00171AC	F1A34340	SUB      r3,r3,#0xc0000000
S:0xC00171B0	EB030080	ADD      r0,r3,r0,LSL #2
S:0xC00171B4	F000FC94	BL       {pc}+0x92c ; 0xc0017ae0
		Cycle Count: 361 (Atom Packet)
		Cycle Count: 18 (Branch Packet)
S:0xC0017AE0	6001	STR      r1,[r0,#0]
S:0xC0017AE2	F421737C	BIC      r3,r1,#0x3f0
S:0xC0017AE6	F0230303	BIC      r3,r3,#3
S:0xC0017AEA	EA430302	ORR      r3,r3,r2
S:0xC0017AEE	F0430312	ORR      r3,r3,#0x12
S:0xC0017AF2	F0110F10	TST      r1,#0x10
S:0xC0017AF6	BF18	IT       NE
S:0xC0017AF8	F0430340	ORR      r3,r3,#0x40
S:0xC0017AFC	F0810140	EOR      r1,r1,#0x40
S:0xC0017B00	F0110FC0	TST      r1,#0xc0
S:0xC0017B04	BF18	IT       NE
S:0xC0017B06	F4437300	ORR      r3,r3,#0x200
S:0xC0017B0A	F4117F80	TST      r1,#0x100
S:0xC0017B0E	BF18	IT       NE
S:0xC0017B10	F0430320	ORR      r3,r3,#0x20
S:0xC0017B14	F4117F00	TST      r1,#0x200
S:0xC0017B18	BF18	IT       NE
S:0xC0017B1A	F0430301	ORR      r3,r3,#1
S:0xC0017B1E	F0110F02	TST      r1,#2
S:0xC0017B22	BF1D	ITTTE    NE
S:0xC0017B24	F0110F01	TST      r1,#1
S:0xC0017B28	F4816100	EOR      r1,r1,#0x800
S:0xC0017B2C	F4116F00	TST      r1,#0x800
S:0xC0017B30	2300	MOVS     r3,#0
S:0xC0017B32	F5006000	ADD      r0,r0,#0x800
S:0xC0017B36	6003	STR      r3,[r0,#0]
S:0xC0017B38	46F7	MOV      pc,lr
S:0xC00171B8	4B0D	LDR      r3,[pc,#52] ; [0xC00171F0] = 0xC05FC4E0
S:0xC00171BA	4628	MOV      r0,r5
S:0xC00171BC	689B	LDR      r3,[r3,#8]
S:0xC00171BE	F3BF8F4F	DSB      
S:0xC00171C2	F0130F10	TST      r3,#0x10
S:0xC00171C6	BF18	IT       NE
S:0xC00171C8	EE085F37	MCR      p15,#0x0,r5,c8,c7,#1
S:0xC00171CC	F4131F80	TST      r3,#0x100000
S:0xC00171D0	BF18	IT       NE
S:0xC00171D2	EE085F33	MCR      p15,#0x0,r5,c8,c3,#1
S:0xC00171D6	F3BF8F4F	DSB      
S:0xC00171DA	F3BF8F6F	ISB      
		Cycle Count: 1,025 (Atom Packet)
		Timestamp: 562537009625
		Cycle Count: 0 (Timestamp Packet)
		Cycle Count: 37 (Branch Packet)
S:0xC00171DE	BDF8	POP      {r3-r7,pc}
		Cycle Count: 383 (I-Sync Packet)
		Tracing enabled
S:0xC001703C	B508	PUSH     {r3,lr}
S:0xC001703E	B500	PUSH     {lr}
S:0xC0017040	F85DEB04	POP      {lr}
S:0xC0017044	F5101F80	CMN      r0,#0x100000
S:0xC0017048	D223	BCS      {pc}+0x4a ; 0xc0017092
		Cycle Count: 17 (Atom Packet)
S:0xC0017092	EE1D2F90	MRC      p15,#0x0,r2,c13,c0,#4
S:0xC0017096	4B04	LDR      r3,[pc,#16] ; [0xC00170A8] = 0xC05F1E4C
S:0xC0017098	58D1	LDR      r1,[r2,r3]
S:0xC001709A	3901	SUBS     r1,#1
S:0xC001709C	50D1	STR      r1,[r2,r3]
S:0xC001709E	E7DD	B        {pc}-0x42 ; 0xc001705c
		Cycle Count: 41 (Atom Packet)
		Cycle Count: 2 (Branch Packet)
S:0xC001705C	466A	MOV      r2,sp
S:0xC001705E	F42253FF	BIC      r3,r2,#0x1fe0
S:0xC0017062	F023031F	BIC      r3,r3,#0x1f
S:0xC0017066	685A	LDR      r2,[r3,#4]
S:0xC0017068	3A01	SUBS     r2,#1
S:0xC001706A	605A	STR      r2,[r3,#4]
S:0xC001706C	BD08	POP      {r3,pc}
		Cycle Count: 3,160 (I-Sync Packet)
		Tracing enabled
S:0xC001767C	B510	PUSH     {r4,lr}
S:0xC001767E	B500	PUSH     {lr}
S:0xC0017680	F85DEB04	POP      {lr}
S:0xC0017684	F7FFFD36	BL       {pc}-0x590 ; 0xc00170f4
		Cycle Count: 47 (Atom Packet)
S:0xC00170F4	B5F8	PUSH     {r3-r7,lr}
S:0xC00170F6	B500	PUSH     {lr}
S:0xC00170F8	F85DEB04	POP      {lr}
S:0xC00170FC	466B	MOV      r3,sp
S:0xC00170FE	F42355FF	BIC      r5,r3,#0x1fe0
S:0xC0017102	4604	MOV      r4,r0
S:0xC0017104	F025051F	BIC      r5,r5,#0x1f
S:0xC0017108	686B	LDR      r3,[r5,#4]
S:0xC001710A	3301	ADDS     r3,#1
S:0xC001710C	606B	STR      r3,[r5,#4]
S:0xC001710E	6802	LDR      r2,[r0,#0]
S:0xC0017110	4E33	LDR      r6,[pc,#204] ; [0xC00171E0] = 0xC06381A8
S:0xC0017112	F3C27341	UBFX     r3,r2,#29,#2
S:0xC0017116	0FD2	LSRS     r2,r2,#31
S:0xC0017118	EB030343	ADD      r3,r3,r3,LSL #1
S:0xC001711C	F8562022	LDR      r2,[r6,r2,LSL #2]
S:0xC0017120	EB022303	ADD      r3,r2,r3,LSL #8
S:0xC0017124	F8D322CC	LDR      r2,[r3,#0x2cc]
S:0xC0017128	1A9B	SUBS     r3,r3,r2
S:0xC001712A	F5B37F40	CMP      r3,#0x300
S:0xC001712E	D00B	BEQ      {pc}+0x1a ; 0xc0017148
		Cycle Count: 31 (Atom Packet)
S:0xC0017148	4620	MOV      r0,r4
S:0xC001714A	F088FE05	BL       {pc}+0x88c0e ; 0xc009fd58
		Cycle Count: 3 (Atom Packet)
		Cycle Count: 1,757 (I-Sync Packet)
		Tracing enabled
S:0xC001714E	B100	CBZ      r0,{pc}+4 ; 0xc0017152
		Cycle Count: 1 (Atom Packet)
S:0xC0017152	EE1D1F90	MRC      p15,#0x0,r1,c13,c0,#4
S:0xC0017156	4602	MOV      r2,r0
S:0xC0017158	4B23	LDR      r3,[pc,#140] ; [0xC00171E8] = 0xC05F1E4C
S:0xC001715A	58C8	LDR      r0,[r1,r3]
S:0xC001715C	F8DFE094	LDR      lr,[pc,#148] ; [0xC00171F4] = 0xC063810C
S:0xC0017160	3001	ADDS     r0,#1
S:0xC0017162	50C8	STR      r0,[r1,r3]
S:0xC0017164	6821	LDR      r1,[r4,#0]
S:0xC0017166	EE1D0F90	MRC      p15,#0x0,r0,c13,c0,#4
S:0xC001716A	696D	LDR      r5,[r5,#0x14]
S:0xC001716C	0FCF	LSRS     r7,r1,#31
S:0xC001716E	58C1	LDR      r1,[r0,r3]
S:0xC0017170	F8DE0000	LDR      r0,[lr,#0]
S:0xC0017174	F8563027	LDR      r3,[r6,r7,LSL #2]
S:0xC0017178	3901	SUBS     r1,#1
S:0xC001717A	EB011505	ADD      r5,r1,r5,LSL #4
S:0xC001717E	491B	LDR      r1,[pc,#108] ; [0xC00171EC] = 0xC06380F4
S:0xC0017180	6807	LDR      r7,[r0,#0]
S:0xC0017182	F8D30940	LDR      r0,[r3,#0x940]
S:0xC0017186	032D	LSLS     r5,r5,#12
S:0xC0017188	F8D36948	LDR      r6,[r3,#0x948]
S:0xC001718C	F5A51580	SUB      r5,r5,#0x100000
S:0xC0017190	1A24	SUBS     r4,r4,r0
S:0xC0017192	6809	LDR      r1,[r1,#0]
S:0xC0017194	F3C53008	UBFX     r0,r5,#12,#9
S:0xC0017198	F427637F	BIC      r3,r7,#0xff0
S:0xC001719C	EB061464	ADD      r4,r6,r4,ASR #5
S:0xC00171A0	F4417100	ORR      r1,r1,#0x200
S:0xC00171A4	F023030F	BIC      r3,r3,#0xf
S:0xC00171A8	EA413104	ORR      r1,r1,r4,LSL #12
S:0xC00171AC	F1A34340	SUB      r3,r3,#0xc0000000
S:0xC00171B0	EB030080	ADD      r0,r3,r0,LSL #2
S:0xC00171B4	F000FC94	BL       {pc}+0x92c ; 0xc0017ae0
		Cycle Count: 29 (Atom Packet)
		Cycle Count: 18 (Branch Packet)
S:0xC0017AE0	6001	STR      r1,[r0,#0]
S:0xC0017AE2	F421737C	BIC      r3,r1,#0x3f0
S:0xC0017AE6	F0230303	BIC      r3,r3,#3
S:0xC0017AEA	EA430302	ORR      r3,r3,r2
S:0xC0017AEE	F0430312	ORR      r3,r3,#0x12
S:0xC0017AF2	F0110F10	TST      r1,#0x10
S:0xC0017AF6	BF18	IT       NE
S:0xC0017AF8	F0430340	ORR      r3,r3,#0x40
S:0xC0017AFC	F0810140	EOR      r1,r1,#0x40
S:0xC0017B00	F0110FC0	TST      r1,#0xc0
S:0xC0017B04	BF18	IT       NE
S:0xC0017B06	F4437300	ORR      r3,r3,#0x200
S:0xC0017B0A	F4117F80	TST      r1,#0x100
S:0xC0017B0E	BF18	IT       NE
S:0xC0017B10	F0430320	ORR      r3,r3,#0x20
S:0xC0017B14	F4117F00	TST      r1,#0x200
S:0xC0017B18	BF18	IT       NE
S:0xC0017B1A	F0430301	ORR      r3,r3,#1
S:0xC0017B1E	F0110F02	TST      r1,#2
S:0xC0017B22	BF1D	ITTTE    NE
S:0xC0017B24	F0110F01	TST      r1,#1
S:0xC0017B28	F4816100	EOR      r1,r1,#0x800
S:0xC0017B2C	F4116F00	TST      r1,#0x800
S:0xC0017B30	2300	MOVS     r3,#0
S:0xC0017B32	F5006000	ADD      r0,r0,#0x800
S:0xC0017B36	6003	STR      r3,[r0,#0]
S:0xC0017B38	46F7	MOV      pc,lr
S:0xC00171B8	4B0D	LDR      r3,[pc,#52] ; [0xC00171F0] = 0xC05FC4E0
S:0xC00171BA	4628	MOV      r0,r5
S:0xC00171BC	689B	LDR      r3,[r3,#8]
S:0xC00171BE	F3BF8F4F	DSB      
S:0xC00171C2	F0130F10	TST      r3,#0x10
S:0xC00171C6	BF18	IT       NE
S:0xC00171C8	EE085F37	MCR      p15,#0x0,r5,c8,c7,#1
S:0xC00171CC	F4131F80	TST      r3,#0x100000
S:0xC00171D0	BF18	IT       NE
S:0xC00171D2	EE085F33	MCR      p15,#0x0,r5,c8,c3,#1
S:0xC00171D6	F3BF8F4F	DSB      
S:0xC00171DA	F3BF8F6F	ISB      
		Cycle Count: 928 (Atom Packet)
		Timestamp: 562537009754
		Cycle Count: 0 (Timestamp Packet)
		Cycle Count: 37 (Branch Packet)
S:0xC00171DE	BDF8	POP      {r3-r7,pc}
S:0xC0017688	F44F5180	MOV      r1,#0x1000
S:0xC001768C	4604	MOV      r4,r0
S:0xC001768E	F23AFBE5	BL       {pc}+0x23a7ce ; 0xc0251e5c
		Cycle Count: 1 (Atom Packet)
		Cycle Count: 1,681 (I-Sync Packet)
		Tracing enabled
S:0xC0017692	4620	MOV      r0,r4
S:0xC0017694	E8BD4010	POP      {r4,lr}
S:0xC0017698	F7FFBCD0	B.W      {pc}-0x65c ; 0xc001703c
		Cycle Count: 2 (Atom Packet)
S:0xC001703C	B508	PUSH     {r3,lr}
S:0xC001703E	B500	PUSH     {lr}
S:0xC0017040	F85DEB04	POP      {lr}
S:0xC0017044	F5101F80	CMN      r0,#0x100000
S:0xC0017048	D223	BCS      {pc}+0x4a ; 0xc0017092
		Cycle Count: 117 (Atom Packet)
S:0xC0017092	EE1D2F90	MRC      p15,#0x0,r2,c13,c0,#4
S:0xC0017096	4B04	LDR      r3,[pc,#16] ; [0xC00170A8] = 0xC05F1E4C
S:0xC0017098	58D1	LDR      r1,[r2,r3]
S:0xC001709A	3901	SUBS     r1,#1
S:0xC001709C	50D1	STR      r1,[r2,r3]
S:0xC001709E	E7DD	B        {pc}-0x42 ; 0xc001705c
		Cycle Count: 30 (Atom Packet)
		Cycle Count: 2 (Branch Packet)
S:0xC001705C	466A	MOV      r2,sp
S:0xC001705E	F42253FF	BIC      r3,r2,#0x1fe0
S:0xC0017062	F023031F	BIC      r3,r3,#0x1f
S:0xC0017066	685A	LDR      r2,[r3,#4]
S:0xC0017068	3A01	SUBS     r2,#1
S:0xC001706A	605A	STR      r2,[r3,#4]
S:0xC001706C	BD08	POP      {r3,pc}
S:0xC00A2FC6	?	Cannot access target memory
		Cycle Count: 523 (Atom Packet)
S:?	?	Unknown instruction address
		Cycle Count: 23 (Atom Packet)
S:?	?	Unknown instruction address
		Cycle Count: 3 (Atom Packet)
		Cycle Count: 1,464 (I-Sync Packet)
		Tracing enabled
S:0xC001714E	B100	CBZ      r0,{pc}+4 ; 0xc0017152
		Cycle Count: 1 (Atom Packet)
S:0xC0017152	EE1D1F90	MRC      p15,#0x0,r1,c13,c0,#4
S:0xC0017156	4602	MOV      r2,r0
S:0xC0017158	4B23	LDR      r3,[pc,#140] ; [0xC00171E8] = 0xC05F1E4C
S:0xC001715A	58C8	LDR      r0,[r1,r3]
S:0xC001715C	F8DFE094	LDR      lr,[pc,#148] ; [0xC00171F4] = 0xC063810C
S:0xC0017160	3001	ADDS     r0,#1
S:0xC0017162	50C8	STR      r0,[r1,r3]
S:0xC0017164	6821	LDR      r1,[r4,#0]
S:0xC0017166	EE1D0F90	MRC      p15,#0x0,r0,c13,c0,#4
S:0xC001716A	696D	LDR      r5,[r5,#0x14]
S:0xC001716C	0FCF	LSRS     r7,r1,#31
S:0xC001716E	58C1	LDR      r1,[r0,r3]
S:0xC0017170	F8DE0000	LDR      r0,[lr,#0]
S:0xC0017174	F8563027	LDR      r3,[r6,r7,LSL #2]
S:0xC0017178	3901	SUBS     r1,#1
S:0xC001717A	EB011505	ADD      r5,r1,r5,LSL #4
S:0xC001717E	491B	LDR      r1,[pc,#108] ; [0xC00171EC] = 0xC06380F4
S:0xC0017180	6807	LDR      r7,[r0,#0]
S:0xC0017182	F8D30940	LDR      r0,[r3,#0x940]
S:0xC0017186	032D	LSLS     r5,r5,#12
S:0xC0017188	F8D36948	LDR      r6,[r3,#0x948]
S:0xC001718C	F5A51580	SUB      r5,r5,#0x100000
S:0xC0017190	1A24	SUBS     r4,r4,r0
S:0xC0017192	6809	LDR      r1,[r1,#0]
S:0xC0017194	F3C53008	UBFX     r0,r5,#12,#9
S:0xC0017198	F427637F	BIC      r3,r7,#0xff0
S:0xC001719C	EB061464	ADD      r4,r6,r4,ASR #5
S:0xC00171A0	F4417100	ORR      r1,r1,#0x200
S:0xC00171A4	F023030F	BIC      r3,r3,#0xf
S:0xC00171A8	EA413104	ORR      r1,r1,r4,LSL #12
S:0xC00171AC	F1A34340	SUB      r3,r3,#0xc0000000
S:0xC00171B0	EB030080	ADD      r0,r3,r0,LSL #2
S:0xC00171B4	F000FC94	BL       {pc}+0x92c ; 0xc0017ae0
		Cycle Count: 29 (Atom Packet)
		Cycle Count: 18 (Branch Packet)
S:0xC0017AE0	6001	STR      r1,[r0,#0]
S:0xC0017AE2	F421737C	BIC      r3,r1,#0x3f0
S:0xC0017AE6	F0230303	BIC      r3,r3,#3
S:0xC0017AEA	EA430302	ORR      r3,r3,r2
S:0xC0017AEE	F0430312	ORR      r3,r3,#0x12
S:0xC0017AF2	F0110F10	TST      r1,#0x10
S:0xC0017AF6	BF18	IT       NE
S:0xC0017AF8	F0430340	ORR      r3,r3,#0x40
S:0xC0017AFC	F0810140	EOR      r1,r1,#0x40
S:0xC0017B00	F0110FC0	TST      r1,#0xc0
S:0xC0017B04	BF18	IT       NE
S:0xC0017B06	F4437300	ORR      r3,r3,#0x200
S:0xC0017B0A	F4117F80	TST      r1,#0x100
S:0xC0017B0E	BF18	IT       NE
S:0xC0017B10	F0430320	ORR      r3,r3,#0x20
S:0xC0017B14	F4117F00	TST      r1,#0x200
S:0xC0017B18	BF18	IT       NE
S:0xC0017B1A	F0430301	ORR      r3,r3,#1
S:0xC0017B1E	F0110F02	TST      r1,#2
S:0xC0017B22	BF1D	ITTTE    NE
S:0xC0017B24	F0110F01	TST      r1,#1
S:0xC0017B28	F4816100	EOR      r1,r1,#0x800
S:0xC0017B2C	F4116F00	TST      r1,#0x800
S:0xC0017B30	2300	MOVS     r3,#0
S:0xC0017B32	F5006000	ADD      r0,r0,#0x800
S:0xC0017B36	6003	STR      r3,[r0,#0]
S:0xC0017B38	46F7	MOV      pc,lr
S:0xC00171B8	4B0D	LDR      r3,[pc,#52] ; [0xC00171F0] = 0xC05FC4E0
S:0xC00171BA	4628	MOV      r0,r5
S:0xC00171BC	689B	LDR      r3,[r3,#8]
S:0xC00171BE	F3BF8F4F	DSB      
S:0xC00171C2	F0130F10	TST      r3,#0x10
S:0xC00171C6	BF18	IT       NE
S:0xC00171C8	EE085F37	MCR      p15,#0x0,r5,c8,c7,#1
S:0xC00171CC	F4131F80	TST      r3,#0x100000
S:0xC00171D0	BF18	IT       NE
S:0xC00171D2	EE085F33	MCR      p15,#0x0,r5,c8,c3,#1
S:0xC00171D6	F3BF8F4F	DSB      
S:0xC00171DA	F3BF8F6F	ISB      
		Cycle Count: 1,125 (Atom Packet)
		Timestamp: 562537009855
		Cycle Count: 0 (Timestamp Packet)
		Cycle Count: 37 (Branch Packet)
S:0xC00171DE	BDF8	POP      {r3-r7,pc}
		Cycle Count: 1,182 (I-Sync Packet)
		Tracing enabled
S:0xC0015C28	B538	PUSH     {r3-r5,lr}
S:0xC0015C2A	B500	PUSH     {lr}
S:0xC0015C2C	F85DEB04	POP      {lr}
S:0xC0015C30	4604	MOV      r4,r0
S:0xC0015C32	4B12	LDR      r3,[pc,#72] ; [0xC0015C7C] = 0xC05FC4F4
S:0xC0015C34	681B	LDR      r3,[r3,#0]
S:0xC0015C36	0799	LSLS     r1,r3,#30
S:0xC0015C38	D501	BPL      {pc}+6 ; 0xc0015c3e
		Cycle Count: 128 (Atom Packet)
S:0xC0015C3A	0582	LSLS     r2,r0,#22
S:0xC0015C3C	D404	BMI      {pc}+0xc ; 0xc0015c48
		Cycle Count: 4 (Atom Packet)
		Cycle Count: 22 (Branch Packet)
S:0xC0015C48	BD38	POP      {r3-r5,pc}
		Cycle Count: 4 (I-Sync Packet)
		Tracing enabled
		Cycle Count: 19 (Branch Packet)
S:0xC0017AE0	6001	STR      r1,[r0,#0]
S:0xC0017AE2	F421737C	BIC      r3,r1,#0x3f0
S:0xC0017AE6	F0230303	BIC      r3,r3,#3
S:0xC0017AEA	EA430302	ORR      r3,r3,r2
S:0xC0017AEE	F0430312	ORR      r3,r3,#0x12
S:0xC0017AF2	F0110F10	TST      r1,#0x10
S:0xC0017AF6	BF18	IT       NE
S:0xC0017AF8	F0430340	ORR      r3,r3,#0x40
S:0xC0017AFC	F0810140	EOR      r1,r1,#0x40
S:0xC0017B00	F0110FC0	TST      r1,#0xc0
S:0xC0017B04	BF18	IT       NE
S:0xC0017B06	F4437300	ORR      r3,r3,#0x200
S:0xC0017B0A	F4117F80	TST      r1,#0x100
S:0xC0017B0E	BF18	IT       NE
S:0xC0017B10	F0430320	ORR      r3,r3,#0x20
S:0xC0017B14	F4117F00	TST      r1,#0x200
S:0xC0017B18	BF18	IT       NE
S:0xC0017B1A	F0430301	ORR      r3,r3,#1
S:0xC0017B1E	F0110F02	TST      r1,#2
S:0xC0017B22	BF1D	ITTTE    NE
S:0xC0017B24	F0110F01	TST      r1,#1
S:0xC0017B28	F4816100	EOR      r1,r1,#0x800
S:0xC0017B2C	F4116F00	TST      r1,#0x800
S:0xC0017B30	2300	MOVS     r3,#0
S:0xC0017B32	F5006000	ADD      r0,r0,#0x800
S:0xC0017B36	6003	STR      r3,[r0,#0]
S:0xC0017B38	46F7	MOV      pc,lr
S:0xC00A2F66	?	Cannot access target memory
		Cycle Count: 766 (Atom Packet)
S:?	?	Unknown instruction address
		Cycle Count: 5 (Atom Packet)
S:?	?	Unknown instruction address
		Cycle Count: 12 (Atom Packet)
		Cycle Count: 9 (Branch Packet)
S:?	?	Unknown instruction address
		Cycle Count: 5 (I-Sync Packet)
		Tracing enabled
S:0xC001559A	F4106380	ANDS     r3,r0,#0x400
S:0xC001559E	9006	STR      r0,[sp,#0x18]
S:0xC00155A0	9307	STR      r3,[sp,#0x1c]
S:0xC00155A2	D09D	BEQ      {pc}-0xc2 ; 0xc00154e0
		Cycle Count: 2 (Atom Packet)
S:0xC00154E0	F8DFC190	LDR      r12,[pc,#400] ; [0xC0015674]
S:0xC00154E4	F8DC3008	LDR      r3,[r12,#8]
S:0xC00154E8	2B00	CMP      r3,#0
S:0xC00154EA	F0408095	BNE.W    {pc}+0x12e ; 0xc0015618
		Cycle Count: 32 (Atom Packet)
S:0xC00154EE	9A06	LDR      r2,[sp,#0x18]
S:0xC00154F0	F0120F33	TST      r2,#0x33
S:0xC00154F4	D11B	BNE      {pc}+0x3a ; 0xc001552e
		Cycle Count: 4 (Atom Packet)
S:0xC00154F6	F01A0F08	TST      r10,#8
S:0xC00154FA	D018	BEQ      {pc}+0x34 ; 0xc001552e
		Cycle Count: 1 (Atom Packet)
S:0xC00154FC	0752	LSLS     r2,r2,#29
S:0xC00154FE	D55C	BPL      {pc}+0xbc ; 0xc00155ba
		Cycle Count: 1 (Atom Packet)
S:0xC00155BA	F8D732E4	LDR      r3,[r7,#0x2e4]
S:0xC00155BE	F8DC2014	LDR      r2,[r12,#0x14]
S:0xC00155C2	3301	ADDS     r3,#1
S:0xC00155C4	F8C732E4	STR      r3,[r7,#0x2e4]
S:0xC00155C8	2A00	CMP      r2,#0
S:0xC00155CA	D140	BNE      {pc}+0x84 ; 0xc001564e
		Cycle Count: 147 (Atom Packet)
S:0xC00155CC	9A07	LDR      r2,[sp,#0x1c]
S:0xC00155CE	2A00	CMP      r2,#0
S:0xC00155D0	D0AD	BEQ      {pc}-0xa2 ; 0xc001552e
		Cycle Count: 1 (Atom Packet)
S:0xC001552E	9805	LDR      r0,[sp,#0x14]
S:0xC0015530	F020FCD2	BL       {pc}+0x209a8 ; 0xc0035ed8
		Cycle Count: 1 (Atom Packet)
S:0xC0035ED8	B500	PUSH     {lr}
S:0xC0035EDA	F85DEB04	POP      {lr}
S:0xC0035EDE	F220BBEF	B.W      {pc}+0x2207e2 ; 0xc02566c0
		Cycle Count: 1 (Atom Packet)
		Cycle Count: 918 (I-Sync Packet)
		Tracing enabled
S:0xC0015534	2333	MOVS     r3,#0x33
S:0xC0015536	9906	LDR      r1,[sp,#0x18]
S:0xC0015538	F2C00303	MOVT     r3,#3
S:0xC001553C	400B	ANDS     r3,r3,r1
S:0xC001553E	2B00	CMP      r3,#0
S:0xC0015540	D09C	BEQ      {pc}-0xc4 ; 0xc001547c
		Cycle Count: 10 (Atom Packet)
		Cycle Count: 13 (Branch Packet)
S:0xC001547C	2000	MOVS     r0,#0
S:0xC001547E	B01B	ADD      sp,sp,#0x6c
S:0xC0015480	E8BD8FF0	POP      {r4-r11,pc}
S:0xC0008316	B910	CBNZ     r0,{pc}+8 ; 0xc000831e
		Cycle Count: 1 (Atom Packet)
		Cycle Count: 7 (Branch Packet)
S:0xC0008318	B023	ADD      sp,sp,#0x8c
S:0xC000831A	E8BD83F0	POP      {r4-r9,pc}
		Cycle Count: 128 (Branch Packet)
S:0xC000C874	B672	CPSID    i
S:0xC000C876	F8DDE034	LDR      lr,[sp,#0x34]
S:0xC000C87A	E9DD010E	LDRD     r0,r1,[sp,#0x38]
S:0xC000C87E	F3BF8F2F	CLREX    
S:0xC000C882	E92E0023	STMDB    lr!,{r0,r1,r5}
S:0xC000C886	E89D1FFF	LDM      sp,{r0-r12}
S:0xC000C88A	46F5	MOV      sp,lr
S:0xC000C88C	F85DEB04	POP      {lr}
S:0xC000C890	E9BDC000	RFEIA    sp!
		Return from exception
		Timestamp: 562537009924
		Cycle Count: 0 (Timestamp Packet)
		Cycle Count: 3,701 (I-Sync Packet)
		Tracing enabled
S:0xC003923C	E92D43F0	PUSH     {r4-r9,lr}
S:0xC0039240	B083	SUB      sp,sp,#0xc
S:0xC0039242	AF02	ADD      r7,sp,#8
S:0xC0039244	B500	PUSH     {lr}
S:0xC0039246	F85DEB04	POP      {lr}
S:0xC003924A	4604	MOV      r4,r0
S:0xC003924C	4699	MOV      r9,r3
S:0xC003924E	4688	MOV      r8,r1
S:0xC0039250	4616	MOV      r6,r2
S:0xC0039252	F3ABF9C9	BL       {pc}+0x3ab396 ; 0xc03e45e8
		Cycle Count: 2 (Atom Packet)
		Cycle Count: 483 (I-Sync Packet)
		Tracing enabled
S:0xC0039256	4641	MOV      r1,r8
S:0xC0039258	F8CD9000	STR      r9,[sp,#0]
S:0xC003925C	4632	MOV      r2,r6
S:0xC003925E	2300	MOVS     r3,#0
S:0xC0039260	4605	MOV      r5,r0
S:0xC0039262	4620	MOV      r0,r4
S:0xC0039264	F7FFFB9C	BL       {pc}-0x8c4 ; 0xc00389a0
		Cycle Count: 1 (Atom Packet)
S:0xC00389A0	E92D4FF0	PUSH     {r4-r11,lr}
S:0xC00389A4	B083	SUB      sp,sp,#0xc
S:0xC00389A6	AF00	ADD      r7,sp,#0
S:0xC00389A8	B500	PUSH     {lr}
S:0xC00389AA	F85DEB04	POP      {lr}
S:0xC00389AE	4680	MOV      r8,r0
S:0xC00389B0	469A	MOV      r10,r3
S:0xC00389B2	468B	MOV      r11,r1
S:0xC00389B4	607A	STR      r2,[r7,#4]
S:0xC00389B6	F8583F04	LDR      r3,[r8,#4]!
S:0xC00389BA	F8D79030	LDR      r9,[r7,#0x30]
S:0xC00389BE	4598	CMP      r8,r3
S:0xC00389C0	F1A3040C	SUB      r4,r3,#0xc
S:0xC00389C4	681D	LDR      r5,[r3,#0]
S:0xC00389C6	F1A5050C	SUB      r5,r5,#0xc
S:0xC00389CA	D016	BEQ      {pc}+0x30 ; 0xc00389fa
		Cycle Count: 125 (Atom Packet)
		Cycle Count: 2 (Branch Packet)
S:0xC00389CC	F8D4C008	LDR      r12,[r4,#8]
S:0xC00389D0	4620	MOV      r0,r4
S:0xC00389D2	464B	MOV      r3,r9
S:0xC00389D4	4659	MOV      r1,r11
S:0xC00389D6	4652	MOV      r2,r10
S:0xC00389D8	6826	LDR      r6,[r4,#0]
S:0xC00389DA	47E0	BLX      r12
		Cycle Count: 218 (I-Sync Packet)
		Tracing enabled
S:0xC00389DC	462C	MOV      r4,r5
S:0xC00389DE	F105030C	ADD      r3,r5,#0xc
S:0xC00389E2	B128	CBZ      r0,{pc}+0xe ; 0xc00389f0
		Cycle Count: 2 (Atom Packet)
S:0xC00389F0	68ED	LDR      r5,[r5,#0xc]
S:0xC00389F2	4598	CMP      r8,r3
S:0xC00389F4	F1A5050C	SUB      r5,r5,#0xc
S:0xC00389F8	D1E8	BNE      {pc}-0x2c ; 0xc00389cc
		Cycle Count: 15 (Atom Packet)
		Cycle Count: 26 (Branch Packet)
S:0xC00389FA	F107070C	ADD      r7,r7,#0xc
S:0xC00389FE	46BD	MOV      sp,r7
S:0xC0038A00	E8BD8FF0	POP      {r4-r11,pc}
S:0xC0039268	4620	MOV      r0,r4
S:0xC003926A	4629	MOV      r1,r5
S:0xC003926C	F1070704	ADD      r7,r7,#4
S:0xC0039270	46BD	MOV      sp,r7
S:0xC0039272	E8BD43F0	POP      {r4-r9,lr}
S:0xC0039276	F3ABB9EF	B.W      {pc}+0x3ab3e2 ; 0xc03e4658
		Cycle Count: 9 (Atom Packet)
		Cycle Count: 1,169 (I-Sync Packet)
		Tracing enabled
S:0xC0033154	B5F8	PUSH     {r3-r7,lr}
S:0xC0033156	B500	PUSH     {lr}
S:0xC0033158	F85DEB04	POP      {lr}
S:0xC003315C	460C	MOV      r4,r1
S:0xC003315E	4607	MOV      r7,r0
S:0xC0033160	F3B1FA42	BL       {pc}+0x3b1488 ; 0xc03e45e8
		Cycle Count: 2 (Atom Packet)
		Cycle Count: 373 (I-Sync Packet)
		Tracing enabled
S:0xC0033164	6925	LDR      r5,[r4,#0x10]
S:0xC0033166	F44F7280	MOV      r2,#0x100
S:0xC003316A	68E6	LDR      r6,[r4,#0xc]
S:0xC003316C	F44F7300	MOV      r3,#0x200
S:0xC0033170	F2C00210	MOVT     r2,#0x10
S:0xC0033174	F2C00320	MOVT     r3,#0x20
S:0xC0033178	6075	STR      r5,[r6,#4]
S:0xC003317A	602E	STR      r6,[r5,#0]
S:0xC003317C	60E2	STR      r2,[r4,#0xc]
S:0xC003317E	6123	STR      r3,[r4,#0x10]
S:0xC0033180	4601	MOV      r1,r0
S:0xC0033182	4638	MOV      r0,r7
S:0xC0033184	E8BD40F8	POP      {r3-r7,lr}
S:0xC0033188	F3B1BA66	B.W      {pc}+0x3b14d0 ; 0xc03e4658
		Cycle Count: 200 (Atom Packet)
		Cycle Count: 2,069 (I-Sync Packet)
		Tracing enabled
		Cycle Count: 130 (Branch Packet)
S:0xC004ED70	B500	PUSH     {lr}
S:0xC004ED72	F85DEB04	POP      {lr}
S:0xC004ED76	F24D13C0	MOV      r3,#0xd1c0
S:0xC004ED7A	F2CC0364	MOVT     r3,#0xc064
S:0xC004ED7E	6B98	LDR      r0,[r3,#0x38]
S:0xC004ED80	4770	BX       lr
		Cycle Count: 1,982 (I-Sync Packet)
		Tracing enabled
S:0xC000CD40	B672	CPSID    i
S:0xC000CD42	F8D91000	LDR      r1,[r9,#0]
S:0xC000CD46	F0110F07	TST      r1,#7
S:0xC000CD4A	F040801C	BNE.W    {pc}+0x3c ; 0xc000cd86
		Cycle Count: 48 (Atom Packet)
		Cycle Count: 397 (Branch Packet)
S:0xC000CD4E	F3BF8F2F	CLREX    
S:0xC000CD52	466A	MOV      r2,sp
S:0xC000CD54	F3EF8300	MRS      r3,APSR ; formerly CPSR
S:0xC000CD58	F083030C	EOR      r3,r3,#0xc
S:0xC000CD5C	F3838100	MSR      CPSR_c,r3
S:0xC000CD60	F8D2D03C	LDR      sp,[r2,#0x3c]
S:0xC000CD64	F8D2E040	LDR      lr,[r2,#0x40]
S:0xC000CD68	F083030C	EOR      r3,r3,#0xc
S:0xC000CD6C	F3838100	MSR      CPSR_c,r3
S:0xC000CD70	9912	LDR      r1,[sp,#0x48]
S:0xC000CD72	F8DDE044	LDR      lr,[sp,#0x44]
S:0xC000CD76	B00F	ADD      sp,sp,#0x3c
S:0xC000CD78	F3918F00	MSR      SPSR_cxsf,r1
S:0xC000CD7C	E91D1FFE	LDMDB    sp,{r1-r12}
S:0xC000CD80	B005	ADD      sp,sp,#0x14
S:0xC000CD82	F3DE8F00	SUBS     pc,lr,#0
		Return from exception
		Timestamp: 562537010144
		Cycle Count: 0 (Timestamp Packet)
		Cycle Count: 9,198 (I-Sync Packet)
		Tracing enabled
S:0xC000CE40	B092	SUB      sp,sp,#0x48
S:0xC000CE42	E88D1FFF	STM      sp,{r0-r12}
S:0xC000CE46	46E8	MOV      r8,sp
S:0xC000CE48	F3EF8A00	MRS      r10,APSR ; formerly CPSR
S:0xC000CE4C	F08A0A0C	EOR      r10,r10,#0xc
S:0xC000CE50	F38A8100	MSR      CPSR_c,r10
S:0xC000CE54	F8C8D034	STR      sp,[r8,#0x34]
S:0xC000CE58	F8C8E038	STR      lr,[r8,#0x38]
S:0xC000CE5C	F08A0A0C	EOR      r10,r10,#0xc
S:0xC000CE60	F38A8100	MSR      CPSR_c,r10
S:0xC000CE64	F3FF8800	MRS      r8,SPSR
S:0xC000CE68	F8CDE03C	STR      lr,[sp,#0x3c]
S:0xC000CE6C	F8CD8040	STR      r8,[sp,#0x40]
S:0xC000CE70	9011	STR      r0,[sp,#0x44]
S:0xC000CE72	F8DFC08C	LDR      r12,[pc,#140] ; [0xC000CF00] = 0xC06013D4
S:0xC000CE76	F8DCC000	LDR      r12,[r12,#0]
S:0xC000CE7A	EE01CF10	MCR      p15,#0x0,r12,c1,c0,#0
S:0xC000CE7E	B662	CPSIE    i
S:0xC000CE80	46E9	MOV      r9,sp
S:0xC000CE82	EA4F3959	LSR      r9,r9,#13
S:0xC000CE86	EA4F3949	LSL      r9,r9,#13
S:0xC000CE8A	F20F0878	ADR.W    r8,{pc}+0x7a ; 0xc000cf04
S:0xC000CE8E	F8D9A000	LDR      r10,[r9,#0]
S:0xC000CE92	E92D0030	PUSH.W   {r4,r5}
S:0xC000CE96	F41A6F70	TST      r10,#0xf00
S:0xC000CE9A	F0408012	BNE.W    {pc}+0x28 ; 0xc000cec2
		Cycle Count: 275 (Atom Packet)
		Cycle Count: 3 (Branch Packet)
S:0xC000CE9E	F5B77FC0	CMP      r7,#0x180
S:0xC000CEA2	F2AF1E63	ADR      lr,{pc}-0x161 ; 0xc000cd41
S:0xC000CEA6	BF38	IT       CC
S:0xC000CEA8	F858F027	LDR      pc,[r8,r7,LSL #2]
		Cycle Count: 7,648 (I-Sync Packet)
		Tracing enabled
S:0xC00331C0	B570	PUSH     {r4-r6,lr}
S:0xC00331C2	B500	PUSH     {lr}
S:0xC00331C4	F85DEB04	POP      {lr}
S:0xC00331C8	460C	MOV      r4,r1
S:0xC00331CA	680B	LDR      r3,[r1,#0]
S:0xC00331CC	460D	MOV      r5,r1
S:0xC00331CE	4606	MOV      r6,r0
S:0xC00331D0	F0230301	BIC      r3,r3,#1
S:0xC00331D4	F8443B0C	STR      r3,[r4],#0xc
S:0xC00331D8	F3B1FA06	BL       {pc}+0x3b1410 ; 0xc03e45e8
		Cycle Count: 22 (Atom Packet)
		Cycle Count: 192 (I-Sync Packet)
		Tracing enabled
S:0xC00331DC	4633	MOV      r3,r6
S:0xC00331DE	F8532F04	LDR      r2,[r3,#4]!
S:0xC00331E2	6054	STR      r4,[r2,#4]
S:0xC00331E4	60EA	STR      r2,[r5,#0xc]
S:0xC00331E6	612B	STR      r3,[r5,#0x10]
S:0xC00331E8	6074	STR      r4,[r6,#4]
S:0xC00331EA	4601	MOV      r1,r0
S:0xC00331EC	4630	MOV      r0,r6
S:0xC00331EE	E8BD4070	POP      {r4-r6,lr}
S:0xC00331F2	F3B1BA31	B.W      {pc}+0x3b1466 ; 0xc03e4658
		Cycle Count: 11 (Atom Packet)
		Cycle Count: 4,558 (I-Sync Packet)
		Tracing enabled
S:0xC002D8CC	B5F8	PUSH     {r3-r7,lr}
S:0xC002D8CE	B500	PUSH     {lr}
S:0xC002D8D0	F85DEB04	POP      {lr}
S:0xC002D8D4	4607	MOV      r7,r0
S:0xC002D8D6	460E	MOV      r6,r1
S:0xC002D8D8	4615	MOV      r5,r2
S:0xC002D8DA	F3EF8400	MRS      r4,APSR ; formerly CPSR
S:0xC002D8DE	B672	CPSID    i
S:0xC002D8E0	2000	MOVS     r0,#0
S:0xC002D8E2	4611	MOV      r1,r2
S:0xC002D8E4	F224FBD0	BL       {pc}+0x2247a4 ; 0xc0252088
		Cycle Count: 64 (Atom Packet)
		Cycle Count: 102 (I-Sync Packet)
		Tracing enabled
S:0xC002D8E8	B118	CBZ      r0,{pc}+0xa ; 0xc002d8f2
		Cycle Count: 1 (Atom Packet)
S:0xC002D8F2	4638	MOV      r0,r7
S:0xC002D8F4	4631	MOV      r1,r6
S:0xC002D8F6	462A	MOV      r2,r5
S:0xC002D8F8	F7FFFEB2	BL       {pc}-0x298 ; 0xc002d660
		Cycle Count: 1 (Atom Packet)
S:0xC002D660	E92D4FF0	PUSH     {r4-r11,lr}
S:0xC002D664	B083	SUB      sp,sp,#0xc
S:0xC002D666	B500	PUSH     {lr}
S:0xC002D668	F85DEB04	POP      {lr}
S:0xC002D66C	4681	MOV      r9,r0
S:0xC002D66E	460F	MOV      r7,r1
S:0xC002D670	4615	MOV      r5,r2
S:0xC002D672	4680	MOV      r8,r0
S:0xC002D674	F3EF8300	MRS      r3,APSR ; formerly CPSR
S:0xC002D678	0619	LSLS     r1,r3,#24
S:0xC002D67A	F1408089	BPL.W    {pc}+0x116 ; 0xc002d790
		Cycle Count: 239 (Atom Packet)
S:0xC002D67E	F8D73080	LDR      r3,[r7,#0x80]
S:0xC002D682	03DA	LSLS     r2,r3,#15
S:0xC002D684	D46F	BMI      {pc}+0xe2 ; 0xc002d766
		Cycle Count: 103 (Atom Packet)
S:0xC002D686	466A	MOV      r2,sp
S:0xC002D688	F8DFA1E0	LDR      r10,[pc,#480] ; [0xC002D86C] = 0xC05FD5C0
S:0xC002D68C	F4225BFF	BIC      r11,r2,#0x1fe0
S:0xC002D690	F02B0B1F	BIC      r11,r11,#0x1f
S:0xC002D694	F1B80F08	CMP      r8,#8
S:0xC002D698	BF08	IT       EQ
S:0xC002D69A	F8DB9014	LDR      r9,[r11,#0x14]
S:0xC002D69E	079C	LSLS     r4,r3,#30
S:0xC002D6A0	D45A	BMI      {pc}+0xb8 ; 0xc002d758
		Cycle Count: 16 (Atom Packet)
S:0xC002D6A2	F85A4029	LDR      r4,[r10,r9,LSL #2]
S:0xC002D6A6	F8D73084	LDR      r3,[r7,#0x84]
S:0xC002D6AA	191C	ADDS     r4,r3,r4
S:0xC002D6AC	4628	MOV      r0,r5
S:0xC002D6AE	F7FFFF8B	BL       {pc}-0xe6 ; 0xc002d5c8
		Cycle Count: 17 (Atom Packet)
S:0xC002D5C8	B500	PUSH     {lr}
S:0xC002D5CA	F85DEB04	POP      {lr}
S:0xC002D5CE	6801	LDR      r1,[r0,#0]
S:0xC002D5D0	F0110004	ANDS     r0,r1,#4
S:0xC002D5D4	D110	BNE      {pc}+0x24 ; 0xc002d5f8
		Cycle Count: 2 (Atom Packet)
S:0xC002D5D6	0949	LSRS     r1,r1,#5
S:0xC002D5D8	F06F4378	MVN      r3,#0xf8000000
S:0xC002D5DC	4299	CMP      r1,r3
S:0xC002D5DE	D00A	BEQ      {pc}+0x18 ; 0xc002d5f6
		Cycle Count: 1 (Atom Packet)
S:0xC002D5E0	4B0A	LDR      r3,[pc,#40] ; [0xC002D60C] = 0xC064AEB0
S:0xC002D5E2	689B	LDR      r3,[r3,#8]
S:0xC002D5E4	B123	CBZ      r3,{pc}+0xc ; 0xc002d5f0
		Cycle Count: 3 (Atom Packet)
S:0xC002D5E6	681A	LDR      r2,[r3,#0]
S:0xC002D5E8	F02100FF	BIC      r0,r1,#0xff
S:0xC002D5EC	4290	CMP      r0,r2
S:0xC002D5EE	D007	BEQ      {pc}+0x12 ; 0xc002d600
		Cycle Count: 1 (Atom Packet)
		Cycle Count: 7 (Branch Packet)
S:0xC002D600	B2C9	UXTB     r1,r1
S:0xC002D602	3108	ADDS     r1,r1,#8
S:0xC002D604	EB030381	ADD      r3,r3,r1,LSL #2
S:0xC002D608	6858	LDR      r0,[r3,#4]
S:0xC002D60A	4770	BX       lr
S:0xC002D6B2	6823	LDR      r3,[r4,#0]
S:0xC002D6B4	4606	MOV      r6,r0
S:0xC002D6B6	2800	CMP      r0,#0
S:0xC002D6B8	D051	BEQ      {pc}+0xa6 ; 0xc002d75e
		Cycle Count: 205 (Atom Packet)
S:0xC002D6BA	4283	CMP      r3,r0
S:0xC002D6BC	D04F	BEQ      {pc}+0xa2 ; 0xc002d75e
		Cycle Count: 1 (Atom Packet)
S:0xC002D6BE	F3B6FF7B	BL       {pc}+0x3b6efa ; 0xc03e45b8
		Cycle Count: 1 (Atom Packet)
		Cycle Count: 32 (I-Sync Packet)
		Tracing enabled
S:0xC002D6C2	4630	MOV      r0,r6
S:0xC002D6C4	4629	MOV      r1,r5
S:0xC002D6C6	F7FEFF11	BL       {pc}-0x11da ; 0xc002c4ec
		Cycle Count: 2 (Atom Packet)
S:0xC002C4EC	B500	PUSH     {lr}
S:0xC002C4EE	F85DEB04	POP      {lr}
S:0xC002C4F2	2301	MOVS     r3,#1
S:0xC002C4F4	F6C96337	MOVT     r3,#0x9e37
S:0xC002C4F8	FB03F301	MUL      r3,r3,r1
S:0xC002C4FC	0E9B	LSRS     r3,r3,#26
S:0xC002C4FE	EB000083	ADD      r0,r0,r3,LSL #2
S:0xC002C502	F8D00094	LDR      r0,[r0,#0x94]
S:0xC002C506	B938	CBNZ     r0,{pc}+0x12 ; 0xc002c518
		Cycle Count: 286 (Atom Packet)
		Cycle Count: 1 (Branch Packet)
S:0xC002C508	4770	BX       lr
S:0xC002D6CA	B128	CBZ      r0,{pc}+0xe ; 0xc002d6d8
		Cycle Count: 1 (Atom Packet)
S:0xC002D6D8	F3BF8F5F	DMB      
S:0xC002D6DC	8833	LDRH     r3,[r6,#0]
S:0xC002D6DE	3301	ADDS     r3,#1
S:0xC002D6E0	8033	STRH     r3,[r6,#0]
S:0xC002D6E2	F3BF8F4F	DSB      
S:0xC002D6E6	F3AF8004	SEV.W    
S:0xC002D6EA	6820	LDR      r0,[r4,#0]
S:0xC002D6EC	F3B6FF64	BL       {pc}+0x3b6ecc ; 0xc03e45b8
		Cycle Count: 357 (Atom Packet)
		Cycle Count: 311 (I-Sync Packet)
		Tracing enabled
S:0xC002D6F0	6923	LDR      r3,[r4,#0x10]
S:0xC002D6F2	2B00	CMP      r3,#0
S:0xC002D6F4	F0008082	BEQ.W    {pc}+0x108 ; 0xc002d7fc
		Cycle Count: 74 (Atom Packet)
S:0xC002D6F8	F8DF9160	LDR      r9,[pc,#352] ; [0xC002D85C] = 0xC0635EB4
S:0xC002D6FC	F8D93018	LDR      r3,[r9,#0x18]
S:0xC002D700	2B00	CMP      r3,#0
S:0xC002D702	D16B	BNE      {pc}+0xda ; 0xc002d7dc
		Cycle Count: 406 (Atom Packet)
S:0xC002D704	686B	LDR      r3,[r5,#4]
S:0xC002D706	1D2A	ADDS     r2,r5,#4
S:0xC002D708	4293	CMP      r3,r2
S:0xC002D70A	D161	BNE      {pc}+0xc6 ; 0xc002d7d0
		Cycle Count: 2 (Atom Packet)
S:0xC002D70C	68A3	LDR      r3,[r4,#8]
S:0xC002D70E	EB040283	ADD      r2,r4,r3,LSL #2
S:0xC002D712	011F	LSLS     r7,r3,#4
S:0xC002D714	6953	LDR      r3,[r2,#0x14]
S:0xC002D716	3301	ADDS     r3,#1
S:0xC002D718	6153	STR      r3,[r2,#0x14]
S:0xC002D71A	6D21	LDR      r1,[r4,#0x50]
S:0xC002D71C	6D63	LDR      r3,[r4,#0x54]
S:0xC002D71E	4299	CMP      r1,r3
S:0xC002D720	DA51	BGE      {pc}+0xa6 ; 0xc002d7c6
		Cycle Count: 23 (Atom Packet)
S:0xC002D722	F8D93004	LDR      r3,[r9,#4]
S:0xC002D726	4A4D	LDR      r2,[pc,#308] ; [0xC002D85C] = 0xC0635EB4
S:0xC002D728	2B00	CMP      r3,#0
S:0xC002D72A	D13E	BNE      {pc}+0x80 ; 0xc002d7aa
		Cycle Count: 2 (Atom Packet)
S:0xC002D72C	6822	LDR      r2,[r4,#0]
S:0xC002D72E	3101	ADDS     r1,#1
S:0xC002D730	6521	STR      r1,[r4,#0x50]
S:0xC002D732	3214	ADDS     r2,r2,#0x14
S:0xC002D734	4629	MOV      r1,r5
S:0xC002D736	463B	MOV      r3,r7
S:0xC002D738	4620	MOV      r0,r4
S:0xC002D73A	F7FFF805	BL       {pc}-0xff2 ; 0xc002c748
		Cycle Count: 2 (Atom Packet)
S:0xC002C748	B5F0	PUSH     {r4-r7,lr}
S:0xC002C74A	B083	SUB      sp,sp,#0xc
S:0xC002C74C	B500	PUSH     {lr}
S:0xC002C74E	F85DEB04	POP      {lr}
S:0xC002C752	460C	MOV      r4,r1
S:0xC002C754	6809	LDR      r1,[r1,#0]
S:0xC002C756	4605	MOV      r5,r0
S:0xC002C758	6806	LDR      r6,[r0,#0]
S:0xC002C75A	07C9	LSLS     r1,r1,#31
S:0xC002C75C	D51A	BPL      {pc}+0x38 ; 0xc002c794
		Cycle Count: 2 (Atom Packet)
S:0xC002C75E	4621	MOV      r1,r4
S:0xC002C760	F0450005	ORR      r0,r5,#5
S:0xC002C764	4303	ORRS     r3,r3,r0
S:0xC002C766	4628	MOV      r0,r5
S:0xC002C768	F8413B04	STR      r3,[r1],#4
S:0xC002C76C	6853	LDR      r3,[r2,#4]
S:0xC002C76E	6051	STR      r1,[r2,#4]
S:0xC002C770	6062	STR      r2,[r4,#4]
S:0xC002C772	60A3	STR      r3,[r4,#8]
S:0xC002C774	6019	STR      r1,[r3,#0]
S:0xC002C776	F7FFFFBF	BL       {pc}-0x7e ; 0xc002c6f8
		Cycle Count: 4 (Atom Packet)
S:0xC002C6F8	B538	PUSH     {r3-r5,lr}
S:0xC002C6FA	B500	PUSH     {lr}
S:0xC002C6FC	F85DEB04	POP      {lr}
S:0xC002C700	4604	MOV      r4,r0
S:0xC002C702	6903	LDR      r3,[r0,#0x10]
S:0xC002C704	2B00	CMP      r3,#0
S:0xC002C706	DD02	BLE      {pc}+8 ; 0xc002c70e
		Cycle Count: 9 (Atom Packet)
		Cycle Count: 3 (Branch Packet)
S:0xC002C708	3301	ADDS     r3,#1
S:0xC002C70A	6123	STR      r3,[r4,#0x10]
S:0xC002C70C	BD38	POP      {r3-r5,pc}
S:0xC002C77A	F3BF8F5F	DMB      
S:0xC002C77E	F8D63200	LDR      r3,[r6,#0x200]
S:0xC002C782	B10B	CBZ      r3,{pc}+6 ; 0xc002c788
		Cycle Count: 283 (Atom Packet)
S:0xC002C788	4630	MOV      r0,r6
S:0xC002C78A	B003	ADD      sp,sp,#0xc
S:0xC002C78C	E8BD40F0	POP      {r4-r7,lr}
S:0xC002C790	F7FFBFCE	B.W      {pc}-0x60 ; 0xc002c730
		Cycle Count: 27 (Atom Packet)
S:0xC002C730	B500	PUSH     {lr}
S:0xC002C732	F85DEB04	POP      {lr}
S:0xC002C736	F8503F24	LDR      r3,[r0,#0x24]!
S:0xC002C73A	4283	CMP      r3,r0
S:0xC002C73C	D003	BEQ      {pc}+0xa ; 0xc002c746
		Cycle Count: 4 (Atom Packet)
S:0xC002C73E	B113	CBZ      r3,{pc}+8 ; 0xc002c746
		Cycle Count: 1 (Atom Packet)
S:0xC002C740	6A18	LDR      r0,[r3,#0x20]
S:0xC002C742	F010BFB7	B.W      {pc}+0x10f72 ; 0xc003d6b4
		Cycle Count: 173 (Atom Packet)
S:0xC003D6B4	B598	PUSH     {r3,r4,r7,lr}
S:0xC003D6B6	AF00	ADD      r7,sp,#0
S:0xC003D6B8	B500	PUSH     {lr}
S:0xC003D6BA	F85DEB04	POP      {lr}
S:0xC003D6BE	6803	LDR      r3,[r0,#0]
S:0xC003D6C0	4604	MOV      r4,r0
S:0xC003D6C2	F0130F0C	TST      r3,#0xc
S:0xC003D6C6	D106	BNE      {pc}+0x10 ; 0xc003d6d6
		Cycle Count: 180 (Atom Packet)
S:0xC003D6C8	4620	MOV      r0,r4
S:0xC003D6CA	2103	MOVS     r1,#3
S:0xC003D6CC	2200	MOVS     r2,#0
S:0xC003D6CE	E8BD4098	POP      {r3,r4,r7,lr}
S:0xC003D6D2	F7FFBECD	B.W      {pc}-0x262 ; 0xc003d470
		Cycle Count: 3 (Atom Packet)
S:0xC003D470	E92D4FF0	PUSH     {r4-r11,lr}
S:0xC003D474	B085	SUB      sp,sp,#0x14
S:0xC003D476	AF00	ADD      r7,sp,#0
S:0xC003D478	B500	PUSH     {lr}
S:0xC003D47A	F85DEB04	POP      {lr}
S:0xC003D47E	4604	MOV      r4,r0
S:0xC003D480	460D	MOV      r5,r1
S:0xC003D482	4691	MOV      r9,r2
S:0xC003D484	F3BF8F5F	DMB      
S:0xC003D488	F200483C	ADD      r8,r0,#0x43c
S:0xC003D48C	4640	MOV      r0,r8
S:0xC003D48E	F3A7F8AB	BL       {pc}+0x3a715a ; 0xc03e45e8
		Cycle Count: 2 (Atom Packet)
		Cycle Count: 350 (I-Sync Packet)
		Tracing enabled
S:0xC003D492	6823	LDR      r3,[r4,#0]
S:0xC003D494	401D	ANDS     r5,r5,r3
S:0xC003D496	4682	MOV      r10,r0
S:0xC003D498	D07E	BEQ      {pc}+0x100 ; 0xc003d598
		Cycle Count: 5 (Atom Packet)
S:0xC003D49A	6862	LDR      r2,[r4,#4]
S:0xC003D49C	69E3	LDR      r3,[r4,#0x1c]
S:0xC003D49E	4E7B	LDR      r6,[pc,#492] ; [0xC003D68C]
S:0xC003D4A0	F8D2C014	LDR      r12,[r2,#0x14]
S:0xC003D4A4	2B00	CMP      r3,#0
S:0xC003D4A6	F0408081	BNE.W    {pc}+0x106 ; 0xc003d5ac
		Cycle Count: 173 (Atom Packet)
S:0xC003D4AA	4D79	LDR      r5,[pc,#484] ; [0xC003D690]
S:0xC003D4AC	E7FF	B        {pc}+2 ; 0xc003d4ae
		Cycle Count: 1 (Atom Packet)
S:0xC003D4AE	69A3	LDR      r3,[r4,#0x18]
S:0xC003D4B0	2B00	CMP      r3,#0
S:0xC003D4B2	D1FC	BNE      {pc}-4 ; 0xc003d4ae
		Cycle Count: 1 (Atom Packet)
S:0xC003D4B4	F3BF8F5F	DMB      
S:0xC003D4B8	6823	LDR      r3,[r4,#0]
S:0xC003D4BA	F0130102	ANDS     r1,r3,#2
S:0xC003D4BE	D004	BEQ      {pc}+0xc ; 0xc003d4ca
		Cycle Count: 122 (Atom Packet)
S:0xC003D4CA	6B23	LDR      r3,[r4,#0x30]
S:0xC003D4CC	F44F7080	MOV      r0,#0x100
S:0xC003D4D0	F894223C	LDRB     r2,[r4,#0x23c]
S:0xC003D4D4	6020	STR      r0,[r4,#0]
S:0xC003D4D6	F3611245	BFI      r2,r1,#5,#1
S:0xC003D4DA	F884223C	STRB     r2,[r4,#0x23c]
S:0xC003D4DE	6B1A	LDR      r2,[r3,#0x30]
S:0xC003D4E0	B112	CBZ      r2,{pc}+8 ; 0xc003d4e8
		Cycle Count: 184 (Atom Packet)
		Cycle Count: 1 (Branch Packet)
S:0xC003D4E2	4620	MOV      r0,r4
S:0xC003D4E4	4790	BLX      r2
S:0xC003F8C0	B430	PUSH     {r4,r5}
S:0xC003F8C2	B500	PUSH     {lr}
S:0xC003F8C4	F85DEB04	POP      {lr}
S:0xC003F8C8	F8D0115C	LDR      r1,[r0,#0x15c]
S:0xC003F8CC	E9D14508	LDRD     r4,r5,[r1,#0x20]
S:0xC003F8D0	F3BF8F5F	DMB      
S:0xC003F8D4	E9D12306	LDRD     r2,r3,[r1,#0x18]
S:0xC003F8D8	42AB	CMP      r3,r5
S:0xC003F8DA	BF08	IT       EQ
S:0xC003F8DC	42A2	CMP      r2,r4
S:0xC003F8DE	D1F5	BNE      {pc}-0x12 ; 0xc003f8cc
		Cycle Count: 178 (Atom Packet)
		Cycle Count: 162 (Branch Packet)
S:0xC003F8E0	E9D0451A	LDRD     r4,r5,[r0,#0x68]
S:0xC003F8E4	1AA4	SUBS     r4,r4,r2
S:0xC003F8E6	EB650503	SBC      r5,r5,r3
S:0xC003F8EA	E9C0451A	STRD     r4,r5,[r0,#0x68]
S:0xC003F8EE	BC30	POP      {r4,r5}
S:0xC003F8F0	4770	BX       lr
		Cycle Count: 1 (Branch Packet)
S:0xC003D4E6	6B23	LDR      r3,[r4,#0x30]
S:0xC003D4E8	6A1B	LDR      r3,[r3,#0x20]
S:0xC003D4EA	2110	MOVS     r1,#0x10
S:0xC003D4EC	464A	MOV      r2,r9
S:0xC003D4EE	4620	MOV      r0,r4
S:0xC003D4F0	4798	BLX      r3
S:0xC0040708	E92D4FF0	PUSH     {r4-r11,lr}
S:0xC004070C	B09B	SUB      sp,sp,#0x6c
S:0xC004070E	B500	PUSH     {lr}
S:0xC0040710	F85DEB04	POP      {lr}
S:0xC0040714	4682	MOV      r10,r0
S:0xC0040716	4668	MOV      r0,sp
S:0xC0040718	920A	STR      r2,[sp,#0x28]
S:0xC004071A	F4205BFF	BIC      r11,r0,#0x1fe0
S:0xC004071E	F8DA3004	LDR      r3,[r10,#4]
S:0xC0040722	F02B0B1F	BIC      r11,r11,#0x1f
S:0xC0040726	F8DA21C4	LDR      r2,[r10,#0x1c4]
S:0xC004072A	F8CDB018	STR      r11,[sp,#0x18]
S:0xC004072E	F8DB4014	LDR      r4,[r11,#0x14]
S:0xC0040732	2A01	CMP      r2,#1
S:0xC0040734	9108	STR      r1,[sp,#0x20]
S:0xC0040736	9400	STR      r4,[sp,#0]
S:0xC0040738	9D00	LDR      r5,[sp,#0]
S:0xC004073A	695C	LDR      r4,[r3,#0x14]
S:0xC004073C	9502	STR      r5,[sp,#8]
S:0xC004073E	9519	STR      r5,[sp,#0x64]
S:0xC0040740	9405	STR      r4,[sp,#0x14]
S:0xC0040742	F000812C	BEQ.W    {pc}+0x25c ; 0xc004099e
		Cycle Count: 229 (Atom Packet)
		Cycle Count: 131 (Branch Packet)
S:0xC004099E	9805	LDR      r0,[sp,#0x14]
S:0xC00409A0	B01B	ADD      sp,sp,#0x6c
S:0xC00409A2	E8BD8FF0	POP      {r4-r11,pc}
S:0xC003D4F2	F100011F	ADD      r1,r0,#0x1f
S:0xC003D4F6	F000031F	AND      r3,r0,#0x1f
S:0xC003D4FA	EA110120	ANDS     r1,r1,r0,ASR #32
S:0xC003D4FE	BF38	IT       CC
S:0xC003D500	4601	MOV      r1,r0
S:0xC003D502	4683	MOV      r11,r0
S:0xC003D504	1149	ASRS     r1,r1,#5
S:0xC003D506	F1010272	ADD      r2,r1,#0x72
S:0xC003D50A	F8542022	LDR      r2,[r4,r2,LSL #2]
S:0xC003D50E	40DA	LSRS     r2,r2,r3
S:0xC003D510	07D0	LSLS     r0,r2,#31
S:0xC003D512	F14080A7	BPL.W    {pc}+0x152 ; 0xc003d664
		Cycle Count: 10 (Atom Packet)
S:0xC003D516	4A5F	LDR      r2,[pc,#380] ; [0xC003D694]
S:0xC003D518	6812	LDR      r2,[r2,#0]
S:0xC003D51A	F8522021	LDR      r2,[r2,r1,LSL #2]
S:0xC003D51E	FA22F303	LSR      r3,r2,r3
S:0xC003D522	07D9	LSLS     r1,r3,#31
S:0xC003D524	F140809E	BPL.W    {pc}+0x140 ; 0xc003d664
		Cycle Count: 8 (Atom Packet)
S:0xC003D528	6863	LDR      r3,[r4,#4]
S:0xC003D52A	695B	LDR      r3,[r3,#0x14]
S:0xC003D52C	459B	CMP      r11,r3
S:0xC003D52E	D005	BEQ      {pc}+0xe ; 0xc003d53c
		Cycle Count: 4 (Atom Packet)
S:0xC003D53C	4A56	LDR      r2,[pc,#344] ; [0xC003D698] = 0xC05FC564
S:0xC003D53E	4633	MOV      r3,r6
S:0xC003D540	F855502B	LDR      r5,[r5,r11,LSL #2]
S:0xC003D544	6852	LDR      r2,[r2,#4]
S:0xC003D546	4E52	LDR      r6,[pc,#328] ; [0xC003D690] = 0xC05FD5C0
S:0xC003D548	0512	LSLS     r2,r2,#20
S:0xC003D54A	D50C	BPL      {pc}+0x1c ; 0xc003d566
		Cycle Count: 10 (Atom Packet)
S:0xC003D54C	466A	MOV      r2,sp
S:0xC003D54E	F42251FF	BIC      r1,r2,#0x1fe0
S:0xC003D552	4A52	LDR      r2,[pc,#328] ; [0xC003D69C] = 0xC05F0764
S:0xC003D554	F021011F	BIC      r1,r1,#0x1f
S:0xC003D558	6948	LDR      r0,[r1,#0x14]
S:0xC003D55A	5951	LDR      r1,[r2,r5]
S:0xC003D55C	F8560020	LDR      r0,[r6,r0,LSL #2]
S:0xC003D560	5812	LDR      r2,[r2,r0]
S:0xC003D562	428A	CMP      r2,r1
S:0xC003D564	D156	BNE      {pc}+0xb0 ; 0xc003d614
		Cycle Count: 128 (Atom Packet)
S:0xC003D566	195E	ADDS     r6,r3,r5
S:0xC003D568	60FB	STR      r3,[r7,#0xc]
S:0xC003D56A	4630	MOV      r0,r6
S:0xC003D56C	F3A7F824	BL       {pc}+0x3a704c ; 0xc03e45b8
		Cycle Count: 2 (Atom Packet)
		Cycle Count: 37 (I-Sync Packet)
		Tracing enabled
S:0xC003D570	4630	MOV      r0,r6
S:0xC003D572	4621	MOV      r1,r4
S:0xC003D574	F7FEFD50	BL       {pc}-0x155c ; 0xc003c018
		Cycle Count: 2 (Atom Packet)
S:0xC003C018	B5B0	PUSH     {r4,r5,r7,lr}
S:0xC003C01A	AF00	ADD      r7,sp,#0
S:0xC003C01C	B500	PUSH     {lr}
S:0xC003C01E	F85DEB04	POP      {lr}
S:0xC003C022	F891323C	LDRB     r3,[r1,#0x23c]
S:0xC003C026	460C	MOV      r4,r1
S:0xC003C028	2205	MOVS     r2,#5
S:0xC003C02A	0699	LSLS     r1,r3,#26
S:0xC003C02C	4621	MOV      r1,r4
S:0xC003C02E	4605	MOV      r5,r0
S:0xC003C030	BF42	ITTT     MI
S:0xC003C032	F8D0345C	LDR      r3,[r0,#0x45c]
S:0xC003C036	F10333FF	ADD      r3,r3,#0xffffffff
S:0xC003C03A	F8C0345C	STR      r3,[r0,#0x45c]
S:0xC003C03E	F7FFFEE3	BL       {pc}-0x236 ; 0xc003be08
		Cycle Count: 77 (Atom Packet)
S:0xC003BE08	B488	PUSH     {r3,r7}
S:0xC003BE0A	AF00	ADD      r7,sp,#0
S:0xC003BE0C	B500	PUSH     {lr}
S:0xC003BE0E	F85DEB04	POP      {lr}
S:0xC003BE12	680B	LDR      r3,[r1,#0]
S:0xC003BE14	079B	LSLS     r3,r3,#30
S:0xC003BE16	D508	BPL      {pc}+0x14 ; 0xc003be2a
		Cycle Count: 4 (Atom Packet)
S:0xC003BE2A	46BD	MOV      sp,r7
S:0xC003BE2C	BC88	POP      {r3,r7}
S:0xC003BE2E	F7FFBD1B	B.W      {pc}-0x5c6 ; 0xc003b868
		Cycle Count: 3 (Atom Packet)
S:0xC003B868	E92D43F8	PUSH     {r3-r9,lr}
S:0xC003B86C	AF00	ADD      r7,sp,#0
S:0xC003B86E	B500	PUSH     {lr}
S:0xC003B870	F85DEB04	POP      {lr}
S:0xC003B874	460E	MOV      r6,r1
S:0xC003B876	4690	MOV      r8,r2
S:0xC003B878	4681	MOV      r9,r0
S:0xC003B87A	F7FFFF85	BL       {pc}-0xf2 ; 0xc003b788
		Cycle Count: 2 (Atom Packet)
S:0xC003B788	E92D43C8	PUSH     {r3,r6-r9,lr}
S:0xC003B78C	AF00	ADD      r7,sp,#0
S:0xC003B78E	B500	PUSH     {lr}
S:0xC003B790	F85DEB04	POP      {lr}
S:0xC003B794	6AC3	LDR      r3,[r0,#0x2c]
S:0xC003B796	4606	MOV      r6,r0
S:0xC003B798	2B00	CMP      r3,#0
S:0xC003B79A	DD01	BLE      {pc}+6 ; 0xc003b7a0
		Cycle Count: 4 (Atom Packet)
S:0xC003B7A0	F8D004C0	LDR      r0,[r0,#0x4c0]
S:0xC003B7A4	F003FD86	BL       {pc}+0x3b10 ; 0xc003f2b4
		Cycle Count: 13 (Atom Packet)
S:0xC003F2B4	4B03	LDR      r3,[pc,#12] ; [0xC003F2C4] = 0xC05FC57C
S:0xC003F2B6	6818	LDR      r0,[r3,#0]
S:0xC003F2B8	B108	CBZ      r0,{pc}+6 ; 0xc003f2be
		Cycle Count: 1 (Atom Packet)
S:0xC003F2BA	F7CFBD35	B        {pc}-0x30592 ; 0xc000ed28
		Cycle Count: 1 (Atom Packet)
		Cycle Count: 2 (Branch Packet)
S:0xC000ED28	B508	PUSH     {r3,lr}
S:0xC000ED2A	F24C43CC	MOV      r3,#0xc4cc
S:0xC000ED2E	F2CC035F	MOVT     r3,#0xc05f
S:0xC000ED32	689B	LDR      r3,[r3,#8]
S:0xC000ED34	4798	BLX      r3
		Cycle Count: 59 (Branch Packet)
S:0xC00113EC	F24A2340	MOV      r3,#0xa240
S:0xC00113F0	F2CC0362	MOVT     r3,#0xc062
S:0xC00113F4	B510	PUSH     {r4,lr}
S:0xC00113F6	681B	LDR      r3,[r3,#0]
S:0xC00113F8	4798	BLX      r3
		Cycle Count: 59 (I-Sync Packet)
		Tracing enabled
		Cycle Count: 4 (Branch Packet)
S:0xC00113FA	F24C5320	MOV      r3,#0xc520
S:0xC00113FE	F2CC035F	MOVT     r3,#0xc05f
S:0xC0011402	681C	LDR      r4,[r3,#0]
S:0xC0011404	FBA02304	UMULL    r2,r3,r0,r4
S:0xC0011408	4610	MOV      r0,r2
S:0xC001140A	FB043101	MLA      r1,r4,r1,r3
S:0xC001140E	BD10	POP      {r4,pc}
		Cycle Count: 1 (Branch Packet)
S:0xC000ED36	BD08	POP      {r3,pc}
		Cycle Count: 3 (Branch Packet)
S:0xC003B7A8	F506638F	ADD      r3,r6,#0x478
S:0xC003B7AC	F5066690	ADD      r6,r6,#0x480
S:0xC003B7B0	E9D38900	LDRD     r8,r9,[r3,#0]
S:0xC003B7B4	E9C30100	STRD     r0,r1,[r3,#0]
S:0xC003B7B8	E9D62300	LDRD     r2,r3,[r6,#0]
S:0xC003B7BC	EBB20208	SUBS     r2,r2,r8
S:0xC003B7C0	EB630309	SBC      r3,r3,r9
S:0xC003B7C4	1812	ADDS     r2,r2,r0
S:0xC003B7C6	EB430301	ADC      r3,r3,r1
S:0xC003B7CA	E9C62300	STRD     r2,r3,[r6,#0]
S:0xC003B7CE	E8BD83C8	POP      {r3,r6-r9,pc}
S:0xC003B87E	4633	MOV      r3,r6
S:0xC003B880	E9F3457A	LDRD     r4,r5,[r3,#0x1e8]!
S:0xC003B884	EA540205	ORRS     r2,r4,r5
S:0xC003B888	D10C	BNE      {pc}+0x1c ; 0xc003b8a4
		Cycle Count: 1 (Atom Packet)
		Cycle Count: 17 (Branch Packet)
S:0xC003B88A	6872	LDR      r2,[r6,#4]
S:0xC003B88C	4809	LDR      r0,[pc,#36] ; [0xC003B8B4] = 0xC05FD5C0
S:0xC003B88E	490A	LDR      r1,[pc,#40] ; [0xC003B8B8] = 0xC05F3080
S:0xC003B890	6952	LDR      r2,[r2,#0x14]
S:0xC003B892	F8502022	LDR      r2,[r0,r2,LSL #2]
S:0xC003B896	1889	ADDS     r1,r1,r2
S:0xC003B898	F501618F	ADD      r1,r1,#0x478
S:0xC003B89C	E9D14500	LDRD     r4,r5,[r1,#0]
S:0xC003B8A0	E9C34500	STRD     r4,r5,[r3,#0]
S:0xC003B8A4	6B33	LDR      r3,[r6,#0x30]
S:0xC003B8A6	4648	MOV      r0,r9
S:0xC003B8A8	4642	MOV      r2,r8
S:0xC003B8AA	4631	MOV      r1,r6
S:0xC003B8AC	685B	LDR      r3,[r3,#4]
S:0xC003B8AE	4798	BLX      r3
S:0xC0043DE4	E92D4FF0	PUSH     {r4-r11,lr}
S:0xC0043DE8	B0A5	SUB      sp,sp,#0x94
S:0xC0043DEA	B500	PUSH     {lr}
S:0xC0043DEC	F85DEB04	POP      {lr}
S:0xC0043DF0	F1110B38	ADDS     r11,r1,#0x38
S:0xC0043DF4	9013	STR      r0,[sp,#0x4c]
S:0xC0043DF6	F0008380	BEQ.W    {pc}+0x704 ; 0xc00444fa
		Cycle Count: 2 (Atom Packet)
S:0xC0043DFA	6D4B	LDR      r3,[r1,#0x54]
S:0xC0043DFC	2B00	CMP      r3,#0
S:0xC0043DFE	F0408273	BNE.W    {pc}+0x4ea ; 0xc00442e8
		Cycle Count: 1 (Atom Packet)
S:0xC0043E02	465F	MOV      r7,r11
S:0xC0043E04	4615	MOV      r5,r2
S:0xC0043E06	F0050305	AND      r3,r5,#5
S:0xC0043E0A	F8D76124	LDR      r6,[r7,#0x124]
S:0xC0043E0E	2B01	CMP      r3,#1
S:0xC0043E10	D008	BEQ      {pc}+0x14 ; 0xc0043e24
		Cycle Count: 1 (Atom Packet)
S:0xC0043E12	E9D7010C	LDRD     r0,r1,[r7,#0x30]
S:0xC0043E16	E9D62306	LDRD     r2,r3,[r6,#0x18]
S:0xC0043E1A	1880	ADDS     r0,r0,r2
S:0xC0043E1C	EB410103	ADC      r1,r1,r3
S:0xC0043E20	E9C7010C	STRD     r0,r1,[r7,#0x30]
S:0xC0043E24	46B8	MOV      r8,r7
S:0xC0043E26	4630	MOV      r0,r6
S:0xC0043E28	F7FCF96E	BL       {pc}-0x3d20 ; 0xc0040108
		Cycle Count: 1 (Atom Packet)
S:0xC0040108	E92D4FF0	PUSH     {r4-r11,lr}
S:0xC004010C	B085	SUB      sp,sp,#0x14
S:0xC004010E	B500	PUSH     {lr}
S:0xC0040110	F85DEB04	POP      {lr}
S:0xC0040114	F8D02084	LDR      r2,[r0,#0x84]
S:0xC0040118	F8D0A030	LDR      r10,[r0,#0x30]
S:0xC004011C	4683	MOV      r11,r0
S:0xC004011E	F8D23480	LDR      r3,[r2,#0x480]
S:0xC0040122	F8D2C484	LDR      r12,[r2,#0x484]
S:0xC0040126	F1BA0F00	CMP      r10,#0
S:0xC004012A	D041	BEQ      {pc}+0x86 ; 0xc00401b0
		Cycle Count: 19 (Atom Packet)
S:0xC004012C	F8DA2020	LDR      r2,[r10,#0x20]
S:0xC0040130	1A9A	SUBS     r2,r3,r2
S:0xC0040132	D03D	BEQ      {pc}+0x7e ; 0xc00401b0
		Cycle Count: 24 (Atom Packet)
S:0xC0040134	E9DA6728	LDRD     r6,r7,[r10,#0xa0]
S:0xC0040138	2500	MOVS     r5,#0
S:0xC004013A	4614	MOV      r4,r2
S:0xC004013C	4629	MOV      r1,r5
S:0xC004013E	42BD	CMP      r5,r7
S:0xC0040140	BF08	IT       EQ
S:0xC0040142	42B4	CMP      r4,r6
S:0xC0040144	4610	MOV      r0,r2
S:0xC0040146	BF3C	ITT      CC
S:0xC0040148	4639	MOV      r1,r7
S:0xC004014A	4630	MOV      r0,r6
S:0xC004014C	E9DA670A	LDRD     r6,r7,[r10,#0x28]
S:0xC0040150	F8CA10A4	STR      r1,[r10,#0xa4]
S:0xC0040154	18B6	ADDS     r6,r6,r2
S:0xC0040156	F8CA00A0	STR      r0,[r10,#0xa0]
S:0xC004015A	EB470705	ADC      r7,r7,r5
S:0xC004015E	E9CA670A	STRD     r6,r7,[r10,#0x28]
S:0xC0040162	E9DB6704	LDRD     r6,r7,[r11,#0x10]
S:0xC0040166	18B6	ADDS     r6,r6,r2
S:0xC0040168	EB470705	ADC      r7,r7,r5
S:0xC004016C	E9CB6704	STRD     r6,r7,[r11,#0x10]
S:0xC0040170	F8DA1000	LDR      r1,[r10,#0]
S:0xC0040174	F5B16F80	CMP      r1,#0x400
S:0xC0040178	BF04	ITT      EQ
S:0xC004017A	4690	MOV      r8,r2
S:0xC004017C	46A9	MOV      r9,r5
S:0xC004017E	D13D	BNE      {pc}+0x7e ; 0xc00401fc
		Cycle Count: 20 (Atom Packet)
S:0xC0040180	E9DA670C	LDRD     r6,r7,[r10,#0x30]
S:0xC0040184	4658	MOV      r0,r11
S:0xC0040186	EB160608	ADDS     r6,r6,r8
S:0xC004018A	EB470709	ADC      r7,r7,r9
S:0xC004018E	E9CA670C	STRD     r6,r7,[r10,#0x30]
S:0xC0040192	9303	STR      r3,[sp,#0xc]
S:0xC0040194	F8CDC008	STR      r12,[sp,#8]
S:0xC0040198	F7FFFB06	BL       {pc}-0x9f0 ; 0xc003f7a8
		Cycle Count: 2 (Atom Packet)
S:0xC003F7A8	E92D03F0	PUSH     {r4-r9}
S:0xC003F7AC	B500	PUSH     {lr}
S:0xC003F7AE	F85DEB04	POP      {lr}
S:0xC003F7B2	6B03	LDR      r3,[r0,#0x30]
S:0xC003F7B4	E9D04506	LDRD     r4,r5,[r0,#0x18]
S:0xC003F7B8	2B00	CMP      r3,#0
S:0xC003F7BA	D029	BEQ      {pc}+0x56 ; 0xc003f810
		Cycle Count: 119 (Atom Packet)
S:0xC003F7BC	6AC1	LDR      r1,[r0,#0x2c]
S:0xC003F7BE	E9D3230C	LDRD     r2,r3,[r3,#0x30]
S:0xC003F7C2	B171	CBZ      r1,{pc}+0x20 ; 0xc003f7e2
		Cycle Count: 9 (Atom Packet)
S:0xC003F7E2	4616	MOV      r6,r2
S:0xC003F7E4	461F	MOV      r7,r3
S:0xC003F7E6	1B36	SUBS     r6,r6,r4
S:0xC003F7E8	EB670705	SBC      r7,r7,r5
S:0xC003F7EC	2E01	CMP      r6,#1
S:0xC003F7EE	F1770100	SBCS     r1,r7,#0
S:0xC003F7F2	DB0A	BLT      {pc}+0x18 ; 0xc003f80a
		Cycle Count: 12 (Atom Packet)
		Cycle Count: 86 (Branch Packet)
S:0xC003F7F4	E9C02306	STRD     r2,r3,[r0,#0x18]
S:0xC003F7F8	F3BF8F5F	DMB      
S:0xC003F7FC	E9D02306	LDRD     r2,r3,[r0,#0x18]
S:0xC003F800	E9C02308	STRD     r2,r3,[r0,#0x20]
S:0xC003F804	E8BD03F0	POP      {r4-r9}
S:0xC003F808	4770	BX       lr
S:0xC004019C	9B03	LDR      r3,[sp,#0xc]
S:0xC004019E	F8DA2128	LDR      r2,[r10,#0x128]
S:0xC00401A2	F8CA3020	STR      r3,[r10,#0x20]
S:0xC00401A6	F8DDC008	LDR      r12,[sp,#8]
S:0xC00401AA	F8CAC024	STR      r12,[r10,#0x24]
S:0xC00401AE	B112	CBZ      r2,{pc}+8 ; 0xc00401b6
		Cycle Count: 2 (Atom Packet)
S:0xC00401B6	4B24	LDR      r3,[pc,#144] ; [0xC0040248] = 0xC0636008
S:0xC00401B8	E9DA670C	LDRD     r6,r7,[r10,#0x30]
S:0xC00401BC	685A	LDR      r2,[r3,#4]
S:0xC00401BE	2A00	CMP      r2,#0
S:0xC00401C0	D12C	BNE      {pc}+0x5c ; 0xc004021c
		Cycle Count: 46 (Atom Packet)
S:0xC00401C2	F8DA639C	LDR      r6,[r10,#0x39c]
S:0xC00401C6	F8D630D8	LDR      r3,[r6,#0xd8]
S:0xC00401CA	2B00	CMP      r3,#0
S:0xC00401CC	D0F0	BEQ      {pc}-0x1c ; 0xc00401b0
		Cycle Count: 162 (Atom Packet)
		Cycle Count: 3 (Branch Packet)
S:0xC00401B0	B005	ADD      sp,sp,#0x14
S:0xC00401B2	E8BD8FF0	POP      {r4-r11,pc}
S:0xC0043E2C	F0050501	AND      r5,r5,#1
S:0xC0043E30	E9F80150	LDRD     r0,r1,[r8,#0x140]!
S:0xC0043E34	E9CD010A	STRD     r0,r1,[sp,#0x28]
S:0xC0043E38	2801	CMP      r0,#1
S:0xC0043E3A	F1710100	SBCS     r1,r1,#0
S:0xC0043E3E	F2C0857A	BLT.W    {pc}+0xaf8 ; 0xc0044936
		Cycle Count: 2 (Atom Packet)
S:0xC0043E42	F8D73124	LDR      r3,[r7,#0x124]
S:0xC0043E46	F1030458	ADD      r4,r3,#0x58
S:0xC0043E4A	E8D4017F	LDREXD   r0,r1,[r4]
S:0xC0043E4E	4602	MOV      r2,r0
S:0xC0043E50	460B	MOV      r3,r1
S:0xC0043E52	E9DD010A	LDRD     r0,r1,[sp,#0x28]
S:0xC0043E56	1A12	SUBS     r2,r2,r0
S:0xC0043E58	EB630301	SBC      r3,r3,r1
S:0xC0043E5C	EA520103	ORRS     r1,r2,r3
S:0xC0043E60	F04083D8	BNE.W    {pc}+0x7b4 ; 0xc0044614
		Cycle Count: 13 (Atom Packet)
S:0xC0044614	F44F60FC	MOV      r0,#0x7e0
S:0xC0044618	2100	MOVS     r1,#0
S:0xC004461A	4299	CMP      r1,r3
S:0xC004461C	BF08	IT       EQ
S:0xC004461E	4290	CMP      r0,r2
S:0xC0044620	F8D74148	LDR      r4,[r7,#0x148]
S:0xC0044624	F0C0830A	BCC.W    {pc}+0x618 ; 0xc0044c3c
		Cycle Count: 5 (Atom Packet)
S:0xC0044628	2A1F	CMP      r2,#0x1f
S:0xC004462A	4611	MOV      r1,r2
S:0xC004462C	BF82	ITTT     HI
S:0xC004462E	0953	LSRS     r3,r2,#5
S:0xC0044630	F002011F	AND      r1,r2,#0x1f
S:0xC0044634	40DC	LSRS     r4,r4,r3
S:0xC0044636	4BA2	LDR      r3,[pc,#648] ; [0xC00448C0] = 0xC03E83C8
S:0xC0044638	F8532021	LDR      r2,[r3,r1,LSL #2]
S:0xC004463C	FBA22304	UMULL    r2,r3,r2,r4
S:0xC0044640	4619	MOV      r1,r3
S:0xC0044642	F8C71148	STR      r1,[r7,#0x148]
S:0xC0044646	2200	MOVS     r2,#0
S:0xC0044648	2300	MOVS     r3,#0
S:0xC004464A	E9C82300	STRD     r2,r3,[r8,#0]
S:0xC004464E	2D00	CMP      r5,#0
S:0xC0044650	F47FAC0D	BNE      {pc}-0x7e2 ; 0xc0043e6e
		Cycle Count: 24 (Atom Packet)
S:0xC0043E6E	460A	MOV      r2,r1
S:0xC0043E70	E9D60114	LDRD     r0,r1,[r6,#0x50]
S:0xC0043E74	17D3	ASRS     r3,r2,#31
S:0xC0043E76	428B	CMP      r3,r1
S:0xC0043E78	BF08	IT       EQ
S:0xC0043E7A	4282	CMP      r2,r0
S:0xC0043E7C	F08086D8	BCS.W    {pc}+0xdb4 ; 0xc0044c30
		Cycle Count: 4 (Atom Packet)
S:0xC0044C30	2200	MOVS     r2,#0
S:0xC0044C32	2300	MOVS     r3,#0
S:0xC0044C34	E9C62314	STRD     r2,r3,[r6,#0x50]
S:0xC0044C38	F7FFB927	B        {pc}-0xdae ; 0xc0043e8a
		Cycle Count: 4 (Atom Packet)
S:0xC0043E8A	F8D73124	LDR      r3,[r7,#0x124]
S:0xC0043E8E	F8D72128	LDR      r2,[r7,#0x128]
S:0xC0043E92	F8D31084	LDR      r1,[r3,#0x84]
S:0xC0043E96	F8D144C0	LDR      r4,[r1,#0x4c0]
S:0xC0043E9A	940A	STR      r4,[sp,#0x28]
S:0xC0043E9C	2A00	CMP      r2,#0
S:0xC0043E9E	F0008452	BEQ.W    {pc}+0x8a8 ; 0xc0044746
		Cycle Count: 3 (Atom Packet)
S:0xC0044746	F5016190	ADD      r1,r1,#0x480
S:0xC004474A	E9D18900	LDRD     r8,r9,[r1,#0]
S:0xC004474E	F7FFBBAE	B        {pc}-0x8a0 ; 0xc0043eae
		Cycle Count: 14 (Atom Packet)
S:0xC0043EAE	F64B7540	MOV      r5,#0xbf40
S:0xC0043EB2	46BE	MOV      lr,r7
S:0xC0043EB4	F2CC0564	MOVT     r5,#0xc064
S:0xC0043EB8	69F8	LDR      r0,[r7,#0x1c]
S:0xC0043EBA	6B1B	LDR      r3,[r3,#0x30]
S:0xC0043EBC	686A	LDR      r2,[r5,#4]
S:0xC0043EBE	E9FE454E	LDRD     r4,r5,[lr,#0x138]!
S:0xC0043EC2	9010	STR      r0,[sp,#0x40]
S:0xC0043EC4	EBB80404	SUBS     r4,r8,r4
S:0xC0043EC8	EB690505	SBC      r5,r9,r5
S:0xC0043ECC	EA4F7CE2	ASR      r12,r2,#31
S:0xC0043ED0	930C	STR      r3,[sp,#0x30]
S:0xC0043ED2	FBA50102	UMULL    r0,r1,r5,r2
S:0xC0043ED6	FBA42302	UMULL    r2,r3,r4,r2
S:0xC0043EDA	FB05110C	MLA      r1,r5,r12,r1
S:0xC0043EDE	FB04330C	MLA      r3,r4,r12,r3
S:0xC0043EE2	EA4F4C00	LSL      r12,r0,#16
S:0xC0043EE6	F8CDC018	STR      r12,[sp,#0x18]
S:0xC0043EEA	040C	LSLS     r4,r1,#16
S:0xC0043EEC	EA444510	ORR      r5,r4,r0,LSR #16
S:0xC0043EF0	0C10	LSRS     r0,r2,#16
S:0xC0043EF2	9507	STR      r5,[sp,#0x1c]
S:0xC0043EF4	0C1C	LSRS     r4,r3,#16
S:0xC0043EF6	EA404103	ORR      r1,r0,r3,LSL #16
S:0xC0043EFA	9409	STR      r4,[sp,#0x24]
S:0xC0043EFC	9108	STR      r1,[sp,#0x20]
S:0xC0043EFE	E9DD4508	LDRD     r4,r5,[sp,#0x20]
S:0xC0043F02	E9DD2306	LDRD     r2,r3,[sp,#0x18]
S:0xC0043F06	1912	ADDS     r2,r2,r4
S:0xC0043F08	EB430305	ADC      r3,r3,r5
S:0xC0043F0C	2A00	CMP      r2,#0
S:0xC0043F0E	F1730500	SBCS     r5,r3,#0
S:0xC0043F12	F2C083DD	BLT.W    {pc}+0x7be ; 0xc00446d0
		Cycle Count: 49 (Atom Packet)
S:0xC0043F16	EA4F2C92	LSR      r12,r2,#10
S:0xC0043F1A	0A99	LSRS     r1,r3,#10
S:0xC0043F1C	EA4C5083	ORR      r0,r12,r3,LSL #22
S:0xC0043F20	9105	STR      r1,[sp,#0x14]
S:0xC0043F22	9004	STR      r0,[sp,#0x10]
S:0xC0043F24	E9DD4504	LDRD     r4,r5,[sp,#0x10]
S:0xC0043F28	4325	ORRS     r5,r5,r4
S:0xC0043F2A	F00080CE	BEQ.W    {pc}+0x1a0 ; 0xc00440ca
		Cycle Count: 8 (Atom Packet)
S:0xC0043F2E	F64B7C40	MOV      r12,#0xbf40
S:0xC0043F32	E9CE8900	STRD     r8,r9,[lr,#0]
S:0xC0043F36	F2CC0C64	MOVT     r12,#0xc064
S:0xC0043F3A	F8DC3000	LDR      r3,[r12,#0]
S:0xC0043F3E	2B00	CMP      r3,#0
S:0xC0043F40	F00083D9	BEQ.W    {pc}+0x7b6 ; 0xc00446f6
		Cycle Count: 4 (Atom Packet)
S:0xC0043F44	980A	LDR      r0,[sp,#0x28]
S:0xC0043F46	4661	MOV      r1,r12
S:0xC0043F48	2300	MOVS     r3,#0
S:0xC0043F4A	930B	STR      r3,[sp,#0x2c]
S:0xC0043F4C	EB0C1C00	ADD      r12,r12,r0,LSL #4
S:0xC0043F50	F8DC5098	LDR      r5,[r12,#0x98]
S:0xC0043F54	950A	STR      r5,[sp,#0x28]
S:0xC0043F56	980C	LDR      r0,[sp,#0x30]
S:0xC0043F58	F8D74134	LDR      r4,[r7,#0x134]
S:0xC0043F5C	1A38	SUBS     r0,r7,r0
S:0xC0043F5E	E9DD2304	LDRD     r2,r3,[sp,#0x10]
S:0xC0043F62	F1D00900	RSBS     r9,r0,#0
S:0xC0043F66	EB590900	ADCS     r9,r9,r0
S:0xC0043F6A	05A0	LSLS     r0,r4,#22
S:0xC0043F6C	0D80	LSRS     r0,r0,#22
S:0xC0043F6E	1812	ADDS     r2,r2,r0
S:0xC0043F70	F1430300	ADC      r3,r3,#0
S:0xC0043F74	2B00	CMP      r3,#0
S:0xC0043F76	BF08	IT       EQ
S:0xC0043F78	F5B26F80	CMP      r2,#0x400
S:0xC0043F7C	BF38	IT       CC
S:0xC0043F7E	2100	MOVS     r1,#0
S:0xC0043F80	D37B	BCC      {pc}+0xfa ; 0xc004407a
		Cycle Count: 9 (Atom Packet)
S:0xC0043F82	F5C06080	RSB      r0,r0,#0x400
S:0xC0043F86	9B10	LDR      r3,[sp,#0x40]
S:0xC0043F88	F8D71130	LDR      r1,[r7,#0x130]
S:0xC0043F8C	FB00F205	MUL      r2,r0,r5
S:0xC0043F90	0A92	LSRS     r2,r2,#10
S:0xC0043F92	2B00	CMP      r3,#0
S:0xC0043F94	F00083DD	BEQ.W    {pc}+0x7be ; 0xc0044752
		Cycle Count: 2 (Atom Packet)
S:0xC0044752	9122	STR      r1,[sp,#0x88]
S:0xC0044754	E424	B        {pc}-0x7b4 ; 0xc0043fa0
		Cycle Count: 1 (Atom Packet)
S:0xC0043FA0	F1B90F00	CMP      r9,#0
S:0xC0043FA4	D004	BEQ      {pc}+0xc ; 0xc0043fb0
		Cycle Count: 1 (Atom Packet)
S:0xC0043FB0	E9DD2304	LDRD     r2,r3,[sp,#0x10]
S:0xC0043FB4	1904	ADDS     r4,r0,r4
S:0xC0043FB6	9423	STR      r4,[sp,#0x8c]
S:0xC0043FB8	1A12	SUBS     r2,r2,r0
S:0xC0043FBA	EB6373E0	SBC      r3,r3,r0,ASR #31
S:0xC0043FBE	E9CD2300	STRD     r2,r3,[sp,#0]
S:0xC0043FC2	9B00	LDR      r3,[sp,#0]
S:0xC0043FC4	F24032FF	MOV      r2,#0x3ff
S:0xC0043FC8	F8DDC004	LDR      r12,[sp,#4]
S:0xC0043FCC	E9DD0100	LDRD     r0,r1,[sp,#0]
S:0xC0043FD0	0A9B	LSRS     r3,r3,#10
S:0xC0043FD2	F8C74134	STR      r4,[r7,#0x134]
S:0xC0043FD6	EA43548C	ORR      r4,r3,r12,LSL #22
S:0xC0043FDA	2300	MOVS     r3,#0
S:0xC0043FDC	4019	ANDS     r1,r1,r3
S:0xC0043FDE	9414	STR      r4,[sp,#0x50]
S:0xC0043FE0	EA4F239C	LSR      r3,r12,#10
S:0xC0043FE4	9315	STR      r3,[sp,#0x54]
S:0xC0043FE6	4010	ANDS     r0,r0,r2
S:0xC0043FE8	E9CD0104	STRD     r0,r1,[sp,#0x10]
S:0xC0043FEC	E9DD0114	LDRD     r0,r1,[sp,#0x50]
S:0xC0043FF0	2201	MOVS     r2,#1
S:0xC0043FF2	2300	MOVS     r3,#0
S:0xC0043FF4	1880	ADDS     r0,r0,r2
S:0xC0043FF6	F44F62FC	MOV      r2,#0x7e0
S:0xC0043FFA	EB410103	ADC      r1,r1,r3
S:0xC0043FFE	2300	MOVS     r3,#0
S:0xC0044000	428B	CMP      r3,r1
S:0xC0044002	BF08	IT       EQ
S:0xC0044004	4282	CMP      r2,r0
S:0xC0044006	E9CD010C	STRD     r0,r1,[sp,#0x30]
S:0xC004400A	F0C086BF	BCC.W    {pc}+0xd82 ; 0xc0044d8c
		Cycle Count: 8 (Atom Packet)
S:0xC004400E	9B0C	LDR      r3,[sp,#0x30]
S:0xC0044010	4680	MOV      r8,r0
S:0xC0044012	F8DFC8AC	LDR      r12,[pc,#2220] ; [0xC00448C0]
S:0xC0044016	2B1F	CMP      r3,#0x1f
S:0xC0044018	F20086C1	BHI.W    {pc}+0xd86 ; 0xc0044d9e
		Cycle Count: 8 (Atom Packet)
S:0xC0044D9E	9922	LDR      r1,[sp,#0x88]
S:0xC0044DA0	F003081F	AND      r8,r3,#0x1f
S:0xC0044DA4	9C23	LDR      r4,[sp,#0x8c]
S:0xC0044DA6	EA4F1E53	LSR      lr,r3,#5
S:0xC0044DAA	F8D73160	LDR      r3,[r7,#0x160]
S:0xC0044DAE	FA21F20E	LSR      r2,r1,lr
S:0xC0044DB2	F85C1028	LDR      r1,[r12,r8,LSL #2]
S:0xC0044DB6	FA24F00E	LSR      r0,r4,lr
S:0xC0044DBA	FA23FE0E	LSR      lr,r3,lr
S:0xC0044DBE	FBA22301	UMULL    r2,r3,r2,r1
S:0xC0044DC2	FBA10100	UMULL    r0,r1,r1,r0
S:0xC0044DC6	461C	MOV      r4,r3
S:0xC0044DC8	F8C73130	STR      r3,[r7,#0x130]
S:0xC0044DCC	F8C71134	STR      r1,[r7,#0x134]
S:0xC0044DD0	F7FFB933	B        {pc}-0xd96 ; 0xc004403a
		Cycle Count: 54 (Atom Packet)
S:0xC004403A	F85C2028	LDR      r2,[r12,r8,LSL #2]
S:0xC004403E	FBA2230E	UMULL    r2,r3,r2,lr
S:0xC0044042	F8C73160	STR      r3,[r7,#0x160]
S:0xC0044046	E9DD0114	LDRD     r0,r1,[sp,#0x50]
S:0xC004404A	F7FDFB41	BL       {pc}-0x297a ; 0xc00416d0
		Cycle Count: 7 (Atom Packet)
S:0xC00416D0	E92D03F0	PUSH     {r4-r9}
S:0xC00416D4	B500	PUSH     {lr}
S:0xC00416D6	F85DEB04	POP      {lr}
S:0xC00416DA	2620	MOVS     r6,#0x20
S:0xC00416DC	2700	MOVS     r7,#0
S:0xC00416DE	428F	CMP      r7,r1
S:0xC00416E0	BF08	IT       EQ
S:0xC00416E2	4286	CMP      r6,r0
S:0xC00416E4	D307	BCC      {pc}+0x12 ; 0xc00416f6
		Cycle Count: 9 (Atom Packet)
S:0xC00416F6	F44F72AC	MOV      r2,#0x158
S:0xC00416FA	2300	MOVS     r3,#0
S:0xC00416FC	428B	CMP      r3,r1
S:0xC00416FE	BF08	IT       EQ
S:0xC0041700	4282	CMP      r2,r0
S:0xC0041702	D34A	BCC      {pc}+0x98 ; 0xc004179a
		Cycle Count: 10 (Atom Packet)
S:0xC004179A	F64B207E	MOV      r0,#0xba7e
S:0xC004179E	E7A7	B        {pc}-0xae ; 0xc00416f0
		Cycle Count: 32 (Atom Packet)
		Cycle Count: 13 (Branch Packet)
S:0xC00416F0	E8BD03F0	POP      {r4-r9}
S:0xC00416F4	4770	BX       lr
S:0xC004404E	FB05F300	MUL      r3,r5,r0
S:0xC0044052	9D10	LDR      r5,[sp,#0x40]
S:0xC0044054	0A9B	LSRS     r3,r3,#10
S:0xC0044056	B115	CBZ      r5,{pc}+8 ; 0xc004405e
		Cycle Count: 1 (Atom Packet)
S:0xC004405E	F1B90F00	CMP      r9,#0
S:0xC0044062	D004	BEQ      {pc}+0xc ; 0xc004406e
		Cycle Count: 1 (Atom Packet)
S:0xC004406E	F8D74134	LDR      r4,[r7,#0x134]
S:0xC0044072	2101	MOVS     r1,#1
S:0xC0044074	1824	ADDS     r4,r4,r0
S:0xC0044076	F8C74134	STR      r4,[r7,#0x134]
S:0xC004407A	F8DDC010	LDR      r12,[sp,#0x10]
S:0xC004407E	F8DDE02C	LDR      lr,[sp,#0x2c]
S:0xC0044082	9A05	LDR      r2,[sp,#0x14]
S:0xC0044084	4665	MOV      r5,r12
S:0xC0044086	9B0A	LDR      r3,[sp,#0x28]
S:0xC0044088	FB0CF00E	MUL      r0,r12,lr
S:0xC004408C	FB030002	MLA      r0,r3,r2,r0
S:0xC0044090	FBA52303	UMULL    r2,r3,r5,r3
S:0xC0044094	18C3	ADDS     r3,r0,r3
S:0xC0044096	0A92	LSRS     r2,r2,#10
S:0xC0044098	EA425283	ORR      r2,r2,r3,LSL #22
S:0xC004409C	9B10	LDR      r3,[sp,#0x40]
S:0xC004409E	B123	CBZ      r3,{pc}+0xc ; 0xc00440aa
		Cycle Count: 30 (Atom Packet)
S:0xC00440AA	F1B90F00	CMP      r9,#0
S:0xC00440AE	D004	BEQ      {pc}+0xc ; 0xc00440ba
		Cycle Count: 1 (Atom Packet)
S:0xC00440BA	9D04	LDR      r5,[sp,#0x10]
S:0xC00440BC	1964	ADDS     r4,r4,r5
S:0xC00440BE	F8C74134	STR      r4,[r7,#0x134]
S:0xC00440C2	B111	CBZ      r1,{pc}+8 ; 0xc00440ca
		Cycle Count: 11 (Atom Packet)
S:0xC00440C4	4638	MOV      r0,r7
S:0xC00440C6	F7FCF901	BL       {pc}-0x3dfa ; 0xc00402cc
		Cycle Count: 1 (Atom Packet)
S:0xC00402CC	E92D4FF8	PUSH     {r3-r11,lr}
S:0xC00402D0	B500	PUSH     {lr}
S:0xC00402D2	F85DEB04	POP      {lr}
S:0xC00402D6	4606	MOV      r6,r0
S:0xC00402D8	F8D05128	LDR      r5,[r0,#0x128]
S:0xC00402DC	F8D0A148	LDR      r10,[r0,#0x148]
S:0xC00402E0	2D00	CMP      r5,#0
S:0xC00402E2	D067	BEQ      {pc}+0xd2 ; 0xc00403b4
		Cycle Count: 36 (Atom Packet)
S:0xC00403B4	F8D04134	LDR      r4,[r0,#0x134]
S:0xC00403B8	F1A00538	SUB      r5,r0,#0x38
S:0xC00403BC	F8D08130	LDR      r8,[r0,#0x130]
S:0xC00403C0	6800	LDR      r0,[r0,#0]
S:0xC00403C2	3401	ADDS     r4,#1
S:0xC00403C4	4621	MOV      r1,r4
S:0xC00403C6	FB00F008	MUL      r0,r0,r8
S:0xC00403CA	F211F883	BL       {pc}+0x21110a ; 0xc02514d4
		Cycle Count: 54 (Atom Packet)
		Cycle Count: 35 (I-Sync Packet)
		Tracing enabled
S:0xC00403CE	4B27	LDR      r3,[pc,#156] ; [0xC004046C] = 0xC0635FF4
S:0xC00403D0	685A	LDR      r2,[r3,#4]
S:0xC00403D2	4607	MOV      r7,r0
S:0xC00403D4	F8C60148	STR      r0,[r6,#0x148]
S:0xC00403D8	B98A	CBNZ     r2,{pc}+0x26 ; 0xc00403fe
		Cycle Count: 17 (Atom Packet)
S:0xC00403DA	EA4F2088	LSL      r0,r8,#10
S:0xC00403DE	4621	MOV      r1,r4
S:0xC00403E0	F211F878	BL       {pc}+0x2110f4 ; 0xc02514d4
		Cycle Count: 2 (Atom Packet)
		Cycle Count: 4 (I-Sync Packet)
		Tracing enabled
S:0xC00403E4	4607	MOV      r7,r0
S:0xC00403E6	F8C6014C	STR      r0,[r6,#0x14c]
S:0xC00403EA	4B21	LDR      r3,[pc,#132] ; [0xC0040470] = 0xC0635FE0
S:0xC00403EC	685A	LDR      r2,[r3,#4]
S:0xC00403EE	2A00	CMP      r2,#0
S:0xC00403F0	D12E	BNE      {pc}+0x60 ; 0xc0040450
		Cycle Count: 2 (Atom Packet)
		Cycle Count: 4 (Branch Packet)
S:0xC00403F2	F8D60148	LDR      r0,[r6,#0x148]
S:0xC00403F6	EBCA0000	RSB      r0,r10,r0
S:0xC00403FA	E8BD8FF8	POP      {r3-r11,pc}
S:0xC00440CA	E9D62312	LDRD     r2,r3,[r6,#0x48]
S:0xC00440CE	4630	MOV      r0,r6
S:0xC00440D0	F8D74148	LDR      r4,[r7,#0x148]
S:0xC00440D4	2100	MOVS     r1,#0
S:0xC00440D6	1912	ADDS     r2,r2,r4
S:0xC00440D8	F1430300	ADC      r3,r3,#0
S:0xC00440DC	E9C62312	STRD     r2,r3,[r6,#0x48]
S:0xC00440E0	F7FBFD5C	BL       {pc}-0x4544 ; 0xc003fb9c
		Cycle Count: 2 (Atom Packet)
S:0xC003FB9C	E92D0FF0	PUSH     {r4-r11}
S:0xC003FBA0	B500	PUSH     {lr}
S:0xC003FBA2	F85DEB04	POP      {lr}
S:0xC003FBA6	F8D06084	LDR      r6,[r0,#0x84]
S:0xC003FBAA	E9D0451A	LDRD     r4,r5,[r0,#0x68]
S:0xC003FBAE	F8D67480	LDR      r7,[r6,#0x480]
S:0xC003FBB2	F8D66484	LDR      r6,[r6,#0x484]
S:0xC003FBB6	0D3A	LSRS     r2,r7,#20
S:0xC003FBB8	EA423206	ORR      r2,r2,r6,LSL #12
S:0xC003FBBC	0D33	LSRS     r3,r6,#20
S:0xC003FBBE	1B14	SUBS     r4,r2,r4
S:0xC003FBC0	EB630505	SBC      r5,r3,r5
S:0xC003FBC4	EA540605	ORRS     r6,r4,r5
S:0xC003FBC8	BF14	ITE      NE
S:0xC003FBCA	2600	MOVS     r6,#0
S:0xC003FBCC	2601	MOVS     r6,#1
S:0xC003FBCE	2900	CMP      r1,#0
S:0xC003FBD0	BF14	ITE      NE
S:0xC003FBD2	2600	MOVS     r6,#0
S:0xC003FBD4	F0060601	AND      r6,r6,#1
S:0xC003FBD8	2E00	CMP      r6,#0
S:0xC003FBDA	D167	BNE      {pc}+0xd2 ; 0xc003fcac
		Cycle Count: 34 (Atom Packet)
S:0xC003FBDC	F1000C60	ADD      r12,r0,#0x60
S:0xC003FBE0	E8DC677F	LDREXD   r6,r7,[r12]
S:0xC003FBE4	EA560807	ORRS     r8,r6,r7
S:0xC003FBE8	D163	BNE      {pc}+0xca ; 0xc003fcb2
		Cycle Count: 4 (Atom Packet)
S:0xC003FBEA	E9D06714	LDRD     r6,r7,[r0,#0x50]
S:0xC003FBEE	EA540C05	ORRS     r12,r4,r5
S:0xC003FBF2	D027	BEQ      {pc}+0x52 ; 0xc003fc44
		Cycle Count: 3 (Atom Packet)
S:0xC003FBF4	F44F68FC	MOV      r8,#0x7e0
S:0xC003FBF8	F04F0900	MOV      r9,#0
S:0xC003FBFC	45A9	CMP      r9,r5
S:0xC003FBFE	BF08	IT       EQ
S:0xC003FC00	45A0	CMP      r8,r4
S:0xC003FC02	F0C0808F	BCC.W    {pc}+0x122 ; 0xc003fd24
		Cycle Count: 8 (Atom Packet)
S:0xC003FC06	2C1F	CMP      r4,#0x1f
S:0xC003FC08	46A4	MOV      r12,r4
S:0xC003FC0A	D871	BHI      {pc}+0xe6 ; 0xc003fcf0
		Cycle Count: 4 (Atom Packet)
S:0xC003FC0C	F8DF8120	LDR      r8,[pc,#288] ; [0xC003FD30] = 0xC03E83C8
S:0xC003FC10	F04F0B00	MOV      r11,#0
S:0xC003FC14	F858C02C	LDR      r12,[r8,r12,LSL #2]
S:0xC003FC18	FBAC8906	UMULL    r8,r9,r12,r6
S:0xC003FC1C	FB0C9A07	MLA      r10,r12,r7,r9
S:0xC003FC20	E9C0AB14	STRD     r10,r11,[r0,#0x50]
S:0xC003FC24	F1000C58	ADD      r12,r0,#0x58
S:0xC003FC28	E8DC677F	LDREXD   r6,r7,[r12]
S:0xC003FC2C	1936	ADDS     r6,r6,r4
S:0xC003FC2E	EB470705	ADC      r7,r7,r5
S:0xC003FC32	E8CC6778	STREXD   r8,r6,r7,[r12]
S:0xC003FC36	F0980F00	TEQ      r8,#0
S:0xC003FC3A	D1F5	BNE      {pc}-0x12 ; 0xc003fc28
		Cycle Count: 67 (Atom Packet)
S:0xC003FC3C	4656	MOV      r6,r10
S:0xC003FC3E	465F	MOV      r7,r11
S:0xC003FC40	E9C0231A	STRD     r2,r3,[r0,#0x68]
S:0xC003FC44	E9D0451E	LDRD     r4,r5,[r0,#0x78]
S:0xC003FC48	E9D02312	LDRD     r2,r3,[r0,#0x48]
S:0xC003FC4C	F8D0C094	LDR      r12,[r0,#0x94]
S:0xC003FC50	1B12	SUBS     r2,r2,r4
S:0xC003FC52	EB630305	SBC      r3,r3,r5
S:0xC003FC56	1992	ADDS     r2,r2,r6
S:0xC003FC58	EB430307	ADC      r3,r3,r7
S:0xC003FC5C	B999	CBNZ     r1,{pc}+0x2a ; 0xc003fc86
		Cycle Count: 7 (Atom Packet)
S:0xC003FC5E	17DE	ASRS     r6,r3,#31
S:0xC003FC60	EA4F0AD4	LSR      r10,r4,#3
S:0xC003FC64	4637	MOV      r7,r6
S:0xC003FC66	EA860802	EOR      r8,r6,r2
S:0xC003FC6A	EA860903	EOR      r9,r6,r3
S:0xC003FC6E	EA4A7A45	ORR      r10,r10,r5,LSL #29
S:0xC003FC72	EA4F0BD5	LSR      r11,r5,#3
S:0xC003FC76	EBB80806	SUBS     r8,r8,r6
S:0xC003FC7A	EB690907	SBC      r9,r9,r7
S:0xC003FC7E	45CB	CMP      r11,r9
S:0xC003FC80	BF08	IT       EQ
S:0xC003FC82	45C2	CMP      r10,r8
S:0xC003FC84	D212	BCS      {pc}+0x28 ; 0xc003fcac
		Cycle Count: 6 (Atom Packet)
		Cycle Count: 6 (Branch Packet)
S:0xC003FCAC	E8BD0FF0	POP      {r4-r11}
S:0xC003FCB0	4770	BX       lr
S:0xC00440E4	4630	MOV      r0,r6
S:0xC00440E6	4639	MOV      r1,r7
S:0xC00440E8	F7FBFB98	BL       {pc}-0x48cc ; 0xc003f81c
		Cycle Count: 1 (Atom Packet)
S:0xC003F81C	B430	PUSH     {r4,r5}
S:0xC003F81E	B500	PUSH     {lr}
S:0xC003F820	F85DEB04	POP      {lr}
S:0xC003F824	2400	MOVS     r4,#0
S:0xC003F826	680A	LDR      r2,[r1,#0]
S:0xC003F828	6803	LDR      r3,[r0,#0]
S:0xC003F82A	6044	STR      r4,[r0,#4]
S:0xC003F82C	189B	ADDS     r3,r3,r2
S:0xC003F82E	6003	STR      r3,[r0,#0]
S:0xC003F830	F8D13120	LDR      r3,[r1,#0x120]
S:0xC003F834	B1AB	CBZ      r3,{pc}+0x2e ; 0xc003f862
		Cycle Count: 9 (Atom Packet)
S:0xC003F862	F8D02084	LDR      r2,[r0,#0x84]
S:0xC003F866	680D	LDR      r5,[r1,#0]
S:0xC003F868	6B14	LDR      r4,[r2,#0x30]
S:0xC003F86A	6353	STR      r3,[r2,#0x34]
S:0xC003F86C	1964	ADDS     r4,r4,r5
S:0xC003F86E	6314	STR      r4,[r2,#0x30]
S:0xC003F870	E7E1	B        {pc}-0x3a ; 0xc003f836
		Cycle Count: 25 (Atom Packet)
S:0xC003F836	F8D13128	LDR      r3,[r1,#0x128]
S:0xC003F83A	B123	CBZ      r3,{pc}+0xc ; 0xc003f846
		Cycle Count: 1 (Atom Packet)
S:0xC003F846	F8D03084	LDR      r3,[r0,#0x84]
S:0xC003F84A	F1010214	ADD      r2,r1,#0x14
S:0xC003F84E	F5036599	ADD      r5,r3,#0x4c8
S:0xC003F852	F8D344C8	LDR      r4,[r3,#0x4c8]
S:0xC003F856	6062	STR      r2,[r4,#4]
S:0xC003F858	614C	STR      r4,[r1,#0x14]
S:0xC003F85A	618D	STR      r5,[r1,#0x18]
S:0xC003F85C	F8C324C8	STR      r2,[r3,#0x4c8]
S:0xC003F860	E7EC	B        {pc}-0x24 ; 0xc003f83c
		Cycle Count: 25 (Atom Packet)
		Cycle Count: 6 (Branch Packet)
S:0xC003F83C	6883	LDR      r3,[r0,#8]
S:0xC003F83E	3301	ADDS     r3,#1
S:0xC003F840	6083	STR      r3,[r0,#8]
S:0xC003F842	BC30	POP      {r4,r5}
S:0xC003F844	4770	BX       lr
S:0xC00440EC	4630	MOV      r0,r6
S:0xC00440EE	F7FCF8AD	BL       {pc}-0x3ea2 ; 0xc004024c
		Cycle Count: 1 (Atom Packet)
S:0xC004024C	B570	PUSH     {r4-r6,lr}
S:0xC004024E	B500	PUSH     {lr}
S:0xC0040250	F85DEB04	POP      {lr}
S:0xC0040254	F8D01094	LDR      r1,[r0,#0x94]
S:0xC0040258	F8D02084	LDR      r2,[r0,#0x84]
S:0xC004025C	6A0B	LDR      r3,[r1,#0x20]
S:0xC004025E	F8D224C0	LDR      r2,[r2,#0x4c0]
S:0xC0040262	F8534022	LDR      r4,[r3,r2,LSL #2]
S:0xC0040266	2C00	CMP      r4,#0
S:0xC0040268	D02B	BEQ      {pc}+0x5a ; 0xc00402c2
		Cycle Count: 42 (Atom Packet)
		Cycle Count: 2 (Branch Packet)
S:0xC00402C2	BD70	POP      {r4-r6,pc}
S:0xC00440F2	F24C5968	MOV      r9,#0xc568
S:0xC00440F6	F6470C34	MOV      r12,#0x7834
S:0xC00440FA	F2CC095F	MOVT     r9,#0xc05f
S:0xC00440FE	F2CC0C60	MOVT     r12,#0xc060
S:0xC0044102	E9D62306	LDRD     r2,r3,[r6,#0x18]
S:0xC0044106	F1A70838	SUB      r8,r7,#0x38
S:0xC004410A	F8DC4000	LDR      r4,[r12,#0]
S:0xC004410E	F8D91000	LDR      r1,[r9,#0]
S:0xC0044112	07C9	LSLS     r1,r1,#31
S:0xC0044114	E9D7010C	LDRD     r0,r1,[r7,#0x30]
S:0xC0044118	BF48	IT       MI
S:0xC004411A	0864	LSRS     r4,r4,#1
S:0xC004411C	1B12	SUBS     r2,r2,r4
S:0xC004411E	F1630300	SBC      r3,r3,#0
S:0xC0044122	4614	MOV      r4,r2
S:0xC0044124	461D	MOV      r5,r3
S:0xC0044126	1A24	SUBS     r4,r4,r0
S:0xC0044128	EB650501	SBC      r5,r5,r1
S:0xC004412C	2C01	CMP      r4,#1
S:0xC004412E	F1750E00	SBCS     lr,r5,#0
S:0xC0044132	BFB8	IT       LT
S:0xC0044134	460B	MOV      r3,r1
S:0xC0044136	F8D71128	LDR      r1,[r7,#0x128]
S:0xC004413A	BFB8	IT       LT
S:0xC004413C	4602	MOV      r2,r0
S:0xC004413E	E9C7230C	STRD     r2,r3,[r7,#0x30]
S:0xC0044142	B109	CBZ      r1,{pc}+6 ; 0xc0044148
		Cycle Count: 8 (Atom Packet)
S:0xC0044148	E9D7231E	LDRD     r2,r3,[r7,#0x78]
S:0xC004414C	EA520003	ORRS     r0,r2,r3
S:0xC0044150	D02A	BEQ      {pc}+0x58 ; 0xc00441a8
		Cycle Count: 163 (Atom Packet)
S:0xC0044152	F8D61084	LDR      r1,[r6,#0x84]
S:0xC0044156	F501618F	ADD      r1,r1,#0x478
S:0xC004415A	E9D14500	LDRD     r4,r5,[r1,#0]
S:0xC004415E	1AA4	SUBS     r4,r4,r2
S:0xC0044160	EB650503	SBC      r5,r5,r3
S:0xC0044164	2C00	CMP      r4,#0
S:0xC0044166	F1750100	SBCS     r1,r5,#0
S:0xC004416A	F2C082F7	BLT.W    {pc}+0x5f2 ; 0xc004475c
		Cycle Count: 7 (Atom Packet)
S:0xC004416E	E9D72320	LDRD     r2,r3,[r7,#0x80]
S:0xC0044172	42AB	CMP      r3,r5
S:0xC0044174	BF08	IT       EQ
S:0xC0044176	42A2	CMP      r2,r4
S:0xC0044178	F0C08562	BCC.W    {pc}+0xac8 ; 0xc0044c40
		Cycle Count: 1 (Atom Packet)
S:0xC004417C	E9D72322	LDRD     r2,r3,[r7,#0x88]
S:0xC0044180	2000	MOVS     r0,#0
S:0xC0044182	2100	MOVS     r1,#0
S:0xC0044184	E9C7011E	STRD     r0,r1,[r7,#0x78]
S:0xC0044188	1912	ADDS     r2,r2,r4
S:0xC004418A	EB430305	ADC      r3,r3,r5
S:0xC004418E	E9C72322	STRD     r2,r3,[r7,#0x88]
S:0xC0044192	F1B80F00	CMP      r8,#0
S:0xC0044196	D007	BEQ      {pc}+0x12 ; 0xc00441a8
		Cycle Count: 28 (Atom Packet)
S:0xC0044198	F2460244	MOV      r2,#0x6044
S:0xC004419C	F2CC0263	MOVT     r2,#0xc063
S:0xC00441A0	6853	LDR      r3,[r2,#4]
S:0xC00441A2	2B00	CMP      r3,#0
S:0xC00441A4	F04085D6	BNE.W    {pc}+0xbb0 ; 0xc0044d54
		Cycle Count: 1 (Atom Packet)
S:0xC00441A8	E9D72324	LDRD     r2,r3,[r7,#0x90]
S:0xC00441AC	EA520403	ORRS     r4,r2,r3
S:0xC00441B0	D051	BEQ      {pc}+0xa6 ; 0xc0044256
		Cycle Count: 1 (Atom Packet)
S:0xC0044256	6B34	LDR      r4,[r6,#0x30]
S:0xC0044258	42A7	CMP      r7,r4
S:0xC004425A	D008	BEQ      {pc}+0x14 ; 0xc004426e
		Cycle Count: 18 (Atom Packet)
S:0xC004425C	F8D63084	LDR      r3,[r6,#0x84]
S:0xC0044260	F503638F	ADD      r3,r3,#0x478
S:0xC0044264	E9D32300	LDRD     r2,r3,[r3,#0]
S:0xC0044268	E9C72312	STRD     r2,r3,[r7,#0x48]
S:0xC004426C	6B34	LDR      r4,[r6,#0x30]
S:0xC004426E	F6470934	MOV      r9,#0x7834
S:0xC0044272	E9D62306	LDRD     r2,r3,[r6,#0x18]
S:0xC0044276	E9D7010C	LDRD     r0,r1,[r7,#0x30]
S:0xC004427A	F2CC0960	MOVT     r9,#0xc060
S:0xC004427E	1A80	SUBS     r0,r0,r2
S:0xC0044280	EB610103	SBC      r1,r1,r3
S:0xC0044284	F8D95000	LDR      r5,[r9,#0]
S:0xC0044288	2300	MOVS     r3,#0
S:0xC004428A	EA4F7AE1	ASR      r10,r1,#31
S:0xC004428E	EB050545	ADD      r5,r5,r5,LSL #1
S:0xC0044292	46D3	MOV      r11,r10
S:0xC0044294	EA80000A	EOR      r0,r0,r10
S:0xC0044298	EA81010A	EOR      r1,r1,r10
S:0xC004429C	462A	MOV      r2,r5
S:0xC004429E	EBB0000A	SUBS     r0,r0,r10
S:0xC00442A2	EB61010B	SBC      r1,r1,r11
S:0xC00442A6	4282	CMP      r2,r0
S:0xC00442A8	EB730C01	SBCS     r12,r3,r1
S:0xC00442AC	BFBE	ITTT     LT
S:0xC00442AE	6C33	LDR      r3,[r6,#0x40]
S:0xC00442B0	3301	ADDS     r3,#1
S:0xC00442B2	6433	STR      r3,[r6,#0x40]
S:0xC00442B4	42BC	CMP      r4,r7
S:0xC00442B6	D003	BEQ      {pc}+0xa ; 0xc00442c0
		Cycle Count: 20 (Atom Packet)
S:0xC00442B8	4630	MOV      r0,r6
S:0xC00442BA	4639	MOV      r1,r7
S:0xC00442BC	F7FCFEC4	BL       {pc}-0x3274 ; 0xc0041048
		Cycle Count: 1 (Atom Packet)
S:0xC0041048	E92D03F0	PUSH     {r4-r9}
S:0xC004104C	B500	PUSH     {lr}
S:0xC004104E	F85DEB04	POP      {lr}
S:0xC0041052	468C	MOV      r12,r1
S:0xC0041054	F1000128	ADD      r1,r0,#0x28
S:0xC0041058	2401	MOVS     r4,#1
S:0xC004105A	460F	MOV      r7,r1
S:0xC004105C	2300	MOVS     r3,#0
S:0xC004105E	E010	B        {pc}+0x24 ; 0xc0041082
		Cycle Count: 8 (Atom Packet)
S:0xC0041082	683E	LDR      r6,[r7,#0]
S:0xC0041084	2E00	CMP      r6,#0
S:0xC0041086	D1EB	BNE      {pc}-0x26 ; 0xc0041060
		Cycle Count: 1 (Atom Packet)
S:0xC0041088	F10C0208	ADD      r2,r12,#8
S:0xC004108C	B104	CBZ      r4,{pc}+4 ; 0xc0041090
		Cycle Count: 11 (Atom Packet)
S:0xC004108E	62C2	STR      r2,[r0,#0x2c]
S:0xC0041090	F8CC3008	STR      r3,[r12,#8]
S:0xC0041094	4610	MOV      r0,r2
S:0xC0041096	2300	MOVS     r3,#0
S:0xC0041098	F8CC300C	STR      r3,[r12,#0xc]
S:0xC004109C	F8CC3010	STR      r3,[r12,#0x10]
S:0xC00410A0	603A	STR      r2,[r7,#0]
S:0xC00410A2	E8BD03F0	POP      {r4-r9}
S:0xC00410A6	F215B865	B.W      {pc}+0x2150ce ; 0xc0256174
		Cycle Count: 14 (Atom Packet)
		Cycle Count: 53 (I-Sync Packet)
		Tracing enabled
S:0xC00442C0	2301	MOVS     r3,#1
S:0xC00442C2	61FB	STR      r3,[r7,#0x1c]
S:0xC00442C4	68B3	LDR      r3,[r6,#8]
S:0xC00442C6	2B01	CMP      r3,#1
S:0xC00442C8	F00081D8	BEQ.W    {pc}+0x3b4 ; 0xc004467c
		Cycle Count: 17 (Atom Packet)
S:0xC00442CC	68F3	LDR      r3,[r6,#0xc]
S:0xC00442CE	3301	ADDS     r3,#1
S:0xC00442D0	60F3	STR      r3,[r6,#0xc]
S:0xC00442D2	F8D77120	LDR      r7,[r7,#0x120]
S:0xC00442D6	2F00	CMP      r7,#0
S:0xC00442D8	F000810F	BEQ.W    {pc}+0x222 ; 0xc00444fa
		Cycle Count: 3 (Atom Packet)
S:0xC00444FA	9D13	LDR      r5,[sp,#0x4c]
S:0xC00444FC	9E13	LDR      r6,[sp,#0x4c]
S:0xC00444FE	F5056390	ADD      r3,r5,#0x480
S:0xC0044502	F5056AB4	ADD      r10,r5,#0x5a0
S:0xC0044506	686D	LDR      r5,[r5,#4]
S:0xC0044508	E9D38900	LDRD     r8,r9,[r3,#0]
S:0xC004450C	E9DA0100	LDRD     r0,r1,[r10,#0]
S:0xC0044510	F8D644C0	LDR      r4,[r6,#0x4c0]
S:0xC0044514	EBB80000	SUBS     r0,r8,r0
S:0xC0044518	EB690101	SBC      r1,r9,r1
S:0xC004451C	F7FBFA1E	BL       {pc}-0x4bc0 ; 0xc003f95c
		Cycle Count: 38 (Atom Packet)
		Cycle Count: 33 (Branch Packet)
S:0xC003F95C	E92D03F0	PUSH     {r4-r9}
S:0xC003F960	B500	PUSH     {lr}
S:0xC003F962	F85DEB04	POP      {lr}
S:0xC003F966	F64B7640	MOV      r6,#0xbf40
S:0xC003F96A	F2CC0664	MOVT     r6,#0xc064
S:0xC003F96E	6876	LDR      r6,[r6,#4]
S:0xC003F970	FBA18906	UMULL    r8,r9,r1,r6
S:0xC003F974	EA4F7CE6	ASR      r12,r6,#31
S:0xC003F978	FBA06706	UMULL    r6,r7,r0,r6
S:0xC003F97C	FB01990C	MLA      r9,r1,r12,r9
S:0xC003F980	EA4F4408	LSL      r4,r8,#16
S:0xC003F984	FB00770C	MLA      r7,r0,r12,r7
S:0xC003F988	0C32	LSRS     r2,r6,#16
S:0xC003F98A	EA4F4509	LSL      r5,r9,#16
S:0xC003F98E	EA454518	ORR      r5,r5,r8,LSR #16
S:0xC003F992	EA424207	ORR      r2,r2,r7,LSL #16
S:0xC003F996	0C3B	LSRS     r3,r7,#16
S:0xC003F998	1912	ADDS     r2,r2,r4
S:0xC003F99A	EB430305	ADC      r3,r3,r5
S:0xC003F99E	4610	MOV      r0,r2
S:0xC003F9A0	4619	MOV      r1,r3
S:0xC003F9A2	E8BD03F0	POP      {r4-r9}
S:0xC003F9A6	4770	BX       lr
S:0xC0044520	2800	CMP      r0,#0
S:0xC0044522	F1710700	SBCS     r7,r1,#0
S:0xC0044526	F2C08147	BLT.W    {pc}+0x292 ; 0xc00447b8
		Cycle Count: 1 (Atom Packet)
S:0xC004452A	0A86	LSRS     r6,r0,#10
S:0xC004452C	0A8F	LSRS     r7,r1,#10
S:0xC004452E	EA465681	ORR      r6,r6,r1,LSL #22
S:0xC0044532	EA560B07	ORRS     r11,r6,r7
S:0xC0044536	F0408114	BNE.W    {pc}+0x22c ; 0xc0044762
		Cycle Count: 1 (Atom Packet)
S:0xC0044762	4B58	LDR      r3,[pc,#352] ; [0xC00448C4] = 0xC064BF40
S:0xC0044764	E9CA8900	STRD     r8,r9,[r10,#0]
S:0xC0044768	681A	LDR      r2,[r3,#0]
S:0xC004476A	B372	CBZ      r2,{pc}+0x60 ; 0xc00447ca
		Cycle Count: 2 (Atom Packet)
S:0xC004476C	EB031304	ADD      r3,r3,r4,LSL #4
S:0xC0044770	F04F0A00	MOV      r10,#0
S:0xC0044774	F8CDA01C	STR      r10,[sp,#0x1c]
S:0xC0044778	F8D3C098	LDR      r12,[r3,#0x98]
S:0xC004477C	F8CDC018	STR      r12,[sp,#0x18]
S:0xC0044780	F8DD904C	LDR      r9,[sp,#0x4c]
S:0xC0044784	F8D9459C	LDR      r4,[r9,#0x59c]
S:0xC0044788	05A1	LSLS     r1,r4,#22
S:0xC004478A	0D89	LSRS     r1,r1,#22
S:0xC004478C	1872	ADDS     r2,r6,r1
S:0xC004478E	F1470300	ADC      r3,r7,#0
S:0xC0044792	2B00	CMP      r3,#0
S:0xC0044794	BF08	IT       EQ
S:0xC0044796	F5B26F80	CMP      r2,#0x400
S:0xC004479A	D21E	BCS      {pc}+0x40 ; 0xc00447da
		Cycle Count: 22 (Atom Packet)
S:0xC004479C	F8D91598	LDR      r1,[r9,#0x598]
S:0xC00447A0	2D00	CMP      r5,#0
S:0xC00447A2	F0408091	BNE.W    {pc}+0x126 ; 0xc00448c8
		Cycle Count: 21 (Atom Packet)
S:0xC00448C8	F8DDA018	LDR      r10,[sp,#0x18]
S:0xC00448CC	F8DDB01C	LDR      r11,[sp,#0x1c]
S:0xC00448D0	F8DD904C	LDR      r9,[sp,#0x4c]
S:0xC00448D4	FBA6230A	UMULL    r2,r3,r6,r10
S:0xC00448D8	F8D955C8	LDR      r5,[r9,#0x5c8]
S:0xC00448DC	FB06F00B	MUL      r0,r6,r11
S:0xC00448E0	46D3	MOV      r11,r10
S:0xC00448E2	FB0A0007	MLA      r0,r10,r7,r0
S:0xC00448E6	0A92	LSRS     r2,r2,#10
S:0xC00448E8	18C3	ADDS     r3,r0,r3
S:0xC00448EA	EA425283	ORR      r2,r2,r3,LSL #22
S:0xC00448EE	1889	ADDS     r1,r1,r2
S:0xC00448F0	18AD	ADDS     r5,r5,r2
S:0xC00448F2	F8C91598	STR      r1,[r9,#0x598]
S:0xC00448F6	F8C955C8	STR      r5,[r9,#0x5c8]
S:0xC00448FA	E758	B        {pc}-0x14c ; 0xc00447ae
		Cycle Count: 44 (Atom Packet)
S:0xC00447AE	19A4	ADDS     r4,r4,r6
S:0xC00447B0	9E13	LDR      r6,[sp,#0x4c]
S:0xC00447B2	F8C6459C	STR      r4,[r6,#0x59c]
S:0xC00447B6	E6C7	B        {pc}-0x26e ; 0xc0044548
		Cycle Count: 2 (Atom Packet)
S:0xC0044548	F8DD904C	LDR      r9,[sp,#0x4c]
S:0xC004454C	028B	LSLS     r3,r1,#10
S:0xC004454E	3401	ADDS     r4,#1
S:0xC0044550	4618	MOV      r0,r3
S:0xC0044552	2100	MOVS     r1,#0
S:0xC0044554	F8DDA04C	LDR      r10,[sp,#0x4c]
S:0xC0044558	F8D970B8	LDR      r7,[r9,#0xb8]
S:0xC004455C	F20CFC18	BL       {pc}+0x20c834 ; 0xc0250d90
		Cycle Count: 8 (Atom Packet)
		Cycle Count: 234 (I-Sync Packet)
		Tracing enabled
S:0xC0044560	1BD6	SUBS     r6,r2,r7
S:0xC0044562	F8D980BC	LDR      r8,[r9,#0xbc]
S:0xC0044566	EA8679E6	EOR      r9,r6,r6,ASR #31
S:0xC004456A	EBA979E6	SUB      r9,r9,r6,ASR #31
S:0xC004456E	02A8	LSLS     r0,r5,#10
S:0xC0044570	2100	MOVS     r1,#0
S:0xC0044572	F8DA50DC	LDR      r5,[r10,#0xdc]
S:0xC0044576	F20CFC0B	BL       {pc}+0x20c81a ; 0xc0250d90
		Cycle Count: 16 (Atom Packet)
		Cycle Count: 177 (I-Sync Packet)
		Tracing enabled
S:0xC004457A	EBB91F97	CMP      r9,r7,LSR #6
S:0xC004457E	EBC80202	RSB      r2,r8,r2
S:0xC0044582	D806	BHI      {pc}+0x10 ; 0xc0044592
		Cycle Count: 11 (Atom Packet)
S:0xC0044592	F1050338	ADD      r3,r5,#0x38
S:0xC0044596	E8531F00	LDREX    r1,[r3]
S:0xC004459A	4431	ADD      r1,r1,r6
S:0xC004459C	E8431000	STREX    r0,r1,[r3]
S:0xC00445A0	F0900F00	TEQ      r0,#0
S:0xC00445A4	D1F7	BNE      {pc}-0xe ; 0xc0044596
		Cycle Count: 185 (Atom Packet)
S:0xC00445A6	F8DDB04C	LDR      r11,[sp,#0x4c]
S:0xC00445AA	F105033C	ADD      r3,r5,#0x3c
S:0xC00445AE	F8DB10B8	LDR      r1,[r11,#0xb8]
S:0xC00445B2	1989	ADDS     r1,r1,r6
S:0xC00445B4	F8CB10B8	STR      r1,[r11,#0xb8]
S:0xC00445B8	E8531F00	LDREX    r1,[r3]
S:0xC00445BC	4411	ADD      r1,r1,r2
S:0xC00445BE	E8431000	STREX    r0,r1,[r3]
S:0xC00445C2	F0900F00	TEQ      r0,#0
S:0xC00445C6	D1F7	BNE      {pc}-0xe ; 0xc00445b8
		Cycle Count: 59 (Atom Packet)
S:0xC00445C8	F8DB30BC	LDR      r3,[r11,#0xbc]
S:0xC00445CC	189B	ADDS     r3,r3,r2
S:0xC00445CE	F8CB30BC	STR      r3,[r11,#0xbc]
S:0xC00445D2	4BB9	LDR      r3,[pc,#740] ; [0xC00448B8] = 0xC0635FCC
S:0xC00445D4	9D13	LDR      r5,[sp,#0x4c]
S:0xC00445D6	685A	LDR      r2,[r3,#4]
S:0xC00445D8	F8D50598	LDR      r0,[r5,#0x598]
S:0xC00445DC	F8D5159C	LDR      r1,[r5,#0x59c]
S:0xC00445E0	F8D584C0	LDR      r8,[r5,#0x4c0]
S:0xC00445E4	2A00	CMP      r2,#0
S:0xC00445E6	F0408455	BNE.W    {pc}+0x8ae ; 0xc0044e94
		Cycle Count: 30 (Atom Packet)
S:0xC00445EA	4BB4	LDR      r3,[pc,#720] ; [0xC00448BC] = 0xC0635FB8
S:0xC00445EC	9F13	LDR      r7,[sp,#0x4c]
S:0xC00445EE	685A	LDR      r2,[r3,#4]
S:0xC00445F0	E9D74524	LDRD     r4,r5,[r7,#0x90]
S:0xC00445F4	2A00	CMP      r2,#0
S:0xC00445F6	F040843D	BNE.W    {pc}+0x87e ; 0xc0044e74
		Cycle Count: 14 (Atom Packet)
S:0xC00445FA	F8DD904C	LDR      r9,[sp,#0x4c]
S:0xC00445FE	4648	MOV      r0,r9
S:0xC0044600	F8D93004	LDR      r3,[r9,#4]
S:0xC0044604	3301	ADDS     r3,#1
S:0xC0044606	F8C93004	STR      r3,[r9,#4]
S:0xC004460A	B025	ADD      sp,sp,#0x94
S:0xC004460C	E8BD4FF0	POP      {r4-r11,lr}
S:0xC0044610	F7FCBD9E	B        {pc}-0x34c0 ; 0xc0041150
		Cycle Count: 4 (Atom Packet)
S:0xC0041150	B478	PUSH     {r3-r6}
S:0xC0041152	B500	PUSH     {lr}
S:0xC0041154	F85DEB04	POP      {lr}
S:0xC0041158	4A16	LDR      r2,[pc,#88] ; [0xC00411B4] = 0xC05FC568
S:0xC004115A	F8D01460	LDR      r1,[r0,#0x460]
S:0xC004115E	6812	LDR      r2,[r2,#0]
S:0xC0041160	0612	LSLS     r2,r2,#24
S:0xC0041162	D51A	BPL      {pc}+0x38 ; 0xc004119a
		Cycle Count: 21 (Atom Packet)
		Cycle Count: 8 (Branch Packet)
S:0xC004119A	BC78	POP      {r3-r6}
S:0xC004119C	4770	BX       lr
		Cycle Count: 2 (Branch Packet)
S:0xC003B8B0	E8BD83F8	POP      {r3-r9,pc}
S:0xC003C042	68E3	LDR      r3,[r4,#0xc]
S:0xC003C044	2201	MOVS     r2,#1
S:0xC003C046	61E2	STR      r2,[r4,#0x1c]
S:0xC003C048	069A	LSLS     r2,r3,#26
S:0xC003C04A	D504	BPL      {pc}+0xc ; 0xc003c056
		Cycle Count: 1 (Atom Packet)
S:0xC003C04C	4620	MOV      r0,r4
S:0xC003C04E	F8D514C0	LDR      r1,[r5,#0x4c0]
S:0xC003C052	F7F2FFDF	BL       {pc}-0xd03e ; 0xc002f014
		Cycle Count: 15 (Atom Packet)
S:0xC002F014	B538	PUSH     {r3-r5,lr}
S:0xC002F016	B500	PUSH     {lr}
S:0xC002F018	F85DEB04	POP      {lr}
S:0xC002F01C	460D	MOV      r5,r1
S:0xC002F01E	F003FED5	BL       {pc}+0x3dae ; 0xc0032dcc
		Cycle Count: 36 (Atom Packet)
		Cycle Count: 350 (Branch Packet)
S:0xC0032DCC	B500	PUSH     {lr}
S:0xC0032DCE	F85DEB04	POP      {lr}
S:0xC0032DD2	F8D032A4	LDR      r3,[r0,#0x2a4]
S:0xC0032DD6	F8530C14	LDR      r0,[r3,#-0x14]
S:0xC0032DDA	4770	BX       lr
S:0xC002F022	6AC3	LDR      r3,[r0,#0x2c]
S:0xC002F024	4604	MOV      r4,r0
S:0xC002F026	F4137FE4	TST      r3,#0x1c8
S:0xC002F02A	D10E	BNE      {pc}+0x20 ; 0xc002f04a
		Cycle Count: 12 (Atom Packet)
		Cycle Count: 22 (Branch Packet)
S:0xC002F04A	BD38	POP      {r3-r5,pc}
S:0xC003C056	4628	MOV      r0,r5
S:0xC003C058	4621	MOV      r1,r4
S:0xC003C05A	2200	MOVS     r2,#0
S:0xC003C05C	E8BD40B0	POP      {r4,r5,r7,lr}
S:0xC003C060	F7FFBF42	B.W      {pc}-0x178 ; 0xc003bee8
		Cycle Count: 8 (Atom Packet)
S:0xC003BEE8	E92D43F8	PUSH     {r3-r9,lr}
S:0xC003BEEC	AF00	ADD      r7,sp,#0
S:0xC003BEEE	B500	PUSH     {lr}
S:0xC003BEF0	F85DEB04	POP      {lr}
S:0xC003BEF4	4606	MOV      r6,r0
S:0xC003BEF6	460D	MOV      r5,r1
S:0xC003BEF8	F7FFFFC8	BL       {pc}-0x6c ; 0xc003be8c
		Cycle Count: 7 (Atom Packet)
S:0xC003BE8C	E92D41F0	PUSH     {r4-r8,lr}
S:0xC003BE90	AF00	ADD      r7,sp,#0
S:0xC003BE92	B500	PUSH     {lr}
S:0xC003BE94	F85DEB04	POP      {lr}
S:0xC003BE98	F8D06460	LDR      r6,[r0,#0x460]
S:0xC003BE9C	6B0D	LDR      r5,[r1,#0x30]
S:0xC003BE9E	4680	MOV      r8,r0
S:0xC003BEA0	6B34	LDR      r4,[r6,#0x30]
S:0xC003BEA2	42A5	CMP      r5,r4
S:0xC003BEA4	D019	BEQ      {pc}+0x36 ; 0xc003beda
		Cycle Count: 20 (Atom Packet)
		Cycle Count: 21 (Branch Packet)
S:0xC003BEDA	696B	LDR      r3,[r5,#0x14]
S:0xC003BEDC	4798	BLX      r3
S:0xC00414AC	E92D47F0	PUSH     {r4-r10,lr}
S:0xC00414B0	B082	SUB      sp,sp,#8
S:0xC00414B2	B500	PUSH     {lr}
S:0xC00414B4	F85DEB04	POP      {lr}
S:0xC00414B8	4B55	LDR      r3,[pc,#340] ; [0xC0041610] = 0xC0607834
S:0xC00414BA	F8D06460	LDR      r6,[r0,#0x460]
S:0xC00414BE	4681	MOV      r9,r0
S:0xC00414C0	F1010438	ADD      r4,r1,#0x38
S:0xC00414C4	6858	LDR      r0,[r3,#4]
S:0xC00414C6	F1060538	ADD      r5,r6,#0x38
S:0xC00414CA	F8D6315C	LDR      r3,[r6,#0x15c]
S:0xC00414CE	689B	LDR      r3,[r3,#8]
S:0xC00414D0	4283	CMP      r3,r0
S:0xC00414D2	BF34	ITE      CC
S:0xC00414D4	F04F0A00	MOV      r10,#0
S:0xC00414D8	F04F0A01	MOV      r10,#1
S:0xC00414DC	42A5	CMP      r5,r4
S:0xC00414DE	D01B	BEQ      {pc}+0x3a ; 0xc0041518
		Cycle Count: 162 (Atom Packet)
S:0xC00414E0	F8DF8130	LDR      r8,[pc,#304] ; [0xC0041614] = 0xC05FC568
S:0xC00414E4	F8D87000	LDR      r7,[r8,#0]
S:0xC00414E8	F0170704	ANDS     r7,r7,#4
S:0xC00414EC	D005	BEQ      {pc}+0xe ; 0xc00414fa
		Cycle Count: 5 (Atom Packet)
S:0xC00414FA	6873	LDR      r3,[r6,#4]
S:0xC00414FC	681B	LDR      r3,[r3,#0]
S:0xC00414FE	079B	LSLS     r3,r3,#30
S:0xC0041500	D40A	BMI      {pc}+0x18 ; 0xc0041518
		Cycle Count: 25 (Atom Packet)
S:0xC0041502	F8D631C0	LDR      r3,[r6,#0x1c0]
S:0xC0041506	2B05	CMP      r3,#5
S:0xC0041508	D07C	BEQ      {pc}+0xfc ; 0xc0041604
		Cycle Count: 1 (Atom Packet)
S:0xC004150A	F8D121C0	LDR      r2,[r1,#0x1c0]
S:0xC004150E	B91A	CBNZ     r2,{pc}+0xa ; 0xc0041518
		Cycle Count: 1 (Atom Packet)
S:0xC0041510	F8D83000	LDR      r3,[r8,#0]
S:0xC0041514	0698	LSLS     r0,r3,#26
S:0xC0041516	D402	BMI      {pc}+8 ; 0xc004151e
		Cycle Count: 1 (Atom Packet)
S:0xC004151E	2D00	CMP      r5,#0
S:0xC0041520	D068	BEQ      {pc}+0xd4 ; 0xc00415f4
		Cycle Count: 11 (Atom Packet)
S:0xC0041522	462B	MOV      r3,r5
S:0xC0041524	F8D33120	LDR      r3,[r3,#0x120]
S:0xC0041528	3201	ADDS     r2,#1
S:0xC004152A	2B00	CMP      r3,#0
S:0xC004152C	D1FA	BNE      {pc}-8 ; 0xc0041524
		Cycle Count: 9 (Atom Packet)
S:0xC004152E	2C00	CMP      r4,#0
S:0xC0041530	D062	BEQ      {pc}+0xc8 ; 0xc00415f8
		Cycle Count: 14 (Atom Packet)
S:0xC0041532	4621	MOV      r1,r4
S:0xC0041534	2300	MOVS     r3,#0
S:0xC0041536	F8D11120	LDR      r1,[r1,#0x120]
S:0xC004153A	3301	ADDS     r3,#1
S:0xC004153C	2900	CMP      r1,#0
S:0xC004153E	D1FA	BNE      {pc}-8 ; 0xc0041536
		Cycle Count: 9 (Atom Packet)
S:0xC0041540	4293	CMP      r3,r2
S:0xC0041542	DA0A	BGE      {pc}+0x18 ; 0xc004155a
		Cycle Count: 16 (Atom Packet)
S:0xC004155A	429A	CMP      r2,r3
S:0xC004155C	DA04	BGE      {pc}+0xc ; 0xc0041568
		Cycle Count: 16 (Atom Packet)
S:0xC0041568	F8D50124	LDR      r0,[r5,#0x124]
S:0xC004156C	F8D43124	LDR      r3,[r4,#0x124]
S:0xC0041570	4298	CMP      r0,r3
S:0xC0041572	D009	BEQ      {pc}+0x16 ; 0xc0041588
		Cycle Count: 22 (Atom Packet)
S:0xC0041588	F7FEFDBE	BL       {pc}-0x1480 ; 0xc0040108
		Cycle Count: 13 (Atom Packet)
S:0xC0040108	E92D4FF0	PUSH     {r4-r11,lr}
S:0xC004010C	B085	SUB      sp,sp,#0x14
S:0xC004010E	B500	PUSH     {lr}
S:0xC0040110	F85DEB04	POP      {lr}
S:0xC0040114	F8D02084	LDR      r2,[r0,#0x84]
S:0xC0040118	F8D0A030	LDR      r10,[r0,#0x30]
S:0xC004011C	4683	MOV      r11,r0
S:0xC004011E	F8D23480	LDR      r3,[r2,#0x480]
S:0xC0040122	F8D2C484	LDR      r12,[r2,#0x484]
S:0xC0040126	F1BA0F00	CMP      r10,#0
S:0xC004012A	D041	BEQ      {pc}+0x86 ; 0xc00401b0
		Cycle Count: 30 (Atom Packet)
S:0xC004012C	F8DA2020	LDR      r2,[r10,#0x20]
S:0xC0040130	1A9A	SUBS     r2,r3,r2
S:0xC0040132	D03D	BEQ      {pc}+0x7e ; 0xc00401b0
		Cycle Count: 1 (Atom Packet)
		Cycle Count: 26 (Branch Packet)
S:0xC00401B0	B005	ADD      sp,sp,#0x14
S:0xC00401B2	E8BD8FF0	POP      {r4-r11,pc}
S:0xC004158C	2C00	CMP      r4,#0
S:0xC004158E	D03E	BEQ      {pc}+0x80 ; 0xc004160e
		Cycle Count: 1 (Atom Packet)
S:0xC0041590	4628	MOV      r0,r5
S:0xC0041592	4621	MOV      r1,r4
S:0xC0041594	F7FFFF60	BL       {pc}-0x13c ; 0xc0041458
		Cycle Count: 1 (Atom Packet)
S:0xC0041458	B538	PUSH     {r3-r5,lr}
S:0xC004145A	B500	PUSH     {lr}
S:0xC004145C	F85DEB04	POP      {lr}
S:0xC0041460	460A	MOV      r2,r1
S:0xC0041462	E9D0450C	LDRD     r4,r5,[r0,#0x30]
S:0xC0041466	E9D1010C	LDRD     r0,r1,[r1,#0x30]
S:0xC004146A	1A24	SUBS     r4,r4,r0
S:0xC004146C	EB650501	SBC      r5,r5,r1
S:0xC0041470	2C01	CMP      r4,#1
S:0xC0041472	F1750100	SBCS     r1,r5,#0
S:0xC0041476	DB0E	BLT      {pc}+0x20 ; 0xc0041496
		Cycle Count: 28 (Atom Packet)
S:0xC0041478	6813	LDR      r3,[r2,#0]
S:0xC004147A	490B	LDR      r1,[pc,#44] ; [0xC00414A8] = 0xC0607834
S:0xC004147C	F5B36F80	CMP      r3,#0x400
S:0xC0041480	6988	LDR      r0,[r1,#0x18]
S:0xC0041482	D10B	BNE      {pc}+0x1a ; 0xc004149c
		Cycle Count: 123 (Atom Packet)
		Cycle Count: 5 (Branch Packet)
S:0xC0041484	4602	MOV      r2,r0
S:0xC0041486	2300	MOVS     r3,#0
S:0xC0041488	42A2	CMP      r2,r4
S:0xC004148A	EB730105	SBCS     r1,r3,r5
S:0xC004148E	BFAC	ITE      GE
S:0xC0041490	2000	MOVS     r0,#0
S:0xC0041492	2001	MOVS     r0,#1
S:0xC0041494	BD38	POP      {r3-r5,pc}
S:0xC0041598	2801	CMP      r0,#1
S:0xC004159A	D1BD	BNE      {pc}-0x82 ; 0xc0041518
		Cycle Count: 1 (Atom Packet)
S:0xC004159C	2F00	CMP      r7,#0
S:0xC004159E	D02D	BEQ      {pc}+0x5e ; 0xc00415fc
		Cycle Count: 16 (Atom Packet)
S:0xC00415FC	4620	MOV      r0,r4
S:0xC00415FE	F7FEFD6D	BL       {pc}-0x1522 ; 0xc00400dc
		Cycle Count: 31 (Atom Packet)
S:0xC00400DC	B500	PUSH     {lr}
S:0xC00400DE	F85DEB04	POP      {lr}
S:0xC00400E2	F8D03128	LDR      r3,[r0,#0x128]
S:0xC00400E6	B143	CBZ      r3,{pc}+0x14 ; 0xc00400fa
		Cycle Count: 35 (Atom Packet)
S:0xC00400FA	F8D03188	LDR      r3,[r0,#0x188]
S:0xC00400FE	2B05	CMP      r3,#5
S:0xC0040100	D1F2	BNE      {pc}-0x18 ; 0xc00400e8
		Cycle Count: 19 (Atom Packet)
S:0xC00400E8	B160	CBZ      r0,{pc}+0x1c ; 0xc0040104
		Cycle Count: 1 (Atom Packet)
S:0xC00400EA	F8D03124	LDR      r3,[r0,#0x124]
S:0xC00400EE	6358	STR      r0,[r3,#0x34]
S:0xC00400F0	F8D00120	LDR      r0,[r0,#0x120]
S:0xC00400F4	2800	CMP      r0,#0
S:0xC00400F6	D1F8	BNE      {pc}-0xc ; 0xc00400ea
		Cycle Count: 11 (Atom Packet)
		Cycle Count: 13 (Branch Packet)
S:0xC00400F8	4770	BX       lr
S:0xC0041602	E7CD	B        {pc}-0x62 ; 0xc00415a0
		Cycle Count: 6 (Atom Packet)
S:0xC00415A0	4630	MOV      r0,r6
S:0xC00415A2	F7FAFA11	BL       {pc}-0x5bda ; 0xc003b9c8
		Cycle Count: 8 (Atom Packet)
S:0xC003B9C8	B590	PUSH     {r4,r7,lr}
S:0xC003B9CA	B083	SUB      sp,sp,#0xc
S:0xC003B9CC	AF00	ADD      r7,sp,#0
S:0xC003B9CE	B500	PUSH     {lr}
S:0xC003B9D0	F85DEB04	POP      {lr}
S:0xC003B9D4	4604	MOV      r4,r0
S:0xC003B9D6	4815	LDR      r0,[pc,#84] ; [0xC003BA2C] = 0xC05FD5C0
S:0xC003B9D8	4B15	LDR      r3,[pc,#84] ; [0xC003BA30] = 0xC05F3080
S:0xC003B9DA	6861	LDR      r1,[r4,#4]
S:0xC003B9DC	694A	LDR      r2,[r1,#0x14]
S:0xC003B9DE	F8502022	LDR      r2,[r0,r2,LSL #2]
S:0xC003B9E2	589B	LDR      r3,[r3,r2]
S:0xC003B9E4	B29A	UXTH     r2,r3
S:0xC003B9E6	607B	STR      r3,[r7,#4]
S:0xC003B9E8	EBB24F13	CMP      r2,r3,LSR #16
S:0xC003B9EC	D01C	BEQ      {pc}+0x3c ; 0xc003ba28
		Cycle Count: 41 (Atom Packet)
S:0xC003B9EE	680B	LDR      r3,[r1,#0]
S:0xC003B9F0	0798	LSLS     r0,r3,#30
S:0xC003B9F2	D415	BMI      {pc}+0x2e ; 0xc003ba20
		Cycle Count: 4 (Atom Packet)
S:0xC003B9F4	2001	MOVS     r0,#1
S:0xC003B9F6	F216FAC9	BL       {pc}+0x216596 ; 0xc0251f8c
		Cycle Count: 2 (Atom Packet)
		Cycle Count: 41 (I-Sync Packet)
		Tracing enabled
S:0xC003B9FA	4669	MOV      r1,sp
S:0xC003B9FC	6862	LDR      r2,[r4,#4]
S:0xC003B9FE	F42153FF	BIC      r3,r1,#0x1fe0
S:0xC003BA02	F023031F	BIC      r3,r3,#0x1f
S:0xC003BA06	6950	LDR      r0,[r2,#0x14]
S:0xC003BA08	695B	LDR      r3,[r3,#0x14]
S:0xC003BA0A	4283	CMP      r3,r0
S:0xC003BA0C	D008	BEQ      {pc}+0x14 ; 0xc003ba20
		Cycle Count: 8 (Atom Packet)
		Cycle Count: 2 (Branch Packet)
S:0xC003BA20	F107070C	ADD      r7,r7,#0xc
S:0xC003BA24	46BD	MOV      sp,r7
S:0xC003BA26	BD90	POP      {r4,r7,pc}
S:0xC00415A6	69EB	LDR      r3,[r5,#0x1c]
S:0xC00415A8	2B00	CMP      r3,#0
S:0xC00415AA	D0B5	BEQ      {pc}-0x92 ; 0xc0041518
		Cycle Count: 1 (Atom Packet)
S:0xC00415AC	F8D93464	LDR      r3,[r9,#0x464]
S:0xC00415B0	429E	CMP      r6,r3
S:0xC00415B2	D0B1	BEQ      {pc}-0x9a ; 0xc0041518
		Cycle Count: 18 (Atom Packet)
S:0xC00415B4	F8D83000	LDR      r3,[r8,#0]
S:0xC00415B8	0719	LSLS     r1,r3,#28
S:0xC00415BA	D5AD	BPL      {pc}-0xa2 ; 0xc0041518
		Cycle Count: 22 (Atom Packet)
S:0xC00415BC	F1BA0F00	CMP      r10,#0
S:0xC00415C0	D0AA	BEQ      {pc}-0xa8 ; 0xc0041518
		Cycle Count: 14 (Atom Packet)
		Cycle Count: 20 (Branch Packet)
S:0xC0041518	B002	ADD      sp,sp,#8
S:0xC004151A	E8BD87F0	POP      {r4-r10,pc}
S:0xC003BEDE	F8D86460	LDR      r6,[r8,#0x460]
S:0xC003BEE2	E7EF	B        {pc}-0x1e ; 0xc003bec4
		Cycle Count: 2 (Atom Packet)
S:0xC003BEC4	69F3	LDR      r3,[r6,#0x1c]
S:0xC003BEC6	B133	CBZ      r3,{pc}+0x10 ; 0xc003bed6
		Cycle Count: 4 (Atom Packet)
		Cycle Count: 16 (Branch Packet)
S:0xC003BEC8	6873	LDR      r3,[r6,#4]
S:0xC003BECA	681B	LDR      r3,[r3,#0]
S:0xC003BECC	0799	LSLS     r1,r3,#30
S:0xC003BECE	BF44	ITT      MI
S:0xC003BED0	2301	MOVS     r3,#1
S:0xC003BED2	F8C8302C	STR      r3,[r8,#0x2c]
S:0xC003BED6	E8BD81F0	POP      {r4-r8,pc}
S:0xC003BEFC	4B25	LDR      r3,[pc,#148] ; [0xC003BF94]
S:0xC003BEFE	685A	LDR      r2,[r3,#4]
S:0xC003BF00	2A00	CMP      r2,#0
S:0xC003BF02	D139	BNE      {pc}+0x76 ; 0xc003bf78
		Cycle Count: 19 (Atom Packet)
S:0xC003BF04	6B2B	LDR      r3,[r5,#0x30]
S:0xC003BF06	2200	MOVS     r2,#0
S:0xC003BF08	602A	STR      r2,[r5,#0]
S:0xC003BF0A	6B5B	LDR      r3,[r3,#0x34]
S:0xC003BF0C	B113	CBZ      r3,{pc}+8 ; 0xc003bf14
		Cycle Count: 1 (Atom Packet)
S:0xC003BF14	F506619C	ADD      r1,r6,#0x4e0
S:0xC003BF18	E9D14500	LDRD     r4,r5,[r1,#0]
S:0xC003BF1C	EA540305	ORRS     r3,r4,r5
S:0xC003BF20	D019	BEQ      {pc}+0x36 ; 0xc003bf56
		Cycle Count: 1 (Atom Packet)
		Cycle Count: 22 (Branch Packet)
S:0xC003BF56	E8BD83F8	POP      {r3-r9,pc}
S:0xC003D578	F3BF8F5F	DMB      
S:0xC003D57C	68FB	LDR      r3,[r7,#0xc]
S:0xC003D57E	5B5A	LDRH     r2,[r3,r5]
S:0xC003D580	3201	ADDS     r2,#1
S:0xC003D582	535A	STRH     r2,[r3,r5]
S:0xC003D584	F3BF8F4F	DSB      
S:0xC003D588	F3AF8004	SEV.W    
S:0xC003D58C	4620	MOV      r0,r4
S:0xC003D58E	4659	MOV      r1,r11
S:0xC003D590	464A	MOV      r2,r9
S:0xC003D592	2501	MOVS     r5,#1
S:0xC003D594	F7FBF970	BL       {pc}-0x4d1c ; 0xc0038878
		Cycle Count: 330 (Atom Packet)
S:0xC0038878	E92D07F8	PUSH     {r3-r10}
S:0xC003887C	AF00	ADD      r7,sp,#0
S:0xC003887E	B500	PUSH     {lr}
S:0xC0038880	F85DEB04	POP      {lr}
S:0xC0038884	466C	MOV      r4,sp
S:0xC0038886	F42453FF	BIC      r3,r4,#0x1fe0
S:0xC003888A	4E43	LDR      r6,[pc,#268] ; [0xC0038998] = 0xC05F3080
S:0xC003888C	F023031F	BIC      r3,r3,#0x1f
S:0xC0038890	F8D3A014	LDR      r10,[r3,#0x14]
S:0xC0038894	EE1D3F90	MRC      p15,#0x0,r3,c13,c0,#4
S:0xC0038898	4551	CMP      r1,r10
S:0xC003889A	4433	ADD      r3,r3,r6
S:0xC003889C	D068	BEQ      {pc}+0xd4 ; 0xc0038970
		Cycle Count: 32 (Atom Packet)
S:0xC0038970	F8D34590	LDR      r4,[r3,#0x590]
S:0xC0038974	4601	MOV      r1,r0
S:0xC0038976	F04F0801	MOV      r8,#1
S:0xC003897A	F04F0900	MOV      r9,#0
S:0xC003897E	3401	ADDS     r4,#1
S:0xC0038980	F8C34590	STR      r4,[r3,#0x590]
S:0xC0038984	E9F1454A	LDRD     r4,r5,[r1,#0x128]!
S:0xC0038988	EB140408	ADDS     r4,r4,r8
S:0xC003898C	EB450509	ADC      r5,r5,r9
S:0xC0038990	E9C14500	STRD     r4,r5,[r1,#0]
S:0xC0038994	E7B6	B        {pc}-0x90 ; 0xc0038904
		Cycle Count: 184 (Atom Packet)
S:0xC0038904	0751	LSLS     r1,r2,#29
S:0xC0038906	D50C	BPL      {pc}+0x1c ; 0xc0038922
		Cycle Count: 1 (Atom Packet)
S:0xC0038922	F8D3458C	LDR      r4,[r3,#0x58c]
S:0xC0038926	4601	MOV      r1,r0
S:0xC0038928	F04F0801	MOV      r8,#1
S:0xC003892C	F04F0900	MOV      r9,#0
S:0xC0038930	3401	ADDS     r4,#1
S:0xC0038932	F8C3458C	STR      r4,[r3,#0x58c]
S:0xC0038936	E9F14544	LDRD     r4,r5,[r1,#0x110]!
S:0xC003893A	EB140408	ADDS     r4,r4,r8
S:0xC003893E	EB450509	ADC      r5,r5,r9
S:0xC0038942	07D3	LSLS     r3,r2,#31
S:0xC0038944	E9C14500	STRD     r4,r5,[r1,#0]
S:0xC0038948	D507	BPL      {pc}+0x12 ; 0xc003895a
		Cycle Count: 24 (Atom Packet)
		Cycle Count: 27 (Branch Packet)
S:0xC003895A	46BD	MOV      sp,r7
S:0xC003895C	E8BD07F8	POP      {r3-r10}
S:0xC0038960	4770	BX       lr
S:0xC003D598	4640	MOV      r0,r8
S:0xC003D59A	4651	MOV      r1,r10
S:0xC003D59C	F3A7F85C	BL       {pc}+0x3a70bc ; 0xc03e4658
		Cycle Count: 1 (Atom Packet)
		Cycle Count: 375 (Branch Packet)
S:0xC03E4658	?	Cannot access target memory
		Cycle Count: 20 (Branch Packet)
S:0xC003D5A0	4628	MOV      r0,r5
S:0xC003D5A2	F1070714	ADD      r7,r7,#0x14
S:0xC003D5A6	46BD	MOV      sp,r7
S:0xC003D5A8	E8BD8FF0	POP      {r4-r11,pc}
		Cycle Count: 338 (Branch Packet)
S:0xC002D73E	6823	LDR      r3,[r4,#0]
S:0xC002D740	F3BF8F5F	DMB      
S:0xC002D744	881A	LDRH     r2,[r3,#0]
S:0xC002D746	3201	ADDS     r2,#1
S:0xC002D748	801A	STRH     r2,[r3,#0]
S:0xC002D74A	F3BF8F4F	DSB      
S:0xC002D74E	F3AF8004	SEV.W    
S:0xC002D752	B003	ADD      sp,sp,#0xc
S:0xC002D754	E8BD8FF0	POP      {r4-r11,pc}
		Cycle Count: 52 (Branch Packet)
S:0xC002D8FC	2001	MOVS     r0,#1
S:0xC002D8FE	F3848100	MSR      CPSR_c,r4
S:0xC002D902	BDF8	POP      {r3-r7,pc}
		Cycle Count: 18 (I-Sync Packet)
		Tracing enabled
S:0xC003923C	E92D43F0	PUSH     {r4-r9,lr}
S:0xC0039240	B083	SUB      sp,sp,#0xc
S:0xC0039242	AF02	ADD      r7,sp,#8
S:0xC0039244	B500	PUSH     {lr}
S:0xC0039246	F85DEB04	POP      {lr}
S:0xC003924A	4604	MOV      r4,r0
S:0xC003924C	4699	MOV      r9,r3
S:0xC003924E	4688	MOV      r8,r1
S:0xC0039250	4616	MOV      r6,r2
S:0xC0039252	F3ABF9C9	BL       {pc}+0x3ab396 ; 0xc03e45e8
		Cycle Count: 4 (Atom Packet)
		Cycle Count: 179 (I-Sync Packet)
		Tracing enabled
S:0xC0039256	4641	MOV      r1,r8
S:0xC0039258	F8CD9000	STR      r9,[sp,#0]
S:0xC003925C	4632	MOV      r2,r6
S:0xC003925E	2300	MOVS     r3,#0
S:0xC0039260	4605	MOV      r5,r0
S:0xC0039262	4620	MOV      r0,r4
S:0xC0039264	F7FFFB9C	BL       {pc}-0x8c4 ; 0xc00389a0
		Cycle Count: 1 (Atom Packet)
S:0xC00389A0	E92D4FF0	PUSH     {r4-r11,lr}
S:0xC00389A4	B083	SUB      sp,sp,#0xc
S:0xC00389A6	AF00	ADD      r7,sp,#0
S:0xC00389A8	B500	PUSH     {lr}
S:0xC00389AA	F85DEB04	POP      {lr}
S:0xC00389AE	4680	MOV      r8,r0
S:0xC00389B0	469A	MOV      r10,r3
S:0xC00389B2	468B	MOV      r11,r1
S:0xC00389B4	607A	STR      r2,[r7,#4]
S:0xC00389B6	F8583F04	LDR      r3,[r8,#4]!
S:0xC00389BA	F8D79030	LDR      r9,[r7,#0x30]
S:0xC00389BE	4598	CMP      r8,r3
S:0xC00389C0	F1A3040C	SUB      r4,r3,#0xc
S:0xC00389C4	681D	LDR      r5,[r3,#0]
S:0xC00389C6	F1A5050C	SUB      r5,r5,#0xc
S:0xC00389CA	D016	BEQ      {pc}+0x30 ; 0xc00389fa
		Cycle Count: 11 (Atom Packet)
		Cycle Count: 6 (Branch Packet)
S:0xC00389CC	F8D4C008	LDR      r12,[r4,#8]
S:0xC00389D0	4620	MOV      r0,r4
S:0xC00389D2	464B	MOV      r3,r9
S:0xC00389D4	4659	MOV      r1,r11
S:0xC00389D6	4652	MOV      r2,r10
S:0xC00389D8	6826	LDR      r6,[r4,#0]
S:0xC00389DA	47E0	BLX      r12
S:0xC003D6A0	B488	PUSH     {r3,r7}
S:0xC003D6A2	AF00	ADD      r7,sp,#0
S:0xC003D6A4	B500	PUSH     {lr}
S:0xC003D6A6	F85DEB04	POP      {lr}
S:0xC003D6AA	6840	LDR      r0,[r0,#4]
S:0xC003D6AC	46BD	MOV      sp,r7
S:0xC003D6AE	BC88	POP      {r3,r7}
S:0xC003D6B0	F7FFBEDE	B.W      {pc}-0x240 ; 0xc003d470
		Cycle Count: 25 (Atom Packet)
S:0xC003D470	E92D4FF0	PUSH     {r4-r11,lr}
S:0xC003D474	B085	SUB      sp,sp,#0x14
S:0xC003D476	AF00	ADD      r7,sp,#0
S:0xC003D478	B500	PUSH     {lr}
S:0xC003D47A	F85DEB04	POP      {lr}
S:0xC003D47E	4604	MOV      r4,r0
S:0xC003D480	460D	MOV      r5,r1
S:0xC003D482	4691	MOV      r9,r2
S:0xC003D484	F3BF8F5F	DMB      
S:0xC003D488	F200483C	ADD      r8,r0,#0x43c
S:0xC003D48C	4640	MOV      r0,r8
S:0xC003D48E	F3A7F8AB	BL       {pc}+0x3a715a ; 0xc03e45e8
		Cycle Count: 10 (Atom Packet)
		Cycle Count: 401 (I-Sync Packet)
		Tracing enabled
S:0xC003D492	6823	LDR      r3,[r4,#0]
S:0xC003D494	401D	ANDS     r5,r5,r3
S:0xC003D496	4682	MOV      r10,r0
S:0xC003D498	D07E	BEQ      {pc}+0x100 ; 0xc003d598
		Cycle Count: 7 (Atom Packet)
S:0xC003D49A	6862	LDR      r2,[r4,#4]
S:0xC003D49C	69E3	LDR      r3,[r4,#0x1c]
S:0xC003D49E	4E7B	LDR      r6,[pc,#492] ; [0xC003D68C]
S:0xC003D4A0	F8D2C014	LDR      r12,[r2,#0x14]
S:0xC003D4A4	2B00	CMP      r3,#0
S:0xC003D4A6	F0408081	BNE.W    {pc}+0x106 ; 0xc003d5ac
		Cycle Count: 3 (Atom Packet)
S:0xC003D5AC	4D38	LDR      r5,[pc,#224] ; [0xC003D690] = 0xC05FD5C0
S:0xC003D5AE	4662	MOV      r2,r12
S:0xC003D5B0	4633	MOV      r3,r6
S:0xC003D5B2	F8552022	LDR      r2,[r5,r2,LSL #2]
S:0xC003D5B6	60FB	STR      r3,[r7,#0xc]
S:0xC003D5B8	EB030B02	ADD      r11,r3,r2
S:0xC003D5BC	F8C7C008	STR      r12,[r7,#8]
S:0xC003D5C0	4658	MOV      r0,r11
S:0xC003D5C2	607A	STR      r2,[r7,#4]
S:0xC003D5C4	F3A6FFF8	BL       {pc}+0x3a6ff4 ; 0xc03e45b8
		Cycle Count: 22 (Atom Packet)
		Cycle Count: 42 (I-Sync Packet)
		Tracing enabled
S:0xC003D5C8	6861	LDR      r1,[r4,#4]
S:0xC003D5CA	68FB	LDR      r3,[r7,#0xc]
S:0xC003D5CC	687A	LDR      r2,[r7,#4]
S:0xC003D5CE	6949	LDR      r1,[r1,#0x14]
S:0xC003D5D0	F8D7C008	LDR      r12,[r7,#8]
S:0xC003D5D4	F8551021	LDR      r1,[r5,r1,LSL #2]
S:0xC003D5D8	1859	ADDS     r1,r3,r1
S:0xC003D5DA	458B	CMP      r11,r1
S:0xC003D5DC	D149	BNE      {pc}+0x96 ; 0xc003d672
		Cycle Count: 84 (Atom Packet)
S:0xC003D5DE	69E3	LDR      r3,[r4,#0x1c]
S:0xC003D5E0	B14B	CBZ      r3,{pc}+0x16 ; 0xc003d5f6
		Cycle Count: 3 (Atom Packet)
S:0xC003D5E2	4658	MOV      r0,r11
S:0xC003D5E4	4621	MOV      r1,r4
S:0xC003D5E6	464A	MOV      r2,r9
S:0xC003D5E8	F8C7C008	STR      r12,[r7,#8]
S:0xC003D5EC	F7FEFC7C	BL       {pc}-0x1704 ; 0xc003bee8
		Cycle Count: 1 (Atom Packet)
S:0xC003BEE8	E92D43F8	PUSH     {r3-r9,lr}
S:0xC003BEEC	AF00	ADD      r7,sp,#0
S:0xC003BEEE	B500	PUSH     {lr}
S:0xC003BEF0	F85DEB04	POP      {lr}
S:0xC003BEF4	4606	MOV      r6,r0
S:0xC003BEF6	460D	MOV      r5,r1
S:0xC003BEF8	F7FFFFC8	BL       {pc}-0x6c ; 0xc003be8c
		Cycle Count: 2 (Atom Packet)
S:0xC003BE8C	E92D41F0	PUSH     {r4-r8,lr}
S:0xC003BE90	AF00	ADD      r7,sp,#0
S:0xC003BE92	B500	PUSH     {lr}
S:0xC003BE94	F85DEB04	POP      {lr}
S:0xC003BE98	F8D06460	LDR      r6,[r0,#0x460]
S:0xC003BE9C	6B0D	LDR      r5,[r1,#0x30]
S:0xC003BE9E	4680	MOV      r8,r0
S:0xC003BEA0	6B34	LDR      r4,[r6,#0x30]
S:0xC003BEA2	42A5	CMP      r5,r4
S:0xC003BEA4	D019	BEQ      {pc}+0x36 ; 0xc003beda
		Cycle Count: 3 (Atom Packet)
		Cycle Count: 1 (Branch Packet)
S:0xC003BEDA	696B	LDR      r3,[r5,#0x14]
S:0xC003BEDC	4798	BLX      r3
S:0xC00414AC	E92D47F0	PUSH     {r4-r10,lr}
S:0xC00414B0	B082	SUB      sp,sp,#8
S:0xC00414B2	B500	PUSH     {lr}
S:0xC00414B4	F85DEB04	POP      {lr}
S:0xC00414B8	4B55	LDR      r3,[pc,#340] ; [0xC0041610] = 0xC0607834
S:0xC00414BA	F8D06460	LDR      r6,[r0,#0x460]
S:0xC00414BE	4681	MOV      r9,r0
S:0xC00414C0	F1010438	ADD      r4,r1,#0x38
S:0xC00414C4	6858	LDR      r0,[r3,#4]
S:0xC00414C6	F1060538	ADD      r5,r6,#0x38
S:0xC00414CA	F8D6315C	LDR      r3,[r6,#0x15c]
S:0xC00414CE	689B	LDR      r3,[r3,#8]
S:0xC00414D0	4283	CMP      r3,r0
S:0xC00414D2	BF34	ITE      CC
S:0xC00414D4	F04F0A00	MOV      r10,#0
S:0xC00414D8	F04F0A01	MOV      r10,#1
S:0xC00414DC	42A5	CMP      r5,r4
S:0xC00414DE	D01B	BEQ      {pc}+0x3a ; 0xc0041518
		Cycle Count: 19 (Atom Packet)
		Cycle Count: 19 (Branch Packet)
S:0xC0041518	B002	ADD      sp,sp,#8
S:0xC004151A	E8BD87F0	POP      {r4-r10,pc}
S:0xC003BEDE	F8D86460	LDR      r6,[r8,#0x460]
S:0xC003BEE2	E7EF	B        {pc}-0x1e ; 0xc003bec4
		Cycle Count: 2 (Atom Packet)
S:0xC003BEC4	69F3	LDR      r3,[r6,#0x1c]
S:0xC003BEC6	B133	CBZ      r3,{pc}+0x10 ; 0xc003bed6
		Cycle Count: 4 (Atom Packet)
		Cycle Count: 16 (Branch Packet)
S:0xC003BEC8	6873	LDR      r3,[r6,#4]
S:0xC003BECA	681B	LDR      r3,[r3,#0]
S:0xC003BECC	0799	LSLS     r1,r3,#30
S:0xC003BECE	BF44	ITT      MI
S:0xC003BED0	2301	MOVS     r3,#1
S:0xC003BED2	F8C8302C	STR      r3,[r8,#0x2c]
S:0xC003BED6	E8BD81F0	POP      {r4-r8,pc}
S:0xC003BEFC	4B25	LDR      r3,[pc,#148] ; [0xC003BF94]
S:0xC003BEFE	685A	LDR      r2,[r3,#4]
S:0xC003BF00	2A00	CMP      r2,#0
S:0xC003BF02	D139	BNE      {pc}+0x76 ; 0xc003bf78
		Cycle Count: 6 (Atom Packet)
S:0xC003BF04	6B2B	LDR      r3,[r5,#0x30]
S:0xC003BF06	2200	MOVS     r2,#0
S:0xC003BF08	602A	STR      r2,[r5,#0]
S:0xC003BF0A	6B5B	LDR      r3,[r3,#0x34]
S:0xC003BF0C	B113	CBZ      r3,{pc}+8 ; 0xc003bf14
		Cycle Count: 2 (Atom Packet)
S:0xC003BF14	F506619C	ADD      r1,r6,#0x4e0
S:0xC003BF18	E9D14500	LDRD     r4,r5,[r1,#0]
S:0xC003BF1C	EA540305	ORRS     r3,r4,r5
S:0xC003BF20	D019	BEQ      {pc}+0x36 ; 0xc003bf56
		Cycle Count: 20 (Atom Packet)
		Cycle Count: 8 (Branch Packet)
S:0xC003BF56	E8BD83F8	POP      {r3-r9,pc}
S:0xC003D5F0	F8D7C008	LDR      r12,[r7,#8]
S:0xC003D5F4	2301	MOVS     r3,#1
S:0xC003D5F6	F3BF8F5F	DMB      
S:0xC003D5FA	F8BB2000	LDRH     r2,[r11,#0]
S:0xC003D5FE	3201	ADDS     r2,#1
S:0xC003D600	F8AB2000	STRH     r2,[r11,#0]
S:0xC003D604	F3BF8F4F	DSB      
S:0xC003D608	F3AF8004	SEV.W    
S:0xC003D60C	46E3	MOV      r11,r12
S:0xC003D60E	2B00	CMP      r3,#0
S:0xC003D610	D1BC	BNE      {pc}-0x84 ; 0xc003d58c
		Cycle Count: 325 (Atom Packet)
S:0xC003D58C	4620	MOV      r0,r4
S:0xC003D58E	4659	MOV      r1,r11
S:0xC003D590	464A	MOV      r2,r9
S:0xC003D592	2501	MOVS     r5,#1
S:0xC003D594	F7FBF970	BL       {pc}-0x4d1c ; 0xc0038878
		Cycle Count: 1 (Atom Packet)
S:0xC0038878	E92D07F8	PUSH     {r3-r10}
S:0xC003887C	AF00	ADD      r7,sp,#0
S:0xC003887E	B500	PUSH     {lr}
S:0xC0038880	F85DEB04	POP      {lr}
S:0xC0038884	466C	MOV      r4,sp
S:0xC0038886	F42453FF	BIC      r3,r4,#0x1fe0
S:0xC003888A	4E43	LDR      r6,[pc,#268] ; [0xC0038998] = 0xC05F3080
S:0xC003888C	F023031F	BIC      r3,r3,#0x1f
S:0xC0038890	F8D3A014	LDR      r10,[r3,#0x14]
S:0xC0038894	EE1D3F90	MRC      p15,#0x0,r3,c13,c0,#4
S:0xC0038898	4551	CMP      r1,r10
S:0xC003889A	4433	ADD      r3,r3,r6
S:0xC003889C	D068	BEQ      {pc}+0xd4 ; 0xc0038970
		Cycle Count: 12 (Atom Packet)
S:0xC0038970	F8D34590	LDR      r4,[r3,#0x590]
S:0xC0038974	4601	MOV      r1,r0
S:0xC0038976	F04F0801	MOV      r8,#1
S:0xC003897A	F04F0900	MOV      r9,#0
S:0xC003897E	3401	ADDS     r4,#1
S:0xC0038980	F8C34590	STR      r4,[r3,#0x590]
S:0xC0038984	E9F1454A	LDRD     r4,r5,[r1,#0x128]!
S:0xC0038988	EB140408	ADDS     r4,r4,r8
S:0xC003898C	EB450509	ADC      r5,r5,r9
S:0xC0038990	E9C14500	STRD     r4,r5,[r1,#0]
S:0xC0038994	E7B6	B        {pc}-0x90 ; 0xc0038904
		Cycle Count: 120 (Atom Packet)
S:0xC0038904	0751	LSLS     r1,r2,#29
S:0xC0038906	D50C	BPL      {pc}+0x1c ; 0xc0038922
		Cycle Count: 1 (Atom Packet)
S:0xC0038922	F8D3458C	LDR      r4,[r3,#0x58c]
S:0xC0038926	4601	MOV      r1,r0
S:0xC0038928	F04F0801	MOV      r8,#1
S:0xC003892C	F04F0900	MOV      r9,#0
S:0xC0038930	3401	ADDS     r4,#1
S:0xC0038932	F8C3458C	STR      r4,[r3,#0x58c]
S:0xC0038936	E9F14544	LDRD     r4,r5,[r1,#0x110]!
S:0xC003893A	EB140408	ADDS     r4,r4,r8
S:0xC003893E	EB450509	ADC      r5,r5,r9
S:0xC0038942	07D3	LSLS     r3,r2,#31
S:0xC0038944	E9C14500	STRD     r4,r5,[r1,#0]
S:0xC0038948	D507	BPL      {pc}+0x12 ; 0xc003895a
		Cycle Count: 8 (Atom Packet)
		Cycle Count: 5 (Branch Packet)
S:0xC003895A	46BD	MOV      sp,r7
S:0xC003895C	E8BD07F8	POP      {r3-r10}
S:0xC0038960	4770	BX       lr
S:0xC003D598	4640	MOV      r0,r8
S:0xC003D59A	4651	MOV      r1,r10
S:0xC003D59C	F3A7F85C	BL       {pc}+0x3a70bc ; 0xc03e4658
		Cycle Count: 1 (Atom Packet)
		Timestamp: 562537010815
		Cycle Count: 0 (Timestamp Packet)
		Cycle Count: 511 (Branch Packet)
S:0xC03E4658	?	Cannot access target memory
		Cycle Count: 19 (Branch Packet)
S:0xC003D5A0	4628	MOV      r0,r5
S:0xC003D5A2	F1070714	ADD      r7,r7,#0x14
S:0xC003D5A6	46BD	MOV      sp,r7
S:0xC003D5A8	E8BD8FF0	POP      {r4-r11,pc}
S:0xC00389DC	462C	MOV      r4,r5
S:0xC00389DE	F105030C	ADD      r3,r5,#0xc
S:0xC00389E2	B128	CBZ      r0,{pc}+0xe ; 0xc00389f0
		Cycle Count: 1 (Atom Packet)
S:0xC00389E4	07F0	LSLS     r0,r6,#31
S:0xC00389E6	D503	BPL      {pc}+0xa ; 0xc00389f0
		Cycle Count: 1 (Atom Packet)
S:0xC00389F0	68ED	LDR      r5,[r5,#0xc]
S:0xC00389F2	4598	CMP      r8,r3
S:0xC00389F4	F1A5050C	SUB      r5,r5,#0xc
S:0xC00389F8	D1E8	BNE      {pc}-0x2c ; 0xc00389cc
		Cycle Count: 1 (Atom Packet)
		Cycle Count: 11 (Branch Packet)
S:0xC00389FA	F107070C	ADD      r7,r7,#0xc
S:0xC00389FE	46BD	MOV      sp,r7
S:0xC0038A00	E8BD8FF0	POP      {r4-r11,pc}
S:0xC0039268	4620	MOV      r0,r4
S:0xC003926A	4629	MOV      r1,r5
S:0xC003926C	F1070704	ADD      r7,r7,#4
S:0xC0039270	46BD	MOV      sp,r7
S:0xC0039272	E8BD43F0	POP      {r4-r9,lr}
S:0xC0039276	F3ABB9EF	B.W      {pc}+0x3ab3e2 ; 0xc03e4658
		Cycle Count: 10 (Atom Packet)
		Cycle Count: 2,256 (I-Sync Packet)
		Tracing enabled
S:0xC002D8CC	B5F8	PUSH     {r3-r7,lr}
S:0xC002D8CE	B500	PUSH     {lr}
S:0xC002D8D0	F85DEB04	POP      {lr}
S:0xC002D8D4	4607	MOV      r7,r0
S:0xC002D8D6	460E	MOV      r6,r1
S:0xC002D8D8	4615	MOV      r5,r2
S:0xC002D8DA	F3EF8400	MRS      r4,APSR ; formerly CPSR
S:0xC002D8DE	B672	CPSID    i
S:0xC002D8E0	2000	MOVS     r0,#0
S:0xC002D8E2	4611	MOV      r1,r2
S:0xC002D8E4	F224FBD0	BL       {pc}+0x2247a4 ; 0xc0252088
		Cycle Count: 69 (Atom Packet)
		Cycle Count: 102 (I-Sync Packet)
		Tracing enabled
S:0xC002D8E8	B118	CBZ      r0,{pc}+0xa ; 0xc002d8f2
		Cycle Count: 1 (Atom Packet)
		Cycle Count: 74 (Branch Packet)
S:0xC002D8EA	2000	MOVS     r0,#0
S:0xC002D8EC	F3848100	MSR      CPSR_c,r4
S:0xC002D8F0	BDF8	POP      {r3-r7,pc}
		Cycle Count: 4 (I-Sync Packet)
		Tracing enabled
S:0xC003923C	E92D43F0	PUSH     {r4-r9,lr}
S:0xC0039240	B083	SUB      sp,sp,#0xc
S:0xC0039242	AF02	ADD      r7,sp,#8
S:0xC0039244	B500	PUSH     {lr}
S:0xC0039246	F85DEB04	POP      {lr}
S:0xC003924A	4604	MOV      r4,r0
S:0xC003924C	4699	MOV      r9,r3
S:0xC003924E	4688	MOV      r8,r1
S:0xC0039250	4616	MOV      r6,r2
S:0xC0039252	F3ABF9C9	BL       {pc}+0x3ab396 ; 0xc03e45e8
		Cycle Count: 2 (Atom Packet)
		Cycle Count: 177 (I-Sync Packet)
		Tracing enabled
S:0xC0039256	4641	MOV      r1,r8
S:0xC0039258	F8CD9000	STR      r9,[sp,#0]
S:0xC003925C	4632	MOV      r2,r6
S:0xC003925E	2300	MOVS     r3,#0
S:0xC0039260	4605	MOV      r5,r0
S:0xC0039262	4620	MOV      r0,r4
S:0xC0039264	F7FFFB9C	BL       {pc}-0x8c4 ; 0xc00389a0
		Cycle Count: 1 (Atom Packet)
S:0xC00389A0	E92D4FF0	PUSH     {r4-r11,lr}
S:0xC00389A4	B083	SUB      sp,sp,#0xc
S:0xC00389A6	AF00	ADD      r7,sp,#0
S:0xC00389A8	B500	PUSH     {lr}
S:0xC00389AA	F85DEB04	POP      {lr}
S:0xC00389AE	4680	MOV      r8,r0
S:0xC00389B0	469A	MOV      r10,r3
S:0xC00389B2	468B	MOV      r11,r1
S:0xC00389B4	607A	STR      r2,[r7,#4]
S:0xC00389B6	F8583F04	LDR      r3,[r8,#4]!
S:0xC00389BA	F8D79030	LDR      r9,[r7,#0x30]
S:0xC00389BE	4598	CMP      r8,r3
S:0xC00389C0	F1A3040C	SUB      r4,r3,#0xc
S:0xC00389C4	681D	LDR      r5,[r3,#0]
S:0xC00389C6	F1A5050C	SUB      r5,r5,#0xc
S:0xC00389CA	D016	BEQ      {pc}+0x30 ; 0xc00389fa
		Cycle Count: 11 (Atom Packet)
		Cycle Count: 6 (Branch Packet)
S:0xC00389CC	F8D4C008	LDR      r12,[r4,#8]
S:0xC00389D0	4620	MOV      r0,r4
S:0xC00389D2	464B	MOV      r3,r9
S:0xC00389D4	4659	MOV      r1,r11
S:0xC00389D6	4652	MOV      r2,r10
S:0xC00389D8	6826	LDR      r6,[r4,#0]
S:0xC00389DA	47E0	BLX      r12
S:0xC003D6A0	B488	PUSH     {r3,r7}
S:0xC003D6A2	AF00	ADD      r7,sp,#0
S:0xC003D6A4	B500	PUSH     {lr}
S:0xC003D6A6	F85DEB04	POP      {lr}
S:0xC003D6AA	6840	LDR      r0,[r0,#4]
S:0xC003D6AC	46BD	MOV      sp,r7
S:0xC003D6AE	BC88	POP      {r3,r7}
S:0xC003D6B0	F7FFBEDE	B.W      {pc}-0x240 ; 0xc003d470
		Cycle Count: 42 (Atom Packet)
S:0xC003D470	E92D4FF0	PUSH     {r4-r11,lr}
S:0xC003D474	B085	SUB      sp,sp,#0x14
S:0xC003D476	AF00	ADD      r7,sp,#0
S:0xC003D478	B500	PUSH     {lr}
S:0xC003D47A	F85DEB04	POP      {lr}
S:0xC003D47E	4604	MOV      r4,r0
S:0xC003D480	460D	MOV      r5,r1
S:0xC003D482	4691	MOV      r9,r2
S:0xC003D484	F3BF8F5F	DMB      
S:0xC003D488	F200483C	ADD      r8,r0,#0x43c
S:0xC003D48C	4640	MOV      r0,r8
S:0xC003D48E	F3A7F8AB	BL       {pc}+0x3a715a ; 0xc03e45e8
		Cycle Count: 9 (Atom Packet)
		Cycle Count: 257 (I-Sync Packet)
		Tracing enabled
S:0xC003D492	6823	LDR      r3,[r4,#0]
S:0xC003D494	401D	ANDS     r5,r5,r3
S:0xC003D496	4682	MOV      r10,r0
S:0xC003D498	D07E	BEQ      {pc}+0x100 ; 0xc003d598
		Cycle Count: 6 (Atom Packet)
S:0xC003D598	4640	MOV      r0,r8
S:0xC003D59A	4651	MOV      r1,r10
S:0xC003D59C	F3A7F85C	BL       {pc}+0x3a70bc ; 0xc03e4658
		Cycle Count: 14 (Atom Packet)
		Cycle Count: 384 (Branch Packet)
S:0xC03E4658	?	Cannot access target memory
		Cycle Count: 20 (Branch Packet)
S:0xC003D5A0	4628	MOV      r0,r5
S:0xC003D5A2	F1070714	ADD      r7,r7,#0x14
S:0xC003D5A6	46BD	MOV      sp,r7
S:0xC003D5A8	E8BD8FF0	POP      {r4-r11,pc}
S:0xC00389DC	462C	MOV      r4,r5
S:0xC00389DE	F105030C	ADD      r3,r5,#0xc
S:0xC00389E2	B128	CBZ      r0,{pc}+0xe ; 0xc00389f0
		Cycle Count: 1 (Atom Packet)
S:0xC00389F0	68ED	LDR      r5,[r5,#0xc]
S:0xC00389F2	4598	CMP      r8,r3
S:0xC00389F4	F1A5050C	SUB      r5,r5,#0xc
S:0xC00389F8	D1E8	BNE      {pc}-0x2c ; 0xc00389cc
		Cycle Count: 1 (Atom Packet)
		Cycle Count: 7 (Branch Packet)
S:0xC00389FA	F107070C	ADD      r7,r7,#0xc
S:0xC00389FE	46BD	MOV      sp,r7
S:0xC0038A00	E8BD8FF0	POP      {r4-r11,pc}
S:0xC0039268	4620	MOV      r0,r4
S:0xC003926A	4629	MOV      r1,r5
S:0xC003926C	F1070704	ADD      r7,r7,#4
S:0xC0039270	46BD	MOV      sp,r7
S:0xC0039272	E8BD43F0	POP      {r4-r9,lr}
S:0xC0039276	F3ABB9EF	B.W      {pc}+0x3ab3e2 ; 0xc03e4658
		Cycle Count: 9 (Atom Packet)
		Cycle Count: 738 (I-Sync Packet)
		Tracing enabled
S:0xC0033154	B5F8	PUSH     {r3-r7,lr}
S:0xC0033156	B500	PUSH     {lr}
S:0xC0033158	F85DEB04	POP      {lr}
S:0xC003315C	460C	MOV      r4,r1
S:0xC003315E	4607	MOV      r7,r0
S:0xC0033160	F3B1FA42	BL       {pc}+0x3b1488 ; 0xc03e45e8
		Cycle Count: 12 (Atom Packet)
		Cycle Count: 185 (I-Sync Packet)
		Tracing enabled
S:0xC0033164	6925	LDR      r5,[r4,#0x10]
S:0xC0033166	F44F7280	MOV      r2,#0x100
S:0xC003316A	68E6	LDR      r6,[r4,#0xc]
S:0xC003316C	F44F7300	MOV      r3,#0x200
S:0xC0033170	F2C00210	MOVT     r2,#0x10
S:0xC0033174	F2C00320	MOVT     r3,#0x20
S:0xC0033178	6075	STR      r5,[r6,#4]
S:0xC003317A	602E	STR      r6,[r5,#0]
S:0xC003317C	60E2	STR      r2,[r4,#0xc]
S:0xC003317E	6123	STR      r3,[r4,#0x10]
S:0xC0033180	4601	MOV      r1,r0
S:0xC0033182	4638	MOV      r0,r7
S:0xC0033184	E8BD40F8	POP      {r3-r7,lr}
S:0xC0033188	F3B1BA66	B.W      {pc}+0x3b14d0 ; 0xc03e4658
		Cycle Count: 17 (Atom Packet)
		Cycle Count: 493 (I-Sync Packet)
		Tracing enabled
		Cycle Count: 50 (Branch Packet)
S:0xC004ED70	B500	PUSH     {lr}
S:0xC004ED72	F85DEB04	POP      {lr}
S:0xC004ED76	F24D13C0	MOV      r3,#0xd1c0
S:0xC004ED7A	F2CC0364	MOVT     r3,#0xc064
S:0xC004ED7E	6B98	LDR      r0,[r3,#0x38]
S:0xC004ED80	4770	BX       lr
		Cycle Count: 191 (I-Sync Packet)
		Tracing enabled
S:0xC003923C	E92D43F0	PUSH     {r4-r9,lr}
S:0xC0039240	B083	SUB      sp,sp,#0xc
S:0xC0039242	AF02	ADD      r7,sp,#8
S:0xC0039244	B500	PUSH     {lr}
S:0xC0039246	F85DEB04	POP      {lr}
S:0xC003924A	4604	MOV      r4,r0
S:0xC003924C	4699	MOV      r9,r3
S:0xC003924E	4688	MOV      r8,r1
S:0xC0039250	4616	MOV      r6,r2
S:0xC0039252	F3ABF9C9	BL       {pc}+0x3ab396 ; 0xc03e45e8
		Cycle Count: 6 (Atom Packet)
		Cycle Count: 176 (I-Sync Packet)
		Tracing enabled
S:0xC0039256	4641	MOV      r1,r8
S:0xC0039258	F8CD9000	STR      r9,[sp,#0]
S:0xC003925C	4632	MOV      r2,r6
S:0xC003925E	2300	MOVS     r3,#0
S:0xC0039260	4605	MOV      r5,r0
S:0xC0039262	4620	MOV      r0,r4
S:0xC0039264	F7FFFB9C	BL       {pc}-0x8c4 ; 0xc00389a0
		Cycle Count: 1 (Atom Packet)
S:0xC00389A0	E92D4FF0	PUSH     {r4-r11,lr}
S:0xC00389A4	B083	SUB      sp,sp,#0xc
S:0xC00389A6	AF00	ADD      r7,sp,#0
S:0xC00389A8	B500	PUSH     {lr}
S:0xC00389AA	F85DEB04	POP      {lr}
S:0xC00389AE	4680	MOV      r8,r0
S:0xC00389B0	469A	MOV      r10,r3
S:0xC00389B2	468B	MOV      r11,r1
S:0xC00389B4	607A	STR      r2,[r7,#4]
S:0xC00389B6	F8583F04	LDR      r3,[r8,#4]!
S:0xC00389BA	F8D79030	LDR      r9,[r7,#0x30]
S:0xC00389BE	4598	CMP      r8,r3
S:0xC00389C0	F1A3040C	SUB      r4,r3,#0xc
S:0xC00389C4	681D	LDR      r5,[r3,#0]
S:0xC00389C6	F1A5050C	SUB      r5,r5,#0xc
S:0xC00389CA	D016	BEQ      {pc}+0x30 ; 0xc00389fa
		Cycle Count: 11 (Atom Packet)
		Cycle Count: 25 (Branch Packet)
S:0xC00389FA	F107070C	ADD      r7,r7,#0xc
S:0xC00389FE	46BD	MOV      sp,r7
S:0xC0038A00	E8BD8FF0	POP      {r4-r11,pc}
S:0xC0039268	4620	MOV      r0,r4
S:0xC003926A	4629	MOV      r1,r5
S:0xC003926C	F1070704	ADD      r7,r7,#4
S:0xC0039270	46BD	MOV      sp,r7
S:0xC0039272	E8BD43F0	POP      {r4-r9,lr}
S:0xC0039276	F3ABB9EF	B.W      {pc}+0x3ab3e2 ; 0xc03e4658
		Cycle Count: 9 (Atom Packet)
		Cycle Count: 1,376 (I-Sync Packet)
		Tracing enabled
		Cycle Count: 313 (Branch Packet)
S:0xC00361D8	B500	PUSH     {lr}
S:0xC00361DA	F85DEB04	POP      {lr}
S:0xC00361DE	4603	MOV      r3,r0
S:0xC00361E0	6800	LDR      r0,[r0,#0]
S:0xC00361E2	F0000001	AND      r0,r0,#1
S:0xC00361E6	EE1D1F90	MRC      p15,#0x0,r1,c13,c0,#4
S:0xC00361EA	685A	LDR      r2,[r3,#4]
S:0xC00361EC	188A	ADDS     r2,r1,r2
S:0xC00361EE	F8521020	LDR      r1,[r2,r0,LSL #2]
S:0xC00361F2	3101	ADDS     r1,#1
S:0xC00361F4	F8421020	STR      r1,[r2,r0,LSL #2]
S:0xC00361F8	F3BF8F5F	DMB      
S:0xC00361FC	EE1D1F90	MRC      p15,#0x0,r1,c13,c0,#4
S:0xC0036200	685B	LDR      r3,[r3,#4]
S:0xC0036202	1C82	ADDS     r2,r0,#2
S:0xC0036204	18CB	ADDS     r3,r1,r3
S:0xC0036206	F8531022	LDR      r1,[r3,r2,LSL #2]
S:0xC003620A	3101	ADDS     r1,#1
S:0xC003620C	F8431022	STR      r1,[r3,r2,LSL #2]
S:0xC0036210	4770	BX       lr
		Cycle Count: 56 (I-Sync Packet)
		Tracing enabled
		Cycle Count: 292 (Branch Packet)
S:0xC0036214	B418	PUSH     {r3,r4}
S:0xC0036216	B500	PUSH     {lr}
S:0xC0036218	F85DEB04	POP      {lr}
S:0xC003621C	F3BF8F5F	DMB      
S:0xC0036220	F3EF8400	MRS      r4,APSR ; formerly CPSR
S:0xC0036224	B672	CPSID    i
S:0xC0036226	6842	LDR      r2,[r0,#4]
S:0xC0036228	EE1D3F90	MRC      p15,#0x0,r3,c13,c0,#4
S:0xC003622C	EB020181	ADD      r1,r2,r1,LSL #2
S:0xC0036230	585A	LDR      r2,[r3,r1]
S:0xC0036232	3A01	SUBS     r2,#1
S:0xC0036234	505A	STR      r2,[r3,r1]
S:0xC0036236	F3848100	MSR      CPSR_c,r4
S:0xC003623A	BC18	POP      {r3,r4}
S:0xC003623C	4770	BX       lr
		Cycle Count: 33 (I-Sync Packet)
		Tracing enabled
S:0xC000CD40	B672	CPSID    i
S:0xC000CD42	F8D91000	LDR      r1,[r9,#0]
S:0xC000CD46	F0110F07	TST      r1,#7
S:0xC000CD4A	F040801C	BNE.W    {pc}+0x3c ; 0xc000cd86
		Cycle Count: 122 (Atom Packet)
S:0xC000CD86	F84D0F08	STR      r0,[sp,#8]!
S:0xC000CD8A	4668	MOV      r0,sp
S:0xC000CD8C	4642	MOV      r2,r8
S:0xC000CD8E	F002FCBB	BL       {pc}+0x297a ; 0xc000f708
		Cycle Count: 2 (Atom Packet)
S:0xC000F708	E92D41F0	PUSH     {r4-r8,lr}
S:0xC000F70C	B500	PUSH     {lr}
S:0xC000F70E	F85DEB04	POP      {lr}
S:0xC000F712	466C	MOV      r4,sp
S:0xC000F714	F42453FF	BIC      r3,r4,#0x1fe0
S:0xC000F718	4680	MOV      r8,r0
S:0xC000F71A	F023061F	BIC      r6,r3,#0x1f
S:0xC000F71E	4617	MOV      r7,r2
S:0xC000F720	4635	MOV      r5,r6
S:0xC000F722	F0110F02	TST      r1,#2
S:0xC000F726	462C	MOV      r4,r5
S:0xC000F728	D008	BEQ      {pc}+0x14 ; 0xc000f73c
		Cycle Count: 22 (Atom Packet)
S:0xC000F72A	F3D4FAF9	BL       {pc}+0x3d45f6 ; 0xc03e3d20
		Cycle Count: 1 (Atom Packet)
		Cycle Count: 360 (I-Sync Packet)
		Tracing enabled
S:0xC003B788	E92D43C8	PUSH     {r3,r6-r9,lr}
S:0xC003B78C	AF00	ADD      r7,sp,#0
S:0xC003B78E	B500	PUSH     {lr}
S:0xC003B790	F85DEB04	POP      {lr}
S:0xC003B794	6AC3	LDR      r3,[r0,#0x2c]
S:0xC003B796	4606	MOV      r6,r0
S:0xC003B798	2B00	CMP      r3,#0
S:0xC003B79A	DD01	BLE      {pc}+6 ; 0xc003b7a0
		Cycle Count: 38 (Atom Packet)
		Cycle Count: 4 (Branch Packet)
S:0xC003B79C	E8BD83C8	POP      {r3,r6-r9,pc}
		Cycle Count: 8 (I-Sync Packet)
		Tracing enabled
S:0xC0042274	E92D4FF0	PUSH     {r4-r11,lr}
S:0xC0042278	B097	SUB      sp,sp,#0x5c
S:0xC004227A	B500	PUSH     {lr}
S:0xC004227C	F85DEB04	POP      {lr}
S:0xC0042280	F1110A38	ADDS     r10,r1,#0x38
S:0xC0042284	F00081A1	BEQ.W    {pc}+0x346 ; 0xc00425ca
		Cycle Count: 48 (Atom Packet)
S:0xC0042288	F8DFB3FC	LDR      r11,[pc,#1020] ; [0xC0042688]
S:0xC004228C	E008	B        {pc}+0x14 ; 0xc00422a0
		Cycle Count: 118 (Atom Packet)
S:0xC00422A0	F8DA301C	LDR      r3,[r10,#0x1c]
S:0xC00422A4	F8DA8124	LDR      r8,[r10,#0x124]
S:0xC00422A8	2B00	CMP      r3,#0
S:0xC00422AA	F0408191	BNE.W    {pc}+0x326 ; 0xc00425d0
		Cycle Count: 1 (Atom Packet)
S:0xC00425D0	4640	MOV      r0,r8
S:0xC00425D2	F7FDFD99	BL       {pc}-0x24ca ; 0xc0040108
		Cycle Count: 36 (Atom Packet)
S:0xC0040108	E92D4FF0	PUSH     {r4-r11,lr}
S:0xC004010C	B085	SUB      sp,sp,#0x14
S:0xC004010E	B500	PUSH     {lr}
S:0xC0040110	F85DEB04	POP      {lr}
S:0xC0040114	F8D02084	LDR      r2,[r0,#0x84]
S:0xC0040118	F8D0A030	LDR      r10,[r0,#0x30]
S:0xC004011C	4683	MOV      r11,r0
S:0xC004011E	F8D23480	LDR      r3,[r2,#0x480]
S:0xC0040122	F8D2C484	LDR      r12,[r2,#0x484]
S:0xC0040126	F1BA0F00	CMP      r10,#0
S:0xC004012A	D041	BEQ      {pc}+0x86 ; 0xc00401b0
		Cycle Count: 36 (Atom Packet)
S:0xC004012C	F8DA2020	LDR      r2,[r10,#0x20]
S:0xC0040130	1A9A	SUBS     r2,r3,r2
S:0xC0040132	D03D	BEQ      {pc}+0x7e ; 0xc00401b0
		Cycle Count: 1 (Atom Packet)
		Cycle Count: 1 (Branch Packet)
S:0xC00401B0	B005	ADD      sp,sp,#0x14
S:0xC00401B2	E8BD8FF0	POP      {r4-r11,pc}
S:0xC00425D6	E66A	B        {pc}-0x328 ; 0xc00422ae
		Cycle Count: 1 (Atom Packet)
S:0xC00422AE	E9D82306	LDRD     r2,r3,[r8,#0x18]
S:0xC00422B2	E9DA010C	LDRD     r0,r1,[r10,#0x30]
S:0xC00422B6	F8DB4000	LDR      r4,[r11,#0]
S:0xC00422BA	1A80	SUBS     r0,r0,r2
S:0xC00422BC	EB610103	SBC      r1,r1,r3
S:0xC00422C0	2300	MOVS     r3,#0
S:0xC00422C2	17CE	ASRS     r6,r1,#31
S:0xC00422C4	EB040444	ADD      r4,r4,r4,LSL #1
S:0xC00422C8	4637	MOV      r7,r6
S:0xC00422CA	4070	EORS     r0,r0,r6
S:0xC00422CC	4071	EORS     r1,r1,r6
S:0xC00422CE	4622	MOV      r2,r4
S:0xC00422D0	1B80	SUBS     r0,r0,r6
S:0xC00422D2	EB610107	SBC      r1,r1,r7
S:0xC00422D6	4282	CMP      r2,r0
S:0xC00422D8	EB730401	SBCS     r4,r3,r1
S:0xC00422DC	BFBE	ITTT     LT
S:0xC00422DE	F8D83040	LDR      r3,[r8,#0x40]
S:0xC00422E2	3301	ADDS     r3,#1
S:0xC00422E4	F8C83040	STR      r3,[r8,#0x40]
S:0xC00422E8	F8DA301C	LDR      r3,[r10,#0x1c]
S:0xC00422EC	2B00	CMP      r3,#0
S:0xC00422EE	D0CE	BEQ      {pc}-0x60 ; 0xc004228e
		Cycle Count: 22 (Atom Packet)
S:0xC00422F0	F8D83084	LDR      r3,[r8,#0x84]
S:0xC00422F4	4640	MOV      r0,r8
S:0xC00422F6	4651	MOV      r1,r10
S:0xC00422F8	F503638F	ADD      r3,r3,#0x478
S:0xC00422FC	E9D32300	LDRD     r2,r3,[r3,#0]
S:0xC0042300	E9CA2312	STRD     r2,r3,[r10,#0x48]
S:0xC0042304	F7FEFEA0	BL       {pc}-0x12bc ; 0xc0041048
		Cycle Count: 45 (Atom Packet)
S:0xC0041048	E92D03F0	PUSH     {r4-r9}
S:0xC004104C	B500	PUSH     {lr}
S:0xC004104E	F85DEB04	POP      {lr}
S:0xC0041052	468C	MOV      r12,r1
S:0xC0041054	F1000128	ADD      r1,r0,#0x28
S:0xC0041058	2401	MOVS     r4,#1
S:0xC004105A	460F	MOV      r7,r1
S:0xC004105C	2300	MOVS     r3,#0
S:0xC004105E	E010	B        {pc}+0x24 ; 0xc0041082
		Cycle Count: 11 (Atom Packet)
S:0xC0041082	683E	LDR      r6,[r7,#0]
S:0xC0041084	2E00	CMP      r6,#0
S:0xC0041086	D1EB	BNE      {pc}-0x26 ; 0xc0041060
		Cycle Count: 1 (Atom Packet)
S:0xC0041060	E9DC230C	LDRD     r2,r3,[r12,#0x30]
S:0xC0041064	1D37	ADDS     r7,r6,#4
S:0xC0041066	E9D6890A	LDRD     r8,r9,[r6,#0x28]
S:0xC004106A	EBB20208	SUBS     r2,r2,r8
S:0xC004106E	EB630309	SBC      r3,r3,r9
S:0xC0041072	2A00	CMP      r2,#0
S:0xC0041074	F1730500	SBCS     r5,r3,#0
S:0xC0041078	4633	MOV      r3,r6
S:0xC004107A	BFB4	ITE      LT
S:0xC004107C	F1060708	ADD      r7,r6,#8
S:0xC0041080	2400	MOVS     r4,#0
S:0xC0041082	683E	LDR      r6,[r7,#0]
S:0xC0041084	2E00	CMP      r6,#0
S:0xC0041086	D1EB	BNE      {pc}-0x26 ; 0xc0041060
		Cycle Count: 34 (Atom Packet)
S:0xC0041088	F10C0208	ADD      r2,r12,#8
S:0xC004108C	B104	CBZ      r4,{pc}+4 ; 0xc0041090
		Cycle Count: 16 (Atom Packet)
S:0xC0041090	F8CC3008	STR      r3,[r12,#8]
S:0xC0041094	4610	MOV      r0,r2
S:0xC0041096	2300	MOVS     r3,#0
S:0xC0041098	F8CC300C	STR      r3,[r12,#0xc]
S:0xC004109C	F8CC3010	STR      r3,[r12,#0x10]
S:0xC00410A0	603A	STR      r2,[r7,#0]
S:0xC00410A2	E8BD03F0	POP      {r4-r9}
S:0xC00410A6	F215B865	B.W      {pc}+0x2150ce ; 0xc0256174
		Cycle Count: 26 (Atom Packet)
		Cycle Count: 49 (I-Sync Packet)
		Tracing enabled
S:0xC0042308	F8DA9124	LDR      r9,[r10,#0x124]
S:0xC004230C	F8DA3128	LDR      r3,[r10,#0x128]
S:0xC0042310	F8D92084	LDR      r2,[r9,#0x84]
S:0xC0042314	F8D254C0	LDR      r5,[r2,#0x4c0]
S:0xC0042318	9512	STR      r5,[sp,#0x48]
S:0xC004231A	2B00	CMP      r3,#0
S:0xC004231C	F0008171	BEQ.W    {pc}+0x2e6 ; 0xc0042602
		Cycle Count: 7 (Atom Packet)
S:0xC0042602	F5026290	ADD      r2,r2,#0x480
S:0xC0042606	E9D20100	LDRD     r0,r1,[r2,#0]
S:0xC004260A	E9CD010E	STRD     r0,r1,[sp,#0x38]
S:0xC004260E	E68F	B        {pc}-0x2de ; 0xc0042330
		Cycle Count: 32 (Atom Packet)
S:0xC0042330	F64B7540	MOV      r5,#0xbf40
S:0xC0042334	F8DA201C	LDR      r2,[r10,#0x1c]
S:0xC0042338	F2CC0564	MOVT     r5,#0xc064
S:0xC004233C	4651	MOV      r1,r10
S:0xC004233E	686D	LDR      r5,[r5,#4]
S:0xC0042340	9211	STR      r2,[sp,#0x44]
S:0xC0042342	4628	MOV      r0,r5
S:0xC0042344	E9F1234E	LDRD     r2,r3,[r1,#0x138]!
S:0xC0042348	9501	STR      r5,[sp,#4]
S:0xC004234A	E9DD450E	LDRD     r4,r5,[sp,#0x38]
S:0xC004234E	17C0	ASRS     r0,r0,#31
S:0xC0042350	9002	STR      r0,[sp,#8]
S:0xC0042352	1AA4	SUBS     r4,r4,r2
S:0xC0042354	EB650503	SBC      r5,r5,r3
S:0xC0042358	E9CD4508	STRD     r4,r5,[sp,#0x20]
S:0xC004235C	F8DDC024	LDR      r12,[sp,#0x24]
S:0xC0042360	F04F32FF	MOV      r2,#0xffffffff
S:0xC0042364	9801	LDR      r0,[sp,#4]
S:0xC0042366	2300	MOVS     r3,#0
S:0xC0042368	4014	ANDS     r4,r4,r2
S:0xC004236A	401D	ANDS     r5,r5,r3
S:0xC004236C	FBAC2300	UMULL    r2,r3,r12,r0
S:0xC0042370	9802	LDR      r0,[sp,#8]
S:0xC0042372	FB04F000	MUL      r0,r4,r0
S:0xC0042376	4684	MOV      r12,r0
S:0xC0042378	9801	LDR      r0,[sp,#4]
S:0xC004237A	FB00C005	MLA      r0,r0,r5,r12
S:0xC004237E	F8DDC008	LDR      r12,[sp,#8]
S:0xC0042382	9010	STR      r0,[sp,#0x40]
S:0xC0042384	9801	LDR      r0,[sp,#4]
S:0xC0042386	FBA44500	UMULL    r4,r5,r4,r0
S:0xC004238A	9809	LDR      r0,[sp,#0x24]
S:0xC004238C	FB00330C	MLA      r3,r0,r12,r3
S:0xC0042390	F8DDC040	LDR      r12,[sp,#0x40]
S:0xC0042394	F8D90030	LDR      r0,[r9,#0x30]
S:0xC0042398	4465	ADD      r5,r5,r12
S:0xC004239A	EA4F4C14	LSR      r12,r4,#16
S:0xC004239E	EA4C4C05	ORR      r12,r12,r5,LSL #16
S:0xC00423A2	F8CDC030	STR      r12,[sp,#0x30]
S:0xC00423A6	041C	LSLS     r4,r3,#16
S:0xC00423A8	EA4F4C15	LSR      r12,r5,#16
S:0xC00423AC	EA444512	ORR      r5,r4,r2,LSR #16
S:0xC00423B0	F8CDC034	STR      r12,[sp,#0x34]
S:0xC00423B4	950B	STR      r5,[sp,#0x2c]
S:0xC00423B6	EA4F4C02	LSL      r12,r2,#16
S:0xC00423BA	F8CDC028	STR      r12,[sp,#0x28]
S:0xC00423BE	E9DD450C	LDRD     r4,r5,[sp,#0x30]
S:0xC00423C2	E9DD230A	LDRD     r2,r3,[sp,#0x28]
S:0xC00423C6	1912	ADDS     r2,r2,r4
S:0xC00423C8	EB430305	ADC      r3,r3,r5
S:0xC00423CC	2A00	CMP      r2,#0
S:0xC00423CE	F1730500	SBCS     r5,r3,#0
S:0xC00423D2	F2C08101	BLT.W    {pc}+0x206 ; 0xc00425d8
		Cycle Count: 47 (Atom Packet)
S:0xC00423D6	0A94	LSRS     r4,r2,#10
S:0xC00423D8	EA4F2C93	LSR      r12,r3,#10
S:0xC00423DC	EA445583	ORR      r5,r4,r3,LSL #22
S:0xC00423E0	F8CDC01C	STR      r12,[sp,#0x1c]
S:0xC00423E4	9506	STR      r5,[sp,#0x18]
S:0xC00423E6	E9DD2306	LDRD     r2,r3,[sp,#0x18]
S:0xC00423EA	4313	ORRS     r3,r3,r2
S:0xC00423EC	F43FAF4F	BEQ      {pc}-0x15e ; 0xc004228e
		Cycle Count: 17 (Atom Packet)
S:0xC00423F0	F64B7440	MOV      r4,#0xbf40
S:0xC00423F4	F2CC0464	MOVT     r4,#0xc064
S:0xC00423F8	6823	LDR      r3,[r4,#0]
S:0xC00423FA	E9DD450E	LDRD     r4,r5,[sp,#0x38]
S:0xC00423FE	E9C14500	STRD     r4,r5,[r1,#0]
S:0xC0042402	2B00	CMP      r3,#0
S:0xC0042404	F00080ED	BEQ.W    {pc}+0x1de ; 0xc00425e2
		Cycle Count: 24 (Atom Packet)
S:0xC0042408	9D12	LDR      r5,[sp,#0x48]
S:0xC004240A	F64B7C40	MOV      r12,#0xbf40
S:0xC004240E	F2CC0C64	MOVT     r12,#0xc064
S:0xC0042412	2200	MOVS     r2,#0
S:0xC0042414	9209	STR      r2,[sp,#0x24]
S:0xC0042416	EB0C1305	ADD      r3,r12,r5,LSL #4
S:0xC004241A	F8D3C098	LDR      r12,[r3,#0x98]
S:0xC004241E	F8CDC020	STR      r12,[sp,#0x20]
S:0xC0042422	F8DA1134	LDR      r1,[r10,#0x134]
S:0xC0042426	EBBA0400	SUBS     r4,r10,r0
S:0xC004242A	4260	RSBS     r0,r4,#0
S:0xC004242C	E9DD2306	LDRD     r2,r3,[sp,#0x18]
S:0xC0042430	4160	ADCS     r0,r0,r4
S:0xC0042432	9000	STR      r0,[sp,#0]
S:0xC0042434	0588	LSLS     r0,r1,#22
S:0xC0042436	F24034FF	MOV      r4,#0x3ff
S:0xC004243A	2500	MOVS     r5,#0
S:0xC004243C	0D80	LSRS     r0,r0,#22
S:0xC004243E	1812	ADDS     r2,r2,r0
S:0xC0042440	F1430300	ADC      r3,r3,#0
S:0xC0042444	429D	CMP      r5,r3
S:0xC0042446	BF08	IT       EQ
S:0xC0042448	4294	CMP      r4,r2
S:0xC004244A	BF28	IT       CS
S:0xC004244C	F04F0C00	MOV      r12,#0
S:0xC0042450	D279	BCS      {pc}+0xf6 ; 0xc0042546
		Cycle Count: 21 (Atom Packet)
S:0xC0042546	9D06	LDR      r5,[sp,#0x18]
S:0xC0042548	9A09	LDR      r2,[sp,#0x24]
S:0xC004254A	9B07	LDR      r3,[sp,#0x1c]
S:0xC004254C	9C08	LDR      r4,[sp,#0x20]
S:0xC004254E	FB05F002	MUL      r0,r5,r2
S:0xC0042552	FB040003	MLA      r0,r4,r3,r0
S:0xC0042556	FBA52304	UMULL    r2,r3,r5,r4
S:0xC004255A	9D11	LDR      r5,[sp,#0x44]
S:0xC004255C	18C3	ADDS     r3,r0,r3
S:0xC004255E	0A90	LSRS     r0,r2,#10
S:0xC0042560	EA405083	ORR      r0,r0,r3,LSL #22
S:0xC0042564	B125	CBZ      r5,{pc}+0xc ; 0xc0042570
		Cycle Count: 411 (Atom Packet)
S:0xC0042566	F8DA2130	LDR      r2,[r10,#0x130]
S:0xC004256A	1812	ADDS     r2,r2,r0
S:0xC004256C	F8CA2130	STR      r2,[r10,#0x130]
S:0xC0042570	9A00	LDR      r2,[sp,#0]
S:0xC0042572	B122	CBZ      r2,{pc}+0xc ; 0xc004257e
		Cycle Count: 2 (Atom Packet)
S:0xC0042574	F8DA3160	LDR      r3,[r10,#0x160]
S:0xC0042578	181B	ADDS     r3,r3,r0
S:0xC004257A	F8CA3160	STR      r3,[r10,#0x160]
S:0xC004257E	9B06	LDR      r3,[sp,#0x18]
S:0xC0042580	18C9	ADDS     r1,r1,r3
S:0xC0042582	F8CA1134	STR      r1,[r10,#0x134]
S:0xC0042586	F1BC0F00	CMP      r12,#0
S:0xC004258A	F43FAE80	BEQ      {pc}-0x2fc ; 0xc004228e
		Cycle Count: 34 (Atom Packet)
S:0xC004228E	2500	MOVS     r5,#0
S:0xC0042290	F8C85030	STR      r5,[r8,#0x30]
S:0xC0042294	F8DAA120	LDR      r10,[r10,#0x120]
S:0xC0042298	F1BA0F00	CMP      r10,#0
S:0xC004229C	F0008195	BEQ.W    {pc}+0x32e ; 0xc00425ca
		Cycle Count: 9 (Atom Packet)
		Cycle Count: 13 (Branch Packet)
S:0xC00425CA	B017	ADD      sp,sp,#0x5c
S:0xC00425CC	E8BD8FF0	POP      {r4-r11,pc}
		Cycle Count: 5 (I-Sync Packet)
		Tracing enabled
S:0xC00421AC	B5F8	PUSH     {r3-r7,lr}
S:0xC00421AE	B500	PUSH     {lr}
S:0xC00421B0	F85DEB04	POP      {lr}
S:0xC00421B4	4607	MOV      r7,r0
S:0xC00421B6	6D05	LDR      r5,[r0,#0x50]
S:0xC00421B8	F1000448	ADD      r4,r0,#0x48
S:0xC00421BC	2D00	CMP      r5,#0
S:0xC00421BE	D043	BEQ      {pc}+0x8a ; 0xc0042248
		Cycle Count: 3 (Atom Packet)
S:0xC00421C0	6AE6	LDR      r6,[r4,#0x2c]
S:0xC00421C2	B106	CBZ      r6,{pc}+4 ; 0xc00421c6
		Cycle Count: 4 (Atom Packet)
S:0xC00421C4	3E08	SUBS     r6,r6,#8
S:0xC00421C6	6BE5	LDR      r5,[r4,#0x3c]
S:0xC00421C8	42B5	CMP      r5,r6
S:0xC00421CA	BF18	IT       NE
S:0xC00421CC	4635	MOV      r5,r6
S:0xC00421CE	D03D	BEQ      {pc}+0x7e ; 0xc004224c
		Cycle Count: 2 (Atom Packet)
S:0xC00421D0	6BA0	LDR      r0,[r4,#0x38]
S:0xC00421D2	B128	CBZ      r0,{pc}+0xe ; 0xc00421e0
		Cycle Count: 1 (Atom Packet)
S:0xC00421E0	6B60	LDR      r0,[r4,#0x34]
S:0xC00421E2	B128	CBZ      r0,{pc}+0xe ; 0xc00421f0
		Cycle Count: 1 (Atom Packet)
S:0xC00421E4	4631	MOV      r1,r6
S:0xC00421E6	F7FFF937	BL       {pc}-0xd8e ; 0xc0041458
		Cycle Count: 11 (Atom Packet)
S:0xC0041458	B538	PUSH     {r3-r5,lr}
S:0xC004145A	B500	PUSH     {lr}
S:0xC004145C	F85DEB04	POP      {lr}
S:0xC0041460	460A	MOV      r2,r1
S:0xC0041462	E9D0450C	LDRD     r4,r5,[r0,#0x30]
S:0xC0041466	E9D1010C	LDRD     r0,r1,[r1,#0x30]
S:0xC004146A	1A24	SUBS     r4,r4,r0
S:0xC004146C	EB650501	SBC      r5,r5,r1
S:0xC0041470	2C01	CMP      r4,#1
S:0xC0041472	F1750100	SBCS     r1,r5,#0
S:0xC0041476	DB0E	BLT      {pc}+0x20 ; 0xc0041496
		Cycle Count: 22 (Atom Packet)
		Cycle Count: 23 (Branch Packet)
S:0xC0041496	F04F30FF	MOV      r0,#0xffffffff
S:0xC004149A	BD38	POP      {r3-r5,pc}
S:0xC00421EA	2800	CMP      r0,#0
S:0xC00421EC	BFD8	IT       LE
S:0xC00421EE	6B65	LDR      r5,[r4,#0x34]
S:0xC00421F0	4620	MOV      r0,r4
S:0xC00421F2	4629	MOV      r1,r5
S:0xC00421F4	F7FFF89E	BL       {pc}-0xec0 ; 0xc0041334
		Cycle Count: 5 (Atom Packet)
S:0xC0041334	B430	PUSH     {r4,r5}
S:0xC0041336	B500	PUSH     {lr}
S:0xC0041338	F85DEB04	POP      {lr}
S:0xC004133C	6B83	LDR      r3,[r0,#0x38]
S:0xC004133E	428B	CMP      r3,r1
S:0xC0041340	D038	BEQ      {pc}+0x74 ; 0xc00413b4
		Cycle Count: 9 (Atom Packet)
S:0xC0041342	6B43	LDR      r3,[r0,#0x34]
S:0xC0041344	428B	CMP      r3,r1
S:0xC0041346	D01D	BEQ      {pc}+0x3e ; 0xc0041384
		Cycle Count: 1 (Atom Packet)
S:0xC0041384	2B00	CMP      r3,#0
S:0xC0041386	D0E2	BEQ      {pc}-0x38 ; 0xc004134e
		Cycle Count: 31 (Atom Packet)
S:0xC0041388	F8D34124	LDR      r4,[r3,#0x124]
S:0xC004138C	6B62	LDR      r2,[r4,#0x34]
S:0xC004138E	4293	CMP      r3,r2
S:0xC0041390	BF08	IT       EQ
S:0xC0041392	2500	MOVS     r5,#0
S:0xC0041394	D005	BEQ      {pc}+0xe ; 0xc00413a2
		Cycle Count: 27 (Atom Packet)
S:0xC00413A2	6365	STR      r5,[r4,#0x34]
S:0xC00413A4	F8D32120	LDR      r2,[r3,#0x120]
S:0xC00413A8	2A00	CMP      r2,#0
S:0xC00413AA	D1F5	BNE      {pc}-0x12 ; 0xc0041398
		Cycle Count: 20 (Atom Packet)
S:0xC00413AC	6BC3	LDR      r3,[r0,#0x3c]
S:0xC00413AE	428B	CMP      r3,r1
S:0xC00413B0	D1CD	BNE      {pc}-0x62 ; 0xc004134e
		Cycle Count: 20 (Atom Packet)
		Cycle Count: 9 (Branch Packet)
S:0xC004134E	BC30	POP      {r4,r5}
S:0xC0041350	4770	BX       lr
S:0xC00421F8	4620	MOV      r0,r4
S:0xC00421FA	4629	MOV      r1,r5
S:0xC00421FC	F7FFFE3E	BL       {pc}-0x380 ; 0xc0041e7c
		Cycle Count: 1 (Atom Packet)
S:0xC0041E7C	E92D4FF0	PUSH     {r4-r11,lr}
S:0xC0041E80	B091	SUB      sp,sp,#0x44
S:0xC0041E82	B500	PUSH     {lr}
S:0xC0041E84	F85DEB04	POP      {lr}
S:0xC0041E88	69CB	LDR      r3,[r1,#0x1c]
S:0xC0041E8A	4688	MOV      r8,r1
S:0xC0041E8C	4681	MOV      r9,r0
S:0xC0041E8E	2B00	CMP      r3,#0
S:0xC0041E90	D127	BNE      {pc}+0x52 ; 0xc0041ee2
		Cycle Count: 12 (Atom Packet)
S:0xC0041EE2	F7FEF89B	BL       {pc}-0x1ec6 ; 0xc004001c
		Cycle Count: 2 (Atom Packet)
S:0xC004001C	E92D4FF8	PUSH     {r3-r11,lr}
S:0xC0040020	B500	PUSH     {lr}
S:0xC0040022	F85DEB04	POP      {lr}
S:0xC0040026	F04F0A01	MOV      r10,#1
S:0xC004002A	F8D03084	LDR      r3,[r0,#0x84]
S:0xC004002E	F04F0B00	MOV      r11,#0
S:0xC0040032	E9D16712	LDRD     r6,r7,[r1,#0x48]
S:0xC0040036	4688	MOV      r8,r1
S:0xC0040038	F503638F	ADD      r3,r3,#0x478
S:0xC004003C	E9D14514	LDRD     r4,r5,[r1,#0x50]
S:0xC0040040	E9D32300	LDRD     r2,r3,[r3,#0]
S:0xC0040044	1B92	SUBS     r2,r2,r6
S:0xC0040046	EB630307	SBC      r3,r3,r7
S:0xC004004A	42AB	CMP      r3,r5
S:0xC004004C	BF08	IT       EQ
S:0xC004004E	42A2	CMP      r2,r4
S:0xC0040050	BF3C	ITT      CC
S:0xC0040052	4622	MOV      r2,r4
S:0xC0040054	462B	MOV      r3,r5
S:0xC0040056	E9D14516	LDRD     r4,r5,[r1,#0x58]
S:0xC004005A	E9C12314	STRD     r2,r3,[r1,#0x50]
S:0xC004005E	EB14040A	ADDS     r4,r4,r10
S:0xC0040062	EB45050B	ADC      r5,r5,r11
S:0xC0040066	E9C14516	STRD     r4,r5,[r1,#0x58]
S:0xC004006A	F8D03084	LDR      r3,[r0,#0x84]
S:0xC004006E	E9D14518	LDRD     r4,r5,[r1,#0x60]
S:0xC0040072	F503638F	ADD      r3,r3,#0x478
S:0xC0040076	F8D11128	LDR      r1,[r1,#0x128]
S:0xC004007A	E9D32300	LDRD     r2,r3,[r3,#0]
S:0xC004007E	1912	ADDS     r2,r2,r4
S:0xC0040080	EB430305	ADC      r3,r3,r5
S:0xC0040084	1B92	SUBS     r2,r2,r6
S:0xC0040086	EB630307	SBC      r3,r3,r7
S:0xC004008A	E9C82318	STRD     r2,r3,[r8,#0x60]
S:0xC004008E	B129	CBZ      r1,{pc}+0xe ; 0xc004009c
		Cycle Count: 48 (Atom Packet)
S:0xC004009C	490E	LDR      r1,[pc,#56] ; [0xC00400D8] = 0xC0636058
S:0xC004009E	F8D03084	LDR      r3,[r0,#0x84]
S:0xC00400A2	6848	LDR      r0,[r1,#4]
S:0xC00400A4	F503638F	ADD      r3,r3,#0x478
S:0xC00400A8	E9D32300	LDRD     r2,r3,[r3,#0]
S:0xC00400AC	2800	CMP      r0,#0
S:0xC00400AE	D0EF	BEQ      {pc}-0x1e ; 0xc0040090
		Cycle Count: 26 (Atom Packet)
		Cycle Count: 4 (Branch Packet)
S:0xC0040090	2200	MOVS     r2,#0
S:0xC0040092	2300	MOVS     r3,#0
S:0xC0040094	E9C82312	STRD     r2,r3,[r8,#0x48]
S:0xC0040098	E8BD8FF8	POP      {r3-r11,pc}
S:0xC0041EE6	4648	MOV      r0,r9
S:0xC0041EE8	4641	MOV      r1,r8
S:0xC0041EEA	F7FEFAC7	BL       {pc}-0x1a6e ; 0xc004047c
		Cycle Count: 1 (Atom Packet)
S:0xC004047C	B538	PUSH     {r3-r5,lr}
S:0xC004047E	B500	PUSH     {lr}
S:0xC0040480	F85DEB04	POP      {lr}
S:0xC0040484	F1010508	ADD      r5,r1,#8
S:0xC0040488	6AC3	LDR      r3,[r0,#0x2c]
S:0xC004048A	4604	MOV      r4,r0
S:0xC004048C	42AB	CMP      r3,r5
S:0xC004048E	D006	BEQ      {pc}+0x10 ; 0xc004049e
		Cycle Count: 16 (Atom Packet)
S:0xC004049E	4628	MOV      r0,r5
S:0xC00404A0	F216F87E	BL       {pc}+0x216100 ; 0xc02565a0
		Cycle Count: 2 (Atom Packet)
		Cycle Count: 59 (I-Sync Packet)
		Tracing enabled
S:0xC00404A4	62E0	STR      r0,[r4,#0x2c]
S:0xC00404A6	E7F3	B        {pc}-0x16 ; 0xc0040490
		Cycle Count: 4 (Atom Packet)
S:0xC0040490	4628	MOV      r0,r5
S:0xC0040492	F1040128	ADD      r1,r4,#0x28
S:0xC0040496	E8BD4038	POP      {r3-r5,lr}
S:0xC004049A	F215BECF	B.W      {pc}+0x215da2 ; 0xc025623c
		Cycle Count: 10 (Atom Packet)
		Cycle Count: 69 (I-Sync Packet)
		Tracing enabled
S:0xC0041EEE	F8D8A124	LDR      r10,[r8,#0x124]
S:0xC0041EF2	F8D83128	LDR      r3,[r8,#0x128]
S:0xC0041EF6	F8DA2084	LDR      r2,[r10,#0x84]
S:0xC0041EFA	F8D274C0	LDR      r7,[r2,#0x4c0]
S:0xC0041EFE	9704	STR      r7,[sp,#0x10]
S:0xC0041F00	2B00	CMP      r3,#0
S:0xC0041F02	F0008108	BEQ.W    {pc}+0x214 ; 0xc0042116
		Cycle Count: 11 (Atom Packet)
S:0xC0042116	F5026290	ADD      r2,r2,#0x480
S:0xC004211A	E9D26700	LDRD     r6,r7,[r2,#0]
S:0xC004211E	E6F8	B        {pc}-0x20c ; 0xc0041f12
		Cycle Count: 2 (Atom Packet)
S:0xC0041F12	46C3	MOV      r11,r8
S:0xC0041F14	F8D8201C	LDR      r2,[r8,#0x1c]
S:0xC0041F18	F8DA3030	LDR      r3,[r10,#0x30]
S:0xC0041F1C	E9FB014E	LDRD     r0,r1,[r11,#0x138]!
S:0xC0041F20	9209	STR      r2,[sp,#0x24]
S:0xC0041F22	1A30	SUBS     r0,r6,r0
S:0xC0041F24	EB670101	SBC      r1,r7,r1
S:0xC0041F28	9306	STR      r3,[sp,#0x18]
S:0xC0041F2A	F7FDFD17	BL       {pc}-0x25ce ; 0xc003f95c
		Cycle Count: 4 (Atom Packet)
		Cycle Count: 26 (Branch Packet)
S:0xC003F95C	E92D03F0	PUSH     {r4-r9}
S:0xC003F960	B500	PUSH     {lr}
S:0xC003F962	F85DEB04	POP      {lr}
S:0xC003F966	F64B7640	MOV      r6,#0xbf40
S:0xC003F96A	F2CC0664	MOVT     r6,#0xc064
S:0xC003F96E	6876	LDR      r6,[r6,#4]
S:0xC003F970	FBA18906	UMULL    r8,r9,r1,r6
S:0xC003F974	EA4F7CE6	ASR      r12,r6,#31
S:0xC003F978	FBA06706	UMULL    r6,r7,r0,r6
S:0xC003F97C	FB01990C	MLA      r9,r1,r12,r9
S:0xC003F980	EA4F4408	LSL      r4,r8,#16
S:0xC003F984	FB00770C	MLA      r7,r0,r12,r7
S:0xC003F988	0C32	LSRS     r2,r6,#16
S:0xC003F98A	EA4F4509	LSL      r5,r9,#16
S:0xC003F98E	EA454518	ORR      r5,r5,r8,LSR #16
S:0xC003F992	EA424207	ORR      r2,r2,r7,LSL #16
S:0xC003F996	0C3B	LSRS     r3,r7,#16
S:0xC003F998	1912	ADDS     r2,r2,r4
S:0xC003F99A	EB430305	ADC      r3,r3,r5
S:0xC003F99E	4610	MOV      r0,r2
S:0xC003F9A0	4619	MOV      r1,r3
S:0xC003F9A2	E8BD03F0	POP      {r4-r9}
S:0xC003F9A6	4770	BX       lr
S:0xC0041F2E	2800	CMP      r0,#0
S:0xC0041F30	F1710C00	SBCS     r12,r1,#0
S:0xC0041F34	F2C080D9	BLT.W    {pc}+0x1b6 ; 0xc00420ea
		Cycle Count: 1 (Atom Packet)
S:0xC0041F38	0A84	LSRS     r4,r0,#10
S:0xC0041F3A	0A8D	LSRS     r5,r1,#10
S:0xC0041F3C	EA445481	ORR      r4,r4,r1,LSL #22
S:0xC0041F40	EA540005	ORRS     r0,r4,r5
S:0xC0041F44	D0A5	BEQ      {pc}-0xb2 ; 0xc0041e92
		Cycle Count: 5 (Atom Packet)
S:0xC0041E92	F8D93084	LDR      r3,[r9,#0x84]
S:0xC0041E96	F5036390	ADD      r3,r3,#0x480
S:0xC0041E9A	E9D32300	LDRD     r2,r3,[r3,#0]
S:0xC0041E9E	E9C82308	STRD     r2,r3,[r8,#0x20]
S:0xC0041EA2	F8D92084	LDR      r2,[r9,#0x84]
S:0xC0041EA6	F8C98030	STR      r8,[r9,#0x30]
S:0xC0041EAA	F8D83000	LDR      r3,[r8,#0]
S:0xC0041EAE	6B12	LDR      r2,[r2,#0x30]
S:0xC0041EB0	EBB20F43	CMP      r2,r3,LSL #1
S:0xC0041EB4	E9D8230A	LDRD     r2,r3,[r8,#0x28]
S:0xC0041EB8	D30E	BCC      {pc}+0x20 ; 0xc0041ed8
		Cycle Count: 8 (Atom Packet)
		Cycle Count: 33 (Branch Packet)
S:0xC0041EBA	E9D8010E	LDRD     r0,r1,[r8,#0x38]
S:0xC0041EBE	E9D8452A	LDRD     r4,r5,[r8,#0xa8]
S:0xC0041EC2	1A10	SUBS     r0,r2,r0
S:0xC0041EC4	EB630101	SBC      r1,r3,r1
S:0xC0041EC8	42A9	CMP      r1,r5
S:0xC0041ECA	BF08	IT       EQ
S:0xC0041ECC	42A0	CMP      r0,r4
S:0xC0041ECE	BF3C	ITT      CC
S:0xC0041ED0	4620	MOV      r0,r4
S:0xC0041ED2	4629	MOV      r1,r5
S:0xC0041ED4	E9C8012A	STRD     r0,r1,[r8,#0xa8]
S:0xC0041ED8	E9C8230E	STRD     r2,r3,[r8,#0x38]
S:0xC0041EDC	B011	ADD      sp,sp,#0x44
S:0xC0041EDE	E8BD8FF0	POP      {r4-r11,pc}
S:0xC0042200	F8D54128	LDR      r4,[r5,#0x128]
S:0xC0042204	2C00	CMP      r4,#0
S:0xC0042206	D1DB	BNE      {pc}-0x46 ; 0xc00421c0
		Cycle Count: 1 (Atom Packet)
S:0xC0042208	4B18	LDR      r3,[pc,#96] ; [0xC004226C] = 0xC05FC568
S:0xC004220A	3D38	SUBS     r5,r5,#0x38
S:0xC004220C	681B	LDR      r3,[r3,#0]
S:0xC004220E	061A	LSLS     r2,r3,#24
S:0xC0042210	D51A	BPL      {pc}+0x38 ; 0xc0042248
		Cycle Count: 16 (Atom Packet)
		Cycle Count: 4 (Branch Packet)
S:0xC0042248	4628	MOV      r0,r5
S:0xC004224A	BDF8	POP      {r3-r7,pc}
		Cycle Count: 288 (I-Sync Packet)
		Tracing enabled
S:0xC000CCF8	F1010C1C	ADD      r12,r1,#0x1c
S:0xC000CCFC	6E13	LDR      r3,[r2,#0x60]
S:0xC000CCFE	E8AC0FF0	STM      r12!,{r4-r11}
S:0xC000CD02	F84CDB04	STR      sp,[r12],#4
S:0xC000CD06	F84CEB04	STR      lr,[r12],#4
S:0xC000CD0A	EE0D3F70	MCR      p15,#0x0,r3,c13,c0,#3
S:0xC000CD0E	F04F0400	MOV      r4,#0
S:0xC000CD12	EE0D4F50	MCR      p15,#0x0,r4,c13,c0,#2
S:0xC000CD16	4605	MOV      r5,r0
S:0xC000CD18	F102041C	ADD      r4,r2,#0x1c
S:0xC000CD1C	4806	LDR      r0,[pc,#24] ; [0xC000CD38] = 0xC0637C50
S:0xC000CD1E	F04F0102	MOV      r1,#2
S:0xC000CD22	F029FDF7	BL       {pc}+0x29bf2 ; 0xc0036914
		Cycle Count: 208 (Atom Packet)
S:0xC0036914	B510	PUSH     {r4,lr}
S:0xC0036916	B082	SUB      sp,sp,#8
S:0xC0036918	B500	PUSH     {lr}
S:0xC003691A	F85DEB04	POP      {lr}
S:0xC003691E	2400	MOVS     r4,#0
S:0xC0036920	F04F33FF	MOV      r3,#0xffffffff
S:0xC0036924	9400	STR      r4,[sp,#0]
S:0xC0036926	F7FFFFE9	BL       {pc}-0x2a ; 0xc00368fc
		Cycle Count: 2 (Atom Packet)
S:0xC00368FC	B510	PUSH     {r4,lr}
S:0xC00368FE	B082	SUB      sp,sp,#8
S:0xC0036900	B500	PUSH     {lr}
S:0xC0036902	F85DEB04	POP      {lr}
S:0xC0036906	9C04	LDR      r4,[sp,#0x10]
S:0xC0036908	9400	STR      r4,[sp,#0]
S:0xC003690A	3004	ADDS     r0,#4
S:0xC003690C	F7FFFFCC	BL       {pc}-0x64 ; 0xc00368a8
		Cycle Count: 2 (Atom Packet)
S:0xC00368A8	E92D41F0	PUSH     {r4-r8,lr}
S:0xC00368AC	B500	PUSH     {lr}
S:0xC00368AE	F85DEB04	POP      {lr}
S:0xC00368B2	461D	MOV      r5,r3
S:0xC00368B4	6804	LDR      r4,[r0,#0]
S:0xC00368B6	460F	MOV      r7,r1
S:0xC00368B8	4690	MOV      r8,r2
S:0xC00368BA	9E06	LDR      r6,[sp,#0x18]
S:0xC00368BC	2B00	CMP      r3,#0
S:0xC00368BE	BF18	IT       NE
S:0xC00368C0	2C00	CMP      r4,#0
S:0xC00368C2	BF0C	ITE      EQ
S:0xC00368C4	2000	MOVS     r0,#0
S:0xC00368C6	2001	MOVS     r0,#1
S:0xC00368C8	D10A	BNE      {pc}+0x18 ; 0xc00368e0
		Cycle Count: 29 (Atom Packet)
		Cycle Count: 18 (Branch Packet)
S:0xC00368E0	6823	LDR      r3,[r4,#0]
S:0xC00368E2	4620	MOV      r0,r4
S:0xC00368E4	4639	MOV      r1,r7
S:0xC00368E6	4642	MOV      r2,r8
S:0xC00368E8	6864	LDR      r4,[r4,#4]
S:0xC00368EA	4798	BLX      r3
S:0xC0008C20	B538	PUSH     {r3-r5,lr}
S:0xC0008C22	B500	PUSH     {lr}
S:0xC0008C24	F85DEB04	POP      {lr}
S:0xC0008C28	4614	MOV      r4,r2
S:0xC0008C2A	2903	CMP      r1,#3
S:0xC0008C2C	D816	BHI      {pc}+0x30 ; 0xc0008c5c
		Cycle Count: 50 (Atom Packet)
		Cycle Count: 8 (Branch Packet)
S:0xC0008C2E	E8DFF001	TBB      [pc,r1]
S:0xC0008C60	EEF84A10	VMRS     r4,FPEXC
S:0xC0008C64	0060	LSLS     r0,r4,#1
S:0xC0008C66	6953	LDR      r3,[r2,#0x14]
S:0xC0008C68	D507	BPL      {pc}+0x12 ; 0xc0008c7a
		Cycle Count: 21 (Atom Packet)
		Cycle Count: 54 (Branch Packet)
S:0xC0008C7A	F0244480	BIC      r4,r4,#0x40000000
S:0xC0008C7E	EEE84A10	VMSR     FPEXC,r4
S:0xC0008C82	2000	MOVS     r0,#0
S:0xC0008C84	BD38	POP      {r3-r5,pc}
S:0xC00368EC	B116	CBZ      r6,{pc}+8 ; 0xc00368f4
		Cycle Count: 1 (Atom Packet)
S:0xC00368F4	0403	LSLS     r3,r0,#16
S:0xC00368F6	D5E9	BPL      {pc}-0x2a ; 0xc00368cc
		Cycle Count: 1 (Atom Packet)
S:0xC00368CC	3D01	SUBS     r5,#1
S:0xC00368CE	BF0C	ITE      EQ
S:0xC00368D0	2300	MOVS     r3,#0
S:0xC00368D2	2301	MOVS     r3,#1
S:0xC00368D4	2C00	CMP      r4,#0
S:0xC00368D6	BF0C	ITE      EQ
S:0xC00368D8	2300	MOVS     r3,#0
S:0xC00368DA	F0030301	AND      r3,r3,#1
S:0xC00368DE	B15B	CBZ      r3,{pc}+0x1a ; 0xc00368f8
		Cycle Count: 3 (Atom Packet)
		Cycle Count: 8 (Branch Packet)
S:0xC00368F8	E8BD81F0	POP      {r4-r8,pc}
		Cycle Count: 2 (Branch Packet)
S:0xC0036910	B002	ADD      sp,sp,#8
S:0xC0036912	BD10	POP      {r4,pc}
		Cycle Count: 3 (Branch Packet)
S:0xC003692A	B002	ADD      sp,sp,#8
S:0xC003692C	BD10	POP      {r4,pc}
		Cycle Count: 15 (Branch Packet)
S:0xC000CD26	46A4	MOV      r12,r4
S:0xC000CD28	4628	MOV      r0,r5
S:0xC000CD2A	E8BC0FF0	LDM      r12!,{r4-r11}
S:0xC000CD2E	F85CDB04	LDR      sp,[r12],#4
S:0xC000CD32	F8DCF000	LDR      pc,[r12,#0]
S:0xC03E398E	?	Cannot access target memory
		Cycle Count: 225 (Atom Packet)
S:?	?	Unknown instruction address
		Cycle Count: 279 (Atom Packet)
S:?	?	Unknown instruction address
		Cycle Count: 446 (Atom Packet)
S:?	?	Unknown instruction address
		Cycle Count: 5 (Atom Packet)
		Cycle Count: 12 (Branch Packet)
S:?	?	Unknown instruction address
		Cycle Count: 158 (I-Sync Packet)
		Tracing enabled
S:0xC002ECA6	E75C	B        {pc}-0x144 ; 0xc002eb62
		Cycle Count: 125 (Atom Packet)
S:0xC002EB62	4658	MOV      r0,r11
S:0xC002EB64	F3B5FD5E	BL       {pc}+0x3b5ac0 ; 0xc03e4624
		Cycle Count: 112 (Atom Packet)
		Cycle Count: 97 (I-Sync Packet)
		Tracing enabled
S:0xC002EB68	6AE2	LDR      r2,[r4,#0x2c]
S:0xC002EB6A	0790	LSLS     r0,r2,#30
S:0xC002EB6C	F10080C1	BMI.W    {pc}+0x186 ; 0xc002ecf2
		Cycle Count: 98 (Atom Packet)
S:0xC002EB70	0751	LSLS     r1,r2,#29
S:0xC002EB72	6A66	LDR      r6,[r4,#0x24]
S:0xC002EB74	F14080B5	BPL.W    {pc}+0x16e ; 0xc002ece2
		Cycle Count: 3 (Atom Packet)
S:0xC002EB78	6A20	LDR      r0,[r4,#0x20]
S:0xC002EB7A	4647	MOV      r7,r8
S:0xC002EB7C	F8D8100C	LDR      r1,[r8,#0xc]
S:0xC002EB80	4288	CMP      r0,r1
S:0xC002EB82	F040809F	BNE.W    {pc}+0x142 ; 0xc002ecc4
		Cycle Count: 2 (Atom Packet)
S:0xC002EB86	F0220204	BIC      r2,r2,#4
S:0xC002EB8A	62E2	STR      r2,[r4,#0x2c]
S:0xC002EB8C	6A32	LDR      r2,[r6,#0x20]
S:0xC002EB8E	F10B0514	ADD      r5,r11,#0x14
S:0xC002EB92	3A01	SUBS     r2,#1
S:0xC002EB94	6232	STR      r2,[r6,#0x20]
S:0xC002EB96	E8940006	LDM      r4,{r1,r2}
S:0xC002EB9A	604A	STR      r2,[r1,#4]
S:0xC002EB9C	6011	STR      r1,[r2,#0]
S:0xC002EB9E	6024	STR      r4,[r4,#0]
S:0xC002EBA0	6064	STR      r4,[r4,#4]
S:0xC002EBA2	F1040618	ADD      r6,r4,#0x18
S:0xC002EBA6	F04F0901	MOV      r9,#1
S:0xC002EBAA	F8DB2014	LDR      r2,[r11,#0x14]
S:0xC002EBAE	4295	CMP      r5,r2
S:0xC002EBB0	D07A	BEQ      {pc}+0xf8 ; 0xc002eca8
		Cycle Count: 17 (Atom Packet)
S:0xC002EBB2	F8DB2200	LDR      r2,[r11,#0x200]
S:0xC002EBB6	2A00	CMP      r2,#0
S:0xC002EBB8	D156	BNE      {pc}+0xb0 ; 0xc002ec68
		Cycle Count: 2 (Atom Packet)
S:0xC002EBBA	F8DB2020	LDR      r2,[r11,#0x20]
S:0xC002EBBE	2A00	CMP      r2,#0
S:0xC002EBC0	F00080CF	BEQ.W    {pc}+0x1a2 ; 0xc002ed62
		Cycle Count: 1 (Atom Packet)
S:0xC002EBC4	69A2	LDR      r2,[r4,#0x18]
S:0xC002EBC6	4296	CMP      r6,r2
S:0xC002EBC8	F04080D5	BNE.W    {pc}+0x1ae ; 0xc002ed76
		Cycle Count: 1 (Atom Packet)
S:0xC002EBCC	6A20	LDR      r0,[r4,#0x20]
S:0xC002EBCE	68F9	LDR      r1,[r7,#0xc]
S:0xC002EBD0	6A63	LDR      r3,[r4,#0x24]
S:0xC002EBD2	4288	CMP      r0,r1
S:0xC002EBD4	6AE2	LDR      r2,[r4,#0x2c]
S:0xC002EBD6	F04080B2	BNE.W    {pc}+0x168 ; 0xc002ed3e
		Cycle Count: 3 (Atom Packet)
S:0xC002EBDA	4611	MOV      r1,r2
S:0xC002EBDC	F4127FE4	TST      r2,#0x1c8
S:0xC002EBE0	F4217084	BIC      r0,r1,#0x108
S:0xC002EBE4	62E0	STR      r0,[r4,#0x2c]
S:0xC002EBE6	D00D	BEQ      {pc}+0x1e ; 0xc002ec04
		Cycle Count: 1 (Atom Packet)
S:0xC002EBE8	F0110FC0	TST      r1,#0xc0
S:0xC002EBEC	D10A	BNE      {pc}+0x18 ; 0xc002ec04
		Cycle Count: 2 (Atom Packet)
S:0xC002EBEE	F5037200	ADD      r2,r3,#0x200
S:0xC002EBF2	E8521F00	LDREX    r1,[r2]
S:0xC002EBF6	F1010101	ADD      r1,r1,#1
S:0xC002EBFA	E8421000	STREX    r0,r1,[r2]
S:0xC002EBFE	F0900F00	TEQ      r0,#0
S:0xC002EC02	D1F6	BNE      {pc}-0x10 ; 0xc002ebf2
		Cycle Count: 40 (Atom Packet)
S:0xC002EC04	F8DB1014	LDR      r1,[r11,#0x14]
S:0xC002EC08	F8513C04	LDR      r3,[r1,#-4]
S:0xC002EC0C	1F0A	SUBS     r2,r1,#4
S:0xC002EC0E	4620	MOV      r0,r4
S:0xC002EC10	4611	MOV      r1,r2
S:0xC002EC12	071B	LSLS     r3,r3,#28
S:0xC002EC14	D44D	BMI      {pc}+0x9e ; 0xc002ecb2
		Cycle Count: 32 (Atom Packet)
S:0xC002EC16	F7FFFD17	BL       {pc}-0x5ce ; 0xc002e648
		Cycle Count: 3 (Atom Packet)
S:0xC002E648	E92D4FF0	PUSH     {r4-r11,lr}
S:0xC002E64C	B085	SUB      sp,sp,#0x14
S:0xC002E64E	B500	PUSH     {lr}
S:0xC002E650	F85DEB04	POP      {lr}
S:0xC002E654	680B	LDR      r3,[r1,#0]
S:0xC002E656	460D	MOV      r5,r1
S:0xC002E658	4604	MOV      r4,r0
S:0xC002E65A	F0130904	ANDS     r9,r3,#4
S:0xC002E65E	6A46	LDR      r6,[r0,#0x24]
S:0xC002E660	BF18	IT       NE
S:0xC002E662	F02309FF	BIC      r9,r3,#0xff
S:0xC002E666	6AC3	LDR      r3,[r0,#0x2c]
S:0xC002E668	F8D92004	LDR      r2,[r9,#4]
S:0xC002E66C	F8D22080	LDR      r2,[r2,#0x80]
S:0xC002E670	F3C21A40	UBFX     r10,r2,#5,#1
S:0xC002E674	061A	LSLS     r2,r3,#24
S:0xC002E676	D402	BMI      {pc}+8 ; 0xc002e67e
		Cycle Count: 153 (Atom Packet)
S:0xC002E678	6933	LDR      r3,[r6,#0x10]
S:0xC002E67A	075B	LSLS     r3,r3,#29
S:0xC002E67C	D57A	BPL      {pc}+0xf8 ; 0xc002e774
		Cycle Count: 1 (Atom Packet)
S:0xC002E774	466A	MOV      r2,sp
S:0xC002E776	6873	LDR      r3,[r6,#4]
S:0xC002E778	F42258FF	BIC      r8,r2,#0x1fe0
S:0xC002E77C	F028081F	BIC      r8,r8,#0x1f
S:0xC002E780	F8D82014	LDR      r2,[r8,#0x14]
S:0xC002E784	429A	CMP      r2,r3
S:0xC002E786	F43FAF7A	BEQ      {pc}-0x108 ; 0xc002e67e
		Cycle Count: 246 (Atom Packet)
S:0xC002E67E	4629	MOV      r1,r5
S:0xC002E680	4630	MOV      r0,r6
S:0xC002E682	F7FDFF33	BL       {pc}-0x2196 ; 0xc002c4ec
		Cycle Count: 2 (Atom Packet)
S:0xC002C4EC	B500	PUSH     {lr}
S:0xC002C4EE	F85DEB04	POP      {lr}
S:0xC002C4F2	2301	MOVS     r3,#1
S:0xC002C4F4	F6C96337	MOVT     r3,#0x9e37
S:0xC002C4F8	FB03F301	MUL      r3,r3,r1
S:0xC002C4FC	0E9B	LSRS     r3,r3,#26
S:0xC002C4FE	EB000083	ADD      r0,r0,r3,LSL #2
S:0xC002C502	F8D00094	LDR      r0,[r0,#0x94]
S:0xC002C506	B938	CBNZ     r0,{pc}+0x12 ; 0xc002c518
		Cycle Count: 129 (Atom Packet)
		Cycle Count: 1 (Branch Packet)
S:0xC002C508	4770	BX       lr
S:0xC002E686	4601	MOV      r1,r0
S:0xC002E688	2800	CMP      r0,#0
S:0xC002E68A	F04080C5	BNE.W    {pc}+0x18e ; 0xc002e818
		Cycle Count: 1 (Atom Packet)
S:0xC002E68E	2301	MOVS     r3,#1
S:0xC002E690	F6C96337	MOVT     r3,#0x9e37
S:0xC002E694	FB03F305	MUL      r3,r3,r5
S:0xC002E698	0E9B	LSRS     r3,r3,#26
S:0xC002E69A	3320	ADDS     r3,r3,#0x20
S:0xC002E69C	EB060383	ADD      r3,r6,r3,LSL #2
S:0xC002E6A0	F1030114	ADD      r1,r3,#0x14
S:0xC002E6A4	695A	LDR      r2,[r3,#0x14]
S:0xC002E6A6	6022	STR      r2,[r4,#0]
S:0xC002E6A8	B102	CBZ      r2,{pc}+4 ; 0xc002e6ac
		Cycle Count: 17 (Atom Packet)
S:0xC002E6AC	615C	STR      r4,[r3,#0x14]
S:0xC002E6AE	462B	MOV      r3,r5
S:0xC002E6B0	6061	STR      r1,[r4,#4]
S:0xC002E6B2	60A5	STR      r5,[r4,#8]
S:0xC002E6B4	68EA	LDR      r2,[r5,#0xc]
S:0xC002E6B6	F8C49010	STR      r9,[r4,#0x10]
S:0xC002E6BA	60E2	STR      r2,[r4,#0xc]
S:0xC002E6BC	F8530B04	LDR      r0,[r3],#4
S:0xC002E6C0	68AA	LDR      r2,[r5,#8]
S:0xC002E6C2	6869	LDR      r1,[r5,#4]
S:0xC002E6C4	F3C01003	UBFX     r0,r0,#4,#4
S:0xC002E6C8	9003	STR      r0,[sp,#0xc]
S:0xC002E6CA	604A	STR      r2,[r1,#4]
S:0xC002E6CC	6011	STR      r1,[r2,#0]
S:0xC002E6CE	606B	STR      r3,[r5,#4]
S:0xC002E6D0	60AB	STR      r3,[r5,#8]
S:0xC002E6D2	F1BA0F00	CMP      r10,#0
S:0xC002E6D6	D173	BNE      {pc}+0xea ; 0xc002e7c0
		Cycle Count: 33 (Atom Packet)
S:0xC002E6D8	466B	MOV      r3,sp
S:0xC002E6DA	F42358FF	BIC      r8,r3,#0x1fe0
S:0xC002E6DE	6AE3	LDR      r3,[r4,#0x2c]
S:0xC002E6E0	F028081F	BIC      r8,r8,#0x1f
S:0xC002E6E4	061F	LSLS     r7,r3,#24
S:0xC002E6E6	D50A	BPL      {pc}+0x18 ; 0xc002e6fe
		Cycle Count: 5 (Atom Packet)
S:0xC002E6FE	4628	MOV      r0,r5
S:0xC002E700	68F1	LDR      r1,[r6,#0xc]
S:0xC002E702	F7FDFFDB	BL       {pc}-0x2046 ; 0xc002c6bc
		Cycle Count: 19 (Atom Packet)
S:0xC002C6BC	B570	PUSH     {r4-r6,lr}
S:0xC002C6BE	B500	PUSH     {lr}
S:0xC002C6C0	F85DEB04	POP      {lr}
S:0xC002C6C4	4604	MOV      r4,r0
S:0xC002C6C6	F3BF8F5F	DMB      
S:0xC002C6CA	6803	LDR      r3,[r0,#0]
S:0xC002C6CC	014D	LSLS     r5,r1,#5
S:0xC002C6CE	07DA	LSLS     r2,r3,#31
S:0xC002C6D0	D501	BPL      {pc}+6 ; 0xc002c6d6
		Cycle Count: 242 (Atom Packet)
		Cycle Count: 3 (Branch Packet)
S:0xC002C6D2	6025	STR      r5,[r4,#0]
S:0xC002C6D4	BD70	POP      {r4-r6,pc}
S:0xC002E706	F3BF8F5F	DMB      
S:0xC002E70A	8833	LDRH     r3,[r6,#0]
S:0xC002E70C	3301	ADDS     r3,#1
S:0xC002E70E	8033	STRH     r3,[r6,#0]
S:0xC002E710	F3BF8F4F	DSB      
S:0xC002E714	F3AF8004	SEV.W    
S:0xC002E718	B662	CPSIE    i
S:0xC002E71A	4F6F	LDR      r7,[pc,#444] ; [0xC002E8D8] = 0xC0635EB4
S:0xC002E71C	6AFB	LDR      r3,[r7,#0x2c]
S:0xC002E71E	2B00	CMP      r3,#0
S:0xC002E720	D140	BNE      {pc}+0x84 ; 0xc002e7a4
		Cycle Count: 746 (Atom Packet)
		Cycle Count: 2 (Branch Packet)
S:0xC002E722	68E3	LDR      r3,[r4,#0xc]
S:0xC002E724	4628	MOV      r0,r5
S:0xC002E726	4798	BLX      r3
		Cycle Count: 4,416 (I-Sync Packet)
		Tracing enabled
S:0xC003923C	E92D43F0	PUSH     {r4-r9,lr}
S:0xC0039240	B083	SUB      sp,sp,#0xc
S:0xC0039242	AF02	ADD      r7,sp,#8
S:0xC0039244	B500	PUSH     {lr}
S:0xC0039246	F85DEB04	POP      {lr}
S:0xC003924A	4604	MOV      r4,r0
S:0xC003924C	4699	MOV      r9,r3
S:0xC003924E	4688	MOV      r8,r1
S:0xC0039250	4616	MOV      r6,r2
S:0xC0039252	F3ABF9C9	BL       {pc}+0x3ab396 ; 0xc03e45e8
		Cycle Count: 42 (Atom Packet)
		Cycle Count: 241 (I-Sync Packet)
		Tracing enabled
S:0xC0039256	4641	MOV      r1,r8
S:0xC0039258	F8CD9000	STR      r9,[sp,#0]
S:0xC003925C	4632	MOV      r2,r6
S:0xC003925E	2300	MOVS     r3,#0
S:0xC0039260	4605	MOV      r5,r0
S:0xC0039262	4620	MOV      r0,r4
S:0xC0039264	F7FFFB9C	BL       {pc}-0x8c4 ; 0xc00389a0
		Cycle Count: 1 (Atom Packet)
S:0xC00389A0	E92D4FF0	PUSH     {r4-r11,lr}
S:0xC00389A4	B083	SUB      sp,sp,#0xc
S:0xC00389A6	AF00	ADD      r7,sp,#0
S:0xC00389A8	B500	PUSH     {lr}
S:0xC00389AA	F85DEB04	POP      {lr}
S:0xC00389AE	4680	MOV      r8,r0
S:0xC00389B0	469A	MOV      r10,r3
S:0xC00389B2	468B	MOV      r11,r1
S:0xC00389B4	607A	STR      r2,[r7,#4]
S:0xC00389B6	F8583F04	LDR      r3,[r8,#4]!
S:0xC00389BA	F8D79030	LDR      r9,[r7,#0x30]
S:0xC00389BE	4598	CMP      r8,r3
S:0xC00389C0	F1A3040C	SUB      r4,r3,#0xc
S:0xC00389C4	681D	LDR      r5,[r3,#0]
S:0xC00389C6	F1A5050C	SUB      r5,r5,#0xc
S:0xC00389CA	D016	BEQ      {pc}+0x30 ; 0xc00389fa
		Cycle Count: 32 (Atom Packet)
		Cycle Count: 8 (Branch Packet)
S:0xC00389CC	F8D4C008	LDR      r12,[r4,#8]
S:0xC00389D0	4620	MOV      r0,r4
S:0xC00389D2	464B	MOV      r3,r9
S:0xC00389D4	4659	MOV      r1,r11
S:0xC00389D6	4652	MOV      r2,r10
S:0xC00389D8	6826	LDR      r6,[r4,#0]
S:0xC00389DA	47E0	BLX      r12
		Cycle Count: 182 (I-Sync Packet)
		Tracing enabled
S:0xC003D6A0	B488	PUSH     {r3,r7}
S:0xC003D6A2	AF00	ADD      r7,sp,#0
S:0xC003D6A4	B500	PUSH     {lr}
S:0xC003D6A6	F85DEB04	POP      {lr}
S:0xC003D6AA	6840	LDR      r0,[r0,#4]
S:0xC003D6AC	46BD	MOV      sp,r7
S:0xC003D6AE	BC88	POP      {r3,r7}
S:0xC003D6B0	F7FFBEDE	B.W      {pc}-0x240 ; 0xc003d470
		Cycle Count: 115 (Atom Packet)
S:0xC003D470	E92D4FF0	PUSH     {r4-r11,lr}
S:0xC003D474	B085	SUB      sp,sp,#0x14
S:0xC003D476	AF00	ADD      r7,sp,#0
S:0xC003D478	B500	PUSH     {lr}
S:0xC003D47A	F85DEB04	POP      {lr}
S:0xC003D47E	4604	MOV      r4,r0
S:0xC003D480	460D	MOV      r5,r1
S:0xC003D482	4691	MOV      r9,r2
S:0xC003D484	F3BF8F5F	DMB      
S:0xC003D488	F200483C	ADD      r8,r0,#0x43c
S:0xC003D48C	4640	MOV      r0,r8
S:0xC003D48E	F3A7F8AB	BL       {pc}+0x3a715a ; 0xc03e45e8
		Cycle Count: 2 (Atom Packet)
		Cycle Count: 643 (I-Sync Packet)
		Tracing enabled
S:0xC003D492	6823	LDR      r3,[r4,#0]
S:0xC003D494	401D	ANDS     r5,r5,r3
S:0xC003D496	4682	MOV      r10,r0
S:0xC003D498	D07E	BEQ      {pc}+0x100 ; 0xc003d598
		Cycle Count: 111 (Atom Packet)
S:0xC003D49A	6862	LDR      r2,[r4,#4]
S:0xC003D49C	69E3	LDR      r3,[r4,#0x1c]
S:0xC003D49E	4E7B	LDR      r6,[pc,#492] ; [0xC003D68C]
S:0xC003D4A0	F8D2C014	LDR      r12,[r2,#0x14]
S:0xC003D4A4	2B00	CMP      r3,#0
S:0xC003D4A6	F0408081	BNE.W    {pc}+0x106 ; 0xc003d5ac
		Cycle Count: 199 (Atom Packet)
S:0xC003D4AA	4D79	LDR      r5,[pc,#484] ; [0xC003D690]
S:0xC003D4AC	E7FF	B        {pc}+2 ; 0xc003d4ae
		Cycle Count: 1 (Atom Packet)
S:0xC003D4AE	69A3	LDR      r3,[r4,#0x18]
S:0xC003D4B0	2B00	CMP      r3,#0
S:0xC003D4B2	D1FC	BNE      {pc}-4 ; 0xc003d4ae
		Cycle Count: 1 (Atom Packet)
S:0xC003D4B4	F3BF8F5F	DMB      
S:0xC003D4B8	6823	LDR      r3,[r4,#0]
S:0xC003D4BA	F0130102	ANDS     r1,r3,#2
S:0xC003D4BE	D004	BEQ      {pc}+0xc ; 0xc003d4ca
		Cycle Count: 104 (Atom Packet)
S:0xC003D4CA	6B23	LDR      r3,[r4,#0x30]
S:0xC003D4CC	F44F7080	MOV      r0,#0x100
S:0xC003D4D0	F894223C	LDRB     r2,[r4,#0x23c]
S:0xC003D4D4	6020	STR      r0,[r4,#0]
S:0xC003D4D6	F3611245	BFI      r2,r1,#5,#1
S:0xC003D4DA	F884223C	STRB     r2,[r4,#0x23c]
S:0xC003D4DE	6B1A	LDR      r2,[r3,#0x30]
S:0xC003D4E0	B112	CBZ      r2,{pc}+8 ; 0xc003d4e8
		Cycle Count: 116 (Atom Packet)
		Cycle Count: 1 (Branch Packet)
S:0xC003D4E2	4620	MOV      r0,r4
S:0xC003D4E4	4790	BLX      r2
S:0xC003F8C0	B430	PUSH     {r4,r5}
S:0xC003F8C2	B500	PUSH     {lr}
S:0xC003F8C4	F85DEB04	POP      {lr}
S:0xC003F8C8	F8D0115C	LDR      r1,[r0,#0x15c]
S:0xC003F8CC	E9D14508	LDRD     r4,r5,[r1,#0x20]
S:0xC003F8D0	F3BF8F5F	DMB      
S:0xC003F8D4	E9D12306	LDRD     r2,r3,[r1,#0x18]
S:0xC003F8D8	42AB	CMP      r3,r5
S:0xC003F8DA	BF08	IT       EQ
S:0xC003F8DC	42A2	CMP      r2,r4
S:0xC003F8DE	D1F5	BNE      {pc}-0x12 ; 0xc003f8cc
		Cycle Count: 323 (Atom Packet)
		Cycle Count: 106 (Branch Packet)
S:0xC003F8E0	E9D0451A	LDRD     r4,r5,[r0,#0x68]
S:0xC003F8E4	1AA4	SUBS     r4,r4,r2
S:0xC003F8E6	EB650503	SBC      r5,r5,r3
S:0xC003F8EA	E9C0451A	STRD     r4,r5,[r0,#0x68]
S:0xC003F8EE	BC30	POP      {r4,r5}
S:0xC003F8F0	4770	BX       lr
		Cycle Count: 1 (Branch Packet)
S:0xC003D4E6	6B23	LDR      r3,[r4,#0x30]
S:0xC003D4E8	6A1B	LDR      r3,[r3,#0x20]
S:0xC003D4EA	2110	MOVS     r1,#0x10
S:0xC003D4EC	464A	MOV      r2,r9
S:0xC003D4EE	4620	MOV      r0,r4
S:0xC003D4F0	4798	BLX      r3
S:0xC0040708	E92D4FF0	PUSH     {r4-r11,lr}
S:0xC004070C	B09B	SUB      sp,sp,#0x6c
S:0xC004070E	B500	PUSH     {lr}
S:0xC0040710	F85DEB04	POP      {lr}
S:0xC0040714	4682	MOV      r10,r0
S:0xC0040716	4668	MOV      r0,sp
S:0xC0040718	920A	STR      r2,[sp,#0x28]
S:0xC004071A	F4205BFF	BIC      r11,r0,#0x1fe0
S:0xC004071E	F8DA3004	LDR      r3,[r10,#4]
S:0xC0040722	F02B0B1F	BIC      r11,r11,#0x1f
S:0xC0040726	F8DA21C4	LDR      r2,[r10,#0x1c4]
S:0xC004072A	F8CDB018	STR      r11,[sp,#0x18]
S:0xC004072E	F8DB4014	LDR      r4,[r11,#0x14]
S:0xC0040732	2A01	CMP      r2,#1
S:0xC0040734	9108	STR      r1,[sp,#0x20]
S:0xC0040736	9400	STR      r4,[sp,#0]
S:0xC0040738	9D00	LDR      r5,[sp,#0]
S:0xC004073A	695C	LDR      r4,[r3,#0x14]
S:0xC004073C	9502	STR      r5,[sp,#8]
S:0xC004073E	9519	STR      r5,[sp,#0x64]
S:0xC0040740	9405	STR      r4,[sp,#0x14]
S:0xC0040742	F000812C	BEQ.W    {pc}+0x25c ; 0xc004099e
		Cycle Count: 67 (Atom Packet)
S:0xC0040746	F8DA320C	LDR      r3,[r10,#0x20c]
S:0xC004074A	B11B	CBZ      r3,{pc}+0xa ; 0xc0040754
		Cycle Count: 17 (Atom Packet)
S:0xC004074C	9B08	LDR      r3,[sp,#0x20]
S:0xC004074E	0719	LSLS     r1,r3,#28
S:0xC0040750	F1008129	BMI.W    {pc}+0x256 ; 0xc00409a6
		Cycle Count: 2 (Atom Packet)
S:0xC0040754	F8DF92F8	LDR      r9,[pc,#760] ; [0xC0040A50]
S:0xC0040758	9F08	LDR      r7,[sp,#0x20]
S:0xC004075A	F0170710	ANDS     r7,r7,#0x10
S:0xC004075E	9714	STR      r7,[sp,#0x50]
S:0xC0040760	BF08	IT       EQ
S:0xC0040762	463A	MOV      r2,r7
S:0xC0040764	D010	BEQ      {pc}+0x24 ; 0xc0040788
		Cycle Count: 53 (Atom Packet)
S:0xC0040766	9F00	LDR      r7,[sp,#0]
S:0xC0040768	9419	STR      r4,[sp,#0x64]
S:0xC004076A	F107021F	ADD      r2,r7,#0x1f
S:0xC004076E	F007031F	AND      r3,r7,#0x1f
S:0xC0040772	EA120227	ANDS     r2,r2,r7,ASR #32
S:0xC0040776	BF38	IT       CC
S:0xC0040778	463A	MOV      r2,r7
S:0xC004077A	1152	ASRS     r2,r2,#5
S:0xC004077C	3272	ADDS     r2,r2,#0x72
S:0xC004077E	F85A2022	LDR      r2,[r10,r2,LSL #2]
S:0xC0040782	40DA	LSRS     r2,r2,r3
S:0xC0040784	F0020201	AND      r2,r2,#1
S:0xC0040788	9D00	LDR      r5,[sp,#0]
S:0xC004078A	4BAF	LDR      r3,[pc,#700] ; [0xC0040A48]
S:0xC004078C	F8591025	LDR      r1,[r9,r5,LSL #2]
S:0xC0040790	185B	ADDS     r3,r3,r1
S:0xC0040792	F8D36490	LDR      r6,[r3,#0x490]
S:0xC0040796	2E00	CMP      r6,#0
S:0xC0040798	F00081C2	BEQ.W    {pc}+0x388 ; 0xc0040b20
		Cycle Count: 8 (Atom Packet)
S:0xC004079C	F104001F	ADD      r0,r4,#0x1f
S:0xC00407A0	2501	MOVS     r5,#1
S:0xC00407A2	EA100024	ANDS     r0,r0,r4,ASR #32
S:0xC00407A6	BF38	IT       CC
S:0xC00407A8	4620	MOV      r0,r4
S:0xC00407AA	F004031F	AND      r3,r4,#0x1f
S:0xC00407AE	9908	LDR      r1,[sp,#0x20]
S:0xC00407B0	409D	LSLS     r5,r5,r3
S:0xC00407B2	1140	ASRS     r0,r0,#5
S:0xC00407B4	F04F0B00	MOV      r11,#0
S:0xC00407B8	0080	LSLS     r0,r0,#2
S:0xC00407BA	6BF3	LDR      r3,[r6,#0x3c]
S:0xC00407BC	07DF	LSLS     r7,r3,#31
S:0xC00407BE	D50D	BPL      {pc}+0x1e ; 0xc00407dc
		Cycle Count: 191 (Atom Packet)
S:0xC00407C0	B14A	CBZ      r2,{pc}+0x16 ; 0xc00407d6
		Cycle Count: 1 (Atom Packet)
S:0xC00407C2	F0130F20	TST      r3,#0x20
S:0xC00407C6	EB060700	ADD      r7,r6,r0
S:0xC00407CA	D004	BEQ      {pc}+0xc ; 0xc00407d6
		Cycle Count: 2 (Atom Packet)
S:0xC00407CC	F8D770F8	LDR      r7,[r7,#0xf8]
S:0xC00407D0	422F	TST      r7,r5
S:0xC00407D2	F040820D	BNE.W    {pc}+0x41e ; 0xc0040bf0
		Cycle Count: 24 (Atom Packet)
S:0xC00407D6	4219	TST      r1,r3
S:0xC00407D8	BF18	IT       NE
S:0xC00407DA	46B3	MOV      r11,r6
S:0xC00407DC	6836	LDR      r6,[r6,#0]
S:0xC00407DE	2E00	CMP      r6,#0
S:0xC00407E0	D1EB	BNE      {pc}-0x26 ; 0xc00407ba
		Cycle Count: 3 (Atom Packet)
S:0xC00407BA	6BF3	LDR      r3,[r6,#0x3c]
S:0xC00407BC	07DF	LSLS     r7,r3,#31
S:0xC00407BE	D50D	BPL      {pc}+0x1e ; 0xc00407dc
		Cycle Count: 176 (Atom Packet)
S:0xC00407DC	6836	LDR      r6,[r6,#0]
S:0xC00407DE	2E00	CMP      r6,#0
S:0xC00407E0	D1EB	BNE      {pc}-0x26 ; 0xc00407ba
		Cycle Count: 20 (Atom Packet)
S:0xC00407E2	F1BB0F00	CMP      r11,#0
S:0xC00407E6	F000819B	BEQ.W    {pc}+0x33a ; 0xc0040b20
		Cycle Count: 16 (Atom Packet)
S:0xC0040B20	9805	LDR      r0,[sp,#0x14]
S:0xC0040B22	A919	ADD      r1,sp,#0x64
S:0xC0040B24	F10A0238	ADD      r2,r10,#0x38
S:0xC0040B28	F7FFFD5A	BL       {pc}-0x548 ; 0xc00405e0
		Cycle Count: 226 (Atom Packet)
S:0xC00405E0	E92D4FF0	PUSH     {r4-r11,lr}
S:0xC00405E4	B083	SUB      sp,sp,#0xc
S:0xC00405E6	B500	PUSH     {lr}
S:0xC00405E8	F85DEB04	POP      {lr}
S:0xC00405EC	F8D23128	LDR      r3,[r2,#0x128]
S:0xC00405F0	4616	MOV      r6,r2
S:0xC00405F2	4680	MOV      r8,r0
S:0xC00405F4	460F	MOV      r7,r1
S:0xC00405F6	2B00	CMP      r3,#0
S:0xC00405F8	D16E	BNE      {pc}+0xe0 ; 0xc00406d8
		Cycle Count: 121 (Atom Packet)
S:0xC00405FA	F8DF9108	LDR      r9,[pc,#264] ; [0xC0040704]
S:0xC00405FE	4A3C	LDR      r2,[pc,#240] ; [0xC00406F0] = 0xC05F3080
S:0xC0040600	F859A028	LDR      r10,[r9,r8,LSL #2]
S:0xC0040604	4614	MOV      r4,r2
S:0xC0040606	4650	MOV      r0,r10
S:0xC0040608	B11F	CBZ      r7,{pc}+0xa ; 0xc0040612
		Cycle Count: 107 (Atom Packet)
S:0xC004060A	2108	MOVS     r1,#8
S:0xC004060C	6039	STR      r1,[r7,#0]
S:0xC004060E	F8590028	LDR      r0,[r9,r8,LSL #2]
S:0xC0040612	4D38	LDR      r5,[pc,#224] ; [0xC00406F4] = 0xC0607834
S:0xC0040614	4938	LDR      r1,[pc,#224] ; [0xC00406F8] = 0xC05F07E8
S:0xC0040616	580B	LDR      r3,[r1,r0]
S:0xC0040618	6A29	LDR      r1,[r5,#0x20]
S:0xC004061A	F1030008	ADD      r0,r3,#8
S:0xC004061E	4281	CMP      r1,r0
S:0xC0040620	D046	BEQ      {pc}+0x90 ; 0xc00406b0
		Cycle Count: 145 (Atom Packet)
S:0xC0040622	F8D6014C	LDR      r0,[r6,#0x14c]
S:0xC0040626	6AA9	LDR      r1,[r5,#0x28]
S:0xC0040628	4288	CMP      r0,r1
S:0xC004062A	D341	BCC      {pc}+0x86 ; 0xc00406b0
		Cycle Count: 3 (Atom Packet)
		Cycle Count: 3 (Branch Packet)
S:0xC00406B0	2000	MOVS     r0,#0
S:0xC00406B2	B003	ADD      sp,sp,#0xc
S:0xC00406B4	E8BD8FF0	POP      {r4-r11,pc}
S:0xC0040B2C	2800	CMP      r0,#0
S:0xC0040B2E	F43FAEE6	BEQ      {pc}-0x230 ; 0xc00408fe
		Cycle Count: 1 (Atom Packet)
S:0xC00408FE	F8DA3160	LDR      r3,[r10,#0x160]
S:0xC0040902	2B00	CMP      r3,#0
S:0xC0040904	F040838A	BNE.W    {pc}+0x718 ; 0xc004101c
		Cycle Count: 5 (Atom Packet)
S:0xC0040908	9D05	LDR      r5,[sp,#0x14]
S:0xC004090A	F8DFB14C	LDR      r11,[pc,#332] ; [0xC0040A58] = 0xC05F07E8
S:0xC004090E	484F	LDR      r0,[pc,#316] ; [0xC0040A4C] = 0xC0607834
S:0xC0040910	F8591025	LDR      r1,[r9,r5,LSL #2]
S:0xC0040914	465B	MOV      r3,r11
S:0xC0040916	4E4C	LDR      r6,[pc,#304] ; [0xC0040A48] = 0xC05F3080
S:0xC0040918	585A	LDR      r2,[r3,r1]
S:0xC004091A	F1000320	ADD      r3,r0,#0x20
S:0xC004091E	1874	ADDS     r4,r6,r1
S:0xC0040920	6897	LDR      r7,[r2,#8]
S:0xC0040922	429F	CMP      r7,r3
S:0xC0040924	D024	BEQ      {pc}+0x4c ; 0xc0040970
		Cycle Count: 128 (Atom Packet)
		Cycle Count: 40 (Branch Packet)
S:0xC0040970	9B19	LDR      r3,[sp,#0x64]
S:0xC0040972	46DA	MOV      r10,r11
S:0xC0040974	F103001F	ADD      r0,r3,#0x1f
S:0xC0040978	F85A1001	LDR      r1,[r10,r1]
S:0xC004097C	EA100023	ANDS     r0,r0,r3,ASR #32
S:0xC0040980	BF38	IT       CC
S:0xC0040982	4618	MOV      r0,r3
S:0xC0040984	F003021F	AND      r2,r3,#0x1f
S:0xC0040988	9D05	LDR      r5,[sp,#0x14]
S:0xC004098A	1140	ASRS     r0,r0,#5
S:0xC004098C	F8511020	LDR      r1,[r1,r0,LSL #2]
S:0xC0040990	FA21F202	LSR      r2,r1,r2
S:0xC0040994	F0120F01	TST      r2,#1
S:0xC0040998	BF18	IT       NE
S:0xC004099A	461D	MOV      r5,r3
S:0xC004099C	9505	STR      r5,[sp,#0x14]
S:0xC004099E	9805	LDR      r0,[sp,#0x14]
S:0xC00409A0	B01B	ADD      sp,sp,#0x6c
S:0xC00409A2	E8BD8FF0	POP      {r4-r11,pc}
S:0xC003D4F2	F100011F	ADD      r1,r0,#0x1f
S:0xC003D4F6	F000031F	AND      r3,r0,#0x1f
S:0xC003D4FA	EA110120	ANDS     r1,r1,r0,ASR #32
S:0xC003D4FE	BF38	IT       CC
S:0xC003D500	4601	MOV      r1,r0
S:0xC003D502	4683	MOV      r11,r0
S:0xC003D504	1149	ASRS     r1,r1,#5
S:0xC003D506	F1010272	ADD      r2,r1,#0x72
S:0xC003D50A	F8542022	LDR      r2,[r4,r2,LSL #2]
S:0xC003D50E	40DA	LSRS     r2,r2,r3
S:0xC003D510	07D0	LSLS     r0,r2,#31
S:0xC003D512	F14080A7	BPL.W    {pc}+0x152 ; 0xc003d664
		Cycle Count: 11 (Atom Packet)
S:0xC003D516	4A5F	LDR      r2,[pc,#380] ; [0xC003D694]
S:0xC003D518	6812	LDR      r2,[r2,#0]
S:0xC003D51A	F8522021	LDR      r2,[r2,r1,LSL #2]
S:0xC003D51E	FA22F303	LSR      r3,r2,r3
S:0xC003D522	07D9	LSLS     r1,r3,#31
S:0xC003D524	F140809E	BPL.W    {pc}+0x140 ; 0xc003d664
		Cycle Count: 5 (Atom Packet)
S:0xC003D528	6863	LDR      r3,[r4,#4]
S:0xC003D52A	695B	LDR      r3,[r3,#0x14]
S:0xC003D52C	459B	CMP      r11,r3
S:0xC003D52E	D005	BEQ      {pc}+0xe ; 0xc003d53c
		Cycle Count: 1 (Atom Packet)
S:0xC003D53C	4A56	LDR      r2,[pc,#344] ; [0xC003D698] = 0xC05FC564
S:0xC003D53E	4633	MOV      r3,r6
S:0xC003D540	F855502B	LDR      r5,[r5,r11,LSL #2]
S:0xC003D544	6852	LDR      r2,[r2,#4]
S:0xC003D546	4E52	LDR      r6,[pc,#328] ; [0xC003D690] = 0xC05FD5C0
S:0xC003D548	0512	LSLS     r2,r2,#20
S:0xC003D54A	D50C	BPL      {pc}+0x1c ; 0xc003d566
		Cycle Count: 2 (Atom Packet)
S:0xC003D54C	466A	MOV      r2,sp
S:0xC003D54E	F42251FF	BIC      r1,r2,#0x1fe0
S:0xC003D552	4A52	LDR      r2,[pc,#328] ; [0xC003D69C] = 0xC05F0764
S:0xC003D554	F021011F	BIC      r1,r1,#0x1f
S:0xC003D558	6948	LDR      r0,[r1,#0x14]
S:0xC003D55A	5951	LDR      r1,[r2,r5]
S:0xC003D55C	F8560020	LDR      r0,[r6,r0,LSL #2]
S:0xC003D560	5812	LDR      r2,[r2,r0]
S:0xC003D562	428A	CMP      r2,r1
S:0xC003D564	D156	BNE      {pc}+0xb0 ; 0xc003d614
		Cycle Count: 127 (Atom Packet)
S:0xC003D614	4658	MOV      r0,r11
S:0xC003D616	60FB	STR      r3,[r7,#0xc]
S:0xC003D618	F001FE4C	BL       {pc}+0x1c9c ; 0xc003f2b4
		Cycle Count: 16 (Atom Packet)
S:0xC003F2B4	4B03	LDR      r3,[pc,#12] ; [0xC003F2C4] = 0xC05FC57C
S:0xC003F2B6	6818	LDR      r0,[r3,#0]
S:0xC003F2B8	B108	CBZ      r0,{pc}+6 ; 0xc003f2be
		Cycle Count: 19 (Atom Packet)
S:0xC003F2BA	F7CFBD35	B        {pc}-0x30592 ; 0xc000ed28
		Cycle Count: 1 (Atom Packet)
		Cycle Count: 8 (Branch Packet)
S:0xC000ED28	B508	PUSH     {r3,lr}
S:0xC000ED2A	F24C43CC	MOV      r3,#0xc4cc
S:0xC000ED2E	F2CC035F	MOVT     r3,#0xc05f
S:0xC000ED32	689B	LDR      r3,[r3,#8]
S:0xC000ED34	4798	BLX      r3
		Cycle Count: 40 (Branch Packet)
S:0xC00113EC	F24A2340	MOV      r3,#0xa240
S:0xC00113F0	F2CC0362	MOVT     r3,#0xc062
S:0xC00113F4	B510	PUSH     {r4,lr}
S:0xC00113F6	681B	LDR      r3,[r3,#0]
S:0xC00113F8	4798	BLX      r3
		Cycle Count: 62 (I-Sync Packet)
		Tracing enabled
		Cycle Count: 4 (Branch Packet)
S:0xC00113FA	F24C5320	MOV      r3,#0xc520
S:0xC00113FE	F2CC035F	MOVT     r3,#0xc05f
S:0xC0011402	681C	LDR      r4,[r3,#0]
S:0xC0011404	FBA02304	UMULL    r2,r3,r0,r4
S:0xC0011408	4610	MOV      r0,r2
S:0xC001140A	FB043101	MLA      r1,r4,r1,r3
S:0xC001140E	BD10	POP      {r4,pc}
		Cycle Count: 1 (Branch Packet)
S:0xC000ED36	BD08	POP      {r3,pc}
S:0xC003D61C	F856202B	LDR      r2,[r6,r11,LSL #2]
S:0xC003D620	68FB	LDR      r3,[r7,#0xc]
S:0xC003D622	F1040614	ADD      r6,r4,#0x14
S:0xC003D626	189B	ADDS     r3,r3,r2
S:0xC003D628	F2035594	ADD      r5,r3,#0x594
S:0xC003D62C	F8D33594	LDR      r3,[r3,#0x594]
S:0xC003D630	6163	STR      r3,[r4,#0x14]
S:0xC003D632	F3BF8F5F	DMB      
S:0xC003D636	E8551F00	LDREX    r1,[r5]
S:0xC003D63A	F04F0200	MOV      r2,#0
S:0xC003D63E	EA910F03	TEQ      r1,r3
S:0xC003D642	BF08	IT       EQ
S:0xC003D644	E8456200	STREX    r2,r6,[r5]
S:0xC003D648	2A00	CMP      r2,#0
S:0xC003D64A	D1F4	BNE      {pc}-0x14 ; 0xc003d636
		Cycle Count: 372 (Atom Packet)
S:0xC003D64C	F3BF8F5F	DMB      
S:0xC003D650	428B	CMP      r3,r1
S:0xC003D652	D001	BEQ      {pc}+6 ; 0xc003d658
		Cycle Count: 19 (Atom Packet)
S:0xC003D658	2B00	CMP      r3,#0
S:0xC003D65A	D197	BNE      {pc}-0xce ; 0xc003d58c
		Cycle Count: 16 (Atom Packet)
S:0xC003D65C	4658	MOV      r0,r11
S:0xC003D65E	F7D3FBB1	BL       {pc}-0x2c89a ; 0xc0010dc4
		Cycle Count: 15 (Atom Packet)
		Cycle Count: 166 (Branch Packet)
S:0xC0010DC4	B508	PUSH     {r3,lr}
S:0xC0010DC6	B500	PUSH     {lr}
S:0xC0010DC8	F85DEB04	POP      {lr}
S:0xC0010DCC	F000011F	AND      r1,r0,#0x1f
S:0xC0010DD0	3101	ADDS     r1,#1
S:0xC0010DD2	F64662CC	MOV      r2,#0x6ecc
S:0xC0010DD6	F2CC023E	MOVT     r2,#0xc03e
S:0xC0010DDA	F6477314	MOV      r3,#0x7f14
S:0xC0010DDE	EB020281	ADD      r2,r2,r1,LSL #2
S:0xC0010DE2	0940	LSRS     r0,r0,#5
S:0xC0010DE4	F2CC0363	MOVT     r3,#0xc063
S:0xC0010DE8	2102	MOVS     r1,#2
S:0xC0010DEA	EBA20080	SUB      r0,r2,r0,LSL #2
S:0xC0010DEE	6B5B	LDR      r3,[r3,#0x34]
S:0xC0010DF0	4798	BLX      r3
		Cycle Count: 1,901 (I-Sync Packet)
		Tracing enabled
		Cycle Count: 12 (Branch Packet)
S:0xC0010DF2	BD08	POP      {r3,pc}
S:0xC003D662	E793	B        {pc}-0xd6 ; 0xc003d58c
		Cycle Count: 1 (Atom Packet)
S:0xC003D58C	4620	MOV      r0,r4
S:0xC003D58E	4659	MOV      r1,r11
S:0xC003D590	464A	MOV      r2,r9
S:0xC003D592	2501	MOVS     r5,#1
S:0xC003D594	F7FBF970	BL       {pc}-0x4d1c ; 0xc0038878
		Cycle Count: 2 (Atom Packet)
S:0xC0038878	E92D07F8	PUSH     {r3-r10}
S:0xC003887C	AF00	ADD      r7,sp,#0
S:0xC003887E	B500	PUSH     {lr}
S:0xC0038880	F85DEB04	POP      {lr}
S:0xC0038884	466C	MOV      r4,sp
S:0xC0038886	F42453FF	BIC      r3,r4,#0x1fe0
S:0xC003888A	4E43	LDR      r6,[pc,#268] ; [0xC0038998] = 0xC05F3080
S:0xC003888C	F023031F	BIC      r3,r3,#0x1f
S:0xC0038890	F8D3A014	LDR      r10,[r3,#0x14]
S:0xC0038894	EE1D3F90	MRC      p15,#0x0,r3,c13,c0,#4
S:0xC0038898	4551	CMP      r1,r10
S:0xC003889A	4433	ADD      r3,r3,r6
S:0xC003889C	D068	BEQ      {pc}+0xd4 ; 0xc0038970
		Cycle Count: 15 (Atom Packet)
S:0xC003889E	4684	MOV      r12,r0
S:0xC00388A0	F04F0801	MOV      r8,#1
S:0xC00388A4	F04F0900	MOV      r9,#0
S:0xC00388A8	E9FC454C	LDRD     r4,r5,[r12,#0x130]!
S:0xC00388AC	EB140408	ADDS     r4,r4,r8
S:0xC00388B0	EB450509	ADC      r5,r5,r9
S:0xC00388B4	E9CC4500	STRD     r4,r5,[r12,#0]
S:0xC00388B8	4C38	LDR      r4,[pc,#224] ; [0xC003899C] = 0xC05FD5C0
S:0xC00388BA	F854402A	LDR      r4,[r4,r10,LSL #2]
S:0xC00388BE	1936	ADDS     r6,r6,r4
S:0xC00388C0	F8D64490	LDR      r4,[r6,#0x490]
S:0xC00388C4	B1F4	CBZ      r4,{pc}+0x40 ; 0xc0038904
		Cycle Count: 12 (Atom Packet)
S:0xC00388C6	F101051F	ADD      r5,r1,#0x1f
S:0xC00388CA	F001061F	AND      r6,r1,#0x1f
S:0xC00388CE	EA310121	BICS     r1,r1,r1,ASR #32
S:0xC00388D2	BF28	IT       CS
S:0xC00388D4	4629	MOV      r1,r5
S:0xC00388D6	114D	ASRS     r5,r1,#5
S:0xC00388D8	00AD	LSLS     r5,r5,#2
S:0xC00388DA	1961	ADDS     r1,r4,r5
S:0xC00388DC	F8D110F8	LDR      r1,[r1,#0xf8]
S:0xC00388E0	40F1	LSRS     r1,r1,r6
S:0xC00388E2	07C9	LSLS     r1,r1,#31
S:0xC00388E4	BF5E	ITTT     PL
S:0xC00388E6	F04F0C01	MOV      r12,#1
S:0xC00388EA	4621	MOV      r1,r4
S:0xC00388EC	FA0CF606	LSL      r6,r12,r6
S:0xC00388F0	D504	BPL      {pc}+0xc ; 0xc00388fc
		Cycle Count: 13 (Atom Packet)
S:0xC00388FC	6809	LDR      r1,[r1,#0]
S:0xC00388FE	194C	ADDS     r4,r1,r5
S:0xC0038900	2900	CMP      r1,#0
S:0xC0038902	D1F7	BNE      {pc}-0xe ; 0xc00388f4
		Cycle Count: 7 (Atom Packet)
S:0xC00388F4	F8D440F8	LDR      r4,[r4,#0xf8]
S:0xC00388F8	4234	TST      r4,r6
S:0xC00388FA	D133	BNE      {pc}+0x6a ; 0xc0038964
		Cycle Count: 19 (Atom Packet)
S:0xC0038964	F8D140DC	LDR      r4,[r1,#0xdc]
S:0xC0038968	3401	ADDS     r4,#1
S:0xC003896A	F8C140DC	STR      r4,[r1,#0xdc]
S:0xC003896E	E7C9	B        {pc}-0x6a ; 0xc0038904
		Cycle Count: 3 (Atom Packet)
S:0xC0038904	0751	LSLS     r1,r2,#29
S:0xC0038906	D50C	BPL      {pc}+0x1c ; 0xc0038922
		Cycle Count: 1 (Atom Packet)
S:0xC0038922	F8D3458C	LDR      r4,[r3,#0x58c]
S:0xC0038926	4601	MOV      r1,r0
S:0xC0038928	F04F0801	MOV      r8,#1
S:0xC003892C	F04F0900	MOV      r9,#0
S:0xC0038930	3401	ADDS     r4,#1
S:0xC0038932	F8C3458C	STR      r4,[r3,#0x58c]
S:0xC0038936	E9F14544	LDRD     r4,r5,[r1,#0x110]!
S:0xC003893A	EB140408	ADDS     r4,r4,r8
S:0xC003893E	EB450509	ADC      r5,r5,r9
S:0xC0038942	07D3	LSLS     r3,r2,#31
S:0xC0038944	E9C14500	STRD     r4,r5,[r1,#0]
S:0xC0038948	D507	BPL      {pc}+0x12 ; 0xc003895a
		Cycle Count: 6 (Atom Packet)
		Cycle Count: 9 (Branch Packet)
S:0xC003895A	46BD	MOV      sp,r7
S:0xC003895C	E8BD07F8	POP      {r3-r10}
S:0xC0038960	4770	BX       lr
S:0xC003D598	4640	MOV      r0,r8
S:0xC003D59A	4651	MOV      r1,r10
S:0xC003D59C	F3A7F85C	BL       {pc}+0x3a70bc ; 0xc03e4658
		Cycle Count: 1 (Atom Packet)
		Cycle Count: 599 (Branch Packet)
S:0xC03E4658	?	Cannot access target memory
		Cycle Count: 19 (Branch Packet)
S:0xC003D5A0	4628	MOV      r0,r5
S:0xC003D5A2	F1070714	ADD      r7,r7,#0x14
S:0xC003D5A6	46BD	MOV      sp,r7
S:0xC003D5A8	E8BD8FF0	POP      {r4-r11,pc}
		Cycle Count: 2 (Branch Packet)
S:0xC00BFDEC	?	Cannot access target memory
S:0xC00389DC	462C	MOV      r4,r5
S:0xC00389DE	F105030C	ADD      r3,r5,#0xc
S:0xC00389E2	B128	CBZ      r0,{pc}+0xe ; 0xc00389f0
		Cycle Count: 2 (Atom Packet)
S:0xC00389E4	07F0	LSLS     r0,r6,#31
S:0xC00389E6	D503	BPL      {pc}+0xa ; 0xc00389f0
		Cycle Count: 1 (Atom Packet)
S:0xC00389F0	68ED	LDR      r5,[r5,#0xc]
S:0xC00389F2	4598	CMP      r8,r3
S:0xC00389F4	F1A5050C	SUB      r5,r5,#0xc
S:0xC00389F8	D1E8	BNE      {pc}-0x2c ; 0xc00389cc
		Cycle Count: 1 (Atom Packet)
		Cycle Count: 10 (Branch Packet)
S:0xC00389FA	F107070C	ADD      r7,r7,#0xc
S:0xC00389FE	46BD	MOV      sp,r7
S:0xC0038A00	E8BD8FF0	POP      {r4-r11,pc}
S:0xC0039268	4620	MOV      r0,r4
S:0xC003926A	4629	MOV      r1,r5
S:0xC003926C	F1070704	ADD      r7,r7,#4
S:0xC0039270	46BD	MOV      sp,r7
S:0xC0039272	E8BD43F0	POP      {r4-r9,lr}
S:0xC0039276	F3ABB9EF	B.W      {pc}+0x3ab3e2 ; 0xc03e4658
		Cycle Count: 8 (Atom Packet)
		Cycle Count: 2,361 (I-Sync Packet)
		Tracing enabled
S:0xC002E728	6C3B	LDR      r3,[r7,#0x40]
S:0xC002E72A	4A6B	LDR      r2,[pc,#428] ; [0xC002E8D8] = 0xC0635EB4
S:0xC002E72C	2B00	CMP      r3,#0
S:0xC002E72E	F04080A9	BNE.W    {pc}+0x156 ; 0xc002e884
		Cycle Count: 2 (Atom Packet)
S:0xC002E732	F8D83004	LDR      r3,[r8,#4]
S:0xC002E736	F0334280	BICS     r2,r3,#0x40000000
S:0xC002E73A	F0408093	BNE.W    {pc}+0x12a ; 0xc002e864
		Cycle Count: 1 (Atom Packet)
S:0xC002E73E	4630	MOV      r0,r6
S:0xC002E740	F3B5FF70	BL       {pc}+0x3b5ee4 ; 0xc03e4624
		Cycle Count: 2 (Atom Packet)
		Cycle Count: 84 (I-Sync Packet)
		Tracing enabled
S:0xC002E744	F1BA0F00	CMP      r10,#0
S:0xC002E748	D16E	BNE      {pc}+0xe0 ; 0xc002e828
		Cycle Count: 2 (Atom Packet)
S:0xC002E74A	6863	LDR      r3,[r4,#4]
S:0xC002E74C	B133	CBZ      r3,{pc}+0x10 ; 0xc002e75c
		Cycle Count: 74 (Atom Packet)
S:0xC002E74E	6822	LDR      r2,[r4,#0]
S:0xC002E750	601A	STR      r2,[r3,#0]
S:0xC002E752	B102	CBZ      r2,{pc}+4 ; 0xc002e756
		Cycle Count: 1 (Atom Packet)
S:0xC002E756	2300	MOVS     r3,#0
S:0xC002E758	6023	STR      r3,[r4,#0]
S:0xC002E75A	6063	STR      r3,[r4,#4]
S:0xC002E75C	2300	MOVS     r3,#0
S:0xC002E75E	4648	MOV      r0,r9
S:0xC002E760	9903	LDR      r1,[sp,#0xc]
S:0xC002E762	60A3	STR      r3,[r4,#8]
S:0xC002E764	60E3	STR      r3,[r4,#0xc]
S:0xC002E766	6123	STR      r3,[r4,#0x10]
S:0xC002E768	7523	STRB     r3,[r4,#0x14]
S:0xC002E76A	B005	ADD      sp,sp,#0x14
S:0xC002E76C	E8BD4FF0	POP      {r4-r11,lr}
S:0xC002E770	F7FFBF1E	B.W      {pc}-0x1c0 ; 0xc002e5b0
		Cycle Count: 33 (Atom Packet)
S:0xC002E5B0	B530	PUSH     {r4,r5,lr}
S:0xC002E5B2	B083	SUB      sp,sp,#0xc
S:0xC002E5B4	B500	PUSH     {lr}
S:0xC002E5B6	F85DEB04	POP      {lr}
S:0xC002E5BA	290F	CMP      r1,#0xf
S:0xC002E5BC	4604	MOV      r4,r0
S:0xC002E5BE	D012	BEQ      {pc}+0x28 ; 0xc002e5e6
		Cycle Count: 5 (Atom Packet)
S:0xC002E5C0	008D	LSLS     r5,r1,#2
S:0xC002E5C2	4603	MOV      r3,r0
S:0xC002E5C4	1942	ADDS     r2,r0,r5
S:0xC002E5C6	6950	LDR      r0,[r2,#0x14]
S:0xC002E5C8	3801	SUBS     r0,#1
S:0xC002E5CA	6150	STR      r0,[r2,#0x14]
S:0xC002E5CC	6D22	LDR      r2,[r4,#0x50]
S:0xC002E5CE	3A01	SUBS     r2,#1
S:0xC002E5D0	6522	STR      r2,[r4,#0x50]
S:0xC002E5D2	F8530F58	LDR      r0,[r3,#0x58]!
S:0xC002E5D6	4298	CMP      r0,r3
S:0xC002E5D8	D002	BEQ      {pc}+8 ; 0xc002e5e0
		Cycle Count: 14 (Atom Packet)
S:0xC002E5E0	68E3	LDR      r3,[r4,#0xc]
S:0xC002E5E2	4299	CMP      r1,r3
S:0xC002E5E4	D011	BEQ      {pc}+0x26 ; 0xc002e60a
		Cycle Count: 18 (Atom Packet)
S:0xC002E5E6	6923	LDR      r3,[r4,#0x10]
S:0xC002E5E8	3B01	SUBS     r3,#1
S:0xC002E5EA	6123	STR      r3,[r4,#0x10]
S:0xC002E5EC	B13B	CBZ      r3,{pc}+0x12 ; 0xc002e5fe
		Cycle Count: 2 (Atom Packet)
		Cycle Count: 6 (Branch Packet)
S:0xC002E5EE	B003	ADD      sp,sp,#0xc
S:0xC002E5F0	BD30	POP      {r4,r5,pc}
S:0xC002EC1A	69A2	LDR      r2,[r4,#0x18]
S:0xC002EC1C	4296	CMP      r6,r2
S:0xC002EC1E	D14D	BNE      {pc}+0x9e ; 0xc002ecbc
		Cycle Count: 1 (Atom Packet)
S:0xC002EC20	F8DB1014	LDR      r1,[r11,#0x14]
S:0xC002EC24	428D	CMP      r5,r1
S:0xC002EC26	D003	BEQ      {pc}+0xa ; 0xc002ec30
		Cycle Count: 2 (Atom Packet)
S:0xC002EC30	6A21	LDR      r1,[r4,#0x20]
S:0xC002EC32	68FA	LDR      r2,[r7,#0xc]
S:0xC002EC34	6A63	LDR      r3,[r4,#0x24]
S:0xC002EC36	4291	CMP      r1,r2
S:0xC002EC38	D173	BNE      {pc}+0xea ; 0xc002ed22
		Cycle Count: 19 (Atom Packet)
S:0xC002EC3A	6AE2	LDR      r2,[r4,#0x2c]
S:0xC002EC3C	F4127FE4	TST      r2,#0x1c8
S:0xC002EC40	D10B	BNE      {pc}+0x1a ; 0xc002ec5a
		Cycle Count: 1 (Atom Packet)
S:0xC002EC42	F5037200	ADD      r2,r3,#0x200
S:0xC002EC46	E8521F00	LDREX    r1,[r2]
S:0xC002EC4A	F1A10101	SUB      r1,r1,#1
S:0xC002EC4E	E8421000	STREX    r0,r1,[r2]
S:0xC002EC52	F0900F00	TEQ      r0,#0
S:0xC002EC56	D1F6	BNE      {pc}-0x10 ; 0xc002ec46
		Cycle Count: 37 (Atom Packet)
S:0xC002EC58	6AE2	LDR      r2,[r4,#0x2c]
S:0xC002EC5A	F0420208	ORR      r2,r2,#8
S:0xC002EC5E	62E2	STR      r2,[r4,#0x2c]
S:0xC002EC60	F8DB2014	LDR      r2,[r11,#0x14]
S:0xC002EC64	4295	CMP      r5,r2
S:0xC002EC66	D01F	BEQ      {pc}+0x42 ; 0xc002eca8
		Cycle Count: 24 (Atom Packet)
S:0xC002ECA8	F8DB2010	LDR      r2,[r11,#0x10]
S:0xC002ECAC	07D2	LSLS     r2,r2,#31
S:0xC002ECAE	D5E6	BPL      {pc}-0x30 ; 0xc002ec7e
		Cycle Count: 18 (Atom Packet)
S:0xC002EC7E	4620	MOV      r0,r4
S:0xC002EC80	F7FDFF0E	BL       {pc}-0x21e0 ; 0xc002caa0
		Cycle Count: 3 (Atom Packet)
S:0xC002CAA0	B538	PUSH     {r3-r5,lr}
S:0xC002CAA2	B500	PUSH     {lr}
S:0xC002CAA4	F85DEB04	POP      {lr}
S:0xC002CAA8	6AC3	LDR      r3,[r0,#0x2c]
S:0xC002CAAA	6A44	LDR      r4,[r0,#0x24]
S:0xC002CAAC	075A	LSLS     r2,r3,#29
S:0xC002CAAE	D44D	BMI      {pc}+0x9e ; 0xc002cb4c
		Cycle Count: 143 (Atom Packet)
S:0xC002CAB0	6802	LDR      r2,[r0,#0]
S:0xC002CAB2	4290	CMP      r0,r2
S:0xC002CAB4	D008	BEQ      {pc}+0x14 ; 0xc002cac8
		Cycle Count: 1 (Atom Packet)
S:0xC002CAB6	B122	CBZ      r2,{pc}+0xc ; 0xc002cac2
		Cycle Count: 1 (Atom Packet)
S:0xC002CAC2	6842	LDR      r2,[r0,#4]
S:0xC002CAC4	2A00	CMP      r2,#0
S:0xC002CAC6	D1F7	BNE      {pc}-0xe ; 0xc002cab8
		Cycle Count: 26 (Atom Packet)
S:0xC002CAC8	492B	LDR      r1,[pc,#172] ; [0xC002CB78]
S:0xC002CACA	F0430304	ORR      r3,r3,#4
S:0xC002CACE	62C3	STR      r3,[r0,#0x2c]
S:0xC002CAD0	F1040324	ADD      r3,r4,#0x24
S:0xC002CAD4	6A22	LDR      r2,[r4,#0x20]
S:0xC002CAD6	680D	LDR      r5,[r1,#0]
S:0xC002CAD8	3201	ADDS     r2,#1
S:0xC002CADA	6222	STR      r2,[r4,#0x20]
S:0xC002CADC	6285	STR      r5,[r0,#0x28]
S:0xC002CADE	6A62	LDR      r2,[r4,#0x24]
S:0xC002CAE0	6050	STR      r0,[r2,#4]
S:0xC002CAE2	E880000C	STM      r0,{r2,r3}
S:0xC002CAE6	F8D45194	LDR      r5,[r4,#0x194]
S:0xC002CAEA	6A22	LDR      r2,[r4,#0x20]
S:0xC002CAEC	6260	STR      r0,[r4,#0x24]
S:0xC002CAEE	2D01	CMP      r5,#1
S:0xC002CAF0	BF18	IT       NE
S:0xC002CAF2	3201	ADDS     r2,#1
S:0xC002CAF4	4298	CMP      r0,r3
S:0xC002CAF6	69E5	LDR      r5,[r4,#0x1c]
S:0xC002CAF8	D008	BEQ      {pc}+0x14 ; 0xc002cb0c
		Cycle Count: 249 (Atom Packet)
S:0xC002CAFA	2A02	CMP      r2,#2
S:0xC002CAFC	DD06	BLE      {pc}+0x10 ; 0xc002cb0c
		Cycle Count: 1 (Atom Packet)
S:0xC002CB0C	6923	LDR      r3,[r4,#0x10]
S:0xC002CB0E	0759	LSLS     r1,r3,#29
S:0xC002CB10	D4D6	BMI      {pc}-0x50 ; 0xc002cac0
		Cycle Count: 18 (Atom Packet)
S:0xC002CB12	69E2	LDR      r2,[r4,#0x1c]
S:0xC002CB14	6A23	LDR      r3,[r4,#0x20]
S:0xC002CB16	429A	CMP      r2,r3
S:0xC002CB18	D1D2	BNE      {pc}-0x58 ; 0xc002cac0
		Cycle Count: 22 (Atom Packet)
S:0xC002CB1A	F8D43200	LDR      r3,[r4,#0x200]
S:0xC002CB1E	B903	CBNZ     r3,{pc}+4 ; 0xc002cb22
		Cycle Count: 20 (Atom Packet)
		Cycle Count: 3 (Branch Packet)
S:0xC002CB20	BD38	POP      {r3-r5,pc}
S:0xC002EC84	68FA	LDR      r2,[r7,#0xc]
S:0xC002EC86	2101	MOVS     r1,#1
S:0xC002EC88	6011	STR      r1,[r2,#0]
S:0xC002EC8A	F3BF8F5F	DMB      
S:0xC002EC8E	F8BB2000	LDRH     r2,[r11,#0]
S:0xC002EC92	1852	ADDS     r2,r2,r1
S:0xC002EC94	F8AB2000	STRH     r2,[r11,#0]
S:0xC002EC98	F3BF8F4F	DSB      
S:0xC002EC9C	F3AF8004	SEV.W    
S:0xC002ECA0	B662	CPSIE    i
S:0xC002ECA2	F3B5F83D	BL       {pc}+0x3b507e ; 0xc03e3d20
		Cycle Count: 883 (Atom Packet)
		Cycle Count: 710 (I-Sync Packet)
		Tracing enabled
S:0xC003BE34	B488	PUSH     {r3,r7}
S:0xC003BE36	AF00	ADD      r7,sp,#0
S:0xC003BE38	B500	PUSH     {lr}
S:0xC003BE3A	F85DEB04	POP      {lr}
S:0xC003BE3E	680B	LDR      r3,[r1,#0]
S:0xC003BE40	079B	LSLS     r3,r3,#30
S:0xC003BE42	D507	BPL      {pc}+0x12 ; 0xc003be54
		Cycle Count: 10 (Atom Packet)
S:0xC003BE54	46BD	MOV      sp,r7
S:0xC003BE56	BC88	POP      {r3,r7}
S:0xC003BE58	F7FFBCBC	B.W      {pc}-0x684 ; 0xc003b7d4
		Cycle Count: 22 (Atom Packet)
S:0xC003B7D4	E92D47F0	PUSH     {r4-r10,lr}
S:0xC003B7D8	AF00	ADD      r7,sp,#0
S:0xC003B7DA	B500	PUSH     {lr}
S:0xC003B7DC	F85DEB04	POP      {lr}
S:0xC003B7E0	460E	MOV      r6,r1
S:0xC003B7E2	4692	MOV      r10,r2
S:0xC003B7E4	4680	MOV      r8,r0
S:0xC003B7E6	F7FFFFCF	BL       {pc}-0x5e ; 0xc003b788
		Cycle Count: 8 (Atom Packet)
S:0xC003B788	E92D43C8	PUSH     {r3,r6-r9,lr}
S:0xC003B78C	AF00	ADD      r7,sp,#0
S:0xC003B78E	B500	PUSH     {lr}
S:0xC003B790	F85DEB04	POP      {lr}
S:0xC003B794	6AC3	LDR      r3,[r0,#0x2c]
S:0xC003B796	4606	MOV      r6,r0
S:0xC003B798	2B00	CMP      r3,#0
S:0xC003B79A	DD01	BLE      {pc}+6 ; 0xc003b7a0
		Cycle Count: 9 (Atom Packet)
S:0xC003B7A0	F8D004C0	LDR      r0,[r0,#0x4c0]
S:0xC003B7A4	F003FD86	BL       {pc}+0x3b10 ; 0xc003f2b4
		Cycle Count: 19 (Atom Packet)
S:0xC003F2B4	4B03	LDR      r3,[pc,#12] ; [0xC003F2C4] = 0xC05FC57C
S:0xC003F2B6	6818	LDR      r0,[r3,#0]
S:0xC003F2B8	B108	CBZ      r0,{pc}+6 ; 0xc003f2be
		Cycle Count: 10 (Atom Packet)
S:0xC003F2BA	F7CFBD35	B        {pc}-0x30592 ; 0xc000ed28
		Cycle Count: 1 (Atom Packet)
		Cycle Count: 3 (Branch Packet)
S:0xC000ED28	B508	PUSH     {r3,lr}
S:0xC000ED2A	F24C43CC	MOV      r3,#0xc4cc
S:0xC000ED2E	F2CC035F	MOVT     r3,#0xc05f
S:0xC000ED32	689B	LDR      r3,[r3,#8]
S:0xC000ED34	4798	BLX      r3
		Cycle Count: 4 (Branch Packet)
S:0xC00113EC	F24A2340	MOV      r3,#0xa240
S:0xC00113F0	F2CC0362	MOVT     r3,#0xc062
S:0xC00113F4	B510	PUSH     {r4,lr}
S:0xC00113F6	681B	LDR      r3,[r3,#0]
S:0xC00113F8	4798	BLX      r3
		Cycle Count: 57 (I-Sync Packet)
		Tracing enabled
		Cycle Count: 4 (Branch Packet)
S:0xC00113FA	F24C5320	MOV      r3,#0xc520
S:0xC00113FE	F2CC035F	MOVT     r3,#0xc05f
S:0xC0011402	681C	LDR      r4,[r3,#0]
S:0xC0011404	FBA02304	UMULL    r2,r3,r0,r4
S:0xC0011408	4610	MOV      r0,r2
S:0xC001140A	FB043101	MLA      r1,r4,r1,r3
S:0xC001140E	BD10	POP      {r4,pc}
		Cycle Count: 8 (Branch Packet)
S:0xC000ED36	BD08	POP      {r3,pc}
		Cycle Count: 3 (Branch Packet)
S:0xC003B7A8	F506638F	ADD      r3,r6,#0x478
S:0xC003B7AC	F5066690	ADD      r6,r6,#0x480
S:0xC003B7B0	E9D38900	LDRD     r8,r9,[r3,#0]
S:0xC003B7B4	E9C30100	STRD     r0,r1,[r3,#0]
S:0xC003B7B8	E9D62300	LDRD     r2,r3,[r6,#0]
S:0xC003B7BC	EBB20208	SUBS     r2,r2,r8
S:0xC003B7C0	EB630309	SBC      r3,r3,r9
S:0xC003B7C4	1812	ADDS     r2,r2,r0
S:0xC003B7C6	EB430301	ADC      r3,r3,r1
S:0xC003B7CA	E9C62300	STRD     r2,r3,[r6,#0]
S:0xC003B7CE	E8BD83C8	POP      {r3,r6-r9,pc}
S:0xC003B7EA	6870	LDR      r0,[r6,#4]
S:0xC003B7EC	F8DFE070	LDR      lr,[pc,#112] ; [0xC003B860] = 0xC05FD5C0
S:0xC003B7F0	4631	MOV      r1,r6
S:0xC003B7F2	F8DFC070	LDR      r12,[pc,#112] ; [0xC003B864] = 0xC05F3080
S:0xC003B7F6	6944	LDR      r4,[r0,#0x14]
S:0xC003B7F8	E9F1237A	LDRD     r2,r3,[r1,#0x1e8]!
S:0xC003B7FC	4665	MOV      r5,r12
S:0xC003B7FE	F85E4024	LDR      r4,[lr,r4,LSL #2]
S:0xC003B802	EA520903	ORRS     r9,r2,r3
S:0xC003B806	4425	ADD      r5,r5,r4
S:0xC003B808	F505658F	ADD      r5,r5,#0x478
S:0xC003B80C	E9D54500	LDRD     r4,r5,[r5,#0]
S:0xC003B810	D002	BEQ      {pc}+8 ; 0xc003b818
		Cycle Count: 10 (Atom Packet)
S:0xC003B818	46B1	MOV      r9,r6
S:0xC003B81A	2400	MOVS     r4,#0
S:0xC003B81C	2500	MOVS     r5,#0
S:0xC003B81E	E9C14500	STRD     r4,r5,[r1,#0]
S:0xC003B822	E9F94576	LDRD     r4,r5,[r9,#0x1d8]!
S:0xC003B826	18A4	ADDS     r4,r4,r2
S:0xC003B828	EB450503	ADC      r5,r5,r3
S:0xC003B82C	E9C94500	STRD     r4,r5,[r9,#0]
S:0xC003B830	6941	LDR      r1,[r0,#0x14]
S:0xC003B832	F85E1021	LDR      r1,[lr,r1,LSL #2]
S:0xC003B836	EB1C0C01	ADDS     r12,r12,r1
S:0xC003B83A	D008	BEQ      {pc}+0x14 ; 0xc003b84e
		Cycle Count: 13 (Atom Packet)
		Cycle Count: 14 (Branch Packet)
S:0xC003B83C	F50C6CAC	ADD      r12,r12,#0x560
S:0xC003B840	E9DC0100	LDRD     r0,r1,[r12,#0]
S:0xC003B844	1880	ADDS     r0,r0,r2
S:0xC003B846	EB410103	ADC      r1,r1,r3
S:0xC003B84A	E9CC0100	STRD     r0,r1,[r12,#0]
S:0xC003B84E	6B33	LDR      r3,[r6,#0x30]
S:0xC003B850	4640	MOV      r0,r8
S:0xC003B852	4652	MOV      r2,r10
S:0xC003B854	4631	MOV      r1,r6
S:0xC003B856	689B	LDR      r3,[r3,#8]
S:0xC003B858	4798	BLX      r3
S:0xC004268C	E92D4FF0	PUSH     {r4-r11,lr}
S:0xC0042690	B09B	SUB      sp,sp,#0x6c
S:0xC0042692	B500	PUSH     {lr}
S:0xC0042694	F85DEB04	POP      {lr}
S:0xC0042698	F1110738	ADDS     r7,r1,#0x38
S:0xC004269C	9014	STR      r0,[sp,#0x50]
S:0xC004269E	9215	STR      r2,[sp,#0x54]
S:0xC00426A0	F0008172	BEQ.W    {pc}+0x2e8 ; 0xc0042988
		Cycle Count: 48 (Atom Packet)
S:0xC00426A4	4691	MOV      r9,r2
S:0xC00426A6	F8D76124	LDR      r6,[r7,#0x124]
S:0xC00426AA	F0090801	AND      r8,r9,#1
S:0xC00426AE	4630	MOV      r0,r6
S:0xC00426B0	F7FDFD2A	BL       {pc}-0x25a8 ; 0xc0040108
		Cycle Count: 2 (Atom Packet)
S:0xC0040108	E92D4FF0	PUSH     {r4-r11,lr}
S:0xC004010C	B085	SUB      sp,sp,#0x14
S:0xC004010E	B500	PUSH     {lr}
S:0xC0040110	F85DEB04	POP      {lr}
S:0xC0040114	F8D02084	LDR      r2,[r0,#0x84]
S:0xC0040118	F8D0A030	LDR      r10,[r0,#0x30]
S:0xC004011C	4683	MOV      r11,r0
S:0xC004011E	F8D23480	LDR      r3,[r2,#0x480]
S:0xC0040122	F8D2C484	LDR      r12,[r2,#0x484]
S:0xC0040126	F1BA0F00	CMP      r10,#0
S:0xC004012A	D041	BEQ      {pc}+0x86 ; 0xc00401b0
		Cycle Count: 17 (Atom Packet)
S:0xC004012C	F8DA2020	LDR      r2,[r10,#0x20]
S:0xC0040130	1A9A	SUBS     r2,r3,r2
S:0xC0040132	D03D	BEQ      {pc}+0x7e ; 0xc00401b0
		Cycle Count: 1 (Atom Packet)
S:0xC0040134	E9DA6728	LDRD     r6,r7,[r10,#0xa0]
S:0xC0040138	2500	MOVS     r5,#0
S:0xC004013A	4614	MOV      r4,r2
S:0xC004013C	4629	MOV      r1,r5
S:0xC004013E	42BD	CMP      r5,r7
S:0xC0040140	BF08	IT       EQ
S:0xC0040142	42B4	CMP      r4,r6
S:0xC0040144	4610	MOV      r0,r2
S:0xC0040146	BF3C	ITT      CC
S:0xC0040148	4639	MOV      r1,r7
S:0xC004014A	4630	MOV      r0,r6
S:0xC004014C	E9DA670A	LDRD     r6,r7,[r10,#0x28]
S:0xC0040150	F8CA10A4	STR      r1,[r10,#0xa4]
S:0xC0040154	18B6	ADDS     r6,r6,r2
S:0xC0040156	F8CA00A0	STR      r0,[r10,#0xa0]
S:0xC004015A	EB470705	ADC      r7,r7,r5
S:0xC004015E	E9CA670A	STRD     r6,r7,[r10,#0x28]
S:0xC0040162	E9DB6704	LDRD     r6,r7,[r11,#0x10]
S:0xC0040166	18B6	ADDS     r6,r6,r2
S:0xC0040168	EB470705	ADC      r7,r7,r5
S:0xC004016C	E9CB6704	STRD     r6,r7,[r11,#0x10]
S:0xC0040170	F8DA1000	LDR      r1,[r10,#0]
S:0xC0040174	F5B16F80	CMP      r1,#0x400
S:0xC0040178	BF04	ITT      EQ
S:0xC004017A	4690	MOV      r8,r2
S:0xC004017C	46A9	MOV      r9,r5
S:0xC004017E	D13D	BNE      {pc}+0x7e ; 0xc00401fc
		Cycle Count: 29 (Atom Packet)
S:0xC0040180	E9DA670C	LDRD     r6,r7,[r10,#0x30]
S:0xC0040184	4658	MOV      r0,r11
S:0xC0040186	EB160608	ADDS     r6,r6,r8
S:0xC004018A	EB470709	ADC      r7,r7,r9
S:0xC004018E	E9CA670C	STRD     r6,r7,[r10,#0x30]
S:0xC0040192	9303	STR      r3,[sp,#0xc]
S:0xC0040194	F8CDC008	STR      r12,[sp,#8]
S:0xC0040198	F7FFFB06	BL       {pc}-0x9f0 ; 0xc003f7a8
		Cycle Count: 3 (Atom Packet)
S:0xC003F7A8	E92D03F0	PUSH     {r4-r9}
S:0xC003F7AC	B500	PUSH     {lr}
S:0xC003F7AE	F85DEB04	POP      {lr}
S:0xC003F7B2	6B03	LDR      r3,[r0,#0x30]
S:0xC003F7B4	E9D04506	LDRD     r4,r5,[r0,#0x18]
S:0xC003F7B8	2B00	CMP      r3,#0
S:0xC003F7BA	D029	BEQ      {pc}+0x56 ; 0xc003f810
		Cycle Count: 31 (Atom Packet)
S:0xC003F7BC	6AC1	LDR      r1,[r0,#0x2c]
S:0xC003F7BE	E9D3230C	LDRD     r2,r3,[r3,#0x30]
S:0xC003F7C2	B171	CBZ      r1,{pc}+0x20 ; 0xc003f7e2
		Cycle Count: 16 (Atom Packet)
S:0xC003F7C4	E9D1670A	LDRD     r6,r7,[r1,#0x28]
S:0xC003F7C8	46B0	MOV      r8,r6
S:0xC003F7CA	46B9	MOV      r9,r7
S:0xC003F7CC	EBB80802	SUBS     r8,r8,r2
S:0xC003F7D0	EB690903	SBC      r9,r9,r3
S:0xC003F7D4	F1B80F00	CMP      r8,#0
S:0xC003F7D8	F1790100	SBCS     r1,r9,#0
S:0xC003F7DC	BFBC	ITT      LT
S:0xC003F7DE	4632	MOV      r2,r6
S:0xC003F7E0	463B	MOV      r3,r7
S:0xC003F7E2	4616	MOV      r6,r2
S:0xC003F7E4	461F	MOV      r7,r3
S:0xC003F7E6	1B36	SUBS     r6,r6,r4
S:0xC003F7E8	EB670705	SBC      r7,r7,r5
S:0xC003F7EC	2E01	CMP      r6,#1
S:0xC003F7EE	F1770100	SBCS     r1,r7,#0
S:0xC003F7F2	DB0A	BLT      {pc}+0x18 ; 0xc003f80a
		Cycle Count: 31 (Atom Packet)
S:0xC003F80A	4622	MOV      r2,r4
S:0xC003F80C	462B	MOV      r3,r5
S:0xC003F80E	E7F1	B        {pc}-0x1a ; 0xc003f7f4
		Cycle Count: 14 (Atom Packet)
		Cycle Count: 119 (Branch Packet)
S:0xC003F7F4	E9C02306	STRD     r2,r3,[r0,#0x18]
S:0xC003F7F8	F3BF8F5F	DMB      
S:0xC003F7FC	E9D02306	LDRD     r2,r3,[r0,#0x18]
S:0xC003F800	E9C02308	STRD     r2,r3,[r0,#0x20]
S:0xC003F804	E8BD03F0	POP      {r4-r9}
S:0xC003F808	4770	BX       lr
S:0xC004019C	9B03	LDR      r3,[sp,#0xc]
S:0xC004019E	F8DA2128	LDR      r2,[r10,#0x128]
S:0xC00401A2	F8CA3020	STR      r3,[r10,#0x20]
S:0xC00401A6	F8DDC008	LDR      r12,[sp,#8]
S:0xC00401AA	F8CAC024	STR      r12,[r10,#0x24]
S:0xC00401AE	B112	CBZ      r2,{pc}+8 ; 0xc00401b6
		Cycle Count: 2 (Atom Packet)
S:0xC00401B6	4B24	LDR      r3,[pc,#144] ; [0xC0040248] = 0xC0636008
S:0xC00401B8	E9DA670C	LDRD     r6,r7,[r10,#0x30]
S:0xC00401BC	685A	LDR      r2,[r3,#4]
S:0xC00401BE	2A00	CMP      r2,#0
S:0xC00401C0	D12C	BNE      {pc}+0x5c ; 0xc004021c
		Cycle Count: 29 (Atom Packet)
S:0xC00401C2	F8DA639C	LDR      r6,[r10,#0x39c]
S:0xC00401C6	F8D630D8	LDR      r3,[r6,#0xd8]
S:0xC00401CA	2B00	CMP      r3,#0
S:0xC00401CC	D0F0	BEQ      {pc}-0x1c ; 0xc00401b0
		Cycle Count: 487 (Atom Packet)
		Cycle Count: 3 (Branch Packet)
S:0xC00401B0	B005	ADD      sp,sp,#0x14
S:0xC00401B2	E8BD8FF0	POP      {r4-r11,pc}
S:0xC00426B4	F8D7C124	LDR      r12,[r7,#0x124]
S:0xC00426B8	F8D73128	LDR      r3,[r7,#0x128]
S:0xC00426BC	F8DC2084	LDR      r2,[r12,#0x84]
S:0xC00426C0	F8D244C0	LDR      r4,[r2,#0x4c0]
S:0xC00426C4	940A	STR      r4,[sp,#0x28]
S:0xC00426C6	2B00	CMP      r3,#0
S:0xC00426C8	F00081F6	BEQ.W    {pc}+0x3f0 ; 0xc0042ab8
		Cycle Count: 3 (Atom Packet)
S:0xC0042AB8	F5026290	ADD      r2,r2,#0x480
S:0xC0042ABC	E9D24500	LDRD     r4,r5,[r2,#0]
S:0xC0042AC0	E60A	B        {pc}-0x3e8 ; 0xc00426d8
		Cycle Count: 1 (Atom Packet)
S:0xC00426D8	69FA	LDR      r2,[r7,#0x1c]
S:0xC00426DA	463B	MOV      r3,r7
S:0xC00426DC	E9F3014E	LDRD     r0,r1,[r3,#0x138]!
S:0xC00426E0	9212	STR      r2,[sp,#0x48]
S:0xC00426E2	F8DC2030	LDR      r2,[r12,#0x30]
S:0xC00426E6	1A20	SUBS     r0,r4,r0
S:0xC00426E8	EB650101	SBC      r1,r5,r1
S:0xC00426EC	9305	STR      r3,[sp,#0x14]
S:0xC00426EE	F8CDC010	STR      r12,[sp,#0x10]
S:0xC00426F2	920C	STR      r2,[sp,#0x30]
S:0xC00426F4	F7FDF932	BL       {pc}-0x2d98 ; 0xc003f95c
		Cycle Count: 3 (Atom Packet)
		Cycle Count: 5 (Branch Packet)
S:0xC003F95C	E92D03F0	PUSH     {r4-r9}
S:0xC003F960	B500	PUSH     {lr}
S:0xC003F962	F85DEB04	POP      {lr}
S:0xC003F966	F64B7640	MOV      r6,#0xbf40
S:0xC003F96A	F2CC0664	MOVT     r6,#0xc064
S:0xC003F96E	6876	LDR      r6,[r6,#4]
S:0xC003F970	FBA18906	UMULL    r8,r9,r1,r6
S:0xC003F974	EA4F7CE6	ASR      r12,r6,#31
S:0xC003F978	FBA06706	UMULL    r6,r7,r0,r6
S:0xC003F97C	FB01990C	MLA      r9,r1,r12,r9
S:0xC003F980	EA4F4408	LSL      r4,r8,#16
S:0xC003F984	FB00770C	MLA      r7,r0,r12,r7
S:0xC003F988	0C32	LSRS     r2,r6,#16
S:0xC003F98A	EA4F4509	LSL      r5,r9,#16
S:0xC003F98E	EA454518	ORR      r5,r5,r8,LSR #16
S:0xC003F992	EA424207	ORR      r2,r2,r7,LSL #16
S:0xC003F996	0C3B	LSRS     r3,r7,#16
S:0xC003F998	1912	ADDS     r2,r2,r4
S:0xC003F99A	EB430305	ADC      r3,r3,r5
S:0xC003F99E	4610	MOV      r0,r2
S:0xC003F9A0	4619	MOV      r1,r3
S:0xC003F9A2	E8BD03F0	POP      {r4-r9}
S:0xC003F9A6	4770	BX       lr
S:0xC00426F8	9B05	LDR      r3,[sp,#0x14]
S:0xC00426FA	F8DDC010	LDR      r12,[sp,#0x10]
S:0xC00426FE	2800	CMP      r0,#0
S:0xC0042700	F1710E00	SBCS     lr,r1,#0
S:0xC0042704	F2C081CC	BLT.W    {pc}+0x39c ; 0xc0042aa0
		Cycle Count: 1 (Atom Packet)
S:0xC0042708	EA4F2A90	LSR      r10,r0,#10
S:0xC004270C	EA4F2B91	LSR      r11,r1,#10
S:0xC0042710	EA4A5A81	ORR      r10,r10,r1,LSL #22
S:0xC0042714	EA5A000B	ORRS     r0,r10,r11
S:0xC0042718	F00080D4	BEQ.W    {pc}+0x1ac ; 0xc00428c4
		Cycle Count: 1 (Atom Packet)
S:0xC004271C	F64B7140	MOV      r1,#0xbf40
S:0xC0042720	E9C34500	STRD     r4,r5,[r3,#0]
S:0xC0042724	F2CC0164	MOVT     r1,#0xc064
S:0xC0042728	680A	LDR      r2,[r1,#0]
S:0xC004272A	2A00	CMP      r2,#0
S:0xC004272C	F00081BB	BEQ.W    {pc}+0x37a ; 0xc0042aa6
		Cycle Count: 2 (Atom Packet)
S:0xC0042730	9A0A	LDR      r2,[sp,#0x28]
S:0xC0042732	2400	MOVS     r4,#0
S:0xC0042734	940B	STR      r4,[sp,#0x2c]
S:0xC0042736	EB011302	ADD      r3,r1,r2,LSL #4
S:0xC004273A	F8D33098	LDR      r3,[r3,#0x98]
S:0xC004273E	9313	STR      r3,[sp,#0x4c]
S:0xC0042740	930A	STR      r3,[sp,#0x28]
S:0xC0042742	F8D7E134	LDR      lr,[r7,#0x134]
S:0xC0042746	F24032FF	MOV      r2,#0x3ff
S:0xC004274A	9C0C	LDR      r4,[sp,#0x30]
S:0xC004274C	2300	MOVS     r3,#0
S:0xC004274E	1B39	SUBS     r1,r7,r4
S:0xC0042750	EA4F548E	LSL      r4,lr,#22
S:0xC0042754	424D	RSBS     r5,r1,#0
S:0xC0042756	EA4F5494	LSR      r4,r4,#22
S:0xC004275A	414D	ADCS     r5,r5,r1
S:0xC004275C	EB1A0004	ADDS     r0,r10,r4
S:0xC0042760	F14B0100	ADC      r1,r11,#0
S:0xC0042764	428B	CMP      r3,r1
S:0xC0042766	BF08	IT       EQ
S:0xC0042768	4282	CMP      r2,r0
S:0xC004276A	BF28	IT       CS
S:0xC004276C	2400	MOVS     r4,#0
S:0xC004276E	D279	BCS      {pc}+0xf6 ; 0xc0042864
		Cycle Count: 28 (Atom Packet)
S:0xC0042864	990B	LDR      r1,[sp,#0x2c]
S:0xC0042866	9A0A	LDR      r2,[sp,#0x28]
S:0xC0042868	FB0AF001	MUL      r0,r10,r1
S:0xC004286C	FB02000B	MLA      r0,r2,r11,r0
S:0xC0042870	FBAA2302	UMULL    r2,r3,r10,r2
S:0xC0042874	18C3	ADDS     r3,r0,r3
S:0xC0042876	0A92	LSRS     r2,r2,#10
S:0xC0042878	EA425283	ORR      r2,r2,r3,LSL #22
S:0xC004287C	9B12	LDR      r3,[sp,#0x48]
S:0xC004287E	B123	CBZ      r3,{pc}+0xc ; 0xc004288a
		Cycle Count: 23 (Atom Packet)
S:0xC0042880	F8D73130	LDR      r3,[r7,#0x130]
S:0xC0042884	189B	ADDS     r3,r3,r2
S:0xC0042886	F8C73130	STR      r3,[r7,#0x130]
S:0xC004288A	B125	CBZ      r5,{pc}+0xc ; 0xc0042896
		Cycle Count: 10 (Atom Packet)
S:0xC004288C	F8D73160	LDR      r3,[r7,#0x160]
S:0xC0042890	189A	ADDS     r2,r3,r2
S:0xC0042892	F8C72160	STR      r2,[r7,#0x160]
S:0xC0042896	EB0E010A	ADD      r1,lr,r10
S:0xC004289A	F8C71134	STR      r1,[r7,#0x134]
S:0xC004289E	B18C	CBZ      r4,{pc}+0x26 ; 0xc00428c4
		Cycle Count: 2 (Atom Packet)
S:0xC00428C4	F0880101	EOR      r1,r8,#1
S:0xC00428C8	4630	MOV      r0,r6
S:0xC00428CA	F7FDF967	BL       {pc}-0x2d2e ; 0xc003fb9c
		Cycle Count: 18 (Atom Packet)
S:0xC003FB9C	E92D0FF0	PUSH     {r4-r11}
S:0xC003FBA0	B500	PUSH     {lr}
S:0xC003FBA2	F85DEB04	POP      {lr}
S:0xC003FBA6	F8D06084	LDR      r6,[r0,#0x84]
S:0xC003FBAA	E9D0451A	LDRD     r4,r5,[r0,#0x68]
S:0xC003FBAE	F8D67480	LDR      r7,[r6,#0x480]
S:0xC003FBB2	F8D66484	LDR      r6,[r6,#0x484]
S:0xC003FBB6	0D3A	LSRS     r2,r7,#20
S:0xC003FBB8	EA423206	ORR      r2,r2,r6,LSL #12
S:0xC003FBBC	0D33	LSRS     r3,r6,#20
S:0xC003FBBE	1B14	SUBS     r4,r2,r4
S:0xC003FBC0	EB630505	SBC      r5,r3,r5
S:0xC003FBC4	EA540605	ORRS     r6,r4,r5
S:0xC003FBC8	BF14	ITE      NE
S:0xC003FBCA	2600	MOVS     r6,#0
S:0xC003FBCC	2601	MOVS     r6,#1
S:0xC003FBCE	2900	CMP      r1,#0
S:0xC003FBD0	BF14	ITE      NE
S:0xC003FBD2	2600	MOVS     r6,#0
S:0xC003FBD4	F0060601	AND      r6,r6,#1
S:0xC003FBD8	2E00	CMP      r6,#0
S:0xC003FBDA	D167	BNE      {pc}+0xd2 ; 0xc003fcac
		Cycle Count: 53 (Atom Packet)
		Cycle Count: 26 (Branch Packet)
S:0xC003FCAC	E8BD0FF0	POP      {r4-r11}
S:0xC003FCB0	4770	BX       lr
S:0xC00428CE	F8D71148	LDR      r1,[r7,#0x148]
S:0xC00428D2	E9D62312	LDRD     r2,r3,[r6,#0x48]
S:0xC00428D6	1A52	SUBS     r2,r2,r1
S:0xC00428D8	F1630300	SBC      r3,r3,#0
S:0xC00428DC	E9C62312	STRD     r2,r3,[r6,#0x48]
S:0xC00428E0	F1B80F00	CMP      r8,#0
S:0xC00428E4	D010	BEQ      {pc}+0x24 ; 0xc0042908
		Cycle Count: 3 (Atom Packet)
S:0xC00428E6	E9D62314	LDRD     r2,r3,[r6,#0x50]
S:0xC00428EA	F1060058	ADD      r0,r6,#0x58
S:0xC00428EE	F8D71148	LDR      r1,[r7,#0x148]
S:0xC00428F2	1852	ADDS     r2,r2,r1
S:0xC00428F4	F1430300	ADC      r3,r3,#0
S:0xC00428F8	E9C62314	STRD     r2,r3,[r6,#0x50]
S:0xC00428FC	E8D0237F	LDREXD   r2,r3,[r0]
S:0xC0042900	F8C72140	STR      r2,[r7,#0x140]
S:0xC0042904	F8C73144	STR      r3,[r7,#0x144]
S:0xC0042908	6B33	LDR      r3,[r6,#0x30]
S:0xC004290A	429F	CMP      r7,r3
S:0xC004290C	D003	BEQ      {pc}+0xa ; 0xc0042916
		Cycle Count: 59 (Atom Packet)
S:0xC0042916	F1B80F00	CMP      r8,#0
S:0xC004291A	D004	BEQ      {pc}+0xc ; 0xc0042926
		Cycle Count: 13 (Atom Packet)
S:0xC004291C	F8D73128	LDR      r3,[r7,#0x128]
S:0xC0042920	2B00	CMP      r3,#0
S:0xC0042922	F00080E3	BEQ.W    {pc}+0x1ca ; 0xc0042aec
		Cycle Count: 7 (Atom Packet)
S:0xC0042AEC	F8573C38	LDR      r3,[r7,#-0x38]
S:0xC0042AF0	07DA	LSLS     r2,r3,#31
S:0xC0042AF2	D507	BPL      {pc}+0x12 ; 0xc0042b04
		Cycle Count: 19 (Atom Packet)
S:0xC0042AF4	F8D63084	LDR      r3,[r6,#0x84]
S:0xC0042AF8	F503638F	ADD      r3,r3,#0x478
S:0xC0042AFC	E9D32300	LDRD     r2,r3,[r3,#0]
S:0xC0042B00	E9C7231E	STRD     r2,r3,[r7,#0x78]
S:0xC0042B04	F8573C38	LDR      r3,[r7,#-0x38]
S:0xC0042B08	079B	LSLS     r3,r3,#30
S:0xC0042B0A	F57FAF0C	BPL      {pc}-0x1e4 ; 0xc0042926
		Cycle Count: 19 (Atom Packet)
S:0xC0042926	4630	MOV      r0,r6
S:0xC0042928	4639	MOV      r1,r7
S:0xC004292A	F7FEFD03	BL       {pc}-0x15f6 ; 0xc0041334
		Cycle Count: 3 (Atom Packet)
S:0xC0041334	B430	PUSH     {r4,r5}
S:0xC0041336	B500	PUSH     {lr}
S:0xC0041338	F85DEB04	POP      {lr}
S:0xC004133C	6B83	LDR      r3,[r0,#0x38]
S:0xC004133E	428B	CMP      r3,r1
S:0xC0041340	D038	BEQ      {pc}+0x74 ; 0xc00413b4
		Cycle Count: 17 (Atom Packet)
S:0xC0041342	6B43	LDR      r3,[r0,#0x34]
S:0xC0041344	428B	CMP      r3,r1
S:0xC0041346	D01D	BEQ      {pc}+0x3e ; 0xc0041384
		Cycle Count: 1 (Atom Packet)
S:0xC0041348	6BC3	LDR      r3,[r0,#0x3c]
S:0xC004134A	428B	CMP      r3,r1
S:0xC004134C	D001	BEQ      {pc}+6 ; 0xc0041352
		Cycle Count: 19 (Atom Packet)
		Cycle Count: 5 (Branch Packet)
S:0xC004134E	BC30	POP      {r4,r5}
S:0xC0041350	4770	BX       lr
S:0xC004292E	6B33	LDR      r3,[r6,#0x30]
S:0xC0042930	429F	CMP      r7,r3
S:0xC0042932	D003	BEQ      {pc}+0xa ; 0xc004293c
		Cycle Count: 1 (Atom Packet)
S:0xC004293C	2500	MOVS     r5,#0
S:0xC004293E	4630	MOV      r0,r6
S:0xC0042940	61FD	STR      r5,[r7,#0x1c]
S:0xC0042942	4639	MOV      r1,r7
S:0xC0042944	F7FCFF96	BL       {pc}-0x30d0 ; 0xc003f874
		Cycle Count: 18 (Atom Packet)
S:0xC003F874	B430	PUSH     {r4,r5}
S:0xC003F876	B500	PUSH     {lr}
S:0xC003F878	F85DEB04	POP      {lr}
S:0xC003F87C	2400	MOVS     r4,#0
S:0xC003F87E	680A	LDR      r2,[r1,#0]
S:0xC003F880	6803	LDR      r3,[r0,#0]
S:0xC003F882	6044	STR      r4,[r0,#4]
S:0xC003F884	1A9B	SUBS     r3,r3,r2
S:0xC003F886	6003	STR      r3,[r0,#0]
S:0xC003F888	F8D13120	LDR      r3,[r1,#0x120]
S:0xC003F88C	B183	CBZ      r3,{pc}+0x24 ; 0xc003f8b0
		Cycle Count: 46 (Atom Packet)
S:0xC003F8B0	F8D02084	LDR      r2,[r0,#0x84]
S:0xC003F8B4	680D	LDR      r5,[r1,#0]
S:0xC003F8B6	6B14	LDR      r4,[r2,#0x30]
S:0xC003F8B8	6353	STR      r3,[r2,#0x34]
S:0xC003F8BA	1B64	SUBS     r4,r4,r5
S:0xC003F8BC	6314	STR      r4,[r2,#0x30]
S:0xC003F8BE	E7E6	B        {pc}-0x30 ; 0xc003f88e
		Cycle Count: 26 (Atom Packet)
S:0xC003F88E	F8D13128	LDR      r3,[r1,#0x128]
S:0xC003F892	B123	CBZ      r3,{pc}+0xc ; 0xc003f89e
		Cycle Count: 1 (Atom Packet)
S:0xC003F89E	698A	LDR      r2,[r1,#0x18]
S:0xC003F8A0	F1010314	ADD      r3,r1,#0x14
S:0xC003F8A4	694C	LDR      r4,[r1,#0x14]
S:0xC003F8A6	6062	STR      r2,[r4,#4]
S:0xC003F8A8	6014	STR      r4,[r2,#0]
S:0xC003F8AA	614B	STR      r3,[r1,#0x14]
S:0xC003F8AC	618B	STR      r3,[r1,#0x18]
S:0xC003F8AE	E7F1	B        {pc}-0x1a ; 0xc003f894
		Cycle Count: 27 (Atom Packet)
		Cycle Count: 3 (Branch Packet)
S:0xC003F894	6883	LDR      r3,[r0,#8]
S:0xC003F896	3B01	SUBS     r3,#1
S:0xC003F898	6083	STR      r3,[r0,#8]
S:0xC003F89A	BC30	POP      {r4,r5}
S:0xC003F89C	4770	BX       lr
S:0xC0042948	F1B80F00	CMP      r8,#0
S:0xC004294C	D108	BNE      {pc}+0x14 ; 0xc0042960
		Cycle Count: 1 (Atom Packet)
S:0xC0042960	4630	MOV      r0,r6
S:0xC0042962	F7FCFF21	BL       {pc}-0x31ba ; 0xc003f7a8
		Cycle Count: 9 (Atom Packet)
S:0xC003F7A8	E92D03F0	PUSH     {r4-r9}
S:0xC003F7AC	B500	PUSH     {lr}
S:0xC003F7AE	F85DEB04	POP      {lr}
S:0xC003F7B2	6B03	LDR      r3,[r0,#0x30]
S:0xC003F7B4	E9D04506	LDRD     r4,r5,[r0,#0x18]
S:0xC003F7B8	2B00	CMP      r3,#0
S:0xC003F7BA	D029	BEQ      {pc}+0x56 ; 0xc003f810
		Cycle Count: 21 (Atom Packet)
S:0xC003F7BC	6AC1	LDR      r1,[r0,#0x2c]
S:0xC003F7BE	E9D3230C	LDRD     r2,r3,[r3,#0x30]
S:0xC003F7C2	B171	CBZ      r1,{pc}+0x20 ; 0xc003f7e2
		Cycle Count: 3 (Atom Packet)
S:0xC003F7C4	E9D1670A	LDRD     r6,r7,[r1,#0x28]
S:0xC003F7C8	46B0	MOV      r8,r6
S:0xC003F7CA	46B9	MOV      r9,r7
S:0xC003F7CC	EBB80802	SUBS     r8,r8,r2
S:0xC003F7D0	EB690903	SBC      r9,r9,r3
S:0xC003F7D4	F1B80F00	CMP      r8,#0
S:0xC003F7D8	F1790100	SBCS     r1,r9,#0
S:0xC003F7DC	BFBC	ITT      LT
S:0xC003F7DE	4632	MOV      r2,r6
S:0xC003F7E0	463B	MOV      r3,r7
S:0xC003F7E2	4616	MOV      r6,r2
S:0xC003F7E4	461F	MOV      r7,r3
S:0xC003F7E6	1B36	SUBS     r6,r6,r4
S:0xC003F7E8	EB670705	SBC      r7,r7,r5
S:0xC003F7EC	2E01	CMP      r6,#1
S:0xC003F7EE	F1770100	SBCS     r1,r7,#0
S:0xC003F7F2	DB0A	BLT      {pc}+0x18 ; 0xc003f80a
		Cycle Count: 8 (Atom Packet)
S:0xC003F80A	4622	MOV      r2,r4
S:0xC003F80C	462B	MOV      r3,r5
S:0xC003F80E	E7F1	B        {pc}-0x1a ; 0xc003f7f4
		Cycle Count: 4 (Atom Packet)
		Cycle Count: 81 (Branch Packet)
S:0xC003F7F4	E9C02306	STRD     r2,r3,[r0,#0x18]
S:0xC003F7F8	F3BF8F5F	DMB      
S:0xC003F7FC	E9D02306	LDRD     r2,r3,[r0,#0x18]
S:0xC003F800	E9C02308	STRD     r2,r3,[r0,#0x20]
S:0xC003F804	E8BD03F0	POP      {r4-r9}
S:0xC003F808	4770	BX       lr
S:0xC0042966	4630	MOV      r0,r6
S:0xC0042968	F7FDFC70	BL       {pc}-0x271c ; 0xc004024c
		Cycle Count: 1 (Atom Packet)
S:0xC004024C	B570	PUSH     {r4-r6,lr}
S:0xC004024E	B500	PUSH     {lr}
S:0xC0040250	F85DEB04	POP      {lr}
S:0xC0040254	F8D01094	LDR      r1,[r0,#0x94]
S:0xC0040258	F8D02084	LDR      r2,[r0,#0x84]
S:0xC004025C	6A0B	LDR      r3,[r1,#0x20]
S:0xC004025E	F8D224C0	LDR      r2,[r2,#0x4c0]
S:0xC0040262	F8534022	LDR      r4,[r3,r2,LSL #2]
S:0xC0040266	2C00	CMP      r4,#0
S:0xC0040268	D02B	BEQ      {pc}+0x5a ; 0xc00402c2
		Cycle Count: 30 (Atom Packet)
		Cycle Count: 2 (Branch Packet)
S:0xC00402C2	BD70	POP      {r4-r6,pc}
S:0xC004296C	68F3	LDR      r3,[r6,#0xc]
S:0xC004296E	6832	LDR      r2,[r6,#0]
S:0xC0042970	3B01	SUBS     r3,#1
S:0xC0042972	60F3	STR      r3,[r6,#0xc]
S:0xC0042974	2A00	CMP      r2,#0
S:0xC0042976	F04080D3	BNE.W    {pc}+0x1aa ; 0xc0042b20
		Cycle Count: 2 (Atom Packet)
S:0xC0042B20	F8DD8054	LDR      r8,[sp,#0x54]
S:0xC0042B24	F0180F01	TST      r8,#1
S:0xC0042B28	D006	BEQ      {pc}+0x10 ; 0xc0042b38
		Cycle Count: 1 (Atom Packet)
S:0xC0042B2A	F8D70120	LDR      r0,[r7,#0x120]
S:0xC0042B2E	2800	CMP      r0,#0
S:0xC0042B30	F43FAF2A	BEQ      {pc}-0x1a8 ; 0xc0042988
		Cycle Count: 1 (Atom Packet)
S:0xC0042988	9D14	LDR      r5,[sp,#0x50]
S:0xC004298A	F5056290	ADD      r2,r5,#0x480
S:0xC004298E	F50569B4	ADD      r9,r5,#0x5a0
S:0xC0042992	686B	LDR      r3,[r5,#4]
S:0xC0042994	F8D584C0	LDR      r8,[r5,#0x4c0]
S:0xC0042998	3B01	SUBS     r3,#1
S:0xC004299A	606B	STR      r3,[r5,#4]
S:0xC004299C	E9D24500	LDRD     r4,r5,[r2,#0]
S:0xC00429A0	E9D90100	LDRD     r0,r1,[r9,#0]
S:0xC00429A4	1A20	SUBS     r0,r4,r0
S:0xC00429A6	EB650101	SBC      r1,r5,r1
S:0xC00429AA	F7FCFFD7	BL       {pc}-0x304e ; 0xc003f95c
		Cycle Count: 4 (Atom Packet)
		Cycle Count: 24 (Branch Packet)
S:0xC003F95C	E92D03F0	PUSH     {r4-r9}
S:0xC003F960	B500	PUSH     {lr}
S:0xC003F962	F85DEB04	POP      {lr}
S:0xC003F966	F64B7640	MOV      r6,#0xbf40
S:0xC003F96A	F2CC0664	MOVT     r6,#0xc064
S:0xC003F96E	6876	LDR      r6,[r6,#4]
S:0xC003F970	FBA18906	UMULL    r8,r9,r1,r6
S:0xC003F974	EA4F7CE6	ASR      r12,r6,#31
S:0xC003F978	FBA06706	UMULL    r6,r7,r0,r6
S:0xC003F97C	FB01990C	MLA      r9,r1,r12,r9
S:0xC003F980	EA4F4408	LSL      r4,r8,#16
S:0xC003F984	FB00770C	MLA      r7,r0,r12,r7
S:0xC003F988	0C32	LSRS     r2,r6,#16
S:0xC003F98A	EA4F4509	LSL      r5,r9,#16
S:0xC003F98E	EA454518	ORR      r5,r5,r8,LSR #16
S:0xC003F992	EA424207	ORR      r2,r2,r7,LSL #16
S:0xC003F996	0C3B	LSRS     r3,r7,#16
S:0xC003F998	1912	ADDS     r2,r2,r4
S:0xC003F99A	EB430305	ADC      r3,r3,r5
S:0xC003F99E	4610	MOV      r0,r2
S:0xC003F9A0	4619	MOV      r1,r3
S:0xC003F9A2	E8BD03F0	POP      {r4-r9}
S:0xC003F9A6	4770	BX       lr
S:0xC00429AE	2800	CMP      r0,#0
S:0xC00429B0	F1710E00	SBCS     lr,r1,#0
S:0xC00429B4	F2C0822B	BLT.W    {pc}+0x45a ; 0xc0042e0e
		Cycle Count: 1 (Atom Packet)
S:0xC00429B8	0A86	LSRS     r6,r0,#10
S:0xC00429BA	0A8F	LSRS     r7,r1,#10
S:0xC00429BC	EA465681	ORR      r6,r6,r1,LSL #22
S:0xC00429C0	EA560E07	ORRS     lr,r6,r7
S:0xC00429C4	F04081E9	BNE.W    {pc}+0x3d6 ; 0xc0042d9a
		Cycle Count: 7 (Atom Packet)
S:0xC0042D9A	4B9F	LDR      r3,[pc,#636] ; [0xC0043018] = 0xC064BF40
S:0xC0042D9C	E9C94500	STRD     r4,r5,[r9,#0]
S:0xC0042DA0	681A	LDR      r2,[r3,#0]
S:0xC0042DA2	2A00	CMP      r2,#0
S:0xC0042DA4	D03D	BEQ      {pc}+0x7e ; 0xc0042e22
		Cycle Count: 296 (Atom Packet)
S:0xC0042DA6	EB031308	ADD      r3,r3,r8,LSL #4
S:0xC0042DAA	F04F0B00	MOV      r11,#0
S:0xC0042DAE	F8D33098	LDR      r3,[r3,#0x98]
S:0xC0042DB2	469A	MOV      r10,r3
S:0xC0042DB4	9312	STR      r3,[sp,#0x48]
S:0xC0042DB6	9D14	LDR      r5,[sp,#0x50]
S:0xC0042DB8	F24032FF	MOV      r2,#0x3ff
S:0xC0042DBC	2300	MOVS     r3,#0
S:0xC0042DBE	F8D5459C	LDR      r4,[r5,#0x59c]
S:0xC0042DC2	05A5	LSLS     r5,r4,#22
S:0xC0042DC4	0DAD	LSRS     r5,r5,#22
S:0xC0042DC6	1970	ADDS     r0,r6,r5
S:0xC0042DC8	F1470100	ADC      r1,r7,#0
S:0xC0042DCC	428B	CMP      r3,r1
S:0xC0042DCE	BF08	IT       EQ
S:0xC0042DD0	4282	CMP      r2,r0
S:0xC0042DD2	D32E	BCC      {pc}+0x60 ; 0xc0042e32
		Cycle Count: 6 (Atom Packet)
S:0xC0042DD4	F8DD8050	LDR      r8,[sp,#0x50]
S:0xC0042DD8	F8D83598	LDR      r3,[r8,#0x598]
S:0xC0042DDC	F8D815C8	LDR      r1,[r8,#0x5c8]
S:0xC0042DE0	FB06F20B	MUL      r2,r6,r11
S:0xC0042DE4	19A4	ADDS     r4,r4,r6
S:0xC0042DE6	FB0A2207	MLA      r2,r10,r7,r2
S:0xC0042DEA	F8DD8050	LDR      r8,[sp,#0x50]
S:0xC0042DEE	FBA6670A	UMULL    r6,r7,r6,r10
S:0xC0042DF2	4625	MOV      r5,r4
S:0xC0042DF4	F8C8459C	STR      r4,[r8,#0x59c]
S:0xC0042DF8	19D7	ADDS     r7,r2,r7
S:0xC0042DFA	0AB2	LSRS     r2,r6,#10
S:0xC0042DFC	EA425287	ORR      r2,r2,r7,LSL #22
S:0xC0042E00	18D3	ADDS     r3,r2,r3
S:0xC0042E02	1852	ADDS     r2,r2,r1
S:0xC0042E04	F8C83598	STR      r3,[r8,#0x598]
S:0xC0042E08	F8C825C8	STR      r2,[r8,#0x5c8]
S:0xC0042E0C	E5E3	B        {pc}-0x436 ; 0xc00429d6
		Cycle Count: 13 (Atom Packet)
S:0xC00429D6	F8DD9050	LDR      r9,[sp,#0x50]
S:0xC00429DA	029B	LSLS     r3,r3,#10
S:0xC00429DC	3401	ADDS     r4,#1
S:0xC00429DE	2100	MOVS     r1,#0
S:0xC00429E0	F8D905C8	LDR      r0,[r9,#0x5c8]
S:0xC00429E4	F8D980B8	LDR      r8,[r9,#0xb8]
S:0xC00429E8	F8D960BC	LDR      r6,[r9,#0xbc]
S:0xC00429EC	9006	STR      r0,[sp,#0x18]
S:0xC00429EE	4618	MOV      r0,r3
S:0xC00429F0	F20EF9CE	BL       {pc}+0x20e3a0 ; 0xc0250d90
		Cycle Count: 4 (Atom Packet)
		Cycle Count: 188 (I-Sync Packet)
		Tracing enabled
S:0xC00429F4	1C6C	ADDS     r4,r5,#1
S:0xC00429F6	9D06	LDR      r5,[sp,#0x18]
S:0xC00429F8	EBC80702	RSB      r7,r8,r2
S:0xC00429FC	2100	MOVS     r1,#0
S:0xC00429FE	EA877AE7	EOR      r10,r7,r7,ASR #31
S:0xC0042A02	EBAA7AE7	SUB      r10,r10,r7,ASR #31
S:0xC0042A06	02A8	LSLS     r0,r5,#10
S:0xC0042A08	F8D950DC	LDR      r5,[r9,#0xdc]
S:0xC0042A0C	F20EF9C0	BL       {pc}+0x20e384 ; 0xc0250d90
		Cycle Count: 17 (Atom Packet)
		Cycle Count: 150 (I-Sync Packet)
		Tracing enabled
S:0xC0042A10	EBBA1F98	CMP      r10,r8,LSR #6
S:0xC0042A14	EBC60202	RSB      r2,r6,r2
S:0xC0042A18	D806	BHI      {pc}+0x10 ; 0xc0042a28
		Cycle Count: 11 (Atom Packet)
S:0xC0042A28	F1050338	ADD      r3,r5,#0x38
S:0xC0042A2C	E8531F00	LDREX    r1,[r3]
S:0xC0042A30	4439	ADD      r1,r1,r7
S:0xC0042A32	E8431000	STREX    r0,r1,[r3]
S:0xC0042A36	F0900F00	TEQ      r0,#0
S:0xC0042A3A	D1F7	BNE      {pc}-0xe ; 0xc0042a2c
		Cycle Count: 48 (Atom Packet)
S:0xC0042A3C	F8DD8050	LDR      r8,[sp,#0x50]
S:0xC0042A40	F105033C	ADD      r3,r5,#0x3c
S:0xC0042A44	F8D810B8	LDR      r1,[r8,#0xb8]
S:0xC0042A48	19C9	ADDS     r1,r1,r7
S:0xC0042A4A	F8C810B8	STR      r1,[r8,#0xb8]
S:0xC0042A4E	E8531F00	LDREX    r1,[r3]
S:0xC0042A52	4411	ADD      r1,r1,r2
S:0xC0042A54	E8431000	STREX    r0,r1,[r3]
S:0xC0042A58	F0900F00	TEQ      r0,#0
S:0xC0042A5C	D1F7	BNE      {pc}-0xe ; 0xc0042a4e
		Cycle Count: 58 (Atom Packet)
S:0xC0042A5E	F8D830BC	LDR      r3,[r8,#0xbc]
S:0xC0042A62	189B	ADDS     r3,r3,r2
S:0xC0042A64	F8C830BC	STR      r3,[r8,#0xbc]
S:0xC0042A68	4BBA	LDR      r3,[pc,#744] ; [0xC0042D54]
S:0xC0042A6A	F8DD9050	LDR      r9,[sp,#0x50]
S:0xC0042A6E	685A	LDR      r2,[r3,#4]
S:0xC0042A70	F8D90598	LDR      r0,[r9,#0x598]
S:0xC0042A74	F8D9159C	LDR      r1,[r9,#0x59c]
S:0xC0042A78	F8D984C0	LDR      r8,[r9,#0x4c0]
S:0xC0042A7C	2A00	CMP      r2,#0
S:0xC0042A7E	F0408256	BNE.W    {pc}+0x4b0 ; 0xc0042f2e
		Cycle Count: 153 (Atom Packet)
S:0xC0042A82	4BB5	LDR      r3,[pc,#724] ; [0xC0042D58]
S:0xC0042A84	F8DD9050	LDR      r9,[sp,#0x50]
S:0xC0042A88	685A	LDR      r2,[r3,#4]
S:0xC0042A8A	E9D94524	LDRD     r4,r5,[r9,#0x90]
S:0xC0042A8E	2A00	CMP      r2,#0
S:0xC0042A90	F040823E	BNE.W    {pc}+0x480 ; 0xc0042f10
		Cycle Count: 13 (Atom Packet)
S:0xC0042A94	9814	LDR      r0,[sp,#0x50]
S:0xC0042A96	B01B	ADD      sp,sp,#0x6c
S:0xC0042A98	E8BD4FF0	POP      {r4-r11,lr}
S:0xC0042A9C	F7FEBB58	B        {pc}-0x194c ; 0xc0041150
		Cycle Count: 11 (Atom Packet)
S:0xC0041150	B478	PUSH     {r3-r6}
S:0xC0041152	B500	PUSH     {lr}
S:0xC0041154	F85DEB04	POP      {lr}
S:0xC0041158	4A16	LDR      r2,[pc,#88] ; [0xC00411B4] = 0xC05FC568
S:0xC004115A	F8D01460	LDR      r1,[r0,#0x460]
S:0xC004115E	6812	LDR      r2,[r2,#0]
S:0xC0041160	0612	LSLS     r2,r2,#24
S:0xC0041162	D51A	BPL      {pc}+0x38 ; 0xc004119a
		Cycle Count: 3 (Atom Packet)
		Cycle Count: 1 (Branch Packet)
S:0xC004119A	BC78	POP      {r3-r6}
S:0xC004119C	4770	BX       lr
		Cycle Count: 1 (Branch Packet)
S:0xC003B85A	E8BD87F0	POP      {r4-r10,pc}
		Cycle Count: 6 (I-Sync Packet)
		Tracing enabled
S:0xC002F074	B510	PUSH     {r4,lr}
S:0xC002F076	B500	PUSH     {lr}
S:0xC002F078	F85DEB04	POP      {lr}
S:0xC002F07C	460C	MOV      r4,r1
S:0xC002F07E	F003FEA5	BL       {pc}+0x3d4e ; 0xc0032dcc
		Cycle Count: 38 (Atom Packet)
		Cycle Count: 42 (Branch Packet)
S:0xC0032DCC	B500	PUSH     {lr}
S:0xC0032DCE	F85DEB04	POP      {lr}
S:0xC0032DD2	F8D032A4	LDR      r3,[r0,#0x2a4]
S:0xC0032DD6	F8530C14	LDR      r0,[r3,#-0x14]
S:0xC0032DDA	4770	BX       lr
S:0xC002F082	6AC3	LDR      r3,[r0,#0x2c]
S:0xC002F084	F4137FE4	TST      r3,#0x1c8
S:0xC002F088	D130	BNE      {pc}+0x64 ; 0xc002f0ec
		Cycle Count: 5 (Atom Packet)
		Cycle Count: 21 (Branch Packet)
S:0xC002F0EC	2000	MOVS     r0,#0
S:0xC002F0EE	BD10	POP      {r4,pc}
		Cycle Count: 47 (I-Sync Packet)
		Tracing enabled
S:0xC0042274	E92D4FF0	PUSH     {r4-r11,lr}
S:0xC0042278	B097	SUB      sp,sp,#0x5c
S:0xC004227A	B500	PUSH     {lr}
S:0xC004227C	F85DEB04	POP      {lr}
S:0xC0042280	F1110A38	ADDS     r10,r1,#0x38
S:0xC0042284	F00081A1	BEQ.W    {pc}+0x346 ; 0xc00425ca
		Cycle Count: 31 (Atom Packet)
S:0xC0042288	F8DFB3FC	LDR      r11,[pc,#1020] ; [0xC0042688]
S:0xC004228C	E008	B        {pc}+0x14 ; 0xc00422a0
		Cycle Count: 8 (Atom Packet)
S:0xC00422A0	F8DA301C	LDR      r3,[r10,#0x1c]
S:0xC00422A4	F8DA8124	LDR      r8,[r10,#0x124]
S:0xC00422A8	2B00	CMP      r3,#0
S:0xC00422AA	F0408191	BNE.W    {pc}+0x326 ; 0xc00425d0
		Cycle Count: 1 (Atom Packet)
S:0xC00422AE	E9D82306	LDRD     r2,r3,[r8,#0x18]
S:0xC00422B2	E9DA010C	LDRD     r0,r1,[r10,#0x30]
S:0xC00422B6	F8DB4000	LDR      r4,[r11,#0]
S:0xC00422BA	1A80	SUBS     r0,r0,r2
S:0xC00422BC	EB610103	SBC      r1,r1,r3
S:0xC00422C0	2300	MOVS     r3,#0
S:0xC00422C2	17CE	ASRS     r6,r1,#31
S:0xC00422C4	EB040444	ADD      r4,r4,r4,LSL #1
S:0xC00422C8	4637	MOV      r7,r6
S:0xC00422CA	4070	EORS     r0,r0,r6
S:0xC00422CC	4071	EORS     r1,r1,r6
S:0xC00422CE	4622	MOV      r2,r4
S:0xC00422D0	1B80	SUBS     r0,r0,r6
S:0xC00422D2	EB610107	SBC      r1,r1,r7
S:0xC00422D6	4282	CMP      r2,r0
S:0xC00422D8	EB730401	SBCS     r4,r3,r1
S:0xC00422DC	BFBE	ITTT     LT
S:0xC00422DE	F8D83040	LDR      r3,[r8,#0x40]
S:0xC00422E2	3301	ADDS     r3,#1
S:0xC00422E4	F8C83040	STR      r3,[r8,#0x40]
S:0xC00422E8	F8DA301C	LDR      r3,[r10,#0x1c]
S:0xC00422EC	2B00	CMP      r3,#0
S:0xC00422EE	D0CE	BEQ      {pc}-0x60 ; 0xc004228e
		Cycle Count: 43 (Atom Packet)
S:0xC004228E	2500	MOVS     r5,#0
S:0xC0042290	F8C85030	STR      r5,[r8,#0x30]
S:0xC0042294	F8DAA120	LDR      r10,[r10,#0x120]
S:0xC0042298	F1BA0F00	CMP      r10,#0
S:0xC004229C	F0008195	BEQ.W    {pc}+0x32e ; 0xc00425ca
		Cycle Count: 19 (Atom Packet)
		Cycle Count: 12 (Branch Packet)
S:0xC00425CA	B017	ADD      sp,sp,#0x5c
S:0xC00425CC	E8BD8FF0	POP      {r4-r11,pc}
		Cycle Count: 5 (I-Sync Packet)
		Tracing enabled
S:0xC00421AC	B5F8	PUSH     {r3-r7,lr}
S:0xC00421AE	B500	PUSH     {lr}
S:0xC00421B0	F85DEB04	POP      {lr}
S:0xC00421B4	4607	MOV      r7,r0
S:0xC00421B6	6D05	LDR      r5,[r0,#0x50]
S:0xC00421B8	F1000448	ADD      r4,r0,#0x48
S:0xC00421BC	2D00	CMP      r5,#0
S:0xC00421BE	D043	BEQ      {pc}+0x8a ; 0xc0042248
		Cycle Count: 4 (Atom Packet)
S:0xC00421C0	6AE6	LDR      r6,[r4,#0x2c]
S:0xC00421C2	B106	CBZ      r6,{pc}+4 ; 0xc00421c6
		Cycle Count: 4 (Atom Packet)
S:0xC00421C4	3E08	SUBS     r6,r6,#8
S:0xC00421C6	6BE5	LDR      r5,[r4,#0x3c]
S:0xC00421C8	42B5	CMP      r5,r6
S:0xC00421CA	BF18	IT       NE
S:0xC00421CC	4635	MOV      r5,r6
S:0xC00421CE	D03D	BEQ      {pc}+0x7e ; 0xc004224c
		Cycle Count: 2 (Atom Packet)
S:0xC00421D0	6BA0	LDR      r0,[r4,#0x38]
S:0xC00421D2	B128	CBZ      r0,{pc}+0xe ; 0xc00421e0
		Cycle Count: 1 (Atom Packet)
S:0xC00421E0	6B60	LDR      r0,[r4,#0x34]
S:0xC00421E2	B128	CBZ      r0,{pc}+0xe ; 0xc00421f0
		Cycle Count: 1 (Atom Packet)
S:0xC00421F0	4620	MOV      r0,r4
S:0xC00421F2	4629	MOV      r1,r5
S:0xC00421F4	F7FFF89E	BL       {pc}-0xec0 ; 0xc0041334
		Cycle Count: 11 (Atom Packet)
S:0xC0041334	B430	PUSH     {r4,r5}
S:0xC0041336	B500	PUSH     {lr}
S:0xC0041338	F85DEB04	POP      {lr}
S:0xC004133C	6B83	LDR      r3,[r0,#0x38]
S:0xC004133E	428B	CMP      r3,r1
S:0xC0041340	D038	BEQ      {pc}+0x74 ; 0xc00413b4
		Cycle Count: 14 (Atom Packet)
S:0xC0041342	6B43	LDR      r3,[r0,#0x34]
S:0xC0041344	428B	CMP      r3,r1
S:0xC0041346	D01D	BEQ      {pc}+0x3e ; 0xc0041384
		Cycle Count: 2 (Atom Packet)
S:0xC0041348	6BC3	LDR      r3,[r0,#0x3c]
S:0xC004134A	428B	CMP      r3,r1
S:0xC004134C	D001	BEQ      {pc}+6 ; 0xc0041352
		Cycle Count: 1 (Atom Packet)
		Cycle Count: 1 (Branch Packet)
S:0xC004134E	BC30	POP      {r4,r5}
S:0xC0041350	4770	BX       lr
S:0xC00421F8	4620	MOV      r0,r4
S:0xC00421FA	4629	MOV      r1,r5
S:0xC00421FC	F7FFFE3E	BL       {pc}-0x380 ; 0xc0041e7c
		Cycle Count: 1 (Atom Packet)
S:0xC0041E7C	E92D4FF0	PUSH     {r4-r11,lr}
S:0xC0041E80	B091	SUB      sp,sp,#0x44
S:0xC0041E82	B500	PUSH     {lr}
S:0xC0041E84	F85DEB04	POP      {lr}
S:0xC0041E88	69CB	LDR      r3,[r1,#0x1c]
S:0xC0041E8A	4688	MOV      r8,r1
S:0xC0041E8C	4681	MOV      r9,r0
S:0xC0041E8E	2B00	CMP      r3,#0
S:0xC0041E90	D127	BNE      {pc}+0x52 ; 0xc0041ee2
		Cycle Count: 9 (Atom Packet)
S:0xC0041EE2	F7FEF89B	BL       {pc}-0x1ec6 ; 0xc004001c
		Cycle Count: 2 (Atom Packet)
S:0xC004001C	E92D4FF8	PUSH     {r3-r11,lr}
S:0xC0040020	B500	PUSH     {lr}
S:0xC0040022	F85DEB04	POP      {lr}
S:0xC0040026	F04F0A01	MOV      r10,#1
S:0xC004002A	F8D03084	LDR      r3,[r0,#0x84]
S:0xC004002E	F04F0B00	MOV      r11,#0
S:0xC0040032	E9D16712	LDRD     r6,r7,[r1,#0x48]
S:0xC0040036	4688	MOV      r8,r1
S:0xC0040038	F503638F	ADD      r3,r3,#0x478
S:0xC004003C	E9D14514	LDRD     r4,r5,[r1,#0x50]
S:0xC0040040	E9D32300	LDRD     r2,r3,[r3,#0]
S:0xC0040044	1B92	SUBS     r2,r2,r6
S:0xC0040046	EB630307	SBC      r3,r3,r7
S:0xC004004A	42AB	CMP      r3,r5
S:0xC004004C	BF08	IT       EQ
S:0xC004004E	42A2	CMP      r2,r4
S:0xC0040050	BF3C	ITT      CC
S:0xC0040052	4622	MOV      r2,r4
S:0xC0040054	462B	MOV      r3,r5
S:0xC0040056	E9D14516	LDRD     r4,r5,[r1,#0x58]
S:0xC004005A	E9C12314	STRD     r2,r3,[r1,#0x50]
S:0xC004005E	EB14040A	ADDS     r4,r4,r10
S:0xC0040062	EB45050B	ADC      r5,r5,r11
S:0xC0040066	E9C14516	STRD     r4,r5,[r1,#0x58]
S:0xC004006A	F8D03084	LDR      r3,[r0,#0x84]
S:0xC004006E	E9D14518	LDRD     r4,r5,[r1,#0x60]
S:0xC0040072	F503638F	ADD      r3,r3,#0x478
S:0xC0040076	F8D11128	LDR      r1,[r1,#0x128]
S:0xC004007A	E9D32300	LDRD     r2,r3,[r3,#0]
S:0xC004007E	1912	ADDS     r2,r2,r4
S:0xC0040080	EB430305	ADC      r3,r3,r5
S:0xC0040084	1B92	SUBS     r2,r2,r6
S:0xC0040086	EB630307	SBC      r3,r3,r7
S:0xC004008A	E9C82318	STRD     r2,r3,[r8,#0x60]
S:0xC004008E	B129	CBZ      r1,{pc}+0xe ; 0xc004009c
		Cycle Count: 19 (Atom Packet)
S:0xC004009C	490E	LDR      r1,[pc,#56] ; [0xC00400D8] = 0xC0636058
S:0xC004009E	F8D03084	LDR      r3,[r0,#0x84]
S:0xC00400A2	6848	LDR      r0,[r1,#4]
S:0xC00400A4	F503638F	ADD      r3,r3,#0x478
S:0xC00400A8	E9D32300	LDRD     r2,r3,[r3,#0]
S:0xC00400AC	2800	CMP      r0,#0
S:0xC00400AE	D0EF	BEQ      {pc}-0x1e ; 0xc0040090
		Cycle Count: 5 (Atom Packet)
		Cycle Count: 9 (Branch Packet)
S:0xC0040090	2200	MOVS     r2,#0
S:0xC0040092	2300	MOVS     r3,#0
S:0xC0040094	E9C82312	STRD     r2,r3,[r8,#0x48]
S:0xC0040098	E8BD8FF8	POP      {r3-r11,pc}
S:0xC0041EE6	4648	MOV      r0,r9
S:0xC0041EE8	4641	MOV      r1,r8
S:0xC0041EEA	F7FEFAC7	BL       {pc}-0x1a6e ; 0xc004047c
		Cycle Count: 1 (Atom Packet)
S:0xC004047C	B538	PUSH     {r3-r5,lr}
S:0xC004047E	B500	PUSH     {lr}
S:0xC0040480	F85DEB04	POP      {lr}
S:0xC0040484	F1010508	ADD      r5,r1,#8
S:0xC0040488	6AC3	LDR      r3,[r0,#0x2c]
S:0xC004048A	4604	MOV      r4,r0
S:0xC004048C	42AB	CMP      r3,r5
S:0xC004048E	D006	BEQ      {pc}+0x10 ; 0xc004049e
		Cycle Count: 3 (Atom Packet)
S:0xC004049E	4628	MOV      r0,r5
S:0xC00404A0	F216F87E	BL       {pc}+0x216100 ; 0xc02565a0
		Cycle Count: 4 (Atom Packet)
		Cycle Count: 24 (I-Sync Packet)
		Tracing enabled
S:0xC00404A4	62E0	STR      r0,[r4,#0x2c]
S:0xC00404A6	E7F3	B        {pc}-0x16 ; 0xc0040490
		Cycle Count: 5 (Atom Packet)
S:0xC0040490	4628	MOV      r0,r5
S:0xC0040492	F1040128	ADD      r1,r4,#0x28
S:0xC0040496	E8BD4038	POP      {r3-r5,lr}
S:0xC004049A	F215BECF	B.W      {pc}+0x215da2 ; 0xc025623c
		Cycle Count: 10 (Atom Packet)
		Cycle Count: 40 (I-Sync Packet)
		Tracing enabled
S:0xC0041EEE	F8D8A124	LDR      r10,[r8,#0x124]
S:0xC0041EF2	F8D83128	LDR      r3,[r8,#0x128]
S:0xC0041EF6	F8DA2084	LDR      r2,[r10,#0x84]
S:0xC0041EFA	F8D274C0	LDR      r7,[r2,#0x4c0]
S:0xC0041EFE	9704	STR      r7,[sp,#0x10]
S:0xC0041F00	2B00	CMP      r3,#0
S:0xC0041F02	F0008108	BEQ.W    {pc}+0x214 ; 0xc0042116
		Cycle Count: 9 (Atom Packet)
S:0xC0042116	F5026290	ADD      r2,r2,#0x480
S:0xC004211A	E9D26700	LDRD     r6,r7,[r2,#0]
S:0xC004211E	E6F8	B        {pc}-0x20c ; 0xc0041f12
		Cycle Count: 2 (Atom Packet)
S:0xC0041F12	46C3	MOV      r11,r8
S:0xC0041F14	F8D8201C	LDR      r2,[r8,#0x1c]
S:0xC0041F18	F8DA3030	LDR      r3,[r10,#0x30]
S:0xC0041F1C	E9FB014E	LDRD     r0,r1,[r11,#0x138]!
S:0xC0041F20	9209	STR      r2,[sp,#0x24]
S:0xC0041F22	1A30	SUBS     r0,r6,r0
S:0xC0041F24	EB670101	SBC      r1,r7,r1
S:0xC0041F28	9306	STR      r3,[sp,#0x18]
S:0xC0041F2A	F7FDFD17	BL       {pc}-0x25ce ; 0xc003f95c
		Cycle Count: 3 (Atom Packet)
		Cycle Count: 17 (Branch Packet)
S:0xC003F95C	E92D03F0	PUSH     {r4-r9}
S:0xC003F960	B500	PUSH     {lr}
S:0xC003F962	F85DEB04	POP      {lr}
S:0xC003F966	F64B7640	MOV      r6,#0xbf40
S:0xC003F96A	F2CC0664	MOVT     r6,#0xc064
S:0xC003F96E	6876	LDR      r6,[r6,#4]
S:0xC003F970	FBA18906	UMULL    r8,r9,r1,r6
S:0xC003F974	EA4F7CE6	ASR      r12,r6,#31
S:0xC003F978	FBA06706	UMULL    r6,r7,r0,r6
S:0xC003F97C	FB01990C	MLA      r9,r1,r12,r9
S:0xC003F980	EA4F4408	LSL      r4,r8,#16
S:0xC003F984	FB00770C	MLA      r7,r0,r12,r7
S:0xC003F988	0C32	LSRS     r2,r6,#16
S:0xC003F98A	EA4F4509	LSL      r5,r9,#16
S:0xC003F98E	EA454518	ORR      r5,r5,r8,LSR #16
S:0xC003F992	EA424207	ORR      r2,r2,r7,LSL #16
S:0xC003F996	0C3B	LSRS     r3,r7,#16
S:0xC003F998	1912	ADDS     r2,r2,r4
S:0xC003F99A	EB430305	ADC      r3,r3,r5
S:0xC003F99E	4610	MOV      r0,r2
S:0xC003F9A0	4619	MOV      r1,r3
S:0xC003F9A2	E8BD03F0	POP      {r4-r9}
S:0xC003F9A6	4770	BX       lr
S:0xC0041F2E	2800	CMP      r0,#0
S:0xC0041F30	F1710C00	SBCS     r12,r1,#0
S:0xC0041F34	F2C080D9	BLT.W    {pc}+0x1b6 ; 0xc00420ea
		Cycle Count: 1 (Atom Packet)
S:0xC0041F38	0A84	LSRS     r4,r0,#10
S:0xC0041F3A	0A8D	LSRS     r5,r1,#10
S:0xC0041F3C	EA445481	ORR      r4,r4,r1,LSL #22
S:0xC0041F40	EA540005	ORRS     r0,r4,r5
S:0xC0041F44	D0A5	BEQ      {pc}-0xb2 ; 0xc0041e92
		Cycle Count: 7 (Atom Packet)
		Timestamp: 562537011487
		Cycle Count: 0 (Timestamp Packet)
S:0xC0041F46	4A8E	LDR      r2,[pc,#568] ; [0xC0042180] = 0xC064BF40
S:0xC0041F48	E9CB6700	STRD     r6,r7,[r11,#0]
S:0xC0041F4C	6813	LDR      r3,[r2,#0]
S:0xC0041F4E	2B00	CMP      r3,#0
S:0xC0041F50	F00080CE	BEQ.W    {pc}+0x1a0 ; 0xc00420f0
		Cycle Count: 43 (Atom Packet)
S:0xC0041F54	9B04	LDR      r3,[sp,#0x10]
S:0xC0041F56	F04F0C00	MOV      r12,#0
S:0xC0041F5A	F8CDC014	STR      r12,[sp,#0x14]
S:0xC0041F5E	EB021203	ADD      r2,r2,r3,LSL #4
S:0xC0041F62	F8D2B098	LDR      r11,[r2,#0x98]
S:0xC0041F66	F8CDB010	STR      r11,[sp,#0x10]
S:0xC0041F6A	9B06	LDR      r3,[sp,#0x18]
S:0xC0041F6C	F8D82134	LDR      r2,[r8,#0x134]
S:0xC0041F70	EBB80703	SUBS     r7,r8,r3
S:0xC0041F74	427E	RSBS     r6,r7,#0
S:0xC0041F76	417E	ADCS     r6,r6,r7
S:0xC0041F78	0597	LSLS     r7,r2,#22
S:0xC0041F7A	0DBF	LSRS     r7,r7,#22
S:0xC0041F7C	19E0	ADDS     r0,r4,r7
S:0xC0041F7E	F1450100	ADC      r1,r5,#0
S:0xC0041F82	2900	CMP      r1,#0
S:0xC0041F84	BF08	IT       EQ
S:0xC0041F86	F5B06F80	CMP      r0,#0x400
S:0xC0041F8A	BF38	IT       CC
S:0xC0041F8C	2700	MOVS     r7,#0
S:0xC0041F8E	D377	BCC      {pc}+0xf2 ; 0xc0042080
		Cycle Count: 11 (Atom Packet)
S:0xC0042080	F8DDC014	LDR      r12,[sp,#0x14]
S:0xC0042084	9804	LDR      r0,[sp,#0x10]
S:0xC0042086	FB04F30C	MUL      r3,r4,r12
S:0xC004208A	FB003305	MLA      r3,r0,r5,r3
S:0xC004208E	FBA40100	UMULL    r0,r1,r4,r0
S:0xC0042092	1859	ADDS     r1,r3,r1
S:0xC0042094	9B09	LDR      r3,[sp,#0x24]
S:0xC0042096	0A80	LSRS     r0,r0,#10
S:0xC0042098	EA405081	ORR      r0,r0,r1,LSL #22
S:0xC004209C	B123	CBZ      r3,{pc}+0xc ; 0xc00420a8
		Cycle Count: 121 (Atom Packet)
S:0xC004209E	F8D83130	LDR      r3,[r8,#0x130]
S:0xC00420A2	181B	ADDS     r3,r3,r0
S:0xC00420A4	F8C83130	STR      r3,[r8,#0x130]
S:0xC00420A8	B126	CBZ      r6,{pc}+0xc ; 0xc00420b4
		Cycle Count: 1 (Atom Packet)
S:0xC00420B4	1912	ADDS     r2,r2,r4
S:0xC00420B6	F8C82134	STR      r2,[r8,#0x134]
S:0xC00420BA	2F00	CMP      r7,#0
S:0xC00420BC	F43FAEE9	BEQ      {pc}-0x22a ; 0xc0041e92
		Cycle Count: 11 (Atom Packet)
S:0xC0041E92	F8D93084	LDR      r3,[r9,#0x84]
S:0xC0041E96	F5036390	ADD      r3,r3,#0x480
S:0xC0041E9A	E9D32300	LDRD     r2,r3,[r3,#0]
S:0xC0041E9E	E9C82308	STRD     r2,r3,[r8,#0x20]
S:0xC0041EA2	F8D92084	LDR      r2,[r9,#0x84]
S:0xC0041EA6	F8C98030	STR      r8,[r9,#0x30]
S:0xC0041EAA	F8D83000	LDR      r3,[r8,#0]
S:0xC0041EAE	6B12	LDR      r2,[r2,#0x30]
S:0xC0041EB0	EBB20F43	CMP      r2,r3,LSL #1
S:0xC0041EB4	E9D8230A	LDRD     r2,r3,[r8,#0x28]
S:0xC0041EB8	D30E	BCC      {pc}+0x20 ; 0xc0041ed8
		Cycle Count: 17 (Atom Packet)
		Cycle Count: 5 (Branch Packet)
S:0xC0041ED8	E9C8230E	STRD     r2,r3,[r8,#0x38]
S:0xC0041EDC	B011	ADD      sp,sp,#0x44
S:0xC0041EDE	E8BD8FF0	POP      {r4-r11,pc}
S:0xC0042200	F8D54128	LDR      r4,[r5,#0x128]
S:0xC0042204	2C00	CMP      r4,#0
S:0xC0042206	D1DB	BNE      {pc}-0x46 ; 0xc00421c0
		Cycle Count: 1 (Atom Packet)
S:0xC0042208	4B18	LDR      r3,[pc,#96] ; [0xC004226C] = 0xC05FC568
S:0xC004220A	3D38	SUBS     r5,r5,#0x38
S:0xC004220C	681B	LDR      r3,[r3,#0]
S:0xC004220E	061A	LSLS     r2,r3,#24
S:0xC0042210	D51A	BPL      {pc}+0x38 ; 0xc0042248
		Cycle Count: 4 (Atom Packet)
		Cycle Count: 4 (Branch Packet)
S:0xC0042248	4628	MOV      r0,r5
S:0xC004224A	BDF8	POP      {r3-r7,pc}
		Cycle Count: 528 (I-Sync Packet)
		Tracing enabled
S:0xC000CCF8	F1010C1C	ADD      r12,r1,#0x1c
S:0xC000CCFC	6E13	LDR      r3,[r2,#0x60]
S:0xC000CCFE	E8AC0FF0	STM      r12!,{r4-r11}
S:0xC000CD02	F84CDB04	STR      sp,[r12],#4
S:0xC000CD06	F84CEB04	STR      lr,[r12],#4
S:0xC000CD0A	EE0D3F70	MCR      p15,#0x0,r3,c13,c0,#3
S:0xC000CD0E	F04F0400	MOV      r4,#0
S:0xC000CD12	EE0D4F50	MCR      p15,#0x0,r4,c13,c0,#2
S:0xC000CD16	4605	MOV      r5,r0
S:0xC000CD18	F102041C	ADD      r4,r2,#0x1c
S:0xC000CD1C	4806	LDR      r0,[pc,#24] ; [0xC000CD38] = 0xC0637C50
S:0xC000CD1E	F04F0102	MOV      r1,#2
S:0xC000CD22	F029FDF7	BL       {pc}+0x29bf2 ; 0xc0036914
		Cycle Count: 25 (Atom Packet)
S:0xC0036914	B510	PUSH     {r4,lr}
S:0xC0036916	B082	SUB      sp,sp,#8
S:0xC0036918	B500	PUSH     {lr}
S:0xC003691A	F85DEB04	POP      {lr}
S:0xC003691E	2400	MOVS     r4,#0
S:0xC0036920	F04F33FF	MOV      r3,#0xffffffff
S:0xC0036924	9400	STR      r4,[sp,#0]
S:0xC0036926	F7FFFFE9	BL       {pc}-0x2a ; 0xc00368fc
		Cycle Count: 10 (Atom Packet)
S:0xC00368FC	B510	PUSH     {r4,lr}
S:0xC00368FE	B082	SUB      sp,sp,#8
S:0xC0036900	B500	PUSH     {lr}
S:0xC0036902	F85DEB04	POP      {lr}
S:0xC0036906	9C04	LDR      r4,[sp,#0x10]
S:0xC0036908	9400	STR      r4,[sp,#0]
S:0xC003690A	3004	ADDS     r0,#4
S:0xC003690C	F7FFFFCC	BL       {pc}-0x64 ; 0xc00368a8
		Cycle Count: 2 (Atom Packet)
S:0xC00368A8	E92D41F0	PUSH     {r4-r8,lr}
S:0xC00368AC	B500	PUSH     {lr}
S:0xC00368AE	F85DEB04	POP      {lr}
S:0xC00368B2	461D	MOV      r5,r3
S:0xC00368B4	6804	LDR      r4,[r0,#0]
S:0xC00368B6	460F	MOV      r7,r1
S:0xC00368B8	4690	MOV      r8,r2
S:0xC00368BA	9E06	LDR      r6,[sp,#0x18]
S:0xC00368BC	2B00	CMP      r3,#0
S:0xC00368BE	BF18	IT       NE
S:0xC00368C0	2C00	CMP      r4,#0
S:0xC00368C2	BF0C	ITE      EQ
S:0xC00368C4	2000	MOVS     r0,#0
S:0xC00368C6	2001	MOVS     r0,#1
S:0xC00368C8	D10A	BNE      {pc}+0x18 ; 0xc00368e0
		Cycle Count: 15 (Atom Packet)
		Cycle Count: 20 (Branch Packet)
S:0xC00368E0	6823	LDR      r3,[r4,#0]
S:0xC00368E2	4620	MOV      r0,r4
S:0xC00368E4	4639	MOV      r1,r7
S:0xC00368E6	4642	MOV      r2,r8
S:0xC00368E8	6864	LDR      r4,[r4,#4]
S:0xC00368EA	4798	BLX      r3
S:0xC0008C20	B538	PUSH     {r3-r5,lr}
S:0xC0008C22	B500	PUSH     {lr}
S:0xC0008C24	F85DEB04	POP      {lr}
S:0xC0008C28	4614	MOV      r4,r2
S:0xC0008C2A	2903	CMP      r1,#3
S:0xC0008C2C	D816	BHI      {pc}+0x30 ; 0xc0008c5c
		Cycle Count: 33 (Atom Packet)
		Cycle Count: 15 (Branch Packet)
S:0xC0008C2E	E8DFF001	TBB      [pc,r1]
S:0xC0008C60	EEF84A10	VMRS     r4,FPEXC
S:0xC0008C64	0060	LSLS     r0,r4,#1
S:0xC0008C66	6953	LDR      r3,[r2,#0x14]
S:0xC0008C68	D507	BPL      {pc}+0x12 ; 0xc0008c7a
		Cycle Count: 21 (Atom Packet)
		Cycle Count: 54 (Branch Packet)
S:0xC0008C7A	F0244480	BIC      r4,r4,#0x40000000
S:0xC0008C7E	EEE84A10	VMSR     FPEXC,r4
S:0xC0008C82	2000	MOVS     r0,#0
S:0xC0008C84	BD38	POP      {r3-r5,pc}
S:0xC00368EC	B116	CBZ      r6,{pc}+8 ; 0xc00368f4
		Cycle Count: 1 (Atom Packet)
S:0xC00368F4	0403	LSLS     r3,r0,#16
S:0xC00368F6	D5E9	BPL      {pc}-0x2a ; 0xc00368cc
		Cycle Count: 1 (Atom Packet)
S:0xC00368CC	3D01	SUBS     r5,#1
S:0xC00368CE	BF0C	ITE      EQ
S:0xC00368D0	2300	MOVS     r3,#0
S:0xC00368D2	2301	MOVS     r3,#1
S:0xC00368D4	2C00	CMP      r4,#0
S:0xC00368D6	BF0C	ITE      EQ
S:0xC00368D8	2300	MOVS     r3,#0
S:0xC00368DA	F0030301	AND      r3,r3,#1
S:0xC00368DE	B15B	CBZ      r3,{pc}+0x1a ; 0xc00368f8
		Cycle Count: 3 (Atom Packet)
		Cycle Count: 8 (Branch Packet)
S:0xC00368F8	E8BD81F0	POP      {r4-r8,pc}
		Cycle Count: 2 (Branch Packet)
S:0xC0036910	B002	ADD      sp,sp,#8
S:0xC0036912	BD10	POP      {r4,pc}
		Cycle Count: 3 (Branch Packet)
S:0xC003692A	B002	ADD      sp,sp,#8
S:0xC003692C	BD10	POP      {r4,pc}
		Cycle Count: 12 (Branch Packet)
S:0xC000CD26	46A4	MOV      r12,r4
S:0xC000CD28	4628	MOV      r0,r5
S:0xC000CD2A	E8BC0FF0	LDM      r12!,{r4-r11}
S:0xC000CD2E	F85CDB04	LDR      sp,[r12],#4
S:0xC000CD32	F8DCF000	LDR      pc,[r12,#0]
S:0xC03E398E	?	Cannot access target memory
		Cycle Count: 3 (Atom Packet)
S:?	?	Unknown instruction address
		Cycle Count: 14 (Atom Packet)
S:?	?	Unknown instruction address
		Cycle Count: 595 (Atom Packet)
S:?	?	Unknown instruction address
		Cycle Count: 98 (Atom Packet)
S:?	?	Unknown instruction address
		Cycle Count: 4 (Atom Packet)
S:?	?	Unknown instruction address
		Cycle Count: 1 (Atom Packet)
		Cycle Count: 75 (Branch Packet)
S:?	?	Unknown instruction address
		Cycle Count: 16 (I-Sync Packet)
		Tracing enabled
S:0xC000F72E	B672	CPSID    i
S:0xC000F730	6821	LDR      r1,[r4,#0]
S:0xC000F732	0748	LSLS     r0,r1,#29
S:0xC000F734	D1F5	BNE      {pc}-0x12 ; 0xc000f722
		Cycle Count: 62 (Atom Packet)
		Cycle Count: 8 (Branch Packet)
S:0xC000F736	2000	MOVS     r0,#0
S:0xC000F738	E8BD81F0	POP      {r4-r8,pc}
S:0xC000CD92	2800	CMP      r0,#0
S:0xC000CD94	F000800E	BEQ.W    {pc}+0x20 ; 0xc000cdb4
		Cycle Count: 13 (Atom Packet)
		Cycle Count: 171 (Branch Packet)
S:0xC000CDB4	F3BF8F2F	CLREX    
S:0xC000CDB8	466A	MOV      r2,sp
S:0xC000CDBA	F3EF8300	MRS      r3,APSR ; formerly CPSR
S:0xC000CDBE	F083030C	EOR      r3,r3,#0xc
S:0xC000CDC2	F3838100	MSR      CPSR_c,r3
S:0xC000CDC6	F8D2D034	LDR      sp,[r2,#0x34]
S:0xC000CDCA	F8D2E038	LDR      lr,[r2,#0x38]
S:0xC000CDCE	F083030C	EOR      r3,r3,#0xc
S:0xC000CDD2	F3838100	MSR      CPSR_c,r3
S:0xC000CDD6	9910	LDR      r1,[sp,#0x40]
S:0xC000CDD8	F8DDE03C	LDR      lr,[sp,#0x3c]
S:0xC000CDDC	B00D	ADD      sp,sp,#0x34
S:0xC000CDDE	F3918F00	MSR      SPSR_cxsf,r1
S:0xC000CDE2	E91D1FFF	LDMDB    sp,{r0-r12}
S:0xC000CDE6	B005	ADD      sp,sp,#0x14
S:0xC000CDE8	F3DE8F00	SUBS     pc,lr,#0
		Return from exception
		Timestamp: 562537011528
		Cycle Count: 0 (Timestamp Packet)
